  Performing full C++ include scan (hot reloading a new target)
  Compiling game modules for hot reload
  Parsing headers for InstructorOfTheDead2Editor
    Running UnrealHeaderTool "E:\CSCI 152\Project\InstructorOfTheDead2.uproject" "E:\CSCI 152\Project\Intermediate\Build\Win64\InstructorOfTheDead2Editor\DebugGame\InstructorOfTheDead2Editor.uhtmanifest" -LogCmds="loginit warning, logexit warning, logdatabase error" -Unattended -WarningsAsErrors -installed
  Reflection code generated for InstructorOfTheDead2Editor in 9.3717049 seconds
  Performing 14 actions (4 in parallel)
  [2/14] Resource PCLaunch.rc
  SharedPCH.Engine.NonOptimized.cpp
  InstructorOfTheDead2Character.cpp
  MyWeapon_Gun.cpp
  InstructorOfTheDead2GameMode.cpp
  InstructorOfTheDead2.cpp
  MainCharacter.cpp
  InstructorOfTheDead2.init.gen.cpp
  InstructorOfTheDead2Character.gen.cpp
  InstructorOfTheDead2GameMode.gen.cpp
  MainCharacter.gen.cpp
  MyWeapon_Gun.gen.cpp
  [13/14] Link UE4Editor-InstructorOfTheDead2-4934-Win64-DebugGame.dll
  [14/14] Link UE4Editor-InstructorOfTheDead2-4934-Win64-DebugGame.lib
     Creating library E:\CSCI 152\Project\Intermediate\Build\Win64\UE4Editor\DebugGame\UE4Editor-InstructorOfTheDead2-4934-Win64-DebugGame.lib and object E:\CSCI 152\Project\Intermediate\Build\Win64\UE4Editor\DebugGame\UE4Editor-InstructorOfTheDead2-4934-Win64-DebugGame.exp
     Creating library E:\CSCI 152\Project\Intermediate\Build\Win64\UE4Editor\DebugGame\UE4Editor-InstructorOfTheDead2-4934-Win64-DebugGame.suppressed.lib and object E:\CSCI 152\Project\Intermediate\Build\Win64\UE4Editor\DebugGame\UE4Editor-InstructorOfTheDead2-4934-Win64-DebugGame.suppressed.exp
  Deploying InstructorOfTheDead2Editor Win64 DebugGame...
  Total build time: 46.80 seconds (Local executor: 26.26 seconds)
