Log file open, 02/23/18 14:57:53
LogWindows: Failed to load 'aqProf.dll' (GetLastError=126)
LogWindows: File 'aqProf.dll' does not exist
LogWindows: Failed to load 'VSPerf140.dll' (GetLastError=126)
LogWindows: File 'VSPerf140.dll' does not exist
LogWindows: Failed to load 'VtuneApi.dll' (GetLastError=126)
LogWindows: File 'VtuneApi.dll' does not exist
LogWindows: Failed to load 'VtuneApi32e.dll' (GetLastError=126)
LogWindows: File 'VtuneApi32e.dll' does not exist
LogInit: Display: Running engine for game: InstructorOfTheDead2
LogPlatformFile: Not using cached read wrapper
LogInit: Display: RandInit(-1428418822) SRandInit(-1428418822).
LogTaskGraph: Started task graph with 5 named threads and 14 total threads with 3 sets of task threads.
LogStats: Stats thread started at 0.463710
LogD3D11RHI: Aftermath initialized
LogPluginManager: Mounting plugin Paper2D
LogPluginManager: Mounting plugin LightPropagationVolume
LogPluginManager: Mounting plugin CodeLiteSourceCodeAccess
LogPluginManager: Mounting plugin GitSourceControl
LogPluginManager: Mounting plugin KDevelopSourceCodeAccess
LogPluginManager: Mounting plugin NullSourceCodeAccess
LogPluginManager: Mounting plugin PerforceSourceControl
LogPluginManager: Mounting plugin SubversionSourceControl
LogPluginManager: Mounting plugin UObjectPlugin
LogPluginManager: Mounting plugin VisualStudioSourceCodeAccess
LogPluginManager: Mounting plugin XCodeSourceCodeAccess
LogPluginManager: Mounting plugin AssetManagerEditor
LogPluginManager: Mounting plugin AudioCapture
LogPluginManager: Mounting plugin FacialAnimation
LogPluginManager: Mounting plugin GameplayTagsEditor
LogPluginManager: Mounting plugin MobileLauncherProfileWizard
LogPluginManager: Mounting plugin PluginBrowser
LogPluginManager: Mounting plugin SpeedTreeImporter
LogPluginManager: Mounting plugin AlembicImporter
LogPluginManager: Mounting plugin CharacterAI
LogPluginManager: Mounting plugin HTML5Networking
LogPluginManager: Mounting plugin AndroidMedia
LogPluginManager: Mounting plugin AvfMedia
LogPluginManager: Mounting plugin MediaPlayerEditor
LogPluginManager: Mounting plugin WmfMedia
LogPluginManager: Mounting plugin TcpMessaging
LogPluginManager: Mounting plugin UdpMessaging
LogPluginManager: Mounting plugin LevelSequenceEditor
LogPluginManager: Mounting plugin MatineeToLevelSequence
LogPluginManager: Mounting plugin OnlineSubsystemGooglePlay
LogPluginManager: Mounting plugin OnlineSubsystemIOS
LogPluginManager: Mounting plugin OnlineSubsystem
LogPluginManager: Mounting plugin OnlineSubsystemNull
LogPluginManager: Mounting plugin OnlineSubsystemUtils
LogPluginManager: Mounting plugin AndroidDeviceProfileSelector
LogPluginManager: Mounting plugin AndroidMoviePlayer
LogPluginManager: Mounting plugin AndroidPermission
LogPluginManager: Mounting plugin AppleMoviePlayer
LogPluginManager: Mounting plugin ArchVisCharacter
LogPluginManager: Mounting plugin CableComponent
LogPluginManager: Mounting plugin CustomMeshComponent
LogPluginManager: Mounting plugin ExampleDeviceProfileSelector
LogPluginManager: Mounting plugin GoogleCloudMessaging
LogPluginManager: Mounting plugin ImmediatePhysics
LogPluginManager: Mounting plugin IOSDeviceProfileSelector
LogPluginManager: Mounting plugin LinuxDeviceProfileSelector
LogPluginManager: Mounting plugin LocationServicesBPLibrary
LogPluginManager: Mounting plugin MobilePatchingUtils
LogPluginManager: Mounting plugin OculusVR
LogPluginManager: Mounting plugin PhysXVehicles
LogPluginManager: Mounting plugin ProceduralMeshComponent
LogPluginManager: Mounting plugin RuntimePhysXCooking
LogPluginManager: Mounting plugin SteamVR
LogPluginManager: Mounting plugin WindowsMoviePlayer
LogInit: Using libcurl 7.47.1
LogInit:  - built for x86_64-pc-win32
LogInit:  - supports SSL with OpenSSL/1.0.2g
LogInit:  - supports HTTP deflate (compression) using libz 1.2.8
LogInit:  - other features:
LogInit:      CURL_VERSION_SSL
LogInit:      CURL_VERSION_LIBZ
LogInit:      CURL_VERSION_IPV6
LogInit:      CURL_VERSION_ASYNCHDNS
LogInit:      CURL_VERSION_LARGEFILE
LogInit:      CURL_VERSION_IDN
LogInit:  CurlRequestOptions (configurable via config and command line):
LogInit:  - bVerifyPeer = false  - Libcurl will NOT verify peer certificate
LogInit:  - bUseHttpProxy = false  - Libcurl will NOT use HTTP proxy
LogInit:  - bDontReuseConnections = false  - Libcurl will reuse connections
LogInit:  - CertBundlePath = nullptr  - Libcurl will use whatever was configured at build time.
LogInit: Build: ++UE4+Release-4.17-CL-3658906
LogInit: Engine Version: 4.17.2-3658906+++UE4+Release-4.17
LogInit: Compatible Engine Version: 4.17.0-3573198+++UE4+Release-4.17
LogInit: Net CL: 3573198
LogDevObjectVersion: Number of dev versions registered: 16
LogDevObjectVersion:   Dev-Blueprints (B0D832E4-1F89-4F0D-ACCF-7EB736FD4AA2): 10
LogDevObjectVersion:   Dev-Build (E1C64328-A22C-4D53-A36C-8E866417BD8C): 0
LogDevObjectVersion:   Dev-Core (375EC13C-06E4-48FB-B500-84F0262A717E): 2
LogDevObjectVersion:   Dev-Editor (E4B068ED-F494-42E9-A231-DA0B2E46BB41): 20
LogDevObjectVersion:   Dev-Framework (CFFC743F-43B0-4480-9391-14DF171D2073): 28
LogDevObjectVersion:   Dev-Mobile (B02B49B5-BB20-44E9-A304-32B752E40360): 0
LogDevObjectVersion:   Dev-Networking (A4E4105C-59A1-49B5-A7C5-40C4547EDFEE): 0
LogDevObjectVersion:   Dev-Online (39C831C9-5AE6-47DC-9A44-9C173E1C8E7C): 0
LogDevObjectVersion:   Dev-Physics (78F01B33-EBEA-4F98-B9B4-84EACCB95AA2): 0
LogDevObjectVersion:   Dev-Platform (6631380F-2D4D-43E0-8009-CF276956A95A): 0
LogDevObjectVersion:   Dev-Rendering (12F88B9F-8875-4AFC-A67C-D90C383ABD29): 19
LogDevObjectVersion:   Dev-Sequencer (7B5AE74C-D270-4C10-A958-57980B212A5A): 4
LogDevObjectVersion:   Dev-VR (D7296918-1DD6-4BDD-9DE2-64A83CC13884): 0
LogDevObjectVersion:   Dev-LoadTimes (C2A15278-BFE7-4AFE-6C17-90FF531DF755): 1
LogDevObjectVersion:   Private-Geometry (6EACA3D4-40EC-4CC1-B786-8BED09428FC5): 1
LogDevObjectVersion:   Dev-AnimPhys (29E575DD-E0A3-4627-9D10-D276232CDCEA): 7
LogInit: Compiled (64-bit): Sep 22 2017 13:47:16
LogInit: Compiled with Visual C++: 19.00.24215.01
LogInit: Build Configuration: Development
LogInit: Branch Name: ++UE4+Release-4.17
LogInit: Command line:  
LogInit: Base directory: C:/Program Files/Epic Games/UE_4.17/Engine/Binaries/Win64/
LogInit: Installed Engine Build: 1
LogInit: Presizing for max 8388607 objects, including 0 objects not considered by GC, pre-allocating 0 bytes for permanent pool.
LogInit: Object subsystem initialized
[2018.02.23-22.57.55:000][  0]LogInit: Selected Device Profile: [Windows]
[2018.02.23-22.57.55:000][  0]LogInit: Applying CVar settings loaded from the selected device profile: [Windows]
[2018.02.23-22.57.55:152][  0]LogInit: Computer: BRAR
[2018.02.23-22.57.55:152][  0]LogInit: User: HarkaranBrar
[2018.02.23-22.57.55:152][  0]LogInit: CPU Page size=4096, Cores=4
[2018.02.23-22.57.55:152][  0]LogInit: High frequency timer resolution =2.742183 MHz
[2018.02.23-22.57.55:153][  0]LogMemory: Memory total: Physical=15.9GB (16GB approx)
[2018.02.23-22.57.55:153][  0]LogMemory: Platform Memory Stats for Windows
[2018.02.23-22.57.55:153][  0]LogMemory: Process Physical Memory: 277.90 MB used, 277.90 MB peak
[2018.02.23-22.57.55:153][  0]LogMemory: Process Virtual Memory: 274.51 MB used, 274.51 MB peak
[2018.02.23-22.57.55:153][  0]LogMemory: Physical Memory: 6900.22 MB used,  9358.94 MB free, 16259.16 MB total
[2018.02.23-22.57.55:153][  0]LogMemory: Virtual Memory: 707.21 MB used,  9358.94 MB free, 134217728.00 MB total
[2018.02.23-22.57.55:827][  0]LogInit: Using OS detected language (en-US).
[2018.02.23-22.57.55:828][  0]LogInit: Using OS detected locale (en-US).
[2018.02.23-22.57.55:836][  0]LogTextLocalizationManager: No specific localization for 'en-US' exists, so the 'en' localization will be used.
[2018.02.23-22.57.56:761][  0]LogD3D11RHI: D3D11 adapters:
[2018.02.23-22.57.56:832][  0]LogD3D11RHI:    0. 'NVIDIA GeForce GTX 1050 Ti' (Feature Level 11_0)
[2018.02.23-22.57.56:832][  0]LogD3D11RHI:       4021/0/8129 MB DedicatedVideo/DedicatedSystem/SharedSystem, Outputs:1, VendorId:0x10de
[2018.02.23-22.57.56:852][  0]LogD3D11RHI:    1. 'Intel(R) HD Graphics 630' (Feature Level 11_0)
[2018.02.23-22.57.56:852][  0]LogD3D11RHI:       128/0/8129 MB DedicatedVideo/DedicatedSystem/SharedSystem, Outputs:0, VendorId:0x8086
[2018.02.23-22.57.56:857][  0]LogD3D11RHI:    2. 'Microsoft Basic Render Driver' (Feature Level 11_0)
[2018.02.23-22.57.56:857][  0]LogD3D11RHI:       0/0/8129 MB DedicatedVideo/DedicatedSystem/SharedSystem, Outputs:0, VendorId:0x1414
[2018.02.23-22.57.56:857][  0]LogD3D11RHI: Chosen D3D11 Adapter: 0
[2018.02.23-22.57.56:868][  0]LogD3D11RHI: Creating new Direct3DDevice
[2018.02.23-22.57.56:868][  0]LogD3D11RHI:     GPU DeviceId: 0x1c8c (for the marketing name, search the web for "GPU Device Id")
[2018.02.23-22.57.56:868][  0]LogWindows: EnumDisplayDevices:
[2018.02.23-22.57.56:868][  0]LogWindows:    0. 'Intel(R) HD Graphics 630' (P:1 D:1)
[2018.02.23-22.57.56:868][  0]LogWindows:    1. 'Intel(R) HD Graphics 630' (P:0 D:0)
[2018.02.23-22.57.56:868][  0]LogWindows:    2. 'Intel(R) HD Graphics 630' (P:0 D:0)
[2018.02.23-22.57.56:868][  0]LogWindows: DebugString: GetVideoDriverDetailsInvalid PrimaryIsNotTheChoosenAdapter GetVideoDriverDetailsInvalid PrimaryIsNotTheChoosenAdapter GetVideoDriverDetailsInvalid PrimaryIsNotTheChoosenAdapter FoundDriverCount:0 
[2018.02.23-22.57.56:868][  0]LogD3D11RHI:     Adapter Name: NVIDIA GeForce GTX 1050 Ti
[2018.02.23-22.57.56:868][  0]LogD3D11RHI:   Driver Version: Unknown (internal:Unknown, unified:Unknown)
[2018.02.23-22.57.56:868][  0]LogD3D11RHI:      Driver Date: Unknown
[2018.02.23-22.57.56:868][  0]LogRHI: Texture pool is 1361 MB (70% of 1945 MB)
[2018.02.23-22.57.56:901][  0]LogD3D11RHI: Async texture creation enabled
[2018.02.23-22.57.56:941][  0]LogD3D11RHI: GPU Timing Frequency: 1000.000000 (Debug: 2 2)
[2018.02.23-22.57.56:947][  0]LogShaderCompilers: Guid format shader working directory is 26 characters bigger than the processId version (E:/CSCI 152/Project/Intermediate/Shaders/WorkingDirectory/25216/).
[2018.02.23-22.57.56:947][  0]LogShaderCompilers: Cleaned the shader compiler working directory 'C:/Users/harka/AppData/Local/Temp/UnrealShaderWorkingDir/E091983846CD85AE1B1DEC8F019B1B5B/'.
[2018.02.23-22.57.56:947][  0]LogShaderCompilers: Display: Using Local Shader Compiler.
[2018.02.23-22.57.58:108][  0]LogTemp: Display: Loaded TP AllDesktopTargetPlatform
[2018.02.23-22.57.58:183][  0]LogTemp: Display: Loaded TP MacClientTargetPlatform
[2018.02.23-22.57.58:257][  0]LogTemp: Display: Loaded TP MacNoEditorTargetPlatform
[2018.02.23-22.57.58:330][  0]LogTemp: Display: Loaded TP MacServerTargetPlatform
[2018.02.23-22.57.58:411][  0]LogTemp: Display: Loaded TP MacTargetPlatform
[2018.02.23-22.57.58:483][  0]LogTemp: Display: Loaded TP WindowsClientTargetPlatform
[2018.02.23-22.57.58:558][  0]LogTemp: Display: Loaded TP WindowsNoEditorTargetPlatform
[2018.02.23-22.57.58:633][  0]LogTemp: Display: Loaded TP WindowsServerTargetPlatform
[2018.02.23-22.57.58:700][  0]LogTemp: Display: Loaded TP WindowsTargetPlatform
[2018.02.23-22.57.58:774][  0]LogTemp: Display: Loaded TP AndroidTargetPlatform
[2018.02.23-22.57.58:844][  0]LogTemp: Display: Loaded TP Android_ASTCTargetPlatform
[2018.02.23-22.57.58:914][  0]LogTemp: Display: Loaded TP Android_ATCTargetPlatform
[2018.02.23-22.57.58:991][  0]LogTemp: Display: Loaded TP Android_DXTTargetPlatform
[2018.02.23-22.57.59:067][  0]LogTemp: Display: Loaded TP Android_ETC1TargetPlatform
[2018.02.23-22.57.59:139][  0]LogTemp: Display: Loaded TP Android_ETC2TargetPlatform
[2018.02.23-22.57.59:286][  0]LogTemp: Display: Loaded TP Android_MultiTargetPlatform
[2018.02.23-22.57.59:286][  0]LogTemp: Display: Loaded TP Android_PVRTCTargetPlatform
[2018.02.23-22.57.59:353][  0]LogTemp: Display: Loaded TP HTML5TargetPlatform
[2018.02.23-22.57.59:485][  0]LogTemp: Display: Loaded TP IOSTargetPlatform
[2018.02.23-22.57.59:532][  0]LogTemp: Display: Loaded TP TVOSTargetPlatform
[2018.02.23-22.57.59:605][  0]LogTemp: Display: Loaded TP LinuxClientTargetPlatform
[2018.02.23-22.57.59:678][  0]LogTemp: Display: Loaded TP LinuxNoEditorTargetPlatform
[2018.02.23-22.57.59:752][  0]LogTemp: Display: Loaded TP LinuxServerTargetPlatform
[2018.02.23-22.57.59:829][  0]LogTemp: Display: Loaded TP LinuxTargetPlatform
[2018.02.23-22.57.59:829][  0]LogTargetPlatformManager: Display: Building Assets For Windows
[2018.02.23-22.58.00:699][  0]LogDerivedDataCache: Display: Max Cache Size: 512 MB
[2018.02.23-22.58.00:895][  0]LogDerivedDataCache: Loaded boot cache 0.20s 95MB C:/Users/harka/AppData/Local/UnrealEngine/4.17/DerivedDataCache/Boot.ddc.
[2018.02.23-22.58.00:895][  0]LogDerivedDataCache: Display: Loaded Boot cache: C:/Users/harka/AppData/Local/UnrealEngine/4.17/DerivedDataCache/Boot.ddc
[2018.02.23-22.58.00:895][  0]LogDerivedDataCache: FDerivedDataBackendGraph:  Pak pak cache file E:/CSCI 152/Project/DerivedDataCache/DDC.ddp not found, will not use a pak cache.
[2018.02.23-22.58.00:895][  0]LogDerivedDataCache: Unable to find inner node Pak for hierarchical cache Hierarchy.
[2018.02.23-22.58.00:895][  0]LogDerivedDataCache: FDerivedDataBackendGraph:  CompressedPak pak cache file E:/CSCI 152/Project/DerivedDataCache/Compressed.ddp not found, will not use a pak cache.
[2018.02.23-22.58.00:895][  0]LogDerivedDataCache: Unable to find inner node CompressedPak for hierarchical cache Hierarchy.
[2018.02.23-22.58.00:917][  0]LogDerivedDataCache: Display: Pak cache opened for reading ../../../Engine/DerivedDataCache/Compressed.ddp.
[2018.02.23-22.58.00:930][  0]LogDerivedDataCache: Using Local data cache path C:/Users/harka/AppData/Local/UnrealEngine/Common/DerivedDataCache: Writable
[2018.02.23-22.58.00:944][  0]LogMaterial: Verifying Global Shaders for PCD3D_SM5
[2018.02.23-22.58.00:949][  0]LogSlate: Using Freetype 2.6.0
[2018.02.23-22.58.00:953][  0]LogSlate: SlateFontCache - WITH_FREETYPE: 1, WITH_HARFBUZZ: 1
[2018.02.23-22.58.00:953][  0]LogSlate: SlateFontCache - WITH_FREETYPE: 1, WITH_HARFBUZZ: 1
[2018.02.23-22.58.02:129][  0]LogAssetRegistry: FAssetRegistry took 0.0276 seconds to start up
[2018.02.23-22.58.02:293][  0]LogInit: Selected Device Profile: [Windows]
[2018.02.23-22.58.02:573][  0]LogContentStreaming: Texture pool size is 0.00 MB
[2018.02.23-22.58.03:080][  0]LogSimplygon: Simplygon DLL not present - disabling.
[2018.02.23-22.58.03:146][  0]LogMeshReduction: Using SimplygonSwarm for distributed automatic mesh merging
[2018.02.23-22.58.03:147][  0]LogMeshReduction: Using QuadricMeshReduction for automatic static mesh reduction
[2018.02.23-22.58.03:147][  0]LogMeshReduction: No automatic skeletal mesh reduction module available
[2018.02.23-22.58.03:147][  0]LogMeshReduction: No automatic mesh merging module available
[2018.02.23-22.58.03:147][  0]LogMeshMerging: No automatic mesh merging module available
[2018.02.23-22.58.03:766][  0]LogNetVersion: InstructorOfTheDead2 , NetCL: 3573198, EngineNetVer: 2, GameNetVer: 0 (Checksum: 3960460402)
[2018.02.23-22.58.04:101][  0]LogPackageLocalizationCache: Processed 5 localized package path(s) for 2 prioritized culture(s) in 0.036326 seconds
[2018.02.23-22.58.04:110][  0]LogUObjectArray: 35825 objects as part of root set at end of initial load.
[2018.02.23-22.58.04:110][  0]LogUObjectAllocator: 7529112 out of 0 bytes used by permanent object pool.
[2018.02.23-22.58.04:110][  0]LogUObjectArray: CloseDisregardForGC: 0/0 objects in disregard for GC pool
[2018.02.23-22.58.04:203][  0]LogInit: WinSock: version 1.1 (2.2), MaxSocks=32767, MaxUdp=65467
[2018.02.23-22.58.08:776][  0]LogTcpMessaging: Initializing TcpMessaging bridge
[2018.02.23-22.58.08:837][  0]LogUdpMessaging: Initializing bridge on interface 0.0.0.0:0 to multicast group 230.0.0.1:6666.
[2018.02.23-22.58.14:308][  0]LogMaterial: Uniform references updated for custom material expression Custom.
[2018.02.23-22.58.14:949][  0]SourceControl: Source control is disabled
[2018.02.23-22.58.16:744][  0]LogAndroidPermission: UAndroidPermissionCallbackProxy::GetInstance
[2018.02.23-22.58.17:138][  0]LogOcInput: OculusInput pre-init called
[2018.02.23-22.58.17:554][  0]LogEngine: Initializing Engine...
[2018.02.23-22.58.17:557][  0]LogHMD: Failed to initialize OpenVR with code 110
[2018.02.23-22.58.17:820][  0]LogStats: UGameplayTagsManager::ConstructGameplayTagTree: Construct from data asset -  0.000 s
[2018.02.23-22.58.17:820][  0]LogStats: UGameplayTagsManager::ConstructGameplayTagTree: GameplayTagTreeChangedEvent.Broadcast -  0.000 s
[2018.02.23-22.58.18:048][  0]LogAIModule: Creating AISystem for world Untitled
[2018.02.23-22.58.18:077][  0]LogInit: XAudio2 using 'Speakers (Realtek High Definition Audio)' : 2 channels at 48 kHz using 32 bits per sample (channel mask 0x3)
[2018.02.23-22.58.18:165][  0]LogInit: FAudioDevice initialized.
[2018.02.23-22.58.18:231][  0]LogDerivedDataCache: Saved boot cache 0.06s 95MB C:/Users/harka/AppData/Local/UnrealEngine/4.17/DerivedDataCache/Boot.ddc.
[2018.02.23-22.58.18:243][  0]LogInit: Texture streaming: Enabled
[2018.02.23-22.58.18:437][  0]LogEngineSessionManager: EngineSessionManager initialized
[2018.02.23-22.58.18:813][  0]LogInit: Transaction tracking system initialized
[2018.02.23-22.58.19:310][  0]BlueprintLog: New page: Editor Load
[2018.02.23-22.58.20:807][  0]LocalizationService: Localization service is disabled
[2018.02.23-22.58.22:238][  0]LogConsoleResponse: Display: 
[2018.02.23-22.58.22:622][  0]LogCook: Display: Max memory allowance for cook 16384mb min free memory 0mb
[2018.02.23-22.58.22:622][  0]LogCook: Display: Mobile HDR setting 1
[2018.02.23-22.58.22:624][  0]LogFileCache: Scanning file cache for directory 'E:/CSCI 152/Project/Content/' took 0.01s
[2018.02.23-22.58.22:624][  0]LogGameplayTags: Display: UGameplayTagsManager::DoneAddingNativeTags. DelegateIsBound: 0
[2018.02.23-22.58.24:330][  0]Cmd: MAP LOAD FILE="E:/CSCI 152/Project/Content/ThirdPersonCPP/Maps/ThirdPersonExampleMap.umap" TEMPLATE=0 SHOWPROGRESS=1 FEATURELEVEL=3
[2018.02.23-22.58.24:466][  0]LightingResults: New page: Lighting Build
[2018.02.23-22.58.24:548][  0]MapCheck: New page: Map Check
[2018.02.23-22.58.24:548][  0]LightingResults: New page: Lighting Build
[2018.02.23-22.58.27:073][  0]LogAIModule: Creating AISystem for world ThirdPersonExampleMap
[2018.02.23-22.58.27:119][  0]LogEditorServer: Finished looking for orphan Actors (0.000 secs)
[2018.02.23-22.58.27:149][  0]Cmd: MAP CHECKDEP NOCLEARLOG
[2018.02.23-22.58.27:229][  0]MapCheck: Map check complete: 0 Error(s), 0 Warning(s), took 79.837ms to complete.
[2018.02.23-22.58.27:229][  0]LogFileHelpers: Loading map 'ThirdPersonExampleMap' took 2.901
[2018.02.23-22.58.27:518][  0]LogCollectionManager: Loaded 0 collections in 0.002642 seconds
[2018.02.23-22.58.27:641][  0]LogFileCache: Scanning file cache for directory 'E:/CSCI 152/Project/Saved/Collections/' took 0.01s
[2018.02.23-22.58.27:641][  0]LogFileCache: Scanning file cache for directory 'E:/CSCI 152/Project/Content/Developers/HarkaranBrar/Collections/' took 0.01s
[2018.02.23-22.58.27:641][  0]LogFileCache: Scanning file cache for directory 'E:/CSCI 152/Project/Content/Collections/' took 0.01s
[2018.02.23-22.58.27:641][  0]LogCollectionManager: Rebuilt the GUID cache for 0 collections in 0.000001 seconds
[2018.02.23-22.58.27:654][  0]LogContentBrowser: Native class hierarchy populated in 0.0115 seconds. Added 2390 classes and 503 folders.
[2018.02.23-22.58.27:769][  0]LogContentBrowser: Native class hierarchy updated for 'WidgetCarousel' in 0.0032 seconds. Added 0 classes and 0 folders.
[2018.02.23-22.58.27:894][  0]LogContentBrowser: Native class hierarchy updated for 'AddContentDialog' in 0.0024 seconds. Added 0 classes and 0 folders.
[2018.02.23-22.58.27:975][  0]LogContentBrowser: Native class hierarchy updated for 'SceneOutliner' in 0.0024 seconds. Added 1 classes and 2 folders.
[2018.02.23-22.58.28:207][  0]LogContentBrowser: Native class hierarchy updated for 'HierarchicalLODOutliner' in 0.0024 seconds. Added 1 classes and 2 folders.
[2018.02.23-22.58.28:207][  0]LogLoad: (Engine Initialization) Total time: 37.27 seconds
[2018.02.23-22.58.28:207][  0]LogLoad: (Engine Initialization) Total Blueprint compile time: 0.00 seconds
[2018.02.23-22.58.28:208][  0]LogExternalProfiler: No external profilers were discovered.  External profiling features will not be available.
[2018.02.23-22.58.28:227][  0]LogWindowsTextInputMethodSystem: Display: IME system now deactivated.
[2018.02.23-22.58.28:255][  0]LogContentStreaming: Texture pool size now 600 MB
[2018.02.23-22.58.28:262][  0]LogSlate: Took 0.001473 seconds to synchronously load lazily loaded font '../../../Engine/Content/Slate/Fonts/Roboto-Regular.ttf' (155K)
[2018.02.23-22.58.28:265][  0]LogSlate: Took 0.001388 seconds to synchronously load lazily loaded font '../../../Engine/Content/Slate/Fonts/Roboto-Bold.ttf' (160K)
[2018.02.23-22.58.28:273][  0]LogSlate: Took 0.001337 seconds to synchronously load lazily loaded font '../../../Engine/Content/Editor/Slate/Fonts/FontAwesome.ttf' (139K)
[2018.02.23-22.58.28:422][  0]LogSlate: Took 0.001390 seconds to synchronously load lazily loaded font '../../../Engine/Content/Slate/Fonts/Roboto-Light.ttf' (159K)
[2018.02.23-22.58.28:466][  1]LogRenderer: Reallocating scene render targets to support 824x396 Format 9 NumSamples 1 (Frame:1).
[2018.02.23-22.58.28:485][  1]LogAssetRegistry: Asset discovery search completed in 26.3791 seconds
[2018.02.23-22.58.28:488][  1]LogCollectionManager: Rebuilt the object cache for 0 collections in 0.000002 seconds (found 0 objects)
[2018.02.23-22.58.28:488][  1]LogCollectionManager: Fixed up redirectors for 0 collections in 0.000083 seconds (updated 0 objects)
[2018.02.23-22.58.28:491][  1]SourceControl: On branch Character-set
[2018.02.23-22.58.28:491][  1]SourceControl: Your branch is up to date with 'origin/Character-set'.
[2018.02.23-22.58.28:491][  1]SourceControl: Changes not staged for commit:
[2018.02.23-22.58.28:491][  1]SourceControl:   (use "git add <file>..." to update what will be committed)
[2018.02.23-22.58.28:491][  1]SourceControl:   (use "git checkout -- <file>..." to discard changes in working directory)
[2018.02.23-22.58.28:491][  1]SourceControl: 	modified:   Intermediate/AssetRegistryCache/c90e3f55.bin
[2018.02.23-22.58.28:491][  1]SourceControl: 	modified:   Intermediate/CachedAssetRegistry.bin
[2018.02.23-22.58.28:491][  1]SourceControl: 	modified:   Saved/AutoScreenshot.png
[2018.02.23-22.58.28:491][  1]SourceControl: 	modified:   Saved/Config/Windows/EditorPerProjectUserSettings.ini
[2018.02.23-22.58.28:491][  1]SourceControl: 	modified:   Saved/Config/Windows/Engine.ini
[2018.02.23-22.58.28:491][  1]SourceControl: 	modified:   Saved/Logs/InstructorOfTheDead2.log
[2018.02.23-22.58.28:491][  1]SourceControl: Untracked files:
[2018.02.23-22.58.28:491][  1]SourceControl:   (use "git add <file>..." to include in what will be committed)
[2018.02.23-22.58.28:491][  1]SourceControl: 	Saved/Config/CrashReportClient/UE4CC-Windows-775DCA454C768FE69AF5C586823619D5/
[2018.02.23-22.58.28:491][  1]SourceControl: 	Saved/Config/CrashReportClient/UE4CC-Windows-8359571D47AEA25F3D503296E809CBB7/
[2018.02.23-22.58.28:491][  1]SourceControl: 	Saved/Logs/InstructorOfTheDead2-backup-2018.02.23-14.49.22.log
[2018.02.23-22.58.28:491][  1]SourceControl: 	Saved/Logs/InstructorOfTheDead2-backup-2018.02.23-14.57.53.log
[2018.02.23-22.58.28:491][  1]SourceControl: no changes added to commit (use "git add" and/or "git commit -a")
[2018.02.23-22.58.36:345][464]LogEditorViewport: Clicking on Actor (LMB): StaticMeshActor (Linear_Stair_StaticMesh)
[2018.02.23-22.58.37:508][530]LogEditorViewport: Clicking on Actor (LMB): ThirdPersonCharacter_C (ThirdPersonCharacter)
[2018.02.23-22.58.39:385][634]LogEditorViewport: Clicking on Actor (LMB): StaticMeshActor (Linear_Stair_StaticMesh)
[2018.02.23-22.59.12:126][595]LogEditorViewport: Clicking on Actor (LMB): ThirdPersonCharacter_C (ThirdPersonCharacter)
[2018.02.23-23.01.40:362][370]LogTemp: Repeating last play command: Selected Viewport
[2018.02.23-23.01.40:601][370]LogBlueprintUserMessages: Early PlayInEditor Detection: Level '/Game/ThirdPersonCPP/Maps/ThirdPersonExampleMap.ThirdPersonExampleMap:PersistentLevel' has LevelScriptBlueprint '/Game/ThirdPersonCPP/Maps/ThirdPersonExampleMap.ThirdPersonExampleMap:PersistentLevel.ThirdPersonExampleMap' with GeneratedClass '/Game/ThirdPersonCPP/Maps/ThirdPersonExampleMap.ThirdPersonExampleMap_C' with ClassGeneratedBy '/Game/ThirdPersonCPP/Maps/ThirdPersonExampleMap.ThirdPersonExampleMap:PersistentLevel.ThirdPersonExampleMap'
[2018.02.23-23.01.40:602][370]LogPlayLevel: PlayLevel: No blueprints needed recompiling
[2018.02.23-23.01.40:609][370]PIE: New page: PIE session: ThirdPersonExampleMap (Feb 23, 2018, 7:01:40 AM)
[2018.02.23-23.01.40:610][370]LogPlayLevel: Creating play world package: /Game/ThirdPersonCPP/Maps/UEDPIE_0_ThirdPersonExampleMap
[2018.02.23-23.01.40:647][370]LogPlayLevel: PIE: StaticDuplicateObject took: (0.036741s)
[2018.02.23-23.01.40:649][370]LogAIModule: Creating AISystem for world ThirdPersonExampleMap
[2018.02.23-23.01.40:649][370]LogPlayLevel: PIE: World Init took: (0.002364s)
[2018.02.23-23.01.40:650][370]LogPlayLevel: PIE: Created PIE world by copying editor world from /Game/ThirdPersonCPP/Maps/ThirdPersonExampleMap.ThirdPersonExampleMap to /Game/ThirdPersonCPP/Maps/UEDPIE_0_ThirdPersonExampleMap.ThirdPersonExampleMap (0.040326s)
[2018.02.23-23.01.40:735][370]LogInit: XAudio2 using 'Speakers (Realtek High Definition Audio)' : 2 channels at 48 kHz using 32 bits per sample (channel mask 0x3)
[2018.02.23-23.01.40:748][370]LogInit: FAudioDevice initialized.
[2018.02.23-23.01.40:800][370]LogLoad: Game class is 'InstructorOfTheDead2GameMode'
[2018.02.23-23.01.40:807][370]LogWorld: Bringing World /Game/ThirdPersonCPP/Maps/UEDPIE_0_ThirdPersonExampleMap.ThirdPersonExampleMap up for play (max tick rate 60) at 2018.02.23-15.01.40
[2018.02.23-23.01.40:812][370]LogWorld: Bringing up level for play took: 0.007650
[2018.02.23-23.01.40:894][370]LogContentBrowser: Native class hierarchy updated for 'MovieSceneCapture' in 0.0026 seconds. Added 11 classes and 0 folders.
[2018.02.23-23.01.40:899][370]PIE: Play in editor start time for /Game/ThirdPersonCPP/Maps/UEDPIE_0_ThirdPersonExampleMap 0.832
[2018.02.23-23.01.40:899][370]LogBlueprintUserMessages: Late PlayInEditor Detection: Level '/Game/ThirdPersonCPP/Maps/ThirdPersonExampleMap.ThirdPersonExampleMap:PersistentLevel' has LevelScriptBlueprint '/Game/ThirdPersonCPP/Maps/ThirdPersonExampleMap.ThirdPersonExampleMap:PersistentLevel.ThirdPersonExampleMap' with GeneratedClass '/Game/ThirdPersonCPP/Maps/ThirdPersonExampleMap.ThirdPersonExampleMap_C' with ClassGeneratedBy '/Game/ThirdPersonCPP/Maps/ThirdPersonExampleMap.ThirdPersonExampleMap:PersistentLevel.ThirdPersonExampleMap'
[2018.02.23-23.01.42:791][482]LogBlueprintUserMessages: Early EndPlayMap Detection: Level '/Game/ThirdPersonCPP/Maps/ThirdPersonExampleMap.ThirdPersonExampleMap:PersistentLevel' has LevelScriptBlueprint '/Game/ThirdPersonCPP/Maps/ThirdPersonExampleMap.ThirdPersonExampleMap:PersistentLevel.ThirdPersonExampleMap' with GeneratedClass '/Game/ThirdPersonCPP/Maps/ThirdPersonExampleMap.ThirdPersonExampleMap_C' with ClassGeneratedBy '/Game/ThirdPersonCPP/Maps/ThirdPersonExampleMap.ThirdPersonExampleMap:PersistentLevel.ThirdPersonExampleMap'
[2018.02.23-23.01.42:918][482]LogBlueprintUserMessages: Late EndPlayMap Detection: Level '/Game/ThirdPersonCPP/Maps/ThirdPersonExampleMap.ThirdPersonExampleMap:PersistentLevel' has LevelScriptBlueprint '/Game/ThirdPersonCPP/Maps/ThirdPersonExampleMap.ThirdPersonExampleMap:PersistentLevel.ThirdPersonExampleMap' with GeneratedClass '/Game/ThirdPersonCPP/Maps/ThirdPersonExampleMap.ThirdPersonExampleMap_C' with ClassGeneratedBy '/Game/ThirdPersonCPP/Maps/ThirdPersonExampleMap.ThirdPersonExampleMap:PersistentLevel.ThirdPersonExampleMap'
[2018.02.23-23.02.14:435][108]LogEditorViewport: Clicking on Actor (LMB): StaticMeshActor (Wall7)
[2018.02.23-23.02.15:852][189]LogSlate: Took 0.000168 seconds to synchronously load lazily loaded font '../../../Engine/Content/Slate/Fonts/Roboto-Light.ttf' (159K)
[2018.02.23-23.02.28:925][970]LogTemp: Repeating last play command: Selected Viewport
[2018.02.23-23.02.28:936][970]LogBlueprintUserMessages: Early PlayInEditor Detection: Level '/Game/ThirdPersonCPP/Maps/ThirdPersonExampleMap.ThirdPersonExampleMap:PersistentLevel' has LevelScriptBlueprint '/Game/ThirdPersonCPP/Maps/ThirdPersonExampleMap.ThirdPersonExampleMap:PersistentLevel.ThirdPersonExampleMap' with GeneratedClass '/Game/ThirdPersonCPP/Maps/ThirdPersonExampleMap.ThirdPersonExampleMap_C' with ClassGeneratedBy '/Game/ThirdPersonCPP/Maps/ThirdPersonExampleMap.ThirdPersonExampleMap:PersistentLevel.ThirdPersonExampleMap'
[2018.02.23-23.02.28:937][970]LogPlayLevel: PlayLevel: No blueprints needed recompiling
[2018.02.23-23.02.28:937][970]PIE: New page: PIE session: ThirdPersonExampleMap (Feb 23, 2018, 7:02:28 AM)
[2018.02.23-23.02.28:937][970]LogPlayLevel: Creating play world package: /Game/ThirdPersonCPP/Maps/UEDPIE_0_ThirdPersonExampleMap
[2018.02.23-23.02.28:960][970]LogPlayLevel: PIE: StaticDuplicateObject took: (0.023115s)
[2018.02.23-23.02.28:962][970]LogAIModule: Creating AISystem for world ThirdPersonExampleMap
[2018.02.23-23.02.28:962][970]LogPlayLevel: PIE: World Init took: (0.001599s)
[2018.02.23-23.02.28:962][970]LogPlayLevel: PIE: Created PIE world by copying editor world from /Game/ThirdPersonCPP/Maps/ThirdPersonExampleMap.ThirdPersonExampleMap to /Game/ThirdPersonCPP/Maps/UEDPIE_0_ThirdPersonExampleMap.ThirdPersonExampleMap (0.025044s)
[2018.02.23-23.02.29:039][970]LogInit: XAudio2 using 'Speakers (Realtek High Definition Audio)' : 2 channels at 48 kHz using 32 bits per sample (channel mask 0x3)
[2018.02.23-23.02.29:054][970]LogInit: FAudioDevice initialized.
[2018.02.23-23.02.29:093][970]LogLoad: Game class is 'InstructorOfTheDead2GameMode'
[2018.02.23-23.02.29:096][970]LogWorld: Bringing World /Game/ThirdPersonCPP/Maps/UEDPIE_0_ThirdPersonExampleMap.ThirdPersonExampleMap up for play (max tick rate 60) at 2018.02.23-15.02.29
[2018.02.23-23.02.29:096][970]LogWorld: Bringing up level for play took: 0.002004
[2018.02.23-23.02.29:097][970]PIE: Play in editor start time for /Game/ThirdPersonCPP/Maps/UEDPIE_0_ThirdPersonExampleMap 1.03
[2018.02.23-23.02.29:097][970]LogBlueprintUserMessages: Late PlayInEditor Detection: Level '/Game/ThirdPersonCPP/Maps/ThirdPersonExampleMap.ThirdPersonExampleMap:PersistentLevel' has LevelScriptBlueprint '/Game/ThirdPersonCPP/Maps/ThirdPersonExampleMap.ThirdPersonExampleMap:PersistentLevel.ThirdPersonExampleMap' with GeneratedClass '/Game/ThirdPersonCPP/Maps/ThirdPersonExampleMap.ThirdPersonExampleMap_C' with ClassGeneratedBy '/Game/ThirdPersonCPP/Maps/ThirdPersonExampleMap.ThirdPersonExampleMap:PersistentLevel.ThirdPersonExampleMap'
[2018.02.23-23.03.03:531][ 34]LogBlueprintUserMessages: Early EndPlayMap Detection: Level '/Game/ThirdPersonCPP/Maps/ThirdPersonExampleMap.ThirdPersonExampleMap:PersistentLevel' has LevelScriptBlueprint '/Game/ThirdPersonCPP/Maps/ThirdPersonExampleMap.ThirdPersonExampleMap:PersistentLevel.ThirdPersonExampleMap' with GeneratedClass '/Game/ThirdPersonCPP/Maps/ThirdPersonExampleMap.ThirdPersonExampleMap_C' with ClassGeneratedBy '/Game/ThirdPersonCPP/Maps/ThirdPersonExampleMap.ThirdPersonExampleMap:PersistentLevel.ThirdPersonExampleMap'
[2018.02.23-23.03.03:585][ 34]LogBlueprintUserMessages: Late EndPlayMap Detection: Level '/Game/ThirdPersonCPP/Maps/ThirdPersonExampleMap.ThirdPersonExampleMap:PersistentLevel' has LevelScriptBlueprint '/Game/ThirdPersonCPP/Maps/ThirdPersonExampleMap.ThirdPersonExampleMap:PersistentLevel.ThirdPersonExampleMap' with GeneratedClass '/Game/ThirdPersonCPP/Maps/ThirdPersonExampleMap.ThirdPersonExampleMap_C' with ClassGeneratedBy '/Game/ThirdPersonCPP/Maps/ThirdPersonExampleMap.ThirdPersonExampleMap:PersistentLevel.ThirdPersonExampleMap'
[2018.02.23-23.03.33:660][206]LogVSAccessor: Warning: Visual Studio is open but could not be queried - it may be blocked by a modal operation
[2018.02.23-23.03.34:640][207]LogVSAccessor: Warning: Couldn't goto line number '0' in 'E:/CSCI 152/Project/Source/InstructorOfTheDead2/InstructorOfTheDead2Character.h'
[2018.02.23-23.03.35:274][207]LogVSAccessor: Warning: Couldn't goto line number '0' in 'E:/CSCI 152/Project/Source/InstructorOfTheDead2/InstructorOfTheDead2Character.cpp'
[2018.02.23-23.06.21:323][ 72]LogVSAccessor: Warning: Couldn't access Visual Studio
[2018.02.23-23.06.21:332][ 72]Candidate modules for hot reload:
[2018.02.23-23.06.21:332][ 72]  InstructorOfTheDead2
[2018.02.23-23.06.21:332][ 72]Launching UnrealBuildTool... [C:/Program Files/Epic Games/UE_4.17/Engine/Binaries/DotNET/UnrealBuildTool.exe InstructorOfTheDead2 -ModuleWithSuffix InstructorOfTheDead2 541 Win64 Development -editorrecompile -canskiplink "E:/CSCI 152/Project/InstructorOfTheDead2.uproject" ]
[2018.02.23-23.06.21:334][ 72]Warning: Starting HotReload took  0.2s.
[2018.02.23-23.06.56:719][193]CompilerResultsLog: New page: Compilation - Feb 23, 2018, 7:06:56 AM
[2018.02.23-23.06.56:719][193]CompilerResultsLog: Compiling game modules for hot reload
[2018.02.23-23.06.56:719][193]CompilerResultsLog: Parsing headers for InstructorOfTheDead2Editor
[2018.02.23-23.06.56:719][193]CompilerResultsLog:   Running UnrealHeaderTool "E:\CSCI 152\Project\InstructorOfTheDead2.uproject" "E:\CSCI 152\Project\Intermediate\Build\Win64\InstructorOfTheDead2Editor\Development\InstructorOfTheDead2Editor.uhtmanifest" -LogCmds="loginit warning, logexit warning, logdatabase error" -Unattended -WarningsAsErrors -installed
[2018.02.23-23.06.56:719][193]CompilerResultsLog: Reflection code generated for InstructorOfTheDead2Editor in 12.3743499 seconds
[2018.02.23-23.06.56:719][193]CompilerResultsLog: Performing 5 actions (4 in parallel)
[2018.02.23-23.06.56:719][193]CompilerResultsLog: InstructorOfTheDead2GameMode.cpp
[2018.02.23-23.06.56:719][193]CompilerResultsLog: InstructorOfTheDead2Character.gen.cpp
[2018.02.23-23.06.56:719][193]CompilerResultsLog: InstructorOfTheDead2Character.cpp
[2018.02.23-23.06.56:719][193]CompilerResultsLog: [4/5] Link UE4Editor-InstructorOfTheDead2-541.dll
[2018.02.23-23.06.56:719][193]CompilerResultsLog: [5/5] Link UE4Editor-InstructorOfTheDead2-541.lib
[2018.02.23-23.06.56:719][193]CompilerResultsLog:    Creating library E:\CSCI 152\Project\Intermediate\Build\Win64\UE4Editor\Development\UE4Editor-InstructorOfTheDead2-541.lib and object E:\CSCI 152\Project\Intermediate\Build\Win64\UE4Editor\Development\UE4Editor-InstructorOfTheDead2-541.exp
[2018.02.23-23.06.56:719][193]CompilerResultsLog:    Creating library E:\CSCI 152\Project\Intermediate\Build\Win64\UE4Editor\Development\UE4Editor-InstructorOfTheDead2-541.suppressed.lib and object E:\CSCI 152\Project\Intermediate\Build\Win64\UE4Editor\Development\UE4Editor-InstructorOfTheDead2-541.suppressed.exp
[2018.02.23-23.06.56:719][193]CompilerResultsLog: Total build time: 34.79 seconds (Local executor: 7.52 seconds)
[2018.02.23-23.06.56:719][193]LogMainFrame: MainFrame: Module compiling took 35.396 seconds
[2018.02.23-23.06.58:274][193]LogContentBrowser: Native class hierarchy updated for 'InstructorOfTheDead2' in 0.0029 seconds. Added 4 classes and 3 folders.
[2018.02.23-23.06.58:276][193]Display: HotReload successful (1 functions remapped  0 scriptstructs remapped)
[2018.02.23-23.06.58:349][193]LogContentBrowser: Native class hierarchy populated in 0.0110 seconds. Added 2392 classes and 507 folders.
[2018.02.23-23.06.58:353][193]Display: HotReload took 37.2s.
[2018.02.23-23.07.01:976][410]LogTemp: Repeating last play command: Selected Viewport
[2018.02.23-23.07.01:989][410]LogBlueprintUserMessages: Early PlayInEditor Detection: Level '/Game/ThirdPersonCPP/Maps/ThirdPersonExampleMap.ThirdPersonExampleMap:PersistentLevel' has LevelScriptBlueprint '/Game/ThirdPersonCPP/Maps/ThirdPersonExampleMap.ThirdPersonExampleMap:PersistentLevel.ThirdPersonExampleMap' with GeneratedClass '/Game/ThirdPersonCPP/Maps/ThirdPersonExampleMap.ThirdPersonExampleMap_C' with ClassGeneratedBy '/Game/ThirdPersonCPP/Maps/ThirdPersonExampleMap.ThirdPersonExampleMap:PersistentLevel.ThirdPersonExampleMap'
[2018.02.23-23.07.01:989][410]LogPlayLevel: PlayLevel: No blueprints needed recompiling
[2018.02.23-23.07.01:989][410]PIE: New page: PIE session: ThirdPersonExampleMap (Feb 23, 2018, 7:07:01 AM)
[2018.02.23-23.07.01:990][410]LogPlayLevel: Creating play world package: /Game/ThirdPersonCPP/Maps/UEDPIE_0_ThirdPersonExampleMap
[2018.02.23-23.07.02:017][410]LogPlayLevel: PIE: StaticDuplicateObject took: (0.026700s)
[2018.02.23-23.07.02:018][410]LogAIModule: Creating AISystem for world ThirdPersonExampleMap
[2018.02.23-23.07.02:018][410]LogPlayLevel: PIE: World Init took: (0.001626s)
[2018.02.23-23.07.02:018][410]LogPlayLevel: PIE: Created PIE world by copying editor world from /Game/ThirdPersonCPP/Maps/ThirdPersonExampleMap.ThirdPersonExampleMap to /Game/ThirdPersonCPP/Maps/UEDPIE_0_ThirdPersonExampleMap.ThirdPersonExampleMap (0.028690s)
[2018.02.23-23.07.02:088][410]LogInit: XAudio2 using 'Speakers (Realtek High Definition Audio)' : 2 channels at 48 kHz using 32 bits per sample (channel mask 0x3)
[2018.02.23-23.07.02:102][410]LogInit: FAudioDevice initialized.
[2018.02.23-23.07.02:134][410]LogLoad: Game class is 'InstructorOfTheDead2GameMode'
[2018.02.23-23.07.02:138][410]LogWorld: Bringing World /Game/ThirdPersonCPP/Maps/UEDPIE_0_ThirdPersonExampleMap.ThirdPersonExampleMap up for play (max tick rate 60) at 2018.02.23-15.07.02
[2018.02.23-23.07.02:138][410]LogWorld: Bringing up level for play took: 0.003238
[2018.02.23-23.07.02:140][410]PIE: Play in editor start time for /Game/ThirdPersonCPP/Maps/UEDPIE_0_ThirdPersonExampleMap 0.074
[2018.02.23-23.07.02:140][410]LogBlueprintUserMessages: Late PlayInEditor Detection: Level '/Game/ThirdPersonCPP/Maps/ThirdPersonExampleMap.ThirdPersonExampleMap:PersistentLevel' has LevelScriptBlueprint '/Game/ThirdPersonCPP/Maps/ThirdPersonExampleMap.ThirdPersonExampleMap:PersistentLevel.ThirdPersonExampleMap' with GeneratedClass '/Game/ThirdPersonCPP/Maps/ThirdPersonExampleMap.ThirdPersonExampleMap_C' with ClassGeneratedBy '/Game/ThirdPersonCPP/Maps/ThirdPersonExampleMap.ThirdPersonExampleMap:PersistentLevel.ThirdPersonExampleMap'
[2018.02.23-23.07.18:897][414]LogBlueprintUserMessages: Early EndPlayMap Detection: Level '/Game/ThirdPersonCPP/Maps/ThirdPersonExampleMap.ThirdPersonExampleMap:PersistentLevel' has LevelScriptBlueprint '/Game/ThirdPersonCPP/Maps/ThirdPersonExampleMap.ThirdPersonExampleMap:PersistentLevel.ThirdPersonExampleMap' with GeneratedClass '/Game/ThirdPersonCPP/Maps/ThirdPersonExampleMap.ThirdPersonExampleMap_C' with ClassGeneratedBy '/Game/ThirdPersonCPP/Maps/ThirdPersonExampleMap.ThirdPersonExampleMap:PersistentLevel.ThirdPersonExampleMap'
[2018.02.23-23.07.18:956][414]LogBlueprintUserMessages: Late EndPlayMap Detection: Level '/Game/ThirdPersonCPP/Maps/ThirdPersonExampleMap.ThirdPersonExampleMap:PersistentLevel' has LevelScriptBlueprint '/Game/ThirdPersonCPP/Maps/ThirdPersonExampleMap.ThirdPersonExampleMap:PersistentLevel.ThirdPersonExampleMap' with GeneratedClass '/Game/ThirdPersonCPP/Maps/ThirdPersonExampleMap.ThirdPersonExampleMap_C' with ClassGeneratedBy '/Game/ThirdPersonCPP/Maps/ThirdPersonExampleMap.ThirdPersonExampleMap:PersistentLevel.ThirdPersonExampleMap'
[2018.02.23-23.07.39:698][852]LogVSAccessor: Warning: Couldn't goto line number '0' in 'E:/CSCI 152/Project/Source/InstructorOfTheDead2/InstructorOfTheDead2Character.h'
[2018.02.23-23.07.39:789][852]LogVSAccessor: Warning: Couldn't goto line number '0' in 'E:/CSCI 152/Project/Source/InstructorOfTheDead2/InstructorOfTheDead2Character.cpp'
[2018.02.23-23.09.13:823][135]LogSlate: Took 0.001489 seconds to synchronously load lazily loaded font '../../../Engine/Content/Slate/Fonts/Roboto-Light.ttf' (159K)
[2018.02.23-23.09.28:333][162]LogSavePackage: Save=104.43ms
[2018.02.23-23.09.28:334][162]LogSavePackage: Moving 'E:/CSCI 152/Project/Saved/ThirdPersonExampleMap_Auto103118AD64EB588F2F64CCABDFD93ED41.tmp' to 'E:/CSCI 152/Project/Saved/Autosaves/Game/ThirdPersonCPP/Maps/ThirdPersonExampleMap_Auto1.umap'
[2018.02.23-23.09.28:419][162]LogSavePackage: Display: Finished SavePackage E:/CSCI 152/Project/Saved/Autosaves/Game/ThirdPersonCPP/Maps/ThirdPersonExampleMap_Auto1.umap
[2018.02.23-23.09.28:424][162]LogSlate: Took 0.001512 seconds to synchronously load lazily loaded font '../../../Engine/Content/Slate/Fonts/Roboto-Regular.ttf' (155K)
[2018.02.23-23.09.28:426][162]LogFileHelpers: Editor autosave (incl. sublevels) for '/Game/ThirdPersonCPP/Maps/ThirdPersonExampleMap' took 5.531
[2018.02.23-23.09.28:426][162]LogFileHelpers: Editor autosave (incl. sublevels) for all levels took 5.531
[2018.02.23-23.12.08:453][643]LogHotReload: New module detected: UE4Editor-InstructorOfTheDead2-4934-Win64-DebugGame.dll
[2018.02.23-23.12.09:140][646]LogHotReload: Starting Hot-Reload from IDE
[2018.02.23-23.12.10:919][646]LogContentBrowser: Native class hierarchy updated for 'InstructorOfTheDead2' in 0.0025 seconds. Added 4 classes and 3 folders.
[2018.02.23-23.12.10:921][646]Display: HotReload successful (1 functions remapped  0 scriptstructs remapped)
[2018.02.23-23.12.10:961][646]LogContentBrowser: Native class hierarchy populated in 0.0107 seconds. Added 2392 classes and 507 folders.
[2018.02.23-23.12.10:965][646]Display: HotReload took  1.8s.
[2018.02.23-23.12.15:865][710]LogTemp: Repeating last play command: Selected Viewport
[2018.02.23-23.12.15:878][710]LogBlueprintUserMessages: Early PlayInEditor Detection: Level '/Game/ThirdPersonCPP/Maps/ThirdPersonExampleMap.ThirdPersonExampleMap:PersistentLevel' has LevelScriptBlueprint '/Game/ThirdPersonCPP/Maps/ThirdPersonExampleMap.ThirdPersonExampleMap:PersistentLevel.ThirdPersonExampleMap' with GeneratedClass '/Game/ThirdPersonCPP/Maps/ThirdPersonExampleMap.ThirdPersonExampleMap_C' with ClassGeneratedBy '/Game/ThirdPersonCPP/Maps/ThirdPersonExampleMap.ThirdPersonExampleMap:PersistentLevel.ThirdPersonExampleMap'
[2018.02.23-23.12.15:878][710]LogPlayLevel: PlayLevel: No blueprints needed recompiling
[2018.02.23-23.12.15:879][710]PIE: New page: PIE session: ThirdPersonExampleMap (Feb 23, 2018, 7:12:15 AM)
[2018.02.23-23.12.15:879][710]LogPlayLevel: Creating play world package: /Game/ThirdPersonCPP/Maps/UEDPIE_0_ThirdPersonExampleMap
[2018.02.23-23.12.15:902][710]LogPlayLevel: PIE: StaticDuplicateObject took: (0.023108s)
[2018.02.23-23.12.15:904][710]LogAIModule: Creating AISystem for world ThirdPersonExampleMap
[2018.02.23-23.12.15:904][710]LogPlayLevel: PIE: World Init took: (0.002359s)
[2018.02.23-23.12.15:905][710]LogPlayLevel: PIE: Created PIE world by copying editor world from /Game/ThirdPersonCPP/Maps/ThirdPersonExampleMap.ThirdPersonExampleMap to /Game/ThirdPersonCPP/Maps/UEDPIE_0_ThirdPersonExampleMap.ThirdPersonExampleMap (0.025989s)
[2018.02.23-23.12.15:920][710]LogInit: XAudio2 using 'Speakers (Realtek High Definition Audio)' : 2 channels at 48 kHz using 32 bits per sample (channel mask 0x3)
[2018.02.23-23.12.15:934][710]LogInit: FAudioDevice initialized.
[2018.02.23-23.12.15:969][710]LogLoad: Game class is 'InstructorOfTheDead2GameMode'
[2018.02.23-23.12.15:974][710]LogWorld: Bringing World /Game/ThirdPersonCPP/Maps/UEDPIE_0_ThirdPersonExampleMap.ThirdPersonExampleMap up for play (max tick rate 60) at 2018.02.23-15.12.15
[2018.02.23-23.12.15:975][710]LogWorld: Bringing up level for play took: 0.004018
[2018.02.23-23.12.15:978][710]PIE: Play in editor start time for /Game/ThirdPersonCPP/Maps/UEDPIE_0_ThirdPersonExampleMap -0.089
[2018.02.23-23.12.15:978][710]LogBlueprintUserMessages: Late PlayInEditor Detection: Level '/Game/ThirdPersonCPP/Maps/ThirdPersonExampleMap.ThirdPersonExampleMap:PersistentLevel' has LevelScriptBlueprint '/Game/ThirdPersonCPP/Maps/ThirdPersonExampleMap.ThirdPersonExampleMap:PersistentLevel.ThirdPersonExampleMap' with GeneratedClass '/Game/ThirdPersonCPP/Maps/ThirdPersonExampleMap.ThirdPersonExampleMap_C' with ClassGeneratedBy '/Game/ThirdPersonCPP/Maps/ThirdPersonExampleMap.ThirdPersonExampleMap:PersistentLevel.ThirdPersonExampleMap'
[2018.02.23-23.12.43:503][360]LogBlueprintUserMessages: Early EndPlayMap Detection: Level '/Game/ThirdPersonCPP/Maps/ThirdPersonExampleMap.ThirdPersonExampleMap:PersistentLevel' has LevelScriptBlueprint '/Game/ThirdPersonCPP/Maps/ThirdPersonExampleMap.ThirdPersonExampleMap:PersistentLevel.ThirdPersonExampleMap' with GeneratedClass '/Game/ThirdPersonCPP/Maps/ThirdPersonExampleMap.ThirdPersonExampleMap_C' with ClassGeneratedBy '/Game/ThirdPersonCPP/Maps/ThirdPersonExampleMap.ThirdPersonExampleMap:PersistentLevel.ThirdPersonExampleMap'
[2018.02.23-23.12.43:582][360]LogBlueprintUserMessages: Late EndPlayMap Detection: Level '/Game/ThirdPersonCPP/Maps/ThirdPersonExampleMap.ThirdPersonExampleMap:PersistentLevel' has LevelScriptBlueprint '/Game/ThirdPersonCPP/Maps/ThirdPersonExampleMap.ThirdPersonExampleMap:PersistentLevel.ThirdPersonExampleMap' with GeneratedClass '/Game/ThirdPersonCPP/Maps/ThirdPersonExampleMap.ThirdPersonExampleMap_C' with ClassGeneratedBy '/Game/ThirdPersonCPP/Maps/ThirdPersonExampleMap.ThirdPersonExampleMap:PersistentLevel.ThirdPersonExampleMap'
[2018.02.23-23.12.45:502][457]LogSavePackage: Save=67.84ms
[2018.02.23-23.12.45:502][457]LogSavePackage: Moving 'E:/CSCI 152/Project/Saved/ThirdPersonExampleMapA15ADA564AB0DA6E2CB164A9BF842802.tmp' to 'E:/CSCI 152/Project/Content/ThirdPersonCPP/Maps/ThirdPersonExampleMap.umap'
[2018.02.23-23.12.45:505][457]LogSavePackage: Display: Finished SavePackage E:/CSCI 152/Project/Content/ThirdPersonCPP/Maps/ThirdPersonExampleMap.umap
[2018.02.23-23.12.45:651][457]Cmd: OBJ SAVEPACKAGE PACKAGE="/Game/ThirdPersonCPP/Maps/ThirdPersonExampleMap_BuiltData" FILE="E:/CSCI 152/Project/Content/ThirdPersonCPP/Maps/ThirdPersonExampleMap_BuiltData.uasset" SILENT=true
[2018.02.23-23.12.46:538][457]LogSavePackage: Save=222.62ms
[2018.02.23-23.12.46:538][457]LogSavePackage: Moving 'E:/CSCI 152/Project/Saved/ThirdPersonExampleMap_BuiltData53552E0441F556B5E9EB24B16F52D6D7.tmp' to 'E:/CSCI 152/Project/Content/ThirdPersonCPP/Maps/ThirdPersonExampleMap_BuiltData.uasset'
[2018.02.23-23.12.46:565][457]LogSavePackage: Display: Finished SavePackage E:/CSCI 152/Project/Content/ThirdPersonCPP/Maps/ThirdPersonExampleMap_BuiltData.uasset
[2018.02.23-23.12.51:619][742]Cmd: QUIT_EDITOR
[2018.02.23-23.12.51:948][742]LogWindowsTextInputMethodSystem: Display: IME system now deactivated.
[2018.02.23-23.12.51:965][742]LogExit: Preparing to exit.
[2018.02.23-23.12.52:353][742]LogExit: Editor shut down
[2018.02.23-23.12.52:359][742]LogExit: Transaction tracking system shut down
[2018.02.23-23.12.52:508][742]LogDirectoryWatcher: A directory notification for '../../../Engine/Content/' was aborted.
[2018.02.23-23.12.52:508][742]LogDirectoryWatcher: A directory notification for 'E:/CSCI 152/Project/Content/' was aborted.
[2018.02.23-23.12.52:508][742]LogDirectoryWatcher: A directory notification for '../../../Engine/Plugins/2D/Paper2D/Content/' was aborted.
[2018.02.23-23.12.52:508][742]LogDirectoryWatcher: A directory notification for '../../../Engine/Plugins/Runtime/Oculus/OculusVR/Content/' was aborted.
[2018.02.23-23.12.52:509][742]LogDirectoryWatcher: A directory notification for '../../../Engine/Plugins/Runtime/Steam/SteamVR/Content/' was aborted.
[2018.02.23-23.12.52:642][742]LogExit: Object subsystem successfully closed.
[2018.02.23-23.12.52:671][742]LogD3D11RHI: Shutdown
[2018.02.23-23.12.52:671][742]LogD3D11RHI: CleanupD3DDevice
[2018.02.23-23.12.52:750][742]LogD3D11RHI: ~FD3D11DynamicRHI
[2018.02.23-23.12.52:797][742]LogModuleManager: Shutting down and abandoning module InstructorOfTheDead2 (536)
[2018.02.23-23.12.52:797][742]LogModuleManager: Shutting down and abandoning module MovieSceneCapture (534)
[2018.02.23-23.12.52:797][742]LogModuleManager: Shutting down and abandoning module HierarchicalLODOutliner (532)
[2018.02.23-23.12.52:797][742]LogModuleManager: Shutting down and abandoning module SceneOutliner (530)
[2018.02.23-23.12.52:797][742]LogModuleManager: Shutting down and abandoning module AddContentDialog (528)
[2018.02.23-23.12.52:797][742]LogDirectoryWatcher: A directory notification for 'C:/Program Files/Epic Games/UE_4.17/FeaturePacks/' was aborted.
[2018.02.23-23.12.52:799][742]LogModuleManager: Shutting down and abandoning module WidgetCarousel (527)
[2018.02.23-23.12.52:799][742]LogModuleManager: Shutting down and abandoning module EditorWidgets (524)
[2018.02.23-23.12.52:799][742]LogModuleManager: Shutting down and abandoning module CollectionManager (522)
[2018.02.23-23.12.52:800][742]LogDirectoryWatcher: A directory notification for 'E:/CSCI 152/Project/Content/Collections/' was aborted.
[2018.02.23-23.12.52:800][742]LogDirectoryWatcher: A directory notification for 'E:/CSCI 152/Project/Content/Developers/HarkaranBrar/Collections/' was aborted.
[2018.02.23-23.12.52:800][742]LogDirectoryWatcher: A directory notification for 'E:/CSCI 152/Project/Saved/Collections/' was aborted.
[2018.02.23-23.12.52:800][742]LogModuleManager: Shutting down and abandoning module StatsViewer (520)
[2018.02.23-23.12.52:800][742]LogModuleManager: Shutting down and abandoning module FoliageEdit (518)
[2018.02.23-23.12.52:800][742]LogModuleManager: Shutting down and abandoning module LandscapeEditor (516)
[2018.02.23-23.12.52:801][742]LogModuleManager: Shutting down and abandoning module MeshPaintMode (514)
[2018.02.23-23.12.52:801][742]LogModuleManager: Shutting down and abandoning module SceneDepthPickerMode (512)
[2018.02.23-23.12.52:801][742]LogModuleManager: Shutting down and abandoning module ActorPickerMode (510)
[2018.02.23-23.12.52:801][742]LogModuleManager: Shutting down and abandoning module GeometryMode (508)
[2018.02.23-23.12.52:801][742]LogModuleManager: Shutting down and abandoning module TextureAlignMode (506)
[2018.02.23-23.12.52:801][742]LogModuleManager: Shutting down and abandoning module BspMode (504)
[2018.02.23-23.12.52:801][742]LogModuleManager: Shutting down and abandoning module PIEPreviewDeviceProfileSelector (502)
[2018.02.23-23.12.52:801][742]LogModuleManager: Shutting down and abandoning module HardwareSurvey (500)
[2018.02.23-23.12.52:801][742]LogModuleManager: Shutting down and abandoning module SequenceRecorderSections (498)
[2018.02.23-23.12.52:801][742]LogModuleManager: Shutting down and abandoning module AutomationWorker (496)
[2018.02.23-23.12.52:802][742]LogModuleManager: Shutting down and abandoning module MatineeToLevelSequence (494)
[2018.02.23-23.12.52:802][742]LogModuleManager: Shutting down and abandoning module LevelSequenceEditor (492)
[2018.02.23-23.12.52:805][742]LogModuleManager: Shutting down and abandoning module PlacementMode (491)
[2018.02.23-23.12.52:805][742]LogModuleManager: Shutting down and abandoning module WmfMediaFactory (488)
[2018.02.23-23.12.52:805][742]LogModuleManager: Shutting down and abandoning module WmfMediaEditor (486)
[2018.02.23-23.12.52:805][742]LogModuleManager: Shutting down and abandoning module AvfMediaFactory (484)
[2018.02.23-23.12.52:805][742]LogModuleManager: Shutting down and abandoning module AvfMediaEditor (482)
[2018.02.23-23.12.52:805][742]LogModuleManager: Shutting down and abandoning module AndroidMediaFactory (480)
[2018.02.23-23.12.52:805][742]LogModuleManager: Shutting down and abandoning module Media (479)
[2018.02.23-23.12.52:805][742]LogModuleManager: Shutting down and abandoning module AndroidMediaEditor (476)
[2018.02.23-23.12.52:805][742]LogModuleManager: Shutting down and abandoning module CharacterAI (474)
[2018.02.23-23.12.52:805][742]LogModuleManager: Shutting down and abandoning module AudioCapture (472)
[2018.02.23-23.12.52:805][742]LogModuleManager: Shutting down and abandoning module SequenceRecorder (471)
[2018.02.23-23.12.52:806][742]LogModuleManager: Shutting down and abandoning module SmartSnapping (468)
[2018.02.23-23.12.52:806][742]LogModuleManager: Shutting down and abandoning module SessionServices (466)
[2018.02.23-23.12.52:806][742]LogModuleManager: Shutting down and abandoning module ViewportSnapping (464)
[2018.02.23-23.12.52:806][742]LogModuleManager: Shutting down and abandoning module ViewportInteraction (462)
[2018.02.23-23.12.52:806][742]LogModuleManager: Shutting down and abandoning module ClothPainter (460)
[2018.02.23-23.12.52:808][742]LogModuleManager: Shutting down and abandoning module LogVisualizer (458)
[2018.02.23-23.12.52:809][742]LogModuleManager: Shutting down and abandoning module IntroTutorials (456)
[2018.02.23-23.12.52:810][742]LogModuleManager: Shutting down and abandoning module GameProjectGeneration (455)
[2018.02.23-23.12.52:812][742]LogModuleManager: Shutting down and abandoning module IOSPlatformEditor (452)
[2018.02.23-23.12.52:812][742]LogModuleManager: Shutting down and abandoning module HTML5PlatformEditor (450)
[2018.02.23-23.12.52:812][742]LogModuleManager: Shutting down and abandoning module AndroidPlatformEditor (448)
[2018.02.23-23.12.52:812][742]LogModuleManager: Shutting down and abandoning module AndroidDeviceDetection (447)
[2018.02.23-23.12.53:746][742]LogModuleManager: Shutting down and abandoning module WindowsPlatformEditor (444)
[2018.02.23-23.12.53:746][742]LogModuleManager: Shutting down and abandoning module IOSRuntimeSettings (442)
[2018.02.23-23.12.53:746][742]LogModuleManager: Shutting down and abandoning module AndroidRuntimeSettings (440)
[2018.02.23-23.12.53:746][742]LogModuleManager: Shutting down and abandoning module InputBindingEditor (438)
[2018.02.23-23.12.53:747][742]LogModuleManager: Shutting down and abandoning module MergeActors (436)
[2018.02.23-23.12.53:747][742]LogModuleManager: Shutting down and abandoning module SizeMap (434)
[2018.02.23-23.12.53:747][742]LogModuleManager: Shutting down and abandoning module TreeMap (432)
[2018.02.23-23.12.53:748][742]LogModuleManager: Shutting down and abandoning module ReferenceViewer (430)
[2018.02.23-23.12.53:748][742]LogModuleManager: Shutting down and abandoning module LocalizationDashboard (428)
[2018.02.23-23.12.53:748][742]LogModuleManager: Shutting down and abandoning module LocalizationService (427)
[2018.02.23-23.12.53:749][742]LogModuleManager: Shutting down and abandoning module HardwareTargeting (424)
[2018.02.23-23.12.53:749][742]LogModuleManager: Shutting down and abandoning module DeviceProfileEditor (422)
[2018.02.23-23.12.53:749][742]LogModuleManager: Shutting down and abandoning module UndoHistory (420)
[2018.02.23-23.12.53:749][742]LogModuleManager: Shutting down and abandoning module XmlParser (418)
[2018.02.23-23.12.53:749][742]LogModuleManager: Shutting down and abandoning module Blutility (416)
[2018.02.23-23.12.53:749][742]LogModuleManager: Shutting down and abandoning module ProjectSettingsViewer (414)
[2018.02.23-23.12.53:749][742]LogModuleManager: Shutting down and abandoning module ProjectTargetPlatformEditor (413)
[2018.02.23-23.12.53:750][742]LogModuleManager: Shutting down and abandoning module EditorSettingsViewer (410)
[2018.02.23-23.12.53:750][742]LogModuleManager: Shutting down and abandoning module SettingsEditor (408)
[2018.02.23-23.12.53:750][742]LogModuleManager: Shutting down and abandoning module ProjectLauncher (406)
[2018.02.23-23.12.53:751][742]LogModuleManager: Shutting down and abandoning module SessionFrontend (404)
[2018.02.23-23.12.53:751][742]LogModuleManager: Shutting down and abandoning module ProfilerClient (402)
[2018.02.23-23.12.53:751][742]LogModuleManager: Shutting down and abandoning module DeviceManager (400)
[2018.02.23-23.12.53:752][742]LogModuleManager: Shutting down and abandoning module TargetDeviceServices (399)
[2018.02.23-23.12.53:817][742]LogModuleManager: Shutting down and abandoning module AutomationController (396)
[2018.02.23-23.12.53:818][742]LogModuleManager: Shutting down and abandoning module AutomationWindow (394)
[2018.02.23-23.12.53:819][742]LogModuleManager: Shutting down and abandoning module Layers (392)
[2018.02.23-23.12.53:820][742]LogModuleManager: Shutting down and abandoning module ComponentVisualizers (390)
[2018.02.23-23.12.53:820][742]LogModuleManager: Shutting down and abandoning module DetailCustomizations (388)
[2018.02.23-23.12.53:820][742]LogModuleManager: Shutting down and abandoning module PackagesDialog (386)
[2018.02.23-23.12.53:821][742]LogModuleManager: Shutting down and abandoning module Persona (384)
[2018.02.23-23.12.53:822][742]LogModuleManager: Shutting down and abandoning module AdvancedPreviewScene (383)
[2018.02.23-23.12.53:822][742]LogModuleManager: Shutting down and abandoning module AnimGraph (381)
[2018.02.23-23.12.53:822][742]LogModuleManager: Shutting down and abandoning module Kismet (378)
[2018.02.23-23.12.53:823][742]LogModuleManager: Shutting down and abandoning module ClassViewer (376)
[2018.02.23-23.12.53:824][742]LogModuleManager: Shutting down and abandoning module Toolbox (374)
[2018.02.23-23.12.53:824][742]LogModuleManager: Shutting down and abandoning module ModuleUI (372)
[2018.02.23-23.12.53:824][742]LogModuleManager: Shutting down and abandoning module MovieSceneTools (370)
[2018.02.23-23.12.53:826][742]LogModuleManager: Shutting down and abandoning module OutputLog (368)
[2018.02.23-23.12.53:826][742]LogModuleManager: Shutting down and abandoning module GammaUI (366)
[2018.02.23-23.12.53:826][742]LogModuleManager: Shutting down and abandoning module Documentation (364)
[2018.02.23-23.12.53:827][742]LogModuleManager: Shutting down and abandoning module MovieSceneTracks (362)
[2018.02.23-23.12.53:827][742]LogModuleManager: Shutting down and abandoning module MovieScene (360)
[2018.02.23-23.12.53:827][742]LogModuleManager: Shutting down and abandoning module Niagara (358)
[2018.02.23-23.12.53:827][742]LogModuleManager: Shutting down and abandoning module NiagaraEditor (357)
[2018.02.23-23.12.53:828][742]LogModuleManager: Shutting down and abandoning module StreamingPauseRendering (354)
[2018.02.23-23.12.53:828][742]LogModuleManager: Shutting down and abandoning module LauncherPlatform (352)
[2018.02.23-23.12.53:828][742]LogModuleManager: Shutting down and abandoning module AnalyticsET (350)
[2018.02.23-23.12.53:828][742]LogModuleManager: Shutting down and abandoning module PortalServices (348)
[2018.02.23-23.12.53:828][742]LogModuleManager: Shutting down and abandoning module PortalRpc (346)
[2018.02.23-23.12.53:828][742]LogModuleManager: Shutting down and abandoning module MessagingRpc (344)
[2018.02.23-23.12.53:828][742]LogModuleManager: Shutting down and abandoning module AIModule (342)
[2018.02.23-23.12.53:828][742]LogModuleManager: Shutting down and abandoning module GameplayDebugger (341)
[2018.02.23-23.12.53:828][742]LogModuleManager: Shutting down and abandoning module AITestSuite (339)
[2018.02.23-23.12.53:829][742]LogModuleManager: Shutting down and abandoning module ProfilerService (336)
[2018.02.23-23.12.53:917][742]LogModuleManager: Shutting down and abandoning module TaskGraph (334)
[2018.02.23-23.12.53:918][742]LogModuleManager: Shutting down and abandoning module SteamVRController (332)
[2018.02.23-23.12.53:918][742]LogModuleManager: Shutting down and abandoning module ProceduralMeshComponentEditor (330)
[2018.02.23-23.12.53:918][742]LogModuleManager: Shutting down and abandoning module ProceduralMeshComponent (328)
[2018.02.23-23.12.53:918][742]LogModuleManager: Shutting down and abandoning module OculusInput (326)
[2018.02.23-23.12.53:918][742]LogModuleManager: Shutting down and abandoning module MobilePatchingUtils (324)
[2018.02.23-23.12.53:918][742]LogModuleManager: Shutting down and abandoning module CustomMeshComponent (322)
[2018.02.23-23.12.53:918][742]LogModuleManager: Shutting down and abandoning module CableComponent (320)
[2018.02.23-23.12.53:918][742]LogModuleManager: Shutting down and abandoning module ArchVisCharacter (318)
[2018.02.23-23.12.53:918][742]LogModuleManager: Shutting down and abandoning module AndroidPermission (316)
[2018.02.23-23.12.53:918][742]LogModuleManager: Shutting down and abandoning module MediaPlayerEditor (312)
[2018.02.23-23.12.53:920][742]LogModuleManager: Shutting down and abandoning module HTML5Networking (310)
[2018.02.23-23.12.53:920][742]LogModuleManager: Shutting down and abandoning module AlembicImporter (308)
[2018.02.23-23.12.53:920][742]LogModuleManager: Shutting down and abandoning module AlembicLibrary (307)
[2018.02.23-23.12.53:920][742]LogModuleManager: Shutting down and abandoning module GeometryCache (306)
[2018.02.23-23.12.53:920][742]LogModuleManager: Shutting down and abandoning module GeometryCacheEd (305)
[2018.02.23-23.12.53:920][742]LogModuleManager: Shutting down and abandoning module SpeedTreeImporter (300)
[2018.02.23-23.12.53:920][742]LogModuleManager: Shutting down and abandoning module PluginBrowser (298)
[2018.02.23-23.12.53:921][742]LogModuleManager: Shutting down and abandoning module MobileLauncherProfileWizard (296)
[2018.02.23-23.12.53:922][742]LogModuleManager: Shutting down and abandoning module VisualStudioSourceCodeAccess (294)
[2018.02.23-23.12.53:922][742]LogModuleManager: Shutting down and abandoning module DesktopPlatform (293)
[2018.02.23-23.12.53:922][742]LogModuleManager: Shutting down and abandoning module UObjectPlugin (290)
[2018.02.23-23.12.53:922][742]LogModuleManager: Shutting down and abandoning module SubversionSourceControl (288)
[2018.02.23-23.12.53:923][742]LogModuleManager: Shutting down and abandoning module PerforceSourceControl (286)
[2018.02.23-23.12.53:924][742]LogModuleManager: Shutting down and abandoning module GitSourceControl (284)
[2018.02.23-23.12.53:924][742]LogModuleManager: Shutting down and abandoning module SourceControl (283)
[2018.02.23-23.12.53:924][742]LogModuleManager: Shutting down and abandoning module LightPropagationVolumeEditor (280)
[2018.02.23-23.12.53:924][742]LogModuleManager: Shutting down and abandoning module PaperTiledImporter (278)
[2018.02.23-23.12.53:924][742]LogModuleManager: Shutting down and abandoning module PaperSpriteSheetImporter (276)
[2018.02.23-23.12.53:924][742]LogModuleManager: Shutting down and abandoning module Paper2DEditor (274)
[2018.02.23-23.12.53:925][742]LogModuleManager: Shutting down and abandoning module MeshPaint (273)
[2018.02.23-23.12.53:925][742]LogModuleManager: Shutting down and abandoning module LevelEditor (271)
[2018.02.23-23.12.53:926][742]LogModuleManager: Shutting down and abandoning module PixelInspectorModule (270)
[2018.02.23-23.12.53:926][742]LogModuleManager: Shutting down and abandoning module MainFrame (268)
[2018.02.23-23.12.53:926][742]LogModuleManager: Shutting down and abandoning module HotReload (267)
[2018.02.23-23.12.53:926][742]LogDirectoryWatcher: A directory notification for 'E:/CSCI 152/Project/Binaries/Win64' was aborted.
[2018.02.23-23.12.53:927][742]LogModuleManager: Shutting down and abandoning module RuntimePhysXCooking (260)
[2018.02.23-23.12.53:927][742]LogModuleManager: Shutting down and abandoning module PhysXVehiclesEditor (258)
[2018.02.23-23.12.53:927][742]LogModuleManager: Shutting down and abandoning module PhysXVehicles (256)
[2018.02.23-23.12.53:927][742]LogModuleManager: Shutting down and abandoning module OculusEditor (254)
[2018.02.23-23.12.53:927][742]LogModuleManager: Shutting down and abandoning module LocationServicesBPLibrary (252)
[2018.02.23-23.12.53:927][742]LogModuleManager: Shutting down and abandoning module ImmediatePhysicsEditor (250)
[2018.02.23-23.12.53:927][742]LogModuleManager: Shutting down and abandoning module ImmediatePhysics (248)
[2018.02.23-23.12.53:927][742]LogModuleManager: Shutting down and abandoning module UdpMessaging (246)
[2018.02.23-23.12.54:028][742]LogModuleManager: Shutting down and abandoning module TcpMessaging (244)
[2018.02.23-23.12.54:129][742]LogModuleManager: Shutting down and abandoning module GameplayTagsEditor (242)
[2018.02.23-23.12.54:129][742]LogModuleManager: Shutting down and abandoning module FacialAnimationEditor (240)
[2018.02.23-23.12.54:130][742]LogModuleManager: Shutting down and abandoning module FacialAnimation (238)
[2018.02.23-23.12.54:130][742]LogModuleManager: Shutting down and abandoning module AssetManagerEditor (236)
[2018.02.23-23.12.54:131][742]LogModuleManager: Shutting down and abandoning module GraphEditor (235)
[2018.02.23-23.12.54:132][742]LogModuleManager: Shutting down and abandoning module ContentBrowser (233)
[2018.02.23-23.12.54:133][742]LogModuleManager: Shutting down and abandoning module LightPropagationVolumeRuntime (230)
[2018.02.23-23.12.54:133][742]LogModuleManager: Shutting down and abandoning module Paper2D (228)
[2018.02.23-23.12.54:134][742]LogModuleManager: Shutting down and abandoning module WindowsMoviePlayer (226)
[2018.02.23-23.12.54:134][742]LogModuleManager: Shutting down and abandoning module WmfMedia (224)
[2018.02.23-23.12.54:136][742]LogModuleManager: Shutting down and abandoning module PacketHandler (222)
[2018.02.23-23.12.54:136][742]LogModuleManager: Shutting down and abandoning module ClothingSystemEditor (220)
[2018.02.23-23.12.54:136][742]LogModuleManager: Shutting down and abandoning module ClothingSystemRuntime (218)
[2018.02.23-23.12.54:137][742]LogModuleManager: Shutting down and abandoning module Overlay (216)
[2018.02.23-23.12.54:137][742]LogModuleManager: Shutting down and abandoning module OverlayEditor (215)
[2018.02.23-23.12.54:137][742]LogModuleManager: Shutting down and abandoning module MediaAssets (212)
[2018.02.23-23.12.54:137][742]LogModuleManager: Shutting down and abandoning module VREditor (210)
[2018.02.23-23.12.54:138][742]LogModuleManager: Shutting down and abandoning module StringTableEditor (208)
[2018.02.23-23.12.54:138][742]LogModuleManager: Shutting down and abandoning module GameplayTasksEditor (206)
[2018.02.23-23.12.54:138][742]LogModuleManager: Shutting down and abandoning module BehaviorTreeEditor (204)
[2018.02.23-23.12.54:139][742]LogModuleManager: Shutting down and abandoning module FunctionalTesting (202)
[2018.02.23-23.12.54:139][742]LogModuleManager: Shutting down and abandoning module CollisionAnalyzer (200)
[2018.02.23-23.12.54:140][742]LogModuleManager: Shutting down and abandoning module WorkspaceMenuStructure (199)
[2018.02.23-23.12.54:140][742]LogModuleManager: Shutting down and abandoning module UMG (196)
[2018.02.23-23.12.54:141][742]LogModuleManager: Shutting down and abandoning module UMGEditor (195)
[2018.02.23-23.12.54:142][742]LogModuleManager: Shutting down and abandoning module Sequencer (194)
[2018.02.23-23.12.54:143][742]LogModuleManager: Shutting down and abandoning module MessageLog (191)
[2018.02.23-23.12.54:143][742]LogModuleManager: Shutting down and abandoning module SlateReflector (186)
[2018.02.23-23.12.54:145][742]LogModuleManager: Shutting down and abandoning module Slate (184)
[2018.02.23-23.12.54:145][742]LogModuleManager: Shutting down and abandoning module EditorStyle (182)
[2018.02.23-23.12.54:149][742]LogModuleManager: Shutting down and abandoning module MRMesh (180)
[2018.02.23-23.12.54:149][742]LogModuleManager: Shutting down and abandoning module SourceCodeAccess (178)
[2018.02.23-23.12.54:149][742]LogModuleManager: Shutting down and abandoning module HeadMountedDisplay (176)
[2018.02.23-23.12.54:149][742]LogModuleManager: Shutting down and abandoning module XAudio2 (174)
[2018.02.23-23.12.54:149][742]LogModuleManager: Shutting down and abandoning module Networking (172)
[2018.02.23-23.12.54:149][742]LogModuleManager: Shutting down and abandoning module Core (168)
[2018.02.23-23.12.54:149][742]LogModuleManager: Shutting down and abandoning module KismetCompiler (164)
[2018.02.23-23.12.54:149][742]LogModuleManager: Shutting down and abandoning module LevelSequence (162)
[2018.02.23-23.12.54:149][742]LogModuleManager: Shutting down and abandoning module MeshUtilities (160)
[2018.02.23-23.12.54:151][742]LogModuleManager: Shutting down and abandoning module MeshMergeUtilities (159)
[2018.02.23-23.12.54:151][742]LogModuleManager: Shutting down and abandoning module MeshReductionInterface (158)
[2018.02.23-23.12.54:151][742]LogModuleManager: Shutting down and abandoning module SimplygonSwarm (157)
[2018.02.23-23.12.54:152][742]LogModuleManager: Shutting down and abandoning module SimplygonMeshReduction (155)
[2018.02.23-23.12.54:152][742]LogModuleManager: Shutting down and abandoning module QuadricMeshReduction (153)
[2018.02.23-23.12.54:152][742]LogModuleManager: Shutting down and abandoning module MaterialBaking (149)
[2018.02.23-23.12.54:153][742]LogModuleManager: Shutting down and abandoning module DirectoryWatcher (146)
[2018.02.23-23.12.54:154][742]LogModuleManager: Shutting down and abandoning module DerivedDataCache (144)
[2018.02.23-23.12.54:216][742]LogDerivedDataCache: Shutdown
[2018.02.23-23.12.54:217][742]LogModuleManager: Shutting down and abandoning module TargetPlatform (142)
[2018.02.23-23.12.54:217][742]LogModuleManager: Shutting down and abandoning module VulkanShaderFormat (141)
[2018.02.23-23.12.54:217][742]LogModuleManager: Shutting down and abandoning module ShaderFormatVectorVM (139)
[2018.02.23-23.12.54:218][742]LogModuleManager: Shutting down and abandoning module ShaderFormatOpenGL (137)
[2018.02.23-23.12.54:218][742]LogModuleManager: Shutting down and abandoning module ShaderFormatD3D (135)
[2018.02.23-23.12.54:218][742]LogModuleManager: Shutting down and abandoning module MetalShaderFormat (133)
[2018.02.23-23.12.54:219][742]LogModuleManager: Shutting down and abandoning module TextureFormatUncompressed (131)
[2018.02.23-23.12.54:219][742]LogModuleManager: Shutting down and abandoning module TextureFormatPVR (129)
[2018.02.23-23.12.54:219][742]LogModuleManager: Shutting down and abandoning module TextureFormatDXT (127)
[2018.02.23-23.12.54:219][742]LogModuleManager: Shutting down and abandoning module TextureFormatIntelISPCTexComp (125)
[2018.02.23-23.12.54:220][742]LogModuleManager: Shutting down and abandoning module TextureFormatASTC (123)
[2018.02.23-23.12.54:220][742]LogModuleManager: Shutting down and abandoning module ImageWrapper (122)
[2018.02.23-23.12.54:220][742]LogModuleManager: Shutting down and abandoning module TextureFormatAndroid (119)
[2018.02.23-23.12.54:220][742]LogModuleManager: Shutting down and abandoning module AudioFormatOpus (117)
[2018.02.23-23.12.54:220][742]LogModuleManager: Shutting down and abandoning module AudioFormatOgg (115)
[2018.02.23-23.12.54:220][742]LogModuleManager: Shutting down and abandoning module AudioFormatADPCM (113)
[2018.02.23-23.12.54:220][742]LogModuleManager: Shutting down and abandoning module LinuxTargetPlatform (111)
[2018.02.23-23.12.54:220][742]LogModuleManager: Shutting down and abandoning module LinuxServerTargetPlatform (109)
[2018.02.23-23.12.54:220][742]LogModuleManager: Shutting down and abandoning module LinuxNoEditorTargetPlatform (107)
[2018.02.23-23.12.54:220][742]LogModuleManager: Shutting down and abandoning module LinuxClientTargetPlatform (105)
[2018.02.23-23.12.54:220][742]LogModuleManager: Shutting down and abandoning module TVOSTargetPlatform (103)
[2018.02.23-23.12.54:220][742]LogModuleManager: Shutting down and abandoning module Messaging (101)
[2018.02.23-23.12.54:220][742]LogModuleManager: Shutting down and abandoning module IOSTargetPlatform (99)
[2018.02.23-23.12.54:220][742]LogModuleManager: Shutting down and abandoning module HTML5TargetPlatform (97)
[2018.02.23-23.12.54:220][742]LogModuleManager: Shutting down and abandoning module Android_PVRTCTargetPlatform (95)
[2018.02.23-23.12.54:220][742]LogModuleManager: Shutting down and abandoning module Android_MultiTargetPlatform (93)
[2018.02.23-23.12.54:220][742]LogModuleManager: Shutting down and abandoning module Android_ETC2TargetPlatform (91)
[2018.02.23-23.12.54:220][742]LogModuleManager: Shutting down and abandoning module Android_ETC1TargetPlatform (89)
[2018.02.23-23.12.54:220][742]LogModuleManager: Shutting down and abandoning module Android_DXTTargetPlatform (87)
[2018.02.23-23.12.54:220][742]LogModuleManager: Shutting down and abandoning module Android_ATCTargetPlatform (85)
[2018.02.23-23.12.54:220][742]LogModuleManager: Shutting down and abandoning module Android_ASTCTargetPlatform (83)
[2018.02.23-23.12.54:220][742]LogModuleManager: Shutting down and abandoning module AndroidTargetPlatform (81)
[2018.02.23-23.12.54:220][742]LogModuleManager: Shutting down and abandoning module WindowsTargetPlatform (79)
[2018.02.23-23.12.54:220][742]LogModuleManager: Shutting down and abandoning module WindowsServerTargetPlatform (77)
[2018.02.23-23.12.54:220][742]LogModuleManager: Shutting down and abandoning module WindowsNoEditorTargetPlatform (75)
[2018.02.23-23.12.54:220][742]LogModuleManager: Shutting down and abandoning module WindowsClientTargetPlatform (73)
[2018.02.23-23.12.54:221][742]LogModuleManager: Shutting down and abandoning module MacTargetPlatform (71)
[2018.02.23-23.12.54:221][742]LogModuleManager: Shutting down and abandoning module MacServerTargetPlatform (69)
[2018.02.23-23.12.54:221][742]LogModuleManager: Shutting down and abandoning module MacNoEditorTargetPlatform (67)
[2018.02.23-23.12.54:221][742]LogModuleManager: Shutting down and abandoning module MacClientTargetPlatform (65)
[2018.02.23-23.12.54:221][742]LogModuleManager: Shutting down and abandoning module AllDesktopTargetPlatform (63)
[2018.02.23-23.12.54:221][742]LogModuleManager: Shutting down and abandoning module InputCore (60)
[2018.02.23-23.12.54:221][742]LogModuleManager: Shutting down and abandoning module Settings (58)
[2018.02.23-23.12.54:221][742]LogModuleManager: Shutting down and abandoning module PhysXCooking (56)
[2018.02.23-23.12.54:221][742]LogModuleManager: Shutting down and abandoning module SteamVR (54)
[2018.02.23-23.12.54:221][742]LogModuleManager: Shutting down and abandoning module OculusHMD (52)
[2018.02.23-23.12.54:221][742]LogModuleManager: Shutting down and abandoning module ExampleDeviceProfileSelector (50)
[2018.02.23-23.12.54:221][742]LogModuleManager: Shutting down and abandoning module OnlineBlueprintSupport (48)
[2018.02.23-23.12.54:221][742]LogModuleManager: Shutting down and abandoning module OnlineSubsystem (44)
[2018.02.23-23.12.54:221][742]LogOnline: Display: Unloading online subsystem: NULL
[2018.02.23-23.12.54:223][742]LogModuleManager: Shutting down and abandoning module XMPP (43)
[2018.02.23-23.12.54:224][742]LogModuleManager: Shutting down and abandoning module HTTP (41)
[2018.02.23-23.12.54:224][742]LogHttp: Display: Http module shutting down, but needs to wait on 1 outstanding Http requests:
[2018.02.23-23.12.54:224][742]LogHttp: Display: 	verb=[POST] url=[https://datarouter.ol.epicgames.com/datarouter/api/v1/public/data?SessionID=%7B8DA96E94-47CC-28B0-C7D4-148876FFC9CC%7D&AppID=UEEditor.Rocket.Release&AppVersion=4.17.2-3658906%2B%2B%2BUE4%2BRelease-4.17&UserID=39bc70704174fcf411de489e97b49f7b%7C544e4ba24fac4cfca6fc1ce282b8ee61%7Cbfd5bba5-1b16-4bc7-9039-a2983ee6f39d&AppEnvironment=datacollector-binary&UploadType=eteventstream] status=Processing
[2018.02.23-23.12.54:238][742]LogModuleManager: Shutting down and abandoning module SSL (40)
[2018.02.23-23.12.54:240][742]LogModuleManager: Shutting down and abandoning module AnimationModifiers (36)
[2018.02.23-23.12.54:241][742]LogModuleManager: Shutting down and abandoning module PropertyEditor (35)
[2018.02.23-23.12.54:242][742]LogModuleManager: Shutting down and abandoning module AudioEditor (32)
[2018.02.23-23.12.54:243][742]LogModuleManager: Shutting down and abandoning module TextureCompressor (30)
[2018.02.23-23.12.54:244][742]LogModuleManager: Shutting down and abandoning module ShaderCore (28)
[2018.02.23-23.12.54:244][742]LogModuleManager: Shutting down and abandoning module Landscape (26)
[2018.02.23-23.12.54:244][742]LogModuleManager: Shutting down and abandoning module SlateRHIRenderer (24)
[2018.02.23-23.12.54:246][742]LogModuleManager: Shutting down and abandoning module OpenGLDrv (22)
[2018.02.23-23.12.54:246][742]LogModuleManager: Shutting down and abandoning module D3D11RHI (20)
[2018.02.23-23.12.54:247][742]LogModuleManager: Shutting down and abandoning module AnimGraphRuntime (18)
[2018.02.23-23.12.54:247][742]LogModuleManager: Shutting down and abandoning module Renderer (16)
[2018.02.23-23.12.54:247][742]LogModuleManager: Shutting down and abandoning module Engine (14)
[2018.02.23-23.12.54:247][742]LogModuleManager: Shutting down and abandoning module CoreUObject (12)
[2018.02.23-23.12.54:247][742]LogModuleManager: Shutting down and abandoning module NetworkFile (10)
[2018.02.23-23.12.54:247][742]LogModuleManager: Shutting down and abandoning module CookedIterativeFile (8)
[2018.02.23-23.12.54:247][742]LogModuleManager: Shutting down and abandoning module StreamingFile (6)
[2018.02.23-23.12.54:247][742]LogModuleManager: Shutting down and abandoning module SandboxFile (4)
[2018.02.23-23.12.54:248][742]LogModuleManager: Shutting down and abandoning module PakFile (2)
[2018.02.23-23.12.54:253][742]LogExit: Exiting.
[2018.02.23-23.12.54:266][742]Log file closed, 02/23/18 15:12:54
