Log file open, 02/15/18 20:54:00
LogWindows: Failed to load 'aqProf.dll' (GetLastError=126)
LogWindows: File 'aqProf.dll' does not exist
LogWindows: Failed to load 'VSPerf140.dll' (GetLastError=126)
LogWindows: File 'VSPerf140.dll' does not exist
LogWindows: Failed to load 'VtuneApi.dll' (GetLastError=126)
LogWindows: File 'VtuneApi.dll' does not exist
LogWindows: Failed to load 'VtuneApi32e.dll' (GetLastError=126)
LogWindows: File 'VtuneApi32e.dll' does not exist
LogInit: Display: Running engine for game: InstructorOfTheDead2
LogPlatformFile: Not using cached read wrapper
LogInit: Display: RandInit(1778677207) SRandInit(1778677207).
LogTaskGraph: Started task graph with 5 named threads and 14 total threads with 3 sets of task threads.
LogStats: Stats thread started at 0.156458
LogD3D11RHI: Aftermath initialized
LogPluginManager: Mounting plugin Paper2D
LogPluginManager: Mounting plugin LightPropagationVolume
LogPluginManager: Mounting plugin CodeLiteSourceCodeAccess
LogPluginManager: Mounting plugin GitSourceControl
LogPluginManager: Mounting plugin KDevelopSourceCodeAccess
LogPluginManager: Mounting plugin NullSourceCodeAccess
LogPluginManager: Mounting plugin PerforceSourceControl
LogPluginManager: Mounting plugin SubversionSourceControl
LogPluginManager: Mounting plugin UObjectPlugin
LogPluginManager: Mounting plugin VisualStudioSourceCodeAccess
LogPluginManager: Mounting plugin XCodeSourceCodeAccess
LogPluginManager: Mounting plugin AssetManagerEditor
LogPluginManager: Mounting plugin AudioCapture
LogPluginManager: Mounting plugin FacialAnimation
LogPluginManager: Mounting plugin GameplayTagsEditor
LogPluginManager: Mounting plugin MobileLauncherProfileWizard
LogPluginManager: Mounting plugin PluginBrowser
LogPluginManager: Mounting plugin SpeedTreeImporter
LogPluginManager: Mounting plugin AlembicImporter
LogPluginManager: Mounting plugin CharacterAI
LogPluginManager: Mounting plugin HTML5Networking
LogPluginManager: Mounting plugin AndroidMedia
LogPluginManager: Mounting plugin AvfMedia
LogPluginManager: Mounting plugin MediaPlayerEditor
LogPluginManager: Mounting plugin WmfMedia
LogPluginManager: Mounting plugin TcpMessaging
LogPluginManager: Mounting plugin UdpMessaging
LogPluginManager: Mounting plugin LevelSequenceEditor
LogPluginManager: Mounting plugin MatineeToLevelSequence
LogPluginManager: Mounting plugin OnlineSubsystemGooglePlay
LogPluginManager: Mounting plugin OnlineSubsystemIOS
LogPluginManager: Mounting plugin OnlineSubsystem
LogPluginManager: Mounting plugin OnlineSubsystemNull
LogPluginManager: Mounting plugin OnlineSubsystemSteam
LogPluginManager: Mounting plugin OnlineSubsystemUtils
LogPluginManager: Mounting plugin AndroidDeviceProfileSelector
LogPluginManager: Mounting plugin AndroidMoviePlayer
LogPluginManager: Mounting plugin AndroidPermission
LogPluginManager: Mounting plugin AppleMoviePlayer
LogPluginManager: Mounting plugin ArchVisCharacter
LogPluginManager: Mounting plugin CableComponent
LogPluginManager: Mounting plugin CustomMeshComponent
LogPluginManager: Mounting plugin ExampleDeviceProfileSelector
LogPluginManager: Mounting plugin GoogleCloudMessaging
LogPluginManager: Mounting plugin ImmediatePhysics
LogPluginManager: Mounting plugin IOSDeviceProfileSelector
LogPluginManager: Mounting plugin LinuxDeviceProfileSelector
LogPluginManager: Mounting plugin LocationServicesBPLibrary
LogPluginManager: Mounting plugin MobilePatchingUtils
LogPluginManager: Mounting plugin OculusVR
LogPluginManager: Mounting plugin PhysXVehicles
LogPluginManager: Mounting plugin ProceduralMeshComponent
LogPluginManager: Mounting plugin RuntimePhysXCooking
LogPluginManager: Mounting plugin SteamVR
LogPluginManager: Mounting plugin WindowsMoviePlayer
LogInit: Using libcurl 7.47.1
LogInit:  - built for x86_64-pc-win32
LogInit:  - supports SSL with OpenSSL/1.0.2g
LogInit:  - supports HTTP deflate (compression) using libz 1.2.8
LogInit:  - other features:
LogInit:      CURL_VERSION_SSL
LogInit:      CURL_VERSION_LIBZ
LogInit:      CURL_VERSION_IPV6
LogInit:      CURL_VERSION_ASYNCHDNS
LogInit:      CURL_VERSION_LARGEFILE
LogInit:      CURL_VERSION_IDN
LogInit:  CurlRequestOptions (configurable via config and command line):
LogInit:  - bVerifyPeer = false  - Libcurl will NOT verify peer certificate
LogInit:  - bUseHttpProxy = false  - Libcurl will NOT use HTTP proxy
LogInit:  - bDontReuseConnections = false  - Libcurl will reuse connections
LogInit:  - CertBundlePath = nullptr  - Libcurl will use whatever was configured at build time.
LogInit: Build: ++UE4+Release-4.17-CL-3658906
LogInit: Engine Version: 4.17.2-3658906+++UE4+Release-4.17
LogInit: Compatible Engine Version: 4.17.0-3573198+++UE4+Release-4.17
LogInit: Net CL: 3573198
LogDevObjectVersion: Number of dev versions registered: 16
LogDevObjectVersion:   Dev-Blueprints (B0D832E4-1F89-4F0D-ACCF-7EB736FD4AA2): 10
LogDevObjectVersion:   Dev-Build (E1C64328-A22C-4D53-A36C-8E866417BD8C): 0
LogDevObjectVersion:   Dev-Core (375EC13C-06E4-48FB-B500-84F0262A717E): 2
LogDevObjectVersion:   Dev-Editor (E4B068ED-F494-42E9-A231-DA0B2E46BB41): 20
LogDevObjectVersion:   Dev-Framework (CFFC743F-43B0-4480-9391-14DF171D2073): 28
LogDevObjectVersion:   Dev-Mobile (B02B49B5-BB20-44E9-A304-32B752E40360): 0
LogDevObjectVersion:   Dev-Networking (A4E4105C-59A1-49B5-A7C5-40C4547EDFEE): 0
LogDevObjectVersion:   Dev-Online (39C831C9-5AE6-47DC-9A44-9C173E1C8E7C): 0
LogDevObjectVersion:   Dev-Physics (78F01B33-EBEA-4F98-B9B4-84EACCB95AA2): 0
LogDevObjectVersion:   Dev-Platform (6631380F-2D4D-43E0-8009-CF276956A95A): 0
LogDevObjectVersion:   Dev-Rendering (12F88B9F-8875-4AFC-A67C-D90C383ABD29): 19
LogDevObjectVersion:   Dev-Sequencer (7B5AE74C-D270-4C10-A958-57980B212A5A): 4
LogDevObjectVersion:   Dev-VR (D7296918-1DD6-4BDD-9DE2-64A83CC13884): 0
LogDevObjectVersion:   Dev-LoadTimes (C2A15278-BFE7-4AFE-6C17-90FF531DF755): 1
LogDevObjectVersion:   Private-Geometry (6EACA3D4-40EC-4CC1-B786-8BED09428FC5): 1
LogDevObjectVersion:   Dev-AnimPhys (29E575DD-E0A3-4627-9D10-D276232CDCEA): 7
LogInit: Compiled (64-bit): Sep 22 2017 13:47:16
LogInit: Compiled with Visual C++: 19.00.24215.01
LogInit: Build Configuration: Development
LogInit: Branch Name: ++UE4+Release-4.17
LogInit: Command line: -EpicPortal 
LogInit: Base directory: F:/Program Files/Epic Games/UE_4.17/Engine/Binaries/Win64/
LogInit: Installed Engine Build: 1
LogInit: Presizing for max 8388607 objects, including 0 objects not considered by GC, pre-allocating 0 bytes for permanent pool.
LogInit: Object subsystem initialized
[2018.02.16-04.54.01:168][  0]LogInit: Selected Device Profile: [Windows]
[2018.02.16-04.54.01:168][  0]LogInit: Applying CVar settings loaded from the selected device profile: [Windows]
[2018.02.16-04.54.01:180][  0]LogInit: Computer: DESKTOP-RU64EPL
[2018.02.16-04.54.01:180][  0]LogInit: User: hoimo
[2018.02.16-04.54.01:180][  0]LogInit: CPU Page size=4096, Cores=4
[2018.02.16-04.54.01:180][  0]LogInit: High frequency timer resolution =3.914061 MHz
[2018.02.16-04.54.01:181][  0]LogMemory: Memory total: Physical=15.9GB (16GB approx)
[2018.02.16-04.54.01:181][  0]LogMemory: Platform Memory Stats for Windows
[2018.02.16-04.54.01:181][  0]LogMemory: Process Physical Memory: 281.16 MB used, 281.16 MB peak
[2018.02.16-04.54.01:181][  0]LogMemory: Process Virtual Memory: 282.30 MB used, 282.30 MB peak
[2018.02.16-04.54.01:181][  0]LogMemory: Physical Memory: 9819.34 MB used,  6495.38 MB free, 16314.71 MB total
[2018.02.16-04.54.01:181][  0]LogMemory: Virtual Memory: 710.65 MB used,  6495.38 MB free, 134217728.00 MB total
[2018.02.16-04.54.01:299][  0]LogInit: Using OS detected language (en-US).
[2018.02.16-04.54.01:299][  0]LogInit: Using OS detected locale (en-US).
[2018.02.16-04.54.01:302][  0]LogTextLocalizationManager: No specific localization for 'en-US' exists, so the 'en' localization will be used.
[2018.02.16-04.54.01:946][  0]LogD3D11RHI: D3D11 adapters:
[2018.02.16-04.54.01:991][  0]LogD3D11RHI:    0. 'NVIDIA GeForce GTX 1070' (Feature Level 11_0)
[2018.02.16-04.54.01:991][  0]LogD3D11RHI:       8096/0/8157 MB DedicatedVideo/DedicatedSystem/SharedSystem, Outputs:2, VendorId:0x10de
[2018.02.16-04.54.01:993][  0]LogD3D11RHI:    1. 'Microsoft Basic Render Driver' (Feature Level 11_0)
[2018.02.16-04.54.01:993][  0]LogD3D11RHI:       0/0/8157 MB DedicatedVideo/DedicatedSystem/SharedSystem, Outputs:0, VendorId:0x1414
[2018.02.16-04.54.01:994][  0]LogD3D11RHI: Chosen D3D11 Adapter: 0
[2018.02.16-04.54.02:002][  0]LogD3D11RHI: Creating new Direct3DDevice
[2018.02.16-04.54.02:002][  0]LogD3D11RHI:     GPU DeviceId: 0x1b81 (for the marketing name, search the web for "GPU Device Id")
[2018.02.16-04.54.02:002][  0]LogWindows: EnumDisplayDevices:
[2018.02.16-04.54.02:002][  0]LogWindows:    0. 'NVIDIA GeForce GTX 1070' (P:1 D:1)
[2018.02.16-04.54.02:002][  0]LogWindows:    1. 'NVIDIA GeForce GTX 1070' (P:0 D:1)
[2018.02.16-04.54.02:002][  0]LogWindows:    2. 'NVIDIA GeForce GTX 1070' (P:0 D:0)
[2018.02.16-04.54.02:002][  0]LogWindows:    3. 'NVIDIA GeForce GTX 1070' (P:0 D:0)
[2018.02.16-04.54.02:002][  0]LogWindows: DebugString: GetVideoDriverDetailsInvalid PrimaryIsNotTheChoosenAdapter GetVideoDriverDetailsInvalid PrimaryIsNotTheChoosenAdapter GetVideoDriverDetailsInvalid PrimaryIsNotTheChoosenAdapter GetVideoDriverDetailsInvalid PrimaryIsNotTheChoosenAdapter FoundDriverCount:0 
[2018.02.16-04.54.02:002][  0]LogD3D11RHI:     Adapter Name: NVIDIA GeForce GTX 1070
[2018.02.16-04.54.02:002][  0]LogD3D11RHI:   Driver Version: Unknown (internal:Unknown, unified:Unknown)
[2018.02.16-04.54.02:002][  0]LogD3D11RHI:      Driver Date: Unknown
[2018.02.16-04.54.02:002][  0]LogRHI: Texture pool is 1361 MB (70% of 1945 MB)
[2018.02.16-04.54.02:021][  0]LogD3D11RHI: Async texture creation enabled
[2018.02.16-04.54.02:035][  0]LogD3D11RHI: GPU Timing Frequency: 1000.000000 (Debug: 2 1)
[2018.02.16-04.54.02:037][  0]LogShaderCompilers: Guid format shader working directory is -6 characters bigger than the processId version (C:/Users/hoimo/Documents/GitHub/InstructorOfTheDead2/Intermediate/Shaders/WorkingDirectory/5900/).
[2018.02.16-04.54.02:037][  0]LogShaderCompilers: Cleaned the shader compiler working directory 'C:/Users/hoimo/AppData/Local/Temp/UnrealShaderWorkingDir/C77265584F346D3F5DCE89B738704F07/'.
[2018.02.16-04.54.02:037][  0]LogShaderCompilers: Display: Using Local Shader Compiler.
[2018.02.16-04.54.02:986][  0]LogTemp: Display: Loaded TP AllDesktopTargetPlatform
[2018.02.16-04.54.03:024][  0]LogTemp: Display: Loaded TP MacClientTargetPlatform
[2018.02.16-04.54.03:059][  0]LogTemp: Display: Loaded TP MacNoEditorTargetPlatform
[2018.02.16-04.54.03:106][  0]LogTemp: Display: Loaded TP MacServerTargetPlatform
[2018.02.16-04.54.03:152][  0]LogTemp: Display: Loaded TP MacTargetPlatform
[2018.02.16-04.54.03:197][  0]LogTemp: Display: Loaded TP WindowsClientTargetPlatform
[2018.02.16-04.54.03:241][  0]LogTemp: Display: Loaded TP WindowsNoEditorTargetPlatform
[2018.02.16-04.54.03:289][  0]LogTemp: Display: Loaded TP WindowsServerTargetPlatform
[2018.02.16-04.54.03:323][  0]LogTemp: Display: Loaded TP WindowsTargetPlatform
[2018.02.16-04.54.03:368][  0]LogTemp: Display: Loaded TP AndroidTargetPlatform
[2018.02.16-04.54.03:415][  0]LogTemp: Display: Loaded TP Android_ASTCTargetPlatform
[2018.02.16-04.54.03:460][  0]LogTemp: Display: Loaded TP Android_ATCTargetPlatform
[2018.02.16-04.54.03:500][  0]LogTemp: Display: Loaded TP Android_DXTTargetPlatform
[2018.02.16-04.54.03:546][  0]LogTemp: Display: Loaded TP Android_ETC1TargetPlatform
[2018.02.16-04.54.03:590][  0]LogTemp: Display: Loaded TP Android_ETC2TargetPlatform
[2018.02.16-04.54.03:680][  0]LogTemp: Display: Loaded TP Android_MultiTargetPlatform
[2018.02.16-04.54.03:681][  0]LogTemp: Display: Loaded TP Android_PVRTCTargetPlatform
[2018.02.16-04.54.03:709][  0]LogTemp: Display: Loaded TP HTML5TargetPlatform
[2018.02.16-04.54.03:791][  0]LogTemp: Display: Loaded TP IOSTargetPlatform
[2018.02.16-04.54.03:815][  0]LogTemp: Display: Loaded TP TVOSTargetPlatform
[2018.02.16-04.54.03:851][  0]LogTemp: Display: Loaded TP LinuxClientTargetPlatform
[2018.02.16-04.54.03:886][  0]LogTemp: Display: Loaded TP LinuxNoEditorTargetPlatform
[2018.02.16-04.54.03:922][  0]LogTemp: Display: Loaded TP LinuxServerTargetPlatform
[2018.02.16-04.54.03:960][  0]LogTemp: Display: Loaded TP LinuxTargetPlatform
[2018.02.16-04.54.03:960][  0]LogTargetPlatformManager: Display: Building Assets For Windows
[2018.02.16-04.54.04:295][  0]LogDerivedDataCache: Display: Max Cache Size: 512 MB
[2018.02.16-04.54.04:400][  0]LogDerivedDataCache: Loaded boot cache 0.11s 93MB C:/Users/hoimo/AppData/Local/UnrealEngine/4.17/DerivedDataCache/Boot.ddc.
[2018.02.16-04.54.04:401][  0]LogDerivedDataCache: Display: Loaded Boot cache: C:/Users/hoimo/AppData/Local/UnrealEngine/4.17/DerivedDataCache/Boot.ddc
[2018.02.16-04.54.04:401][  0]LogDerivedDataCache: FDerivedDataBackendGraph:  Pak pak cache file C:/Users/hoimo/Documents/GitHub/InstructorOfTheDead2/DerivedDataCache/DDC.ddp not found, will not use a pak cache.
[2018.02.16-04.54.04:401][  0]LogDerivedDataCache: Unable to find inner node Pak for hierarchical cache Hierarchy.
[2018.02.16-04.54.04:401][  0]LogDerivedDataCache: FDerivedDataBackendGraph:  CompressedPak pak cache file C:/Users/hoimo/Documents/GitHub/InstructorOfTheDead2/DerivedDataCache/Compressed.ddp not found, will not use a pak cache.
[2018.02.16-04.54.04:401][  0]LogDerivedDataCache: Unable to find inner node CompressedPak for hierarchical cache Hierarchy.
[2018.02.16-04.54.04:426][  0]LogDerivedDataCache: Display: Pak cache opened for reading ../../../Engine/DerivedDataCache/Compressed.ddp.
[2018.02.16-04.54.04:438][  0]LogDerivedDataCache: Using Local data cache path C:/Users/hoimo/AppData/Local/UnrealEngine/Common/DerivedDataCache: Writable
[2018.02.16-04.54.04:450][  0]LogMaterial: Verifying Global Shaders for PCD3D_SM5
[2018.02.16-04.54.04:450][  0]LogSlate: Using Freetype 2.6.0
[2018.02.16-04.54.04:451][  0]LogSlate: SlateFontCache - WITH_FREETYPE: 1, WITH_HARFBUZZ: 1
[2018.02.16-04.54.04:451][  0]LogSlate: SlateFontCache - WITH_FREETYPE: 1, WITH_HARFBUZZ: 1
[2018.02.16-04.54.04:706][  0]LogAssetRegistry: FAssetRegistry took 0.0245 seconds to start up
[2018.02.16-04.54.04:825][  0]LogInit: Selected Device Profile: [Windows]
[2018.02.16-04.54.05:082][  0]LogSimplygon: Simplygon DLL not present - disabling.
[2018.02.16-04.54.05:111][  0]LogMeshReduction: Using SimplygonSwarm for distributed automatic mesh merging
[2018.02.16-04.54.05:112][  0]LogMeshReduction: Using QuadricMeshReduction for automatic static mesh reduction
[2018.02.16-04.54.05:112][  0]LogMeshReduction: No automatic skeletal mesh reduction module available
[2018.02.16-04.54.05:112][  0]LogMeshReduction: No automatic mesh merging module available
[2018.02.16-04.54.05:112][  0]LogMeshMerging: No automatic mesh merging module available
[2018.02.16-04.54.05:113][  0]LogContentStreaming: Texture pool size is 0.00 MB
[2018.02.16-04.54.05:490][  0]LogNetVersion: InstructorOfTheDead2 , NetCL: 3573198, EngineNetVer: 2, GameNetVer: 0 (Checksum: 3960460402)
[2018.02.16-04.54.05:694][  0]LogPackageLocalizationCache: Processed 5 localized package path(s) for 2 prioritized culture(s) in 0.053181 seconds
[2018.02.16-04.54.05:700][  0]LogUObjectArray: 35825 objects as part of root set at end of initial load.
[2018.02.16-04.54.05:700][  0]LogUObjectAllocator: 7529104 out of 0 bytes used by permanent object pool.
[2018.02.16-04.54.05:700][  0]LogUObjectArray: CloseDisregardForGC: 0/0 objects in disregard for GC pool
[2018.02.16-04.54.05:749][  0]LogInit: WinSock: version 1.1 (2.2), MaxSocks=32767, MaxUdp=65467
[2018.02.16-04.54.07:685][  0]LogTcpMessaging: Initializing TcpMessaging bridge
[2018.02.16-04.54.07:714][  0]LogUdpMessaging: Initializing bridge on interface 0.0.0.0:0 to multicast group 230.0.0.1:6666.
[2018.02.16-04.54.08:294][  0]LogMaterial: Uniform references updated for custom material expression Custom.
[2018.02.16-04.54.08:583][  0]SourceControl: Source control is disabled
[2018.02.16-04.54.08:583][  0]SourceControl: Source control is disabled
[2018.02.16-04.54.08:617][  0]SourceControl: Source control is disabled
[2018.02.16-04.54.08:653][  0]SourceControl: Source control is disabled
[2018.02.16-04.54.09:022][  0]LogOnline: Display: STEAM: Loading Steam SDK 1.39
[2018.02.16-04.54.09:061][  0]LogAndroidPermission: UAndroidPermissionCallbackProxy::GetInstance
[2018.02.16-04.54.09:225][  0]LogOcInput: OculusInput pre-init called
[2018.02.16-04.54.09:408][  0]LogEngine: Initializing Engine...
[2018.02.16-04.54.09:428][  0]LogHMD: Failed to initialize OpenVR with code 108
[2018.02.16-04.54.09:653][  0]LogStats: UGameplayTagsManager::ConstructGameplayTagTree: Construct from data asset -  0.000 s
[2018.02.16-04.54.09:653][  0]LogStats: UGameplayTagsManager::ConstructGameplayTagTree: GameplayTagTreeChangedEvent.Broadcast -  0.000 s
[2018.02.16-04.54.09:747][  0]LogAIModule: Creating AISystem for world Untitled
[2018.02.16-04.54.09:754][  0]LogInit: XAudio2 using 'Speakers (Realtek High Definition Audio)' : 2 channels at 48 kHz using 32 bits per sample (channel mask 0x3)
[2018.02.16-04.54.09:781][  0]LogInit: FAudioDevice initialized.
[2018.02.16-04.54.09:835][  0]LogDerivedDataCache: Saved boot cache 0.05s 93MB C:/Users/hoimo/AppData/Local/UnrealEngine/4.17/DerivedDataCache/Boot.ddc.
[2018.02.16-04.54.09:851][  0]LogInit: Texture streaming: Enabled
[2018.02.16-04.54.09:920][  0]LogEngineSessionManager: EngineSessionManager initialized
[2018.02.16-04.54.10:066][  0]LogInit: Transaction tracking system initialized
[2018.02.16-04.54.10:286][  0]BlueprintLog: New page: Editor Load
[2018.02.16-04.54.10:948][  0]LocalizationService: Localization service is disabled
[2018.02.16-04.54.11:302][  0]LogLinker: Warning: Can't find file '/Game/2DSideScrollerBP/2DSideScrollerOverview'
[2018.02.16-04.54.11:302][  0]LogLinker: Warning: Can't find file '/Game/2DSideScrollerBP/2DSideScrollerOverview'
[2018.02.16-04.54.11:302][  0]LogUObjectGlobals: Warning: Failed to find object 'Class /Game/2DSideScrollerBP/2DSideScrollerOverview.2DSideScrollerOverview_C'
[2018.02.16-04.54.11:638][  0]LogConsoleResponse: Display: 
[2018.02.16-04.54.11:776][  0]LogCook: Display: Max memory allowance for cook 16384mb min free memory 0mb
[2018.02.16-04.54.11:776][  0]LogCook: Display: Mobile HDR setting 1
[2018.02.16-04.54.11:776][  0]LogGameplayTags: Display: UGameplayTagsManager::DoneAddingNativeTags. DelegateIsBound: 0
[2018.02.16-04.54.11:876][  0]LogFileCache: Scanning file cache for directory 'C:/Users/hoimo/Documents/GitHub/InstructorOfTheDead2/Content/' took 0.01s
[2018.02.16-04.54.12:446][  0]SourceControl: Source control is disabled
[2018.02.16-04.54.12:446][  0]Cmd: MAP LOAD FILE="C:/Users/hoimo/Documents/GitHub/InstructorOfTheDead2/Content/ThirdPersonCPP/Maps/ThirdPersonExampleMap.umap" TEMPLATE=0 SHOWPROGRESS=1 FEATURELEVEL=3
[2018.02.16-04.54.12:446][  0]LightingResults: New page: Lighting Build
[2018.02.16-04.54.12:474][  0]MapCheck: New page: Map Check
[2018.02.16-04.54.12:474][  0]LightingResults: New page: Lighting Build
[2018.02.16-04.54.12:621][  0]LogAIModule: Creating AISystem for world ThirdPersonExampleMap
[2018.02.16-04.54.12:629][  0]LogEditorServer: Finished looking for orphan Actors (0.000 secs)
[2018.02.16-04.54.12:649][  0]Cmd: MAP CHECKDEP NOCLEARLOG
[2018.02.16-04.54.12:681][  0]MapCheck: Map check complete: 0 Error(s), 0 Warning(s), took 31.72ms to complete.
[2018.02.16-04.54.12:681][  0]LogFileHelpers: Loading map 'ThirdPersonExampleMap' took 0.235
[2018.02.16-04.54.12:760][  0]LogWindowsTextInputMethodSystem: Display: IME system now deactivated.
[2018.02.16-04.54.12:833][  0]LogCollectionManager: Loaded 0 collections in 0.000654 seconds
[2018.02.16-04.54.12:901][  0]LogFileCache: Scanning file cache for directory 'C:/Users/hoimo/Documents/GitHub/InstructorOfTheDead2/Saved/Collections/' took 0.01s
[2018.02.16-04.54.12:901][  0]LogFileCache: Scanning file cache for directory 'C:/Users/hoimo/Documents/GitHub/InstructorOfTheDead2/Content/Developers/hoimo/Collections/' took 0.01s
[2018.02.16-04.54.12:901][  0]LogFileCache: Scanning file cache for directory 'C:/Users/hoimo/Documents/GitHub/InstructorOfTheDead2/Content/Collections/' took 0.01s
[2018.02.16-04.54.12:901][  0]LogCollectionManager: Rebuilt the GUID cache for 0 collections in 0.000001 seconds
[2018.02.16-04.54.12:911][  0]LogContentBrowser: Native class hierarchy populated in 0.0098 seconds. Added 2390 classes and 505 folders.
[2018.02.16-04.54.12:955][  0]LogContentBrowser: Native class hierarchy updated for 'WidgetCarousel' in 0.0010 seconds. Added 0 classes and 0 folders.
[2018.02.16-04.54.12:986][  0]LogContentBrowser: Native class hierarchy updated for 'AddContentDialog' in 0.0014 seconds. Added 0 classes and 0 folders.
[2018.02.16-04.54.13:023][  0]LogContentBrowser: Native class hierarchy updated for 'SceneOutliner' in 0.0012 seconds. Added 1 classes and 2 folders.
[2018.02.16-04.54.13:103][  0]LogDirectoryWatcher: Warning: Failed to begin reading directory changes for C:/Users/hoimo/Documents/GitHub/InstructorOfTheDead2/Plugins/. Error: The system cannot find the file specified. (0x00000002)
[2018.02.16-04.54.13:113][  0]LogSlate: Took 0.000258 seconds to synchronously load lazily loaded font '../../../Engine/Content/Slate/Fonts/Roboto-Regular.ttf' (155K)
[2018.02.16-04.54.13:117][  0]LogSlate: Took 0.000197 seconds to synchronously load lazily loaded font '../../../Engine/Content/Slate/Fonts/Roboto-Bold.ttf' (160K)
[2018.02.16-04.54.13:119][  0]LogSlate: Took 0.000192 seconds to synchronously load lazily loaded font '../../../Engine/Content/Editor/Slate/Fonts/FontAwesome.ttf' (139K)
[2018.02.16-04.54.13:187][  0]LogRenderer: Reallocating scene render targets to support 1528x576 Format 9 NumSamples 1 (Frame:1).
[2018.02.16-04.54.13:386][  0]LogContentBrowser: Native class hierarchy updated for 'HierarchicalLODOutliner' in 0.0010 seconds. Added 1 classes and 2 folders.
[2018.02.16-04.54.13:386][  0]LogLoad: (Engine Initialization) Total time: 13.83 seconds
[2018.02.16-04.54.13:386][  0]LogLoad: (Engine Initialization) Total Blueprint compile time: 0.00 seconds
[2018.02.16-04.54.13:386][  0]LogExternalProfiler: No external profilers were discovered.  External profiling features will not be available.
[2018.02.16-04.54.13:415][  0]LogContentStreaming: Texture pool size now 600 MB
[2018.02.16-04.54.13:446][  0]LogSlate: Took 0.000137 seconds to synchronously load lazily loaded font '../../../Engine/Content/Slate/Fonts/Roboto-Light.ttf' (159K)
[2018.02.16-04.54.13:455][  1]LogAssetRegistry: Asset discovery search completed in 8.7699 seconds
[2018.02.16-04.54.13:457][  1]LogCollectionManager: Rebuilt the object cache for 0 collections in 0.000001 seconds (found 0 objects)
[2018.02.16-04.54.13:457][  1]LogCollectionManager: Fixed up redirectors for 0 collections in 0.000113 seconds (updated 0 objects)
[2018.02.16-04.54.49:129][415]LogDirectoryWatcher: A directory notification for '../../../Engine/Plugins/' was aborted.
[2018.02.16-04.54.52:058][745]LogSlate: Took 0.000129 seconds to synchronously load lazily loaded font '../../../Engine/Content/Slate/Fonts/Roboto-Light.ttf' (159K)
[2018.02.16-04.54.52:133][745]LogSavePackage: Save=52.63ms
[2018.02.16-04.54.52:133][745]LogSavePackage: Moving 'C:/Users/hoimo/Documents/GitHub/InstructorOfTheDead2/Saved/UEDPCThirdPersonExampleMap1A8B055B49E6520A7286B49A6527FBCE.tmp' to 'C:/Users/hoimo/Documents/GitHub/InstructorOfTheDead2/Saved/Autosaves/Game/ThirdPersonCPP/Maps/UEDPCThirdPersonExampleMap.umap'
[2018.02.16-04.54.52:134][745]LogSavePackage: Display: Finished SavePackage C:/Users/hoimo/Documents/GitHub/InstructorOfTheDead2/Saved/Autosaves/Game/ThirdPersonCPP/Maps/UEDPCThirdPersonExampleMap.umap
[2018.02.16-04.54.52:149][745]LogEditorTransaction: Undo Spawn Play From Here Start
[2018.02.16-04.55.17:022][180]LogDirectoryWatcher: Warning: Failed to begin reading directory changes for C:/Users/hoimo/Documents/GitHub/InstructorOfTheDead2/Plugins/. Error: The system cannot find the file specified. (0x00000002)
[2018.02.16-04.55.38:366][685]Cmd: CLOSE_SLATE_MAINFRAME
[2018.02.16-04.55.38:424][685]LogDirectoryWatcher: A directory notification for '../../../Engine/Plugins/' was aborted.
[2018.02.16-04.55.38:426][685]LogWindowsTextInputMethodSystem: Display: IME system now deactivated.
[2018.02.16-04.55.38:701][686]Cmd: QUIT_EDITOR
[2018.02.16-04.55.38:736][686]LogExit: Preparing to exit.
[2018.02.16-04.55.39:873][686]LogExit: Editor shut down
[2018.02.16-04.55.39:875][686]LogExit: Transaction tracking system shut down
[2018.02.16-04.55.40:001][686]LogDirectoryWatcher: A directory notification for '../../../Engine/Content/' was aborted.
[2018.02.16-04.55.40:001][686]LogDirectoryWatcher: A directory notification for 'C:/Users/hoimo/Documents/GitHub/InstructorOfTheDead2/Content/' was aborted.
[2018.02.16-04.55.40:001][686]LogDirectoryWatcher: A directory notification for '../../../Engine/Plugins/2D/Paper2D/Content/' was aborted.
[2018.02.16-04.55.40:001][686]LogDirectoryWatcher: A directory notification for '../../../Engine/Plugins/Runtime/Oculus/OculusVR/Content/' was aborted.
[2018.02.16-04.55.40:001][686]LogDirectoryWatcher: A directory notification for '../../../Engine/Plugins/Runtime/Steam/SteamVR/Content/' was aborted.
[2018.02.16-04.55.40:054][686]LogExit: Object subsystem successfully closed.
[2018.02.16-04.55.40:077][686]LogD3D11RHI: Shutdown
[2018.02.16-04.55.40:077][686]LogD3D11RHI: CleanupD3DDevice
[2018.02.16-04.55.40:151][686]LogD3D11RHI: ~FD3D11DynamicRHI
[2018.02.16-04.55.40:160][686]LogModuleManager: Shutting down and abandoning module HierarchicalLODOutliner (534)
[2018.02.16-04.55.40:160][686]LogModuleManager: Shutting down and abandoning module SceneOutliner (532)
[2018.02.16-04.55.40:161][686]LogModuleManager: Shutting down and abandoning module AddContentDialog (530)
[2018.02.16-04.55.40:161][686]LogDirectoryWatcher: A directory notification for 'F:/Program Files/Epic Games/UE_4.17/FeaturePacks/' was aborted.
[2018.02.16-04.55.40:161][686]LogModuleManager: Shutting down and abandoning module WidgetCarousel (529)
[2018.02.16-04.55.40:161][686]LogModuleManager: Shutting down and abandoning module EditorWidgets (526)
[2018.02.16-04.55.40:161][686]LogModuleManager: Shutting down and abandoning module CollectionManager (524)
[2018.02.16-04.55.40:161][686]LogDirectoryWatcher: A directory notification for 'C:/Users/hoimo/Documents/GitHub/InstructorOfTheDead2/Content/Collections/' was aborted.
[2018.02.16-04.55.40:161][686]LogDirectoryWatcher: A directory notification for 'C:/Users/hoimo/Documents/GitHub/InstructorOfTheDead2/Content/Developers/hoimo/Collections/' was aborted.
[2018.02.16-04.55.40:161][686]LogDirectoryWatcher: A directory notification for 'C:/Users/hoimo/Documents/GitHub/InstructorOfTheDead2/Saved/Collections/' was aborted.
[2018.02.16-04.55.40:161][686]LogModuleManager: Shutting down and abandoning module StatsViewer (522)
[2018.02.16-04.55.40:161][686]LogModuleManager: Shutting down and abandoning module FoliageEdit (520)
[2018.02.16-04.55.40:161][686]LogModuleManager: Shutting down and abandoning module LandscapeEditor (518)
[2018.02.16-04.55.40:161][686]LogModuleManager: Shutting down and abandoning module MeshPaintMode (516)
[2018.02.16-04.55.40:161][686]LogModuleManager: Shutting down and abandoning module SceneDepthPickerMode (514)
[2018.02.16-04.55.40:161][686]LogModuleManager: Shutting down and abandoning module ActorPickerMode (512)
[2018.02.16-04.55.40:161][686]LogModuleManager: Shutting down and abandoning module GeometryMode (510)
[2018.02.16-04.55.40:161][686]LogModuleManager: Shutting down and abandoning module TextureAlignMode (508)
[2018.02.16-04.55.40:161][686]LogModuleManager: Shutting down and abandoning module BspMode (506)
[2018.02.16-04.55.40:161][686]LogModuleManager: Shutting down and abandoning module PIEPreviewDeviceProfileSelector (504)
[2018.02.16-04.55.40:161][686]LogModuleManager: Shutting down and abandoning module HardwareSurvey (502)
[2018.02.16-04.55.40:161][686]LogModuleManager: Shutting down and abandoning module SequenceRecorderSections (500)
[2018.02.16-04.55.40:161][686]LogModuleManager: Shutting down and abandoning module AutomationWorker (498)
[2018.02.16-04.55.40:161][686]LogModuleManager: Shutting down and abandoning module MatineeToLevelSequence (496)
[2018.02.16-04.55.40:162][686]LogModuleManager: Shutting down and abandoning module LevelSequenceEditor (494)
[2018.02.16-04.55.40:162][686]LogModuleManager: Shutting down and abandoning module PlacementMode (493)
[2018.02.16-04.55.40:162][686]LogModuleManager: Shutting down and abandoning module WmfMediaFactory (490)
[2018.02.16-04.55.40:162][686]LogModuleManager: Shutting down and abandoning module WmfMediaEditor (488)
[2018.02.16-04.55.40:162][686]LogModuleManager: Shutting down and abandoning module AvfMediaFactory (486)
[2018.02.16-04.55.40:162][686]LogModuleManager: Shutting down and abandoning module AvfMediaEditor (484)
[2018.02.16-04.55.40:162][686]LogModuleManager: Shutting down and abandoning module AndroidMediaFactory (482)
[2018.02.16-04.55.40:162][686]LogModuleManager: Shutting down and abandoning module Media (481)
[2018.02.16-04.55.40:162][686]LogModuleManager: Shutting down and abandoning module AndroidMediaEditor (478)
[2018.02.16-04.55.40:162][686]LogModuleManager: Shutting down and abandoning module CharacterAI (476)
[2018.02.16-04.55.40:162][686]LogModuleManager: Shutting down and abandoning module AudioCapture (474)
[2018.02.16-04.55.40:162][686]LogModuleManager: Shutting down and abandoning module SequenceRecorder (473)
[2018.02.16-04.55.40:162][686]LogModuleManager: Shutting down and abandoning module SmartSnapping (470)
[2018.02.16-04.55.40:162][686]LogModuleManager: Shutting down and abandoning module SessionServices (468)
[2018.02.16-04.55.40:162][686]LogModuleManager: Shutting down and abandoning module ViewportSnapping (466)
[2018.02.16-04.55.40:162][686]LogModuleManager: Shutting down and abandoning module ViewportInteraction (464)
[2018.02.16-04.55.40:162][686]LogModuleManager: Shutting down and abandoning module ClothPainter (462)
[2018.02.16-04.55.40:162][686]LogModuleManager: Shutting down and abandoning module LogVisualizer (460)
[2018.02.16-04.55.40:162][686]LogModuleManager: Shutting down and abandoning module IntroTutorials (458)
[2018.02.16-04.55.40:162][686]LogModuleManager: Shutting down and abandoning module GameProjectGeneration (457)
[2018.02.16-04.55.40:162][686]LogModuleManager: Shutting down and abandoning module IOSPlatformEditor (454)
[2018.02.16-04.55.40:162][686]LogModuleManager: Shutting down and abandoning module HTML5PlatformEditor (452)
[2018.02.16-04.55.40:162][686]LogModuleManager: Shutting down and abandoning module AndroidPlatformEditor (450)
[2018.02.16-04.55.40:162][686]LogModuleManager: Shutting down and abandoning module AndroidDeviceDetection (449)
[2018.02.16-04.55.40:221][686]LogModuleManager: Shutting down and abandoning module WindowsPlatformEditor (446)
[2018.02.16-04.55.40:221][686]LogModuleManager: Shutting down and abandoning module IOSRuntimeSettings (444)
[2018.02.16-04.55.40:221][686]LogModuleManager: Shutting down and abandoning module AndroidRuntimeSettings (442)
[2018.02.16-04.55.40:221][686]LogModuleManager: Shutting down and abandoning module InputBindingEditor (440)
[2018.02.16-04.55.40:221][686]LogModuleManager: Shutting down and abandoning module MergeActors (438)
[2018.02.16-04.55.40:221][686]LogModuleManager: Shutting down and abandoning module SizeMap (436)
[2018.02.16-04.55.40:221][686]LogModuleManager: Shutting down and abandoning module TreeMap (434)
[2018.02.16-04.55.40:221][686]LogModuleManager: Shutting down and abandoning module ReferenceViewer (432)
[2018.02.16-04.55.40:221][686]LogModuleManager: Shutting down and abandoning module LocalizationDashboard (430)
[2018.02.16-04.55.40:221][686]LogModuleManager: Shutting down and abandoning module LocalizationService (429)
[2018.02.16-04.55.40:221][686]LogModuleManager: Shutting down and abandoning module HardwareTargeting (426)
[2018.02.16-04.55.40:221][686]LogModuleManager: Shutting down and abandoning module DeviceProfileEditor (424)
[2018.02.16-04.55.40:221][686]LogModuleManager: Shutting down and abandoning module UndoHistory (422)
[2018.02.16-04.55.40:221][686]LogModuleManager: Shutting down and abandoning module XmlParser (420)
[2018.02.16-04.55.40:221][686]LogModuleManager: Shutting down and abandoning module Blutility (418)
[2018.02.16-04.55.40:221][686]LogModuleManager: Shutting down and abandoning module ProjectSettingsViewer (416)
[2018.02.16-04.55.40:221][686]LogModuleManager: Shutting down and abandoning module ProjectTargetPlatformEditor (415)
[2018.02.16-04.55.40:222][686]LogModuleManager: Shutting down and abandoning module EditorSettingsViewer (412)
[2018.02.16-04.55.40:222][686]LogModuleManager: Shutting down and abandoning module SettingsEditor (410)
[2018.02.16-04.55.40:222][686]LogModuleManager: Shutting down and abandoning module ProjectLauncher (408)
[2018.02.16-04.55.40:222][686]LogModuleManager: Shutting down and abandoning module SessionFrontend (406)
[2018.02.16-04.55.40:222][686]LogModuleManager: Shutting down and abandoning module ProfilerClient (404)
[2018.02.16-04.55.40:222][686]LogModuleManager: Shutting down and abandoning module DeviceManager (402)
[2018.02.16-04.55.40:222][686]LogModuleManager: Shutting down and abandoning module TargetDeviceServices (401)
[2018.02.16-04.55.40:285][686]LogModuleManager: Shutting down and abandoning module AutomationController (398)
[2018.02.16-04.55.40:285][686]LogModuleManager: Shutting down and abandoning module AutomationWindow (396)
[2018.02.16-04.55.40:285][686]LogModuleManager: Shutting down and abandoning module Layers (394)
[2018.02.16-04.55.40:285][686]LogModuleManager: Shutting down and abandoning module ComponentVisualizers (392)
[2018.02.16-04.55.40:285][686]LogModuleManager: Shutting down and abandoning module DetailCustomizations (390)
[2018.02.16-04.55.40:285][686]LogModuleManager: Shutting down and abandoning module PackagesDialog (388)
[2018.02.16-04.55.40:285][686]LogModuleManager: Shutting down and abandoning module Persona (386)
[2018.02.16-04.55.40:285][686]LogModuleManager: Shutting down and abandoning module AdvancedPreviewScene (385)
[2018.02.16-04.55.40:285][686]LogModuleManager: Shutting down and abandoning module AnimGraph (383)
[2018.02.16-04.55.40:285][686]LogModuleManager: Shutting down and abandoning module Kismet (380)
[2018.02.16-04.55.40:285][686]LogModuleManager: Shutting down and abandoning module ClassViewer (378)
[2018.02.16-04.55.40:285][686]LogModuleManager: Shutting down and abandoning module Toolbox (376)
[2018.02.16-04.55.40:285][686]LogModuleManager: Shutting down and abandoning module ModuleUI (374)
[2018.02.16-04.55.40:285][686]LogModuleManager: Shutting down and abandoning module MovieSceneTools (372)
[2018.02.16-04.55.40:286][686]LogModuleManager: Shutting down and abandoning module OutputLog (370)
[2018.02.16-04.55.40:286][686]LogModuleManager: Shutting down and abandoning module GammaUI (368)
[2018.02.16-04.55.40:286][686]LogModuleManager: Shutting down and abandoning module Documentation (366)
[2018.02.16-04.55.40:286][686]LogModuleManager: Shutting down and abandoning module MovieSceneTracks (364)
[2018.02.16-04.55.40:286][686]LogModuleManager: Shutting down and abandoning module MovieScene (362)
[2018.02.16-04.55.40:286][686]LogModuleManager: Shutting down and abandoning module Niagara (360)
[2018.02.16-04.55.40:286][686]LogModuleManager: Shutting down and abandoning module NiagaraEditor (359)
[2018.02.16-04.55.40:286][686]LogModuleManager: Shutting down and abandoning module StreamingPauseRendering (356)
[2018.02.16-04.55.40:286][686]LogModuleManager: Shutting down and abandoning module LauncherPlatform (354)
[2018.02.16-04.55.40:286][686]LogModuleManager: Shutting down and abandoning module AnalyticsET (352)
[2018.02.16-04.55.40:286][686]LogModuleManager: Shutting down and abandoning module PortalServices (350)
[2018.02.16-04.55.40:286][686]LogModuleManager: Shutting down and abandoning module PortalRpc (348)
[2018.02.16-04.55.40:286][686]LogModuleManager: Shutting down and abandoning module MessagingRpc (346)
[2018.02.16-04.55.40:286][686]LogModuleManager: Shutting down and abandoning module AIModule (344)
[2018.02.16-04.55.40:286][686]LogModuleManager: Shutting down and abandoning module GameplayDebugger (343)
[2018.02.16-04.55.40:286][686]LogModuleManager: Shutting down and abandoning module AITestSuite (341)
[2018.02.16-04.55.40:286][686]LogModuleManager: Shutting down and abandoning module ProfilerService (338)
[2018.02.16-04.55.40:467][686]LogModuleManager: Shutting down and abandoning module TaskGraph (336)
[2018.02.16-04.55.40:467][686]LogModuleManager: Shutting down and abandoning module SteamVRController (334)
[2018.02.16-04.55.40:467][686]LogModuleManager: Shutting down and abandoning module ProceduralMeshComponentEditor (332)
[2018.02.16-04.55.40:467][686]LogModuleManager: Shutting down and abandoning module ProceduralMeshComponent (330)
[2018.02.16-04.55.40:467][686]LogModuleManager: Shutting down and abandoning module OculusInput (328)
[2018.02.16-04.55.40:467][686]LogModuleManager: Shutting down and abandoning module MobilePatchingUtils (326)
[2018.02.16-04.55.40:467][686]LogModuleManager: Shutting down and abandoning module CustomMeshComponent (324)
[2018.02.16-04.55.40:467][686]LogModuleManager: Shutting down and abandoning module CableComponent (322)
[2018.02.16-04.55.40:467][686]LogModuleManager: Shutting down and abandoning module ArchVisCharacter (320)
[2018.02.16-04.55.40:467][686]LogModuleManager: Shutting down and abandoning module AndroidPermission (318)
[2018.02.16-04.55.40:467][686]LogModuleManager: Shutting down and abandoning module MediaPlayerEditor (312)
[2018.02.16-04.55.40:467][686]LogModuleManager: Shutting down and abandoning module HTML5Networking (310)
[2018.02.16-04.55.40:467][686]LogModuleManager: Shutting down and abandoning module AlembicImporter (308)
[2018.02.16-04.55.40:467][686]LogModuleManager: Shutting down and abandoning module AlembicLibrary (307)
[2018.02.16-04.55.40:467][686]LogModuleManager: Shutting down and abandoning module GeometryCache (306)
[2018.02.16-04.55.40:467][686]LogModuleManager: Shutting down and abandoning module GeometryCacheEd (305)
[2018.02.16-04.55.40:467][686]LogModuleManager: Shutting down and abandoning module SpeedTreeImporter (300)
[2018.02.16-04.55.40:467][686]LogModuleManager: Shutting down and abandoning module PluginBrowser (298)
[2018.02.16-04.55.40:467][686]LogModuleManager: Shutting down and abandoning module MobileLauncherProfileWizard (296)
[2018.02.16-04.55.40:467][686]LogModuleManager: Shutting down and abandoning module VisualStudioSourceCodeAccess (294)
[2018.02.16-04.55.40:467][686]LogModuleManager: Shutting down and abandoning module DesktopPlatform (293)
[2018.02.16-04.55.40:467][686]LogModuleManager: Shutting down and abandoning module UObjectPlugin (290)
[2018.02.16-04.55.40:467][686]LogModuleManager: Shutting down and abandoning module SubversionSourceControl (288)
[2018.02.16-04.55.40:467][686]LogModuleManager: Shutting down and abandoning module PerforceSourceControl (286)
[2018.02.16-04.55.40:467][686]LogModuleManager: Shutting down and abandoning module GitSourceControl (284)
[2018.02.16-04.55.40:467][686]LogModuleManager: Shutting down and abandoning module SourceControl (283)
[2018.02.16-04.55.40:467][686]LogModuleManager: Shutting down and abandoning module LightPropagationVolumeEditor (280)
[2018.02.16-04.55.40:467][686]LogModuleManager: Shutting down and abandoning module PaperTiledImporter (278)
[2018.02.16-04.55.40:467][686]LogModuleManager: Shutting down and abandoning module PaperSpriteSheetImporter (276)
[2018.02.16-04.55.40:467][686]LogModuleManager: Shutting down and abandoning module Paper2DEditor (274)
[2018.02.16-04.55.40:467][686]LogModuleManager: Shutting down and abandoning module MeshPaint (273)
[2018.02.16-04.55.40:467][686]LogModuleManager: Shutting down and abandoning module LevelEditor (271)
[2018.02.16-04.55.40:468][686]LogModuleManager: Shutting down and abandoning module PixelInspectorModule (270)
[2018.02.16-04.55.40:468][686]LogModuleManager: Shutting down and abandoning module MainFrame (268)
[2018.02.16-04.55.40:468][686]LogModuleManager: Shutting down and abandoning module HotReload (267)
[2018.02.16-04.55.40:468][686]LogDirectoryWatcher: A directory notification for 'C:/Users/hoimo/Documents/GitHub/InstructorOfTheDead2/Binaries/Win64' was aborted.
[2018.02.16-04.55.40:468][686]LogModuleManager: Shutting down and abandoning module InstructorOfTheDead2 (262)
[2018.02.16-04.55.40:468][686]LogModuleManager: Shutting down and abandoning module RuntimePhysXCooking (260)
[2018.02.16-04.55.40:468][686]LogModuleManager: Shutting down and abandoning module PhysXVehiclesEditor (258)
[2018.02.16-04.55.40:468][686]LogModuleManager: Shutting down and abandoning module PhysXVehicles (256)
[2018.02.16-04.55.40:468][686]LogModuleManager: Shutting down and abandoning module OculusEditor (254)
[2018.02.16-04.55.40:468][686]LogModuleManager: Shutting down and abandoning module LocationServicesBPLibrary (252)
[2018.02.16-04.55.40:468][686]LogModuleManager: Shutting down and abandoning module ImmediatePhysicsEditor (250)
[2018.02.16-04.55.40:468][686]LogModuleManager: Shutting down and abandoning module ImmediatePhysics (248)
[2018.02.16-04.55.40:468][686]LogModuleManager: Shutting down and abandoning module UdpMessaging (246)
[2018.02.16-04.55.40:569][686]LogModuleManager: Shutting down and abandoning module TcpMessaging (244)
[2018.02.16-04.55.40:718][686]LogModuleManager: Shutting down and abandoning module GameplayTagsEditor (242)
[2018.02.16-04.55.40:718][686]LogModuleManager: Shutting down and abandoning module FacialAnimationEditor (240)
[2018.02.16-04.55.40:718][686]LogModuleManager: Shutting down and abandoning module FacialAnimation (238)
[2018.02.16-04.55.40:718][686]LogModuleManager: Shutting down and abandoning module AssetManagerEditor (236)
[2018.02.16-04.55.40:718][686]LogModuleManager: Shutting down and abandoning module GraphEditor (235)
[2018.02.16-04.55.40:718][686]LogModuleManager: Shutting down and abandoning module ContentBrowser (233)
[2018.02.16-04.55.40:720][686]LogModuleManager: Shutting down and abandoning module LightPropagationVolumeRuntime (230)
[2018.02.16-04.55.40:720][686]LogModuleManager: Shutting down and abandoning module Paper2D (228)
[2018.02.16-04.55.40:721][686]LogModuleManager: Shutting down and abandoning module WindowsMoviePlayer (226)
[2018.02.16-04.55.40:721][686]LogModuleManager: Shutting down and abandoning module WmfMedia (224)
[2018.02.16-04.55.40:725][686]LogModuleManager: Shutting down and abandoning module PacketHandler (222)
[2018.02.16-04.55.40:725][686]LogModuleManager: Shutting down and abandoning module ClothingSystemEditor (220)
[2018.02.16-04.55.40:725][686]LogModuleManager: Shutting down and abandoning module ClothingSystemRuntime (218)
[2018.02.16-04.55.40:725][686]LogModuleManager: Shutting down and abandoning module Overlay (216)
[2018.02.16-04.55.40:725][686]LogModuleManager: Shutting down and abandoning module OverlayEditor (215)
[2018.02.16-04.55.40:725][686]LogModuleManager: Shutting down and abandoning module MediaAssets (212)
[2018.02.16-04.55.40:725][686]LogModuleManager: Shutting down and abandoning module VREditor (210)
[2018.02.16-04.55.40:725][686]LogModuleManager: Shutting down and abandoning module StringTableEditor (208)
[2018.02.16-04.55.40:725][686]LogModuleManager: Shutting down and abandoning module GameplayTasksEditor (206)
[2018.02.16-04.55.40:725][686]LogModuleManager: Shutting down and abandoning module BehaviorTreeEditor (204)
[2018.02.16-04.55.40:725][686]LogModuleManager: Shutting down and abandoning module FunctionalTesting (202)
[2018.02.16-04.55.40:725][686]LogModuleManager: Shutting down and abandoning module CollisionAnalyzer (200)
[2018.02.16-04.55.40:725][686]LogModuleManager: Shutting down and abandoning module WorkspaceMenuStructure (199)
[2018.02.16-04.55.40:725][686]LogModuleManager: Shutting down and abandoning module UMG (196)
[2018.02.16-04.55.40:726][686]LogModuleManager: Shutting down and abandoning module UMGEditor (195)
[2018.02.16-04.55.40:726][686]LogModuleManager: Shutting down and abandoning module Sequencer (194)
[2018.02.16-04.55.40:726][686]LogModuleManager: Shutting down and abandoning module MessageLog (191)
[2018.02.16-04.55.40:726][686]LogModuleManager: Shutting down and abandoning module SlateReflector (186)
[2018.02.16-04.55.40:726][686]LogModuleManager: Shutting down and abandoning module Slate (184)
[2018.02.16-04.55.40:726][686]LogModuleManager: Shutting down and abandoning module EditorStyle (182)
[2018.02.16-04.55.40:727][686]LogModuleManager: Shutting down and abandoning module MRMesh (180)
[2018.02.16-04.55.40:727][686]LogModuleManager: Shutting down and abandoning module SourceCodeAccess (178)
[2018.02.16-04.55.40:727][686]LogModuleManager: Shutting down and abandoning module HeadMountedDisplay (176)
[2018.02.16-04.55.40:727][686]LogModuleManager: Shutting down and abandoning module XAudio2 (174)
[2018.02.16-04.55.40:727][686]LogModuleManager: Shutting down and abandoning module Networking (172)
[2018.02.16-04.55.40:727][686]LogModuleManager: Shutting down and abandoning module Core (168)
[2018.02.16-04.55.40:727][686]LogModuleManager: Shutting down and abandoning module KismetCompiler (164)
[2018.02.16-04.55.40:727][686]LogModuleManager: Shutting down and abandoning module LevelSequence (162)
[2018.02.16-04.55.40:727][686]LogModuleManager: Shutting down and abandoning module MeshUtilities (160)
[2018.02.16-04.55.40:728][686]LogModuleManager: Shutting down and abandoning module MeshMergeUtilities (159)
[2018.02.16-04.55.40:728][686]LogModuleManager: Shutting down and abandoning module MeshReductionInterface (158)
[2018.02.16-04.55.40:728][686]LogModuleManager: Shutting down and abandoning module SimplygonSwarm (157)
[2018.02.16-04.55.40:728][686]LogModuleManager: Shutting down and abandoning module SimplygonMeshReduction (155)
[2018.02.16-04.55.40:728][686]LogModuleManager: Shutting down and abandoning module QuadricMeshReduction (153)
[2018.02.16-04.55.40:728][686]LogModuleManager: Shutting down and abandoning module MaterialBaking (149)
[2018.02.16-04.55.40:728][686]LogModuleManager: Shutting down and abandoning module DirectoryWatcher (146)
[2018.02.16-04.55.40:728][686]LogModuleManager: Shutting down and abandoning module DerivedDataCache (144)
[2018.02.16-04.55.40:999][686]LogDerivedDataCache: Shutdown
[2018.02.16-04.55.40:999][686]LogModuleManager: Shutting down and abandoning module TargetPlatform (142)
[2018.02.16-04.55.40:999][686]LogModuleManager: Shutting down and abandoning module VulkanShaderFormat (141)
[2018.02.16-04.55.40:999][686]LogModuleManager: Shutting down and abandoning module ShaderFormatVectorVM (139)
[2018.02.16-04.55.40:999][686]LogModuleManager: Shutting down and abandoning module ShaderFormatOpenGL (137)
[2018.02.16-04.55.40:999][686]LogModuleManager: Shutting down and abandoning module ShaderFormatD3D (135)
[2018.02.16-04.55.40:999][686]LogModuleManager: Shutting down and abandoning module MetalShaderFormat (133)
[2018.02.16-04.55.40:999][686]LogModuleManager: Shutting down and abandoning module TextureFormatUncompressed (131)
[2018.02.16-04.55.40:999][686]LogModuleManager: Shutting down and abandoning module TextureFormatPVR (129)
[2018.02.16-04.55.40:999][686]LogModuleManager: Shutting down and abandoning module TextureFormatDXT (127)
[2018.02.16-04.55.40:999][686]LogModuleManager: Shutting down and abandoning module TextureFormatIntelISPCTexComp (125)
[2018.02.16-04.55.40:999][686]LogModuleManager: Shutting down and abandoning module TextureFormatASTC (123)
[2018.02.16-04.55.40:999][686]LogModuleManager: Shutting down and abandoning module ImageWrapper (122)
[2018.02.16-04.55.40:999][686]LogModuleManager: Shutting down and abandoning module TextureFormatAndroid (119)
[2018.02.16-04.55.40:999][686]LogModuleManager: Shutting down and abandoning module AudioFormatOpus (117)
[2018.02.16-04.55.40:999][686]LogModuleManager: Shutting down and abandoning module AudioFormatOgg (115)
[2018.02.16-04.55.40:999][686]LogModuleManager: Shutting down and abandoning module AudioFormatADPCM (113)
[2018.02.16-04.55.40:999][686]LogModuleManager: Shutting down and abandoning module LinuxTargetPlatform (111)
[2018.02.16-04.55.40:999][686]LogModuleManager: Shutting down and abandoning module LinuxServerTargetPlatform (109)
[2018.02.16-04.55.40:999][686]LogModuleManager: Shutting down and abandoning module LinuxNoEditorTargetPlatform (107)
[2018.02.16-04.55.40:999][686]LogModuleManager: Shutting down and abandoning module LinuxClientTargetPlatform (105)
[2018.02.16-04.55.40:999][686]LogModuleManager: Shutting down and abandoning module TVOSTargetPlatform (103)
[2018.02.16-04.55.40:999][686]LogModuleManager: Shutting down and abandoning module Messaging (101)
[2018.02.16-04.55.40:999][686]LogModuleManager: Shutting down and abandoning module IOSTargetPlatform (99)
[2018.02.16-04.55.40:999][686]LogModuleManager: Shutting down and abandoning module HTML5TargetPlatform (97)
[2018.02.16-04.55.40:999][686]LogModuleManager: Shutting down and abandoning module Android_PVRTCTargetPlatform (95)
[2018.02.16-04.55.40:999][686]LogModuleManager: Shutting down and abandoning module Android_MultiTargetPlatform (93)
[2018.02.16-04.55.40:999][686]LogModuleManager: Shutting down and abandoning module Android_ETC2TargetPlatform (91)
[2018.02.16-04.55.40:999][686]LogModuleManager: Shutting down and abandoning module Android_ETC1TargetPlatform (89)
[2018.02.16-04.55.40:999][686]LogModuleManager: Shutting down and abandoning module Android_DXTTargetPlatform (87)
[2018.02.16-04.55.40:999][686]LogModuleManager: Shutting down and abandoning module Android_ATCTargetPlatform (85)
[2018.02.16-04.55.40:999][686]LogModuleManager: Shutting down and abandoning module Android_ASTCTargetPlatform (83)
[2018.02.16-04.55.40:999][686]LogModuleManager: Shutting down and abandoning module AndroidTargetPlatform (81)
[2018.02.16-04.55.40:999][686]LogModuleManager: Shutting down and abandoning module WindowsTargetPlatform (79)
[2018.02.16-04.55.41:000][686]LogModuleManager: Shutting down and abandoning module WindowsServerTargetPlatform (77)
[2018.02.16-04.55.41:000][686]LogModuleManager: Shutting down and abandoning module WindowsNoEditorTargetPlatform (75)
[2018.02.16-04.55.41:000][686]LogModuleManager: Shutting down and abandoning module WindowsClientTargetPlatform (73)
[2018.02.16-04.55.41:000][686]LogModuleManager: Shutting down and abandoning module MacTargetPlatform (71)
[2018.02.16-04.55.41:000][686]LogModuleManager: Shutting down and abandoning module MacServerTargetPlatform (69)
[2018.02.16-04.55.41:000][686]LogModuleManager: Shutting down and abandoning module MacNoEditorTargetPlatform (67)
[2018.02.16-04.55.41:000][686]LogModuleManager: Shutting down and abandoning module MacClientTargetPlatform (65)
[2018.02.16-04.55.41:000][686]LogModuleManager: Shutting down and abandoning module AllDesktopTargetPlatform (63)
[2018.02.16-04.55.41:000][686]LogModuleManager: Shutting down and abandoning module InputCore (60)
[2018.02.16-04.55.41:000][686]LogModuleManager: Shutting down and abandoning module Settings (58)
[2018.02.16-04.55.41:000][686]LogModuleManager: Shutting down and abandoning module PhysXCooking (56)
[2018.02.16-04.55.41:000][686]LogModuleManager: Shutting down and abandoning module SteamVR (54)
[2018.02.16-04.55.41:000][686]LogModuleManager: Shutting down and abandoning module OculusHMD (52)
[2018.02.16-04.55.41:000][686]LogModuleManager: Shutting down and abandoning module ExampleDeviceProfileSelector (50)
[2018.02.16-04.55.41:000][686]LogModuleManager: Shutting down and abandoning module OnlineBlueprintSupport (48)
[2018.02.16-04.55.41:000][686]LogModuleManager: Shutting down and abandoning module OnlineSubsystem (44)
[2018.02.16-04.55.41:000][686]LogOnline: Display: Unloading online subsystem: NULL
[2018.02.16-04.55.41:000][686]LogOnline: Display: Unloading online subsystem: STEAM
[2018.02.16-04.55.41:000][686]LogModuleManager: Shutting down and abandoning module XMPP (43)
[2018.02.16-04.55.41:000][686]LogModuleManager: Shutting down and abandoning module HTTP (41)
[2018.02.16-04.55.41:000][686]LogHttp: Display: Http module shutting down, but needs to wait on 1 outstanding Http requests:
[2018.02.16-04.55.41:000][686]LogHttp: Display: 	verb=[POST] url=[https://datarouter.ol.epicgames.com/datarouter/api/v1/public/data?SessionID=%7B27C1D510-4DC2-E7F1-7960-23AEB1B73FCB%7D&AppID=UEEditor.Rocket.Release&AppVersion=4.17.2-3658906%2B%2B%2BUE4%2BRelease-4.17&UserID=b9748b1d4a89d5deaebce4ab3b5e0780%7C542b6494ee15450dbb15d52e66cba626%7Cf87d9b0c-dc84-4000-978a-9cffcc4a7e57&AppEnvironment=datacollector-binary&UploadType=eteventstream] status=Processing
[2018.02.16-04.55.41:017][686]LogModuleManager: Shutting down and abandoning module SSL (40)
[2018.02.16-04.55.41:018][686]LogModuleManager: Shutting down and abandoning module AnimationModifiers (36)
[2018.02.16-04.55.41:018][686]LogModuleManager: Shutting down and abandoning module PropertyEditor (35)
[2018.02.16-04.55.41:018][686]LogModuleManager: Shutting down and abandoning module AudioEditor (32)
[2018.02.16-04.55.41:018][686]LogModuleManager: Shutting down and abandoning module TextureCompressor (30)
[2018.02.16-04.55.41:018][686]LogModuleManager: Shutting down and abandoning module ShaderCore (28)
[2018.02.16-04.55.41:018][686]LogModuleManager: Shutting down and abandoning module Landscape (26)
[2018.02.16-04.55.41:018][686]LogModuleManager: Shutting down and abandoning module SlateRHIRenderer (24)
[2018.02.16-04.55.41:019][686]LogModuleManager: Shutting down and abandoning module OpenGLDrv (22)
[2018.02.16-04.55.41:020][686]LogModuleManager: Shutting down and abandoning module D3D11RHI (20)
[2018.02.16-04.55.41:021][686]LogModuleManager: Shutting down and abandoning module AnimGraphRuntime (18)
[2018.02.16-04.55.41:021][686]LogModuleManager: Shutting down and abandoning module Renderer (16)
[2018.02.16-04.55.41:021][686]LogModuleManager: Shutting down and abandoning module Engine (14)
[2018.02.16-04.55.41:021][686]LogModuleManager: Shutting down and abandoning module CoreUObject (12)
[2018.02.16-04.55.41:021][686]LogModuleManager: Shutting down and abandoning module NetworkFile (10)
[2018.02.16-04.55.41:021][686]LogModuleManager: Shutting down and abandoning module CookedIterativeFile (8)
[2018.02.16-04.55.41:021][686]LogModuleManager: Shutting down and abandoning module StreamingFile (6)
[2018.02.16-04.55.41:021][686]LogModuleManager: Shutting down and abandoning module SandboxFile (4)
[2018.02.16-04.55.41:021][686]LogModuleManager: Shutting down and abandoning module PakFile (2)
[2018.02.16-04.55.41:025][686]LogExit: Exiting.
[2018.02.16-04.55.41:036][686]Log file closed, 02/15/18 20:55:41
