Log file open, 02/26/18 11:48:59
LogWindows: Failed to load 'aqProf.dll' (GetLastError=126)
LogWindows: File 'aqProf.dll' does not exist
LogWindows: Failed to load 'VSPerf140.dll' (GetLastError=126)
LogWindows: File 'VSPerf140.dll' does not exist
LogWindows: Failed to load 'VtuneApi.dll' (GetLastError=126)
LogWindows: File 'VtuneApi.dll' does not exist
LogWindows: Failed to load 'VtuneApi32e.dll' (GetLastError=126)
LogWindows: File 'VtuneApi32e.dll' does not exist
LogInit: Display: Running engine for game: InstructorOfTheDead2
LogPlatformFile: Not using cached read wrapper
LogInit: Display: RandInit(-324123247) SRandInit(-324123247).
LogTaskGraph: Started task graph with 5 named threads and 14 total threads with 3 sets of task threads.
LogStats: Stats thread started at 0.166958
LogD3D11RHI: Aftermath initialized
LogPluginManager: Mounting plugin Paper2D
LogPluginManager: Mounting plugin LightPropagationVolume
LogPluginManager: Mounting plugin CodeLiteSourceCodeAccess
LogPluginManager: Mounting plugin GitSourceControl
LogPluginManager: Mounting plugin KDevelopSourceCodeAccess
LogPluginManager: Mounting plugin NullSourceCodeAccess
LogPluginManager: Mounting plugin PerforceSourceControl
LogPluginManager: Mounting plugin SubversionSourceControl
LogPluginManager: Mounting plugin UObjectPlugin
LogPluginManager: Mounting plugin VisualStudioSourceCodeAccess
LogPluginManager: Mounting plugin XCodeSourceCodeAccess
LogPluginManager: Mounting plugin AssetManagerEditor
LogPluginManager: Mounting plugin AudioCapture
LogPluginManager: Mounting plugin FacialAnimation
LogPluginManager: Mounting plugin GameplayTagsEditor
LogPluginManager: Mounting plugin MobileLauncherProfileWizard
LogPluginManager: Mounting plugin PluginBrowser
LogPluginManager: Mounting plugin SpeedTreeImporter
LogPluginManager: Mounting plugin AlembicImporter
LogPluginManager: Mounting plugin CharacterAI
LogPluginManager: Mounting plugin HTML5Networking
LogPluginManager: Mounting plugin AndroidMedia
LogPluginManager: Mounting plugin AvfMedia
LogPluginManager: Mounting plugin MediaPlayerEditor
LogPluginManager: Mounting plugin WmfMedia
LogPluginManager: Mounting plugin TcpMessaging
LogPluginManager: Mounting plugin UdpMessaging
LogPluginManager: Mounting plugin LevelSequenceEditor
LogPluginManager: Mounting plugin MatineeToLevelSequence
LogPluginManager: Mounting plugin OnlineSubsystemGooglePlay
LogPluginManager: Mounting plugin OnlineSubsystemIOS
LogPluginManager: Mounting plugin OnlineSubsystem
LogPluginManager: Mounting plugin OnlineSubsystemNull
LogPluginManager: Mounting plugin OnlineSubsystemUtils
LogPluginManager: Mounting plugin AndroidDeviceProfileSelector
LogPluginManager: Mounting plugin AndroidMoviePlayer
LogPluginManager: Mounting plugin AndroidPermission
LogPluginManager: Mounting plugin AppleMoviePlayer
LogPluginManager: Mounting plugin ArchVisCharacter
LogPluginManager: Mounting plugin CableComponent
LogPluginManager: Mounting plugin CustomMeshComponent
LogPluginManager: Mounting plugin ExampleDeviceProfileSelector
LogPluginManager: Mounting plugin GoogleCloudMessaging
LogPluginManager: Mounting plugin ImmediatePhysics
LogPluginManager: Mounting plugin IOSDeviceProfileSelector
LogPluginManager: Mounting plugin LinuxDeviceProfileSelector
LogPluginManager: Mounting plugin LocationServicesBPLibrary
LogPluginManager: Mounting plugin MobilePatchingUtils
LogPluginManager: Mounting plugin OculusVR
LogPluginManager: Mounting plugin PhysXVehicles
LogPluginManager: Mounting plugin ProceduralMeshComponent
LogPluginManager: Mounting plugin RuntimePhysXCooking
LogPluginManager: Mounting plugin SteamVR
LogPluginManager: Mounting plugin WindowsMoviePlayer
LogInit: Using libcurl 7.47.1
LogInit:  - built for x86_64-pc-win32
LogInit:  - supports SSL with OpenSSL/1.0.2g
LogInit:  - supports HTTP deflate (compression) using libz 1.2.8
LogInit:  - other features:
LogInit:      CURL_VERSION_SSL
LogInit:      CURL_VERSION_LIBZ
LogInit:      CURL_VERSION_IPV6
LogInit:      CURL_VERSION_ASYNCHDNS
LogInit:      CURL_VERSION_LARGEFILE
LogInit:      CURL_VERSION_IDN
LogInit:  CurlRequestOptions (configurable via config and command line):
LogInit:  - bVerifyPeer = false  - Libcurl will NOT verify peer certificate
LogInit:  - bUseHttpProxy = false  - Libcurl will NOT use HTTP proxy
LogInit:  - bDontReuseConnections = false  - Libcurl will reuse connections
LogInit:  - CertBundlePath = nullptr  - Libcurl will use whatever was configured at build time.
LogInit: Build: ++UE4+Release-4.17-CL-3658906
LogInit: Engine Version: 4.17.2-3658906+++UE4+Release-4.17
LogInit: Compatible Engine Version: 4.17.0-3573198+++UE4+Release-4.17
LogInit: Net CL: 3573198
LogDevObjectVersion: Number of dev versions registered: 16
LogDevObjectVersion:   Dev-Blueprints (B0D832E4-1F89-4F0D-ACCF-7EB736FD4AA2): 10
LogDevObjectVersion:   Dev-Build (E1C64328-A22C-4D53-A36C-8E866417BD8C): 0
LogDevObjectVersion:   Dev-Core (375EC13C-06E4-48FB-B500-84F0262A717E): 2
LogDevObjectVersion:   Dev-Editor (E4B068ED-F494-42E9-A231-DA0B2E46BB41): 20
LogDevObjectVersion:   Dev-Framework (CFFC743F-43B0-4480-9391-14DF171D2073): 28
LogDevObjectVersion:   Dev-Mobile (B02B49B5-BB20-44E9-A304-32B752E40360): 0
LogDevObjectVersion:   Dev-Networking (A4E4105C-59A1-49B5-A7C5-40C4547EDFEE): 0
LogDevObjectVersion:   Dev-Online (39C831C9-5AE6-47DC-9A44-9C173E1C8E7C): 0
LogDevObjectVersion:   Dev-Physics (78F01B33-EBEA-4F98-B9B4-84EACCB95AA2): 0
LogDevObjectVersion:   Dev-Platform (6631380F-2D4D-43E0-8009-CF276956A95A): 0
LogDevObjectVersion:   Dev-Rendering (12F88B9F-8875-4AFC-A67C-D90C383ABD29): 19
LogDevObjectVersion:   Dev-Sequencer (7B5AE74C-D270-4C10-A958-57980B212A5A): 4
LogDevObjectVersion:   Dev-VR (D7296918-1DD6-4BDD-9DE2-64A83CC13884): 0
LogDevObjectVersion:   Dev-LoadTimes (C2A15278-BFE7-4AFE-6C17-90FF531DF755): 1
LogDevObjectVersion:   Private-Geometry (6EACA3D4-40EC-4CC1-B786-8BED09428FC5): 1
LogDevObjectVersion:   Dev-AnimPhys (29E575DD-E0A3-4627-9D10-D276232CDCEA): 7
LogInit: Compiled (64-bit): Sep 22 2017 13:47:16
LogInit: Compiled with Visual C++: 19.00.24215.01
LogInit: Build Configuration: Development
LogInit: Branch Name: ++UE4+Release-4.17
LogInit: Command line:  
LogInit: Base directory: C:/Program Files/Epic Games/UE_4.17/Engine/Binaries/Win64/
LogInit: Installed Engine Build: 1
LogInit: Presizing for max 8388607 objects, including 0 objects not considered by GC, pre-allocating 0 bytes for permanent pool.
LogInit: Object subsystem initialized
[2018.02.26-19.49.01:014][  0]LogInit: Selected Device Profile: [Windows]
[2018.02.26-19.49.01:014][  0]LogInit: Applying CVar settings loaded from the selected device profile: [Windows]
[2018.02.26-19.49.01:038][  0]LogInit: Computer: BRAR
[2018.02.26-19.49.01:038][  0]LogInit: User: HarkaranBrar
[2018.02.26-19.49.01:038][  0]LogInit: CPU Page size=4096, Cores=4
[2018.02.26-19.49.01:038][  0]LogInit: High frequency timer resolution =2.742183 MHz
[2018.02.26-19.49.01:039][  0]LogMemory: Memory total: Physical=15.9GB (16GB approx)
[2018.02.26-19.49.01:039][  0]LogMemory: Platform Memory Stats for Windows
[2018.02.26-19.49.01:039][  0]LogMemory: Process Physical Memory: 277.76 MB used, 277.76 MB peak
[2018.02.26-19.49.01:039][  0]LogMemory: Process Virtual Memory: 274.60 MB used, 274.60 MB peak
[2018.02.26-19.49.01:039][  0]LogMemory: Physical Memory: 7286.89 MB used,  8972.27 MB free, 16259.16 MB total
[2018.02.26-19.49.01:039][  0]LogMemory: Virtual Memory: 707.22 MB used,  8972.27 MB free, 134217728.00 MB total
[2018.02.26-19.49.01:617][  0]LogInit: Using OS detected language (en-US).
[2018.02.26-19.49.01:617][  0]LogInit: Using OS detected locale (en-US).
[2018.02.26-19.49.01:620][  0]LogTextLocalizationManager: No specific localization for 'en-US' exists, so the 'en' localization will be used.
[2018.02.26-19.49.02:347][  0]LogD3D11RHI: D3D11 adapters:
[2018.02.26-19.49.02:397][  0]LogD3D11RHI:    0. 'NVIDIA GeForce GTX 1050 Ti' (Feature Level 11_0)
[2018.02.26-19.49.02:397][  0]LogD3D11RHI:       4021/0/8129 MB DedicatedVideo/DedicatedSystem/SharedSystem, Outputs:1, VendorId:0x10de
[2018.02.26-19.49.02:409][  0]LogD3D11RHI:    1. 'Intel(R) HD Graphics 630' (Feature Level 11_0)
[2018.02.26-19.49.02:409][  0]LogD3D11RHI:       128/0/8129 MB DedicatedVideo/DedicatedSystem/SharedSystem, Outputs:0, VendorId:0x8086
[2018.02.26-19.49.02:411][  0]LogD3D11RHI:    2. 'Microsoft Basic Render Driver' (Feature Level 11_0)
[2018.02.26-19.49.02:411][  0]LogD3D11RHI:       0/0/8129 MB DedicatedVideo/DedicatedSystem/SharedSystem, Outputs:0, VendorId:0x1414
[2018.02.26-19.49.02:411][  0]LogD3D11RHI: Chosen D3D11 Adapter: 0
[2018.02.26-19.49.02:421][  0]LogD3D11RHI: Creating new Direct3DDevice
[2018.02.26-19.49.02:421][  0]LogD3D11RHI:     GPU DeviceId: 0x1c8c (for the marketing name, search the web for "GPU Device Id")
[2018.02.26-19.49.02:421][  0]LogWindows: EnumDisplayDevices:
[2018.02.26-19.49.02:421][  0]LogWindows:    0. 'Intel(R) HD Graphics 630' (P:1 D:1)
[2018.02.26-19.49.02:421][  0]LogWindows:    1. 'Intel(R) HD Graphics 630' (P:0 D:0)
[2018.02.26-19.49.02:422][  0]LogWindows:    2. 'Intel(R) HD Graphics 630' (P:0 D:0)
[2018.02.26-19.49.02:422][  0]LogWindows: DebugString: GetVideoDriverDetailsInvalid PrimaryIsNotTheChoosenAdapter GetVideoDriverDetailsInvalid PrimaryIsNotTheChoosenAdapter GetVideoDriverDetailsInvalid PrimaryIsNotTheChoosenAdapter FoundDriverCount:0 
[2018.02.26-19.49.02:422][  0]LogD3D11RHI:     Adapter Name: NVIDIA GeForce GTX 1050 Ti
[2018.02.26-19.49.02:422][  0]LogD3D11RHI:   Driver Version: Unknown (internal:Unknown, unified:Unknown)
[2018.02.26-19.49.02:422][  0]LogD3D11RHI:      Driver Date: Unknown
[2018.02.26-19.49.02:422][  0]LogRHI: Texture pool is 1361 MB (70% of 1945 MB)
[2018.02.26-19.49.02:447][  0]LogD3D11RHI: Async texture creation enabled
[2018.02.26-19.49.02:463][  0]LogD3D11RHI: GPU Timing Frequency: 1000.000000 (Debug: 2 2)
[2018.02.26-19.49.02:463][  0]LogShaderCompilers: Guid format shader working directory is 26 characters bigger than the processId version (E:/CSCI 152/Project/Intermediate/Shaders/WorkingDirectory/42032/).
[2018.02.26-19.49.02:463][  0]LogShaderCompilers: Cleaned the shader compiler working directory 'C:/Users/harka/AppData/Local/Temp/UnrealShaderWorkingDir/3845ED6A4E073EC3549550BFB8E28FB2/'.
[2018.02.26-19.49.02:463][  0]LogShaderCompilers: Display: Using Local Shader Compiler.
[2018.02.26-19.49.03:379][  0]LogTemp: Display: Loaded TP AllDesktopTargetPlatform
[2018.02.26-19.49.03:443][  0]LogTemp: Display: Loaded TP MacClientTargetPlatform
[2018.02.26-19.49.03:509][  0]LogTemp: Display: Loaded TP MacNoEditorTargetPlatform
[2018.02.26-19.49.03:595][  0]LogTemp: Display: Loaded TP MacServerTargetPlatform
[2018.02.26-19.49.03:661][  0]LogTemp: Display: Loaded TP MacTargetPlatform
[2018.02.26-19.49.03:725][  0]LogTemp: Display: Loaded TP WindowsClientTargetPlatform
[2018.02.26-19.49.03:788][  0]LogTemp: Display: Loaded TP WindowsNoEditorTargetPlatform
[2018.02.26-19.49.03:851][  0]LogTemp: Display: Loaded TP WindowsServerTargetPlatform
[2018.02.26-19.49.03:909][  0]LogTemp: Display: Loaded TP WindowsTargetPlatform
[2018.02.26-19.49.03:971][  0]LogTemp: Display: Loaded TP AndroidTargetPlatform
[2018.02.26-19.49.04:034][  0]LogTemp: Display: Loaded TP Android_ASTCTargetPlatform
[2018.02.26-19.49.04:097][  0]LogTemp: Display: Loaded TP Android_ATCTargetPlatform
[2018.02.26-19.49.04:161][  0]LogTemp: Display: Loaded TP Android_DXTTargetPlatform
[2018.02.26-19.49.04:227][  0]LogTemp: Display: Loaded TP Android_ETC1TargetPlatform
[2018.02.26-19.49.04:289][  0]LogTemp: Display: Loaded TP Android_ETC2TargetPlatform
[2018.02.26-19.49.04:418][  0]LogTemp: Display: Loaded TP Android_MultiTargetPlatform
[2018.02.26-19.49.04:418][  0]LogTemp: Display: Loaded TP Android_PVRTCTargetPlatform
[2018.02.26-19.49.04:474][  0]LogTemp: Display: Loaded TP HTML5TargetPlatform
[2018.02.26-19.49.04:588][  0]LogTemp: Display: Loaded TP IOSTargetPlatform
[2018.02.26-19.49.04:647][  0]LogTemp: Display: Loaded TP TVOSTargetPlatform
[2018.02.26-19.49.04:710][  0]LogTemp: Display: Loaded TP LinuxClientTargetPlatform
[2018.02.26-19.49.04:774][  0]LogTemp: Display: Loaded TP LinuxNoEditorTargetPlatform
[2018.02.26-19.49.04:836][  0]LogTemp: Display: Loaded TP LinuxServerTargetPlatform
[2018.02.26-19.49.04:903][  0]LogTemp: Display: Loaded TP LinuxTargetPlatform
[2018.02.26-19.49.04:903][  0]LogTargetPlatformManager: Display: Building Assets For Windows
[2018.02.26-19.49.05:649][  0]LogDerivedDataCache: Display: Max Cache Size: 512 MB
[2018.02.26-19.49.05:721][  0]LogDerivedDataCache: Loaded boot cache 0.07s 95MB C:/Users/harka/AppData/Local/UnrealEngine/4.17/DerivedDataCache/Boot.ddc.
[2018.02.26-19.49.05:721][  0]LogDerivedDataCache: Display: Loaded Boot cache: C:/Users/harka/AppData/Local/UnrealEngine/4.17/DerivedDataCache/Boot.ddc
[2018.02.26-19.49.05:721][  0]LogDerivedDataCache: FDerivedDataBackendGraph:  Pak pak cache file E:/CSCI 152/Project/DerivedDataCache/DDC.ddp not found, will not use a pak cache.
[2018.02.26-19.49.05:721][  0]LogDerivedDataCache: Unable to find inner node Pak for hierarchical cache Hierarchy.
[2018.02.26-19.49.05:721][  0]LogDerivedDataCache: FDerivedDataBackendGraph:  CompressedPak pak cache file E:/CSCI 152/Project/DerivedDataCache/Compressed.ddp not found, will not use a pak cache.
[2018.02.26-19.49.05:721][  0]LogDerivedDataCache: Unable to find inner node CompressedPak for hierarchical cache Hierarchy.
[2018.02.26-19.49.05:738][  0]LogDerivedDataCache: Display: Pak cache opened for reading ../../../Engine/DerivedDataCache/Compressed.ddp.
[2018.02.26-19.49.05:750][  0]LogDerivedDataCache: Using Local data cache path C:/Users/harka/AppData/Local/UnrealEngine/Common/DerivedDataCache: Writable
[2018.02.26-19.49.05:765][  0]LogMaterial: Verifying Global Shaders for PCD3D_SM5
[2018.02.26-19.49.05:765][  0]LogSlate: Using Freetype 2.6.0
[2018.02.26-19.49.05:767][  0]LogSlate: SlateFontCache - WITH_FREETYPE: 1, WITH_HARFBUZZ: 1
[2018.02.26-19.49.05:767][  0]LogSlate: SlateFontCache - WITH_FREETYPE: 1, WITH_HARFBUZZ: 1
[2018.02.26-19.49.06:037][  0]LogAssetRegistry: FAssetRegistry took 0.0265 seconds to start up
[2018.02.26-19.49.06:156][  0]LogInit: Selected Device Profile: [Windows]
[2018.02.26-19.49.06:321][  0]LogContentStreaming: Texture pool size is 0.00 MB
[2018.02.26-19.49.06:723][  0]LogSimplygon: Simplygon DLL not present - disabling.
[2018.02.26-19.49.06:776][  0]LogMeshReduction: Using SimplygonSwarm for distributed automatic mesh merging
[2018.02.26-19.49.06:776][  0]LogMeshReduction: Using QuadricMeshReduction for automatic static mesh reduction
[2018.02.26-19.49.06:776][  0]LogMeshReduction: No automatic skeletal mesh reduction module available
[2018.02.26-19.49.06:776][  0]LogMeshReduction: No automatic mesh merging module available
[2018.02.26-19.49.06:776][  0]LogMeshMerging: No automatic mesh merging module available
[2018.02.26-19.49.07:226][  0]LogNetVersion: InstructorOfTheDead2 , NetCL: 3573198, EngineNetVer: 2, GameNetVer: 0 (Checksum: 3960460402)
[2018.02.26-19.49.07:456][  0]LogPackageLocalizationCache: Processed 5 localized package path(s) for 2 prioritized culture(s) in 0.029603 seconds
[2018.02.26-19.49.07:461][  0]LogUObjectArray: 35825 objects as part of root set at end of initial load.
[2018.02.26-19.49.07:461][  0]LogUObjectAllocator: 7529112 out of 0 bytes used by permanent object pool.
[2018.02.26-19.49.07:461][  0]LogUObjectArray: CloseDisregardForGC: 0/0 objects in disregard for GC pool
[2018.02.26-19.49.07:546][  0]LogInit: WinSock: version 1.1 (2.2), MaxSocks=32767, MaxUdp=65467
[2018.02.26-19.49.10:827][  0]LogTcpMessaging: Initializing TcpMessaging bridge
[2018.02.26-19.49.10:894][  0]LogUdpMessaging: Initializing bridge on interface 0.0.0.0:0 to multicast group 230.0.0.1:6666.
[2018.02.26-19.49.12:181][  0]LogMaterial: Uniform references updated for custom material expression Custom.
[2018.02.26-19.49.12:690][  0]SourceControl: Source control is disabled
[2018.02.26-19.49.14:298][  0]LogAndroidPermission: UAndroidPermissionCallbackProxy::GetInstance
[2018.02.26-19.49.14:612][  0]LogOcInput: OculusInput pre-init called
[2018.02.26-19.49.14:991][  0]LogEngine: Initializing Engine...
[2018.02.26-19.49.14:993][  0]LogHMD: Failed to initialize OpenVR with code 110
[2018.02.26-19.49.15:192][  0]LogStats: UGameplayTagsManager::ConstructGameplayTagTree: Construct from data asset -  0.000 s
[2018.02.26-19.49.15:192][  0]LogStats: UGameplayTagsManager::ConstructGameplayTagTree: GameplayTagTreeChangedEvent.Broadcast -  0.000 s
[2018.02.26-19.49.15:367][  0]LogAIModule: Creating AISystem for world Untitled
[2018.02.26-19.49.15:378][  0]LogInit: XAudio2 using 'Speakers (Realtek High Definition Audio)' : 2 channels at 48 kHz using 32 bits per sample (channel mask 0x3)
[2018.02.26-19.49.15:444][  0]LogInit: FAudioDevice initialized.
[2018.02.26-19.49.15:505][  0]LogDerivedDataCache: Saved boot cache 0.06s 95MB C:/Users/harka/AppData/Local/UnrealEngine/4.17/DerivedDataCache/Boot.ddc.
[2018.02.26-19.49.15:520][  0]LogInit: Texture streaming: Enabled
[2018.02.26-19.49.15:681][  0]LogEngineSessionManager: EngineSessionManager initialized
[2018.02.26-19.49.16:010][  0]LogWindowsTextInputMethodSystem: Display: IME system now deactivated.
[2018.02.26-19.49.16:035][  0]LogInit: Transaction tracking system initialized
[2018.02.26-19.49.16:516][  0]BlueprintLog: New page: Editor Load
[2018.02.26-19.49.17:975][  0]LocalizationService: Localization service is disabled
[2018.02.26-19.49.19:334][  0]LogConsoleResponse: Display: 
[2018.02.26-19.49.19:538][  0]LogCook: Display: Max memory allowance for cook 16384mb min free memory 0mb
[2018.02.26-19.49.19:538][  0]LogCook: Display: Mobile HDR setting 1
[2018.02.26-19.49.19:538][  0]LogGameplayTags: Display: UGameplayTagsManager::DoneAddingNativeTags. DelegateIsBound: 0
[2018.02.26-19.49.20:506][  0]LogFileCache: Scanning file cache for directory 'E:/CSCI 152/Project/Content/' took 0.01s
[2018.02.26-19.49.20:999][  0]Cmd: MAP LOAD FILE="E:/CSCI 152/Project/Content/ThirdPersonCPP/Maps/ThirdPersonExampleMap.umap" TEMPLATE=0 SHOWPROGRESS=1 FEATURELEVEL=3
[2018.02.26-19.49.21:000][  0]LightingResults: New page: Lighting Build
[2018.02.26-19.49.21:056][  0]MapCheck: New page: Map Check
[2018.02.26-19.49.21:056][  0]LightingResults: New page: Lighting Build
[2018.02.26-19.49.21:272][  0]LogAIModule: Creating AISystem for world ThirdPersonExampleMap
[2018.02.26-19.49.21:280][  0]LogEditorServer: Finished looking for orphan Actors (0.000 secs)
[2018.02.26-19.49.21:298][  0]Cmd: MAP CHECKDEP NOCLEARLOG
[2018.02.26-19.49.21:365][  0]MapCheck: Map check complete: 0 Error(s), 0 Warning(s), took 67.114ms to complete.
[2018.02.26-19.49.21:365][  0]LogFileHelpers: Loading map 'ThirdPersonExampleMap' took 0.366
[2018.02.26-19.49.21:584][  0]LogCollectionManager: Loaded 0 collections in 0.001544 seconds
[2018.02.26-19.49.21:683][  0]LogFileCache: Scanning file cache for directory 'E:/CSCI 152/Project/Saved/Collections/' took 0.01s
[2018.02.26-19.49.21:683][  0]LogFileCache: Scanning file cache for directory 'E:/CSCI 152/Project/Content/Developers/HarkaranBrar/Collections/' took 0.01s
[2018.02.26-19.49.21:683][  0]LogFileCache: Scanning file cache for directory 'E:/CSCI 152/Project/Content/Collections/' took 0.01s
[2018.02.26-19.49.21:683][  0]LogCollectionManager: Rebuilt the GUID cache for 0 collections in 0.000000 seconds
[2018.02.26-19.49.21:695][  0]LogContentBrowser: Native class hierarchy populated in 0.0125 seconds. Added 2390 classes and 503 folders.
[2018.02.26-19.49.21:791][  0]LogContentBrowser: Native class hierarchy updated for 'WidgetCarousel' in 0.0022 seconds. Added 0 classes and 0 folders.
[2018.02.26-19.49.21:837][  0]LogContentBrowser: Native class hierarchy updated for 'AddContentDialog' in 0.0021 seconds. Added 0 classes and 0 folders.
[2018.02.26-19.49.21:898][  0]LogContentBrowser: Native class hierarchy updated for 'SceneOutliner' in 0.0023 seconds. Added 1 classes and 2 folders.
[2018.02.26-19.49.22:055][  0]LogContentBrowser: Native class hierarchy updated for 'HierarchicalLODOutliner' in 0.0022 seconds. Added 1 classes and 2 folders.
[2018.02.26-19.49.22:055][  0]LogLoad: (Engine Initialization) Total time: 23.14 seconds
[2018.02.26-19.49.22:055][  0]LogLoad: (Engine Initialization) Total Blueprint compile time: 0.00 seconds
[2018.02.26-19.49.22:056][  0]LogExternalProfiler: No external profilers were discovered.  External profiling features will not be available.
[2018.02.26-19.49.22:083][  0]SourceControl: On branch Character-set
[2018.02.26-19.49.22:083][  0]SourceControl: Your branch is up to date with 'origin/Character-set'.
[2018.02.26-19.49.22:083][  0]SourceControl: Changes not staged for commit:
[2018.02.26-19.49.22:083][  0]SourceControl:   (use "git add <file>..." to update what will be committed)
[2018.02.26-19.49.22:083][  0]SourceControl:   (use "git checkout -- <file>..." to discard changes in working directory)
[2018.02.26-19.49.22:083][  0]SourceControl: 	modified:   Saved/Config/Windows/Engine.ini
[2018.02.26-19.49.22:083][  0]SourceControl: 	modified:   Saved/Logs/InstructorOfTheDead2.log
[2018.02.26-19.49.22:083][  0]SourceControl: Untracked files:
[2018.02.26-19.49.22:083][  0]SourceControl:   (use "git add <file>..." to include in what will be committed)
[2018.02.26-19.49.22:083][  0]SourceControl: 	Saved/Config/CrashReportClient/UE4CC-Windows-2A39C44E4C7D67B2CE4BF2834A4FC8E8/
[2018.02.26-19.49.22:084][  0]SourceControl: 	Saved/Logs/InstructorOfTheDead2-backup-2018.02.26-11.48.59.log
[2018.02.26-19.49.22:084][  0]SourceControl: no changes added to commit (use "git add" and/or "git commit -a")
[2018.02.26-19.49.22:084][  0]LogContentStreaming: Texture pool size now 600 MB
[2018.02.26-19.49.22:085][  0]LogSlate: Took 0.000182 seconds to synchronously load lazily loaded font '../../../Engine/Content/Slate/Fonts/Roboto-Regular.ttf' (155K)
[2018.02.26-19.49.22:087][  0]LogSlate: Took 0.000129 seconds to synchronously load lazily loaded font '../../../Engine/Content/Slate/Fonts/Roboto-Bold.ttf' (160K)
[2018.02.26-19.49.22:090][  0]LogSlate: Took 0.000133 seconds to synchronously load lazily loaded font '../../../Engine/Content/Editor/Slate/Fonts/FontAwesome.ttf' (139K)
[2018.02.26-19.49.22:204][  0]LogSlate: Took 0.000189 seconds to synchronously load lazily loaded font '../../../Engine/Content/Slate/Fonts/Roboto-Light.ttf' (159K)
[2018.02.26-19.49.22:237][  1]LogRenderer: Reallocating scene render targets to support 824x396 Format 9 NumSamples 1 (Frame:1).
[2018.02.26-19.49.22:238][  1]LogAssetRegistry: Asset discovery search completed in 16.2229 seconds
[2018.02.26-19.49.22:240][  1]LogCollectionManager: Rebuilt the object cache for 0 collections in 0.000000 seconds (found 0 objects)
[2018.02.26-19.49.22:240][  1]LogCollectionManager: Fixed up redirectors for 0 collections in 0.000043 seconds (updated 0 objects)
[2018.02.26-19.49.27:206][574]LogBlueprintUserMessages: Early PlayInEditor Detection: Level '/Game/ThirdPersonCPP/Maps/ThirdPersonExampleMap.ThirdPersonExampleMap:PersistentLevel' has LevelScriptBlueprint '/Game/ThirdPersonCPP/Maps/ThirdPersonExampleMap.ThirdPersonExampleMap:PersistentLevel.ThirdPersonExampleMap' with GeneratedClass '/Game/ThirdPersonCPP/Maps/ThirdPersonExampleMap.ThirdPersonExampleMap_C' with ClassGeneratedBy '/Game/ThirdPersonCPP/Maps/ThirdPersonExampleMap.ThirdPersonExampleMap:PersistentLevel.ThirdPersonExampleMap'
[2018.02.26-19.49.27:206][574]LogPlayLevel: PlayLevel: No blueprints needed recompiling
[2018.02.26-19.49.27:207][574]PIE: New page: PIE session: ThirdPersonExampleMap (Feb 26, 2018, 3:49:27 AM)
[2018.02.26-19.49.27:207][574]LogPlayLevel: Creating play world package: /Game/ThirdPersonCPP/Maps/UEDPIE_0_ThirdPersonExampleMap
[2018.02.26-19.49.27:221][574]LogPlayLevel: PIE: StaticDuplicateObject took: (0.014407s)
[2018.02.26-19.49.27:222][574]LogAIModule: Creating AISystem for world ThirdPersonExampleMap
[2018.02.26-19.49.27:222][574]LogPlayLevel: PIE: World Init took: (0.000806s)
[2018.02.26-19.49.27:222][574]LogPlayLevel: PIE: Created PIE world by copying editor world from /Game/ThirdPersonCPP/Maps/ThirdPersonExampleMap.ThirdPersonExampleMap to /Game/ThirdPersonCPP/Maps/UEDPIE_0_ThirdPersonExampleMap.ThirdPersonExampleMap (0.015467s)
[2018.02.26-19.49.27:232][574]LogInit: XAudio2 using 'Speakers (Realtek High Definition Audio)' : 2 channels at 48 kHz using 32 bits per sample (channel mask 0x3)
[2018.02.26-19.49.27:242][574]LogInit: FAudioDevice initialized.
[2018.02.26-19.49.27:287][574]LogLoad: Game class is 'InstructorOfTheDead2GameMode'
[2018.02.26-19.49.27:291][574]LogWorld: Bringing World /Game/ThirdPersonCPP/Maps/UEDPIE_0_ThirdPersonExampleMap.ThirdPersonExampleMap up for play (max tick rate 0) at 2018.02.26-11.49.27
[2018.02.26-19.49.27:291][574]LogWorld: Bringing up level for play took: 0.002052
[2018.02.26-19.49.27:371][574]LogContentBrowser: Native class hierarchy updated for 'MovieSceneCapture' in 0.0024 seconds. Added 11 classes and 0 folders.
[2018.02.26-19.49.27:372][574]PIE: Play in editor start time for /Game/ThirdPersonCPP/Maps/UEDPIE_0_ThirdPersonExampleMap 1.16
[2018.02.26-19.49.27:372][574]LogBlueprintUserMessages: Late PlayInEditor Detection: Level '/Game/ThirdPersonCPP/Maps/ThirdPersonExampleMap.ThirdPersonExampleMap:PersistentLevel' has LevelScriptBlueprint '/Game/ThirdPersonCPP/Maps/ThirdPersonExampleMap.ThirdPersonExampleMap:PersistentLevel.ThirdPersonExampleMap' with GeneratedClass '/Game/ThirdPersonCPP/Maps/ThirdPersonExampleMap.ThirdPersonExampleMap_C' with ClassGeneratedBy '/Game/ThirdPersonCPP/Maps/ThirdPersonExampleMap.ThirdPersonExampleMap:PersistentLevel.ThirdPersonExampleMap'
[2018.02.26-19.49.46:361][843]LogBlueprintUserMessages: Early EndPlayMap Detection: Level '/Game/ThirdPersonCPP/Maps/ThirdPersonExampleMap.ThirdPersonExampleMap:PersistentLevel' has LevelScriptBlueprint '/Game/ThirdPersonCPP/Maps/ThirdPersonExampleMap.ThirdPersonExampleMap:PersistentLevel.ThirdPersonExampleMap' with GeneratedClass '/Game/ThirdPersonCPP/Maps/ThirdPersonExampleMap.ThirdPersonExampleMap_C' with ClassGeneratedBy '/Game/ThirdPersonCPP/Maps/ThirdPersonExampleMap.ThirdPersonExampleMap:PersistentLevel.ThirdPersonExampleMap'
[2018.02.26-19.49.46:394][843]LogBlueprintUserMessages: Late EndPlayMap Detection: Level '/Game/ThirdPersonCPP/Maps/ThirdPersonExampleMap.ThirdPersonExampleMap:PersistentLevel' has LevelScriptBlueprint '/Game/ThirdPersonCPP/Maps/ThirdPersonExampleMap.ThirdPersonExampleMap:PersistentLevel.ThirdPersonExampleMap' with GeneratedClass '/Game/ThirdPersonCPP/Maps/ThirdPersonExampleMap.ThirdPersonExampleMap_C' with ClassGeneratedBy '/Game/ThirdPersonCPP/Maps/ThirdPersonExampleMap.ThirdPersonExampleMap:PersistentLevel.ThirdPersonExampleMap'
[2018.02.26-19.50.38:052][936]LogVSAccessor: Warning: Couldn't access Visual Studio
[2018.02.26-19.50.38:058][936]Candidate modules for hot reload:
[2018.02.26-19.50.38:058][936]  InstructorOfTheDead2
[2018.02.26-19.50.38:058][936]Launching UnrealBuildTool... [C:/Program Files/Epic Games/UE_4.17/Engine/Binaries/DotNET/UnrealBuildTool.exe InstructorOfTheDead2 -ModuleWithSuffix InstructorOfTheDead2 982 Win64 Development -editorrecompile -canskiplink "E:/CSCI 152/Project/InstructorOfTheDead2.uproject" ]
[2018.02.26-19.50.38:059][936]Warning: Starting HotReload took  0.0s.
[2018.02.26-19.51.01:282][707]CompilerResultsLog: New page: Compilation - Feb 26, 2018, 3:51:01 AM
[2018.02.26-19.51.01:282][707]CompilerResultsLog: Performing full C++ include scan (hot reloading a new target)
[2018.02.26-19.51.01:282][707]CompilerResultsLog: Compiling game modules for hot reload
[2018.02.26-19.51.01:282][707]CompilerResultsLog: Parsing headers for InstructorOfTheDead2Editor
[2018.02.26-19.51.01:282][707]CompilerResultsLog:   Running UnrealHeaderTool "E:\CSCI 152\Project\InstructorOfTheDead2.uproject" "E:\CSCI 152\Project\Intermediate\Build\Win64\InstructorOfTheDead2Editor\Development\InstructorOfTheDead2Editor.uhtmanifest" -LogCmds="loginit warning, logexit warning, logdatabase error" -Unattended -WarningsAsErrors -installed
[2018.02.26-19.51.01:282][707]CompilerResultsLog: Reflection code generated for InstructorOfTheDead2Editor in 12.0424034 seconds
[2018.02.26-19.51.01:282][707]CompilerResultsLog: Target is up to date
[2018.02.26-19.51.01:282][707]CompilerResultsLog: Total build time: 22.97 seconds (NoActionsToExecute executor: 0.00 seconds)
[2018.02.26-19.51.01:282][707]LogMainFrame: MainFrame: Module compiling took 23.231 seconds
[2018.02.26-19.51.01:304][707]LogContentBrowser: Native class hierarchy populated in 0.0110 seconds. Added 2392 classes and 507 folders.
[2018.02.26-19.51.01:305][707]Display: HotReload took 23.3s.
[2018.02.26-19.51.06:568][335]LogTemp: Repeating last play command: Selected Viewport
[2018.02.26-19.51.06:579][335]LogBlueprintUserMessages: Early PlayInEditor Detection: Level '/Game/ThirdPersonCPP/Maps/ThirdPersonExampleMap.ThirdPersonExampleMap:PersistentLevel' has LevelScriptBlueprint '/Game/ThirdPersonCPP/Maps/ThirdPersonExampleMap.ThirdPersonExampleMap:PersistentLevel.ThirdPersonExampleMap' with GeneratedClass '/Game/ThirdPersonCPP/Maps/ThirdPersonExampleMap.ThirdPersonExampleMap_C' with ClassGeneratedBy '/Game/ThirdPersonCPP/Maps/ThirdPersonExampleMap.ThirdPersonExampleMap:PersistentLevel.ThirdPersonExampleMap'
[2018.02.26-19.51.06:579][335]LogPlayLevel: PlayLevel: No blueprints needed recompiling
[2018.02.26-19.51.06:579][335]PIE: New page: PIE session: ThirdPersonExampleMap (Feb 26, 2018, 3:51:06 AM)
[2018.02.26-19.51.06:579][335]LogPlayLevel: Creating play world package: /Game/ThirdPersonCPP/Maps/UEDPIE_0_ThirdPersonExampleMap
[2018.02.26-19.51.06:592][335]LogPlayLevel: PIE: StaticDuplicateObject took: (0.012874s)
[2018.02.26-19.51.06:593][335]LogAIModule: Creating AISystem for world ThirdPersonExampleMap
[2018.02.26-19.51.06:593][335]LogPlayLevel: PIE: World Init took: (0.000955s)
[2018.02.26-19.51.06:593][335]LogPlayLevel: PIE: Created PIE world by copying editor world from /Game/ThirdPersonCPP/Maps/ThirdPersonExampleMap.ThirdPersonExampleMap to /Game/ThirdPersonCPP/Maps/UEDPIE_0_ThirdPersonExampleMap.ThirdPersonExampleMap (0.014083s)
[2018.02.26-19.51.06:604][335]LogInit: XAudio2 using 'Speakers (Realtek High Definition Audio)' : 2 channels at 48 kHz using 32 bits per sample (channel mask 0x3)
[2018.02.26-19.51.06:613][335]LogInit: FAudioDevice initialized.
[2018.02.26-19.51.06:645][335]LogLoad: Game class is 'InstructorOfTheDead2GameMode'
[2018.02.26-19.51.06:647][335]LogWorld: Bringing World /Game/ThirdPersonCPP/Maps/UEDPIE_0_ThirdPersonExampleMap.ThirdPersonExampleMap up for play (max tick rate 0) at 2018.02.26-11.51.06
[2018.02.26-19.51.06:648][335]LogWorld: Bringing up level for play took: 0.001976
[2018.02.26-19.51.06:649][335]PIE: Play in editor start time for /Game/ThirdPersonCPP/Maps/UEDPIE_0_ThirdPersonExampleMap 0.438
[2018.02.26-19.51.06:649][335]LogBlueprintUserMessages: Late PlayInEditor Detection: Level '/Game/ThirdPersonCPP/Maps/ThirdPersonExampleMap.ThirdPersonExampleMap:PersistentLevel' has LevelScriptBlueprint '/Game/ThirdPersonCPP/Maps/ThirdPersonExampleMap.ThirdPersonExampleMap:PersistentLevel.ThirdPersonExampleMap' with GeneratedClass '/Game/ThirdPersonCPP/Maps/ThirdPersonExampleMap.ThirdPersonExampleMap_C' with ClassGeneratedBy '/Game/ThirdPersonCPP/Maps/ThirdPersonExampleMap.ThirdPersonExampleMap:PersistentLevel.ThirdPersonExampleMap'
[2018.02.26-19.53.46:836][525]LogBlueprintUserMessages: Early EndPlayMap Detection: Level '/Game/ThirdPersonCPP/Maps/ThirdPersonExampleMap.ThirdPersonExampleMap:PersistentLevel' has LevelScriptBlueprint '/Game/ThirdPersonCPP/Maps/ThirdPersonExampleMap.ThirdPersonExampleMap:PersistentLevel.ThirdPersonExampleMap' with GeneratedClass '/Game/ThirdPersonCPP/Maps/ThirdPersonExampleMap.ThirdPersonExampleMap_C' with ClassGeneratedBy '/Game/ThirdPersonCPP/Maps/ThirdPersonExampleMap.ThirdPersonExampleMap:PersistentLevel.ThirdPersonExampleMap'
[2018.02.26-19.53.46:868][525]LogBlueprintUserMessages: Late EndPlayMap Detection: Level '/Game/ThirdPersonCPP/Maps/ThirdPersonExampleMap.ThirdPersonExampleMap:PersistentLevel' has LevelScriptBlueprint '/Game/ThirdPersonCPP/Maps/ThirdPersonExampleMap.ThirdPersonExampleMap:PersistentLevel.ThirdPersonExampleMap' with GeneratedClass '/Game/ThirdPersonCPP/Maps/ThirdPersonExampleMap.ThirdPersonExampleMap_C' with ClassGeneratedBy '/Game/ThirdPersonCPP/Maps/ThirdPersonExampleMap.ThirdPersonExampleMap:PersistentLevel.ThirdPersonExampleMap'
[2018.02.26-19.54.03:345][482]LogSlate: Took 0.000177 seconds to synchronously load lazily loaded font '../../../Engine/Content/Slate/Fonts/Roboto-Light.ttf' (159K)
[2018.02.26-19.54.19:040][825]LogVSAccessor: Warning: Couldn't goto line number '0' in 'E:/CSCI 152/Project/Source/InstructorOfTheDead2/MyWeapon_Gun.h'
[2018.02.26-19.54.19:095][825]LogVSAccessor: Warning: Couldn't goto line number '0' in 'E:/CSCI 152/Project/Source/InstructorOfTheDead2/MyWeapon_Gun.cpp'
[2018.02.26-19.56.21:847][899]LogContentBrowser: Native class hierarchy updated for 'BlueprintGraph' in 0.0025 seconds. Added 113 classes and 0 folders.
[2018.02.26-19.56.22:544][899]LogSlate: Took 0.000158 seconds to synchronously load lazily loaded font '../../../Engine/Content/Slate/Fonts/Roboto-Regular.ttf' (155K)
[2018.02.26-19.56.22:623][899]LogSlate: Took 0.001071 seconds to synchronously load lazily loaded font '../../../Engine/Content/Editor/Slate/Fonts/Roboto-BoldCondensed.ttf' (158K)
[2018.02.26-19.56.25:745][ 76]LogSlate: Took 0.001221 seconds to synchronously load lazily loaded font '../../../Engine/Content/Editor/Slate/Fonts/Roboto-Italic.ttf' (157K)
[2018.02.26-20.00.00:056][942]SourceControl: On branch Character-set
[2018.02.26-20.00.00:056][942]SourceControl: Your branch is up to date with 'origin/Character-set'.
[2018.02.26-20.00.00:056][942]SourceControl: Changes not staged for commit:
[2018.02.26-20.00.00:056][942]SourceControl:   (use "git add <file>..." to update what will be committed)
[2018.02.26-20.00.00:056][942]SourceControl:   (use "git checkout -- <file>..." to discard changes in working directory)
[2018.02.26-20.00.00:056][942]SourceControl: 	modified:   Binaries/Win64/UE4Editor.modules
[2018.02.26-20.00.00:056][942]SourceControl: 	modified:   Intermediate/Build/ActionHistory.bin
[2018.02.26-20.00.00:056][942]SourceControl: 	modified:   Intermediate/Build/Win64/InstructorOfTheDead2Editor/DependencyCache.bin
[2018.02.26-20.00.00:056][942]SourceControl: 	modified:   Intermediate/Build/Win64/InstructorOfTheDead2Editor/Development/HotReloadMakefile.ubt
[2018.02.26-20.00.00:056][942]SourceControl: 	modified:   Intermediate/Build/Win64/InstructorOfTheDead2Editor/FlatCPPIncludes.bin
[2018.02.26-20.00.00:056][942]SourceControl: 	modified:   Saved/Config/Windows/EditorPerProjectUserSettings.ini
[2018.02.26-20.00.00:056][942]SourceControl: 	modified:   Saved/Config/Windows/Engine.ini
[2018.02.26-20.00.00:056][942]SourceControl: 	modified:   Saved/Logs/InstructorOfTheDead2.log
[2018.02.26-20.00.00:056][942]SourceControl: Untracked files:
[2018.02.26-20.00.00:056][942]SourceControl:   (use "git add <file>..." to include in what will be committed)
[2018.02.26-20.00.00:056][942]SourceControl: 	.vs/
[2018.02.26-20.00.00:056][942]SourceControl: 	Saved/Config/CrashReportClient/UE4CC-Windows-2A39C44E4C7D67B2CE4BF2834A4FC8E8/
[2018.02.26-20.00.00:056][942]SourceControl: 	Saved/Logs/InstructorOfTheDead2-backup-2018.02.26-11.48.59.log
[2018.02.26-20.00.00:056][942]SourceControl: no changes added to commit (use "git add" and/or "git commit -a")
[2018.02.26-20.35.50:425][236]Cmd: QUIT_EDITOR
[2018.02.26-20.35.51:234][236]LogWindowsTextInputMethodSystem: Display: IME system now deactivated.
[2018.02.26-20.35.51:262][236]LogExit: Preparing to exit.
[2018.02.26-20.35.52:309][236]LogExit: Editor shut down
[2018.02.26-20.35.52:335][236]LogExit: Transaction tracking system shut down
[2018.02.26-20.35.52:462][236]LogDirectoryWatcher: A directory notification for '../../../Engine/Content/' was aborted.
[2018.02.26-20.35.52:462][236]LogDirectoryWatcher: A directory notification for 'E:/CSCI 152/Project/Content/' was aborted.
[2018.02.26-20.35.52:463][236]LogDirectoryWatcher: A directory notification for '../../../Engine/Plugins/2D/Paper2D/Content/' was aborted.
[2018.02.26-20.35.52:463][236]LogDirectoryWatcher: A directory notification for '../../../Engine/Plugins/Runtime/Oculus/OculusVR/Content/' was aborted.
[2018.02.26-20.35.52:463][236]LogDirectoryWatcher: A directory notification for '../../../Engine/Plugins/Runtime/Steam/SteamVR/Content/' was aborted.
[2018.02.26-20.35.52:604][236]LogExit: Object subsystem successfully closed.
[2018.02.26-20.35.52:630][236]LogD3D11RHI: Shutdown
[2018.02.26-20.35.52:630][236]LogD3D11RHI: CleanupD3DDevice
[2018.02.26-20.35.52:703][236]LogD3D11RHI: ~FD3D11DynamicRHI
[2018.02.26-20.35.52:726][236]LogModuleManager: Shutting down and abandoning module BlueprintGraph (538)
[2018.02.26-20.35.52:726][236]LogModuleManager: Shutting down and abandoning module BlueprintProfiler (536)
[2018.02.26-20.35.52:726][236]LogModuleManager: Shutting down and abandoning module MovieSceneCapture (534)
[2018.02.26-20.35.52:726][236]LogModuleManager: Shutting down and abandoning module HierarchicalLODOutliner (532)
[2018.02.26-20.35.52:726][236]LogModuleManager: Shutting down and abandoning module SceneOutliner (530)
[2018.02.26-20.35.52:726][236]LogModuleManager: Shutting down and abandoning module AddContentDialog (528)
[2018.02.26-20.35.52:726][236]LogDirectoryWatcher: A directory notification for 'C:/Program Files/Epic Games/UE_4.17/FeaturePacks/' was aborted.
[2018.02.26-20.35.52:732][236]LogModuleManager: Shutting down and abandoning module WidgetCarousel (527)
[2018.02.26-20.35.52:732][236]LogModuleManager: Shutting down and abandoning module EditorWidgets (524)
[2018.02.26-20.35.52:732][236]LogModuleManager: Shutting down and abandoning module CollectionManager (522)
[2018.02.26-20.35.52:732][236]LogDirectoryWatcher: A directory notification for 'E:/CSCI 152/Project/Content/Collections/' was aborted.
[2018.02.26-20.35.52:733][236]LogDirectoryWatcher: A directory notification for 'E:/CSCI 152/Project/Content/Developers/HarkaranBrar/Collections/' was aborted.
[2018.02.26-20.35.52:733][236]LogDirectoryWatcher: A directory notification for 'E:/CSCI 152/Project/Saved/Collections/' was aborted.
[2018.02.26-20.35.52:733][236]LogModuleManager: Shutting down and abandoning module StatsViewer (520)
[2018.02.26-20.35.52:733][236]LogModuleManager: Shutting down and abandoning module FoliageEdit (518)
[2018.02.26-20.35.52:733][236]LogModuleManager: Shutting down and abandoning module LandscapeEditor (516)
[2018.02.26-20.35.52:733][236]LogModuleManager: Shutting down and abandoning module MeshPaintMode (514)
[2018.02.26-20.35.52:733][236]LogModuleManager: Shutting down and abandoning module SceneDepthPickerMode (512)
[2018.02.26-20.35.52:733][236]LogModuleManager: Shutting down and abandoning module ActorPickerMode (510)
[2018.02.26-20.35.52:733][236]LogModuleManager: Shutting down and abandoning module GeometryMode (508)
[2018.02.26-20.35.52:733][236]LogModuleManager: Shutting down and abandoning module TextureAlignMode (506)
[2018.02.26-20.35.52:733][236]LogModuleManager: Shutting down and abandoning module BspMode (504)
[2018.02.26-20.35.52:733][236]LogModuleManager: Shutting down and abandoning module PIEPreviewDeviceProfileSelector (502)
[2018.02.26-20.35.52:733][236]LogModuleManager: Shutting down and abandoning module HardwareSurvey (500)
[2018.02.26-20.35.52:733][236]LogModuleManager: Shutting down and abandoning module SequenceRecorderSections (498)
[2018.02.26-20.35.52:733][236]LogModuleManager: Shutting down and abandoning module AutomationWorker (496)
[2018.02.26-20.35.52:733][236]LogModuleManager: Shutting down and abandoning module MatineeToLevelSequence (494)
[2018.02.26-20.35.52:733][236]LogModuleManager: Shutting down and abandoning module LevelSequenceEditor (492)
[2018.02.26-20.35.52:733][236]LogModuleManager: Shutting down and abandoning module PlacementMode (491)
[2018.02.26-20.35.52:733][236]LogModuleManager: Shutting down and abandoning module WmfMediaFactory (488)
[2018.02.26-20.35.52:733][236]LogModuleManager: Shutting down and abandoning module WmfMediaEditor (486)
[2018.02.26-20.35.52:733][236]LogModuleManager: Shutting down and abandoning module AvfMediaFactory (484)
[2018.02.26-20.35.52:733][236]LogModuleManager: Shutting down and abandoning module AvfMediaEditor (482)
[2018.02.26-20.35.52:733][236]LogModuleManager: Shutting down and abandoning module AndroidMediaFactory (480)
[2018.02.26-20.35.52:733][236]LogModuleManager: Shutting down and abandoning module Media (479)
[2018.02.26-20.35.52:733][236]LogModuleManager: Shutting down and abandoning module AndroidMediaEditor (476)
[2018.02.26-20.35.52:733][236]LogModuleManager: Shutting down and abandoning module CharacterAI (474)
[2018.02.26-20.35.52:733][236]LogModuleManager: Shutting down and abandoning module AudioCapture (472)
[2018.02.26-20.35.52:733][236]LogModuleManager: Shutting down and abandoning module SequenceRecorder (471)
[2018.02.26-20.35.52:734][236]LogModuleManager: Shutting down and abandoning module SmartSnapping (468)
[2018.02.26-20.35.52:734][236]LogModuleManager: Shutting down and abandoning module SessionServices (466)
[2018.02.26-20.35.52:734][236]LogModuleManager: Shutting down and abandoning module ViewportSnapping (464)
[2018.02.26-20.35.52:734][236]LogModuleManager: Shutting down and abandoning module ViewportInteraction (462)
[2018.02.26-20.35.52:734][236]LogModuleManager: Shutting down and abandoning module ClothPainter (460)
[2018.02.26-20.35.52:734][236]LogModuleManager: Shutting down and abandoning module LogVisualizer (458)
[2018.02.26-20.35.52:734][236]LogModuleManager: Shutting down and abandoning module IntroTutorials (456)
[2018.02.26-20.35.52:734][236]LogModuleManager: Shutting down and abandoning module GameProjectGeneration (455)
[2018.02.26-20.35.52:734][236]LogModuleManager: Shutting down and abandoning module IOSPlatformEditor (452)
[2018.02.26-20.35.52:734][236]LogModuleManager: Shutting down and abandoning module HTML5PlatformEditor (450)
[2018.02.26-20.35.52:734][236]LogModuleManager: Shutting down and abandoning module AndroidPlatformEditor (448)
[2018.02.26-20.35.52:734][236]LogModuleManager: Shutting down and abandoning module AndroidDeviceDetection (447)
[2018.02.26-20.35.53:685][236]LogModuleManager: Shutting down and abandoning module WindowsPlatformEditor (444)
[2018.02.26-20.35.53:685][236]LogModuleManager: Shutting down and abandoning module IOSRuntimeSettings (442)
[2018.02.26-20.35.53:685][236]LogModuleManager: Shutting down and abandoning module AndroidRuntimeSettings (440)
[2018.02.26-20.35.53:685][236]LogModuleManager: Shutting down and abandoning module InputBindingEditor (438)
[2018.02.26-20.35.53:685][236]LogModuleManager: Shutting down and abandoning module MergeActors (436)
[2018.02.26-20.35.53:685][236]LogModuleManager: Shutting down and abandoning module SizeMap (434)
[2018.02.26-20.35.53:685][236]LogModuleManager: Shutting down and abandoning module TreeMap (432)
[2018.02.26-20.35.53:685][236]LogModuleManager: Shutting down and abandoning module ReferenceViewer (430)
[2018.02.26-20.35.53:685][236]LogModuleManager: Shutting down and abandoning module LocalizationDashboard (428)
[2018.02.26-20.35.53:685][236]LogModuleManager: Shutting down and abandoning module LocalizationService (427)
[2018.02.26-20.35.53:685][236]LogModuleManager: Shutting down and abandoning module HardwareTargeting (424)
[2018.02.26-20.35.53:685][236]LogModuleManager: Shutting down and abandoning module DeviceProfileEditor (422)
[2018.02.26-20.35.53:685][236]LogModuleManager: Shutting down and abandoning module UndoHistory (420)
[2018.02.26-20.35.53:685][236]LogModuleManager: Shutting down and abandoning module XmlParser (418)
[2018.02.26-20.35.53:685][236]LogModuleManager: Shutting down and abandoning module Blutility (416)
[2018.02.26-20.35.53:685][236]LogModuleManager: Shutting down and abandoning module ProjectSettingsViewer (414)
[2018.02.26-20.35.53:686][236]LogModuleManager: Shutting down and abandoning module ProjectTargetPlatformEditor (413)
[2018.02.26-20.35.53:686][236]LogModuleManager: Shutting down and abandoning module EditorSettingsViewer (410)
[2018.02.26-20.35.53:686][236]LogModuleManager: Shutting down and abandoning module SettingsEditor (408)
[2018.02.26-20.35.53:686][236]LogModuleManager: Shutting down and abandoning module ProjectLauncher (406)
[2018.02.26-20.35.53:686][236]LogModuleManager: Shutting down and abandoning module SessionFrontend (404)
[2018.02.26-20.35.53:686][236]LogModuleManager: Shutting down and abandoning module ProfilerClient (402)
[2018.02.26-20.35.53:686][236]LogModuleManager: Shutting down and abandoning module DeviceManager (400)
[2018.02.26-20.35.53:687][236]LogModuleManager: Shutting down and abandoning module TargetDeviceServices (399)
[2018.02.26-20.35.53:754][236]LogModuleManager: Shutting down and abandoning module AutomationController (396)
[2018.02.26-20.35.53:754][236]LogModuleManager: Shutting down and abandoning module AutomationWindow (394)
[2018.02.26-20.35.53:754][236]LogModuleManager: Shutting down and abandoning module Layers (392)
[2018.02.26-20.35.53:754][236]LogModuleManager: Shutting down and abandoning module ComponentVisualizers (390)
[2018.02.26-20.35.53:754][236]LogModuleManager: Shutting down and abandoning module DetailCustomizations (388)
[2018.02.26-20.35.53:754][236]LogModuleManager: Shutting down and abandoning module PackagesDialog (386)
[2018.02.26-20.35.53:755][236]LogModuleManager: Shutting down and abandoning module Persona (384)
[2018.02.26-20.35.53:755][236]LogModuleManager: Shutting down and abandoning module AdvancedPreviewScene (383)
[2018.02.26-20.35.53:755][236]LogModuleManager: Shutting down and abandoning module AnimGraph (381)
[2018.02.26-20.35.53:755][236]LogModuleManager: Shutting down and abandoning module Kismet (378)
[2018.02.26-20.35.53:775][236]LogModuleManager: Shutting down and abandoning module ClassViewer (376)
[2018.02.26-20.35.53:775][236]LogModuleManager: Shutting down and abandoning module Toolbox (374)
[2018.02.26-20.35.53:775][236]LogModuleManager: Shutting down and abandoning module ModuleUI (372)
[2018.02.26-20.35.53:775][236]LogModuleManager: Shutting down and abandoning module MovieSceneTools (370)
[2018.02.26-20.35.53:776][236]LogModuleManager: Shutting down and abandoning module OutputLog (368)
[2018.02.26-20.35.53:776][236]LogModuleManager: Shutting down and abandoning module GammaUI (366)
[2018.02.26-20.35.53:776][236]LogModuleManager: Shutting down and abandoning module Documentation (364)
[2018.02.26-20.35.53:776][236]LogModuleManager: Shutting down and abandoning module MovieSceneTracks (362)
[2018.02.26-20.35.53:776][236]LogModuleManager: Shutting down and abandoning module MovieScene (360)
[2018.02.26-20.35.53:776][236]LogModuleManager: Shutting down and abandoning module Niagara (358)
[2018.02.26-20.35.53:776][236]LogModuleManager: Shutting down and abandoning module NiagaraEditor (357)
[2018.02.26-20.35.53:776][236]LogModuleManager: Shutting down and abandoning module StreamingPauseRendering (354)
[2018.02.26-20.35.53:777][236]LogModuleManager: Shutting down and abandoning module LauncherPlatform (352)
[2018.02.26-20.35.53:777][236]LogModuleManager: Shutting down and abandoning module AnalyticsET (350)
[2018.02.26-20.35.53:777][236]LogModuleManager: Shutting down and abandoning module PortalServices (348)
[2018.02.26-20.35.53:777][236]LogModuleManager: Shutting down and abandoning module PortalRpc (346)
[2018.02.26-20.35.53:777][236]LogModuleManager: Shutting down and abandoning module MessagingRpc (344)
[2018.02.26-20.35.53:777][236]LogModuleManager: Shutting down and abandoning module AIModule (342)
[2018.02.26-20.35.53:777][236]LogModuleManager: Shutting down and abandoning module GameplayDebugger (341)
[2018.02.26-20.35.53:777][236]LogModuleManager: Shutting down and abandoning module AITestSuite (339)
[2018.02.26-20.35.53:777][236]LogModuleManager: Shutting down and abandoning module ProfilerService (336)
[2018.02.26-20.35.53:941][236]LogModuleManager: Shutting down and abandoning module TaskGraph (334)
[2018.02.26-20.35.53:941][236]LogModuleManager: Shutting down and abandoning module SteamVRController (332)
[2018.02.26-20.35.53:941][236]LogModuleManager: Shutting down and abandoning module ProceduralMeshComponentEditor (330)
[2018.02.26-20.35.53:941][236]LogModuleManager: Shutting down and abandoning module ProceduralMeshComponent (328)
[2018.02.26-20.35.53:942][236]LogModuleManager: Shutting down and abandoning module OculusInput (326)
[2018.02.26-20.35.53:942][236]LogModuleManager: Shutting down and abandoning module MobilePatchingUtils (324)
[2018.02.26-20.35.53:942][236]LogModuleManager: Shutting down and abandoning module CustomMeshComponent (322)
[2018.02.26-20.35.53:942][236]LogModuleManager: Shutting down and abandoning module CableComponent (320)
[2018.02.26-20.35.53:942][236]LogModuleManager: Shutting down and abandoning module ArchVisCharacter (318)
[2018.02.26-20.35.53:942][236]LogModuleManager: Shutting down and abandoning module AndroidPermission (316)
[2018.02.26-20.35.53:942][236]LogModuleManager: Shutting down and abandoning module MediaPlayerEditor (312)
[2018.02.26-20.35.53:942][236]LogModuleManager: Shutting down and abandoning module HTML5Networking (310)
[2018.02.26-20.35.53:942][236]LogModuleManager: Shutting down and abandoning module AlembicImporter (308)
[2018.02.26-20.35.53:942][236]LogModuleManager: Shutting down and abandoning module AlembicLibrary (307)
[2018.02.26-20.35.53:942][236]LogModuleManager: Shutting down and abandoning module GeometryCache (306)
[2018.02.26-20.35.53:942][236]LogModuleManager: Shutting down and abandoning module GeometryCacheEd (305)
[2018.02.26-20.35.53:942][236]LogModuleManager: Shutting down and abandoning module SpeedTreeImporter (300)
[2018.02.26-20.35.53:942][236]LogModuleManager: Shutting down and abandoning module PluginBrowser (298)
[2018.02.26-20.35.53:942][236]LogModuleManager: Shutting down and abandoning module MobileLauncherProfileWizard (296)
[2018.02.26-20.35.53:942][236]LogModuleManager: Shutting down and abandoning module VisualStudioSourceCodeAccess (294)
[2018.02.26-20.35.53:942][236]LogModuleManager: Shutting down and abandoning module DesktopPlatform (293)
[2018.02.26-20.35.53:942][236]LogModuleManager: Shutting down and abandoning module UObjectPlugin (290)
[2018.02.26-20.35.53:942][236]LogModuleManager: Shutting down and abandoning module SubversionSourceControl (288)
[2018.02.26-20.35.53:942][236]LogModuleManager: Shutting down and abandoning module PerforceSourceControl (286)
[2018.02.26-20.35.53:942][236]LogModuleManager: Shutting down and abandoning module GitSourceControl (284)
[2018.02.26-20.35.53:942][236]LogModuleManager: Shutting down and abandoning module SourceControl (283)
[2018.02.26-20.35.53:942][236]LogModuleManager: Shutting down and abandoning module LightPropagationVolumeEditor (280)
[2018.02.26-20.35.53:942][236]LogModuleManager: Shutting down and abandoning module PaperTiledImporter (278)
[2018.02.26-20.35.53:942][236]LogModuleManager: Shutting down and abandoning module PaperSpriteSheetImporter (276)
[2018.02.26-20.35.53:942][236]LogModuleManager: Shutting down and abandoning module Paper2DEditor (274)
[2018.02.26-20.35.53:942][236]LogModuleManager: Shutting down and abandoning module MeshPaint (273)
[2018.02.26-20.35.53:942][236]LogModuleManager: Shutting down and abandoning module LevelEditor (271)
[2018.02.26-20.35.53:943][236]LogModuleManager: Shutting down and abandoning module PixelInspectorModule (270)
[2018.02.26-20.35.53:944][236]LogModuleManager: Shutting down and abandoning module MainFrame (268)
[2018.02.26-20.35.53:944][236]LogModuleManager: Shutting down and abandoning module HotReload (267)
[2018.02.26-20.35.53:944][236]LogDirectoryWatcher: A directory notification for 'E:/CSCI 152/Project/Binaries/Win64' was aborted.
[2018.02.26-20.35.53:944][236]LogModuleManager: Shutting down and abandoning module InstructorOfTheDead2 (262)
[2018.02.26-20.35.53:944][236]LogModuleManager: Shutting down and abandoning module RuntimePhysXCooking (260)
[2018.02.26-20.35.53:944][236]LogModuleManager: Shutting down and abandoning module PhysXVehiclesEditor (258)
[2018.02.26-20.35.53:944][236]LogModuleManager: Shutting down and abandoning module PhysXVehicles (256)
[2018.02.26-20.35.53:944][236]LogModuleManager: Shutting down and abandoning module OculusEditor (254)
[2018.02.26-20.35.53:944][236]LogModuleManager: Shutting down and abandoning module LocationServicesBPLibrary (252)
[2018.02.26-20.35.53:945][236]LogModuleManager: Shutting down and abandoning module ImmediatePhysicsEditor (250)
[2018.02.26-20.35.53:945][236]LogModuleManager: Shutting down and abandoning module ImmediatePhysics (248)
[2018.02.26-20.35.53:945][236]LogModuleManager: Shutting down and abandoning module UdpMessaging (246)
[2018.02.26-20.35.54:046][236]LogModuleManager: Shutting down and abandoning module TcpMessaging (244)
[2018.02.26-20.35.54:146][236]LogModuleManager: Shutting down and abandoning module GameplayTagsEditor (242)
[2018.02.26-20.35.54:146][236]LogModuleManager: Shutting down and abandoning module FacialAnimationEditor (240)
[2018.02.26-20.35.54:146][236]LogModuleManager: Shutting down and abandoning module FacialAnimation (238)
[2018.02.26-20.35.54:146][236]LogModuleManager: Shutting down and abandoning module AssetManagerEditor (236)
[2018.02.26-20.35.54:146][236]LogModuleManager: Shutting down and abandoning module GraphEditor (235)
[2018.02.26-20.35.54:146][236]LogModuleManager: Shutting down and abandoning module ContentBrowser (233)
[2018.02.26-20.35.54:149][236]LogModuleManager: Shutting down and abandoning module LightPropagationVolumeRuntime (230)
[2018.02.26-20.35.54:149][236]LogModuleManager: Shutting down and abandoning module Paper2D (228)
[2018.02.26-20.35.54:150][236]LogModuleManager: Shutting down and abandoning module WindowsMoviePlayer (226)
[2018.02.26-20.35.54:150][236]LogModuleManager: Shutting down and abandoning module WmfMedia (224)
[2018.02.26-20.35.54:152][236]LogModuleManager: Shutting down and abandoning module PacketHandler (222)
[2018.02.26-20.35.54:152][236]LogModuleManager: Shutting down and abandoning module ClothingSystemEditor (220)
[2018.02.26-20.35.54:152][236]LogModuleManager: Shutting down and abandoning module ClothingSystemRuntime (218)
[2018.02.26-20.35.54:152][236]LogModuleManager: Shutting down and abandoning module Overlay (216)
[2018.02.26-20.35.54:152][236]LogModuleManager: Shutting down and abandoning module OverlayEditor (215)
[2018.02.26-20.35.54:152][236]LogModuleManager: Shutting down and abandoning module MediaAssets (212)
[2018.02.26-20.35.54:152][236]LogModuleManager: Shutting down and abandoning module VREditor (210)
[2018.02.26-20.35.54:152][236]LogModuleManager: Shutting down and abandoning module StringTableEditor (208)
[2018.02.26-20.35.54:152][236]LogModuleManager: Shutting down and abandoning module GameplayTasksEditor (206)
[2018.02.26-20.35.54:152][236]LogModuleManager: Shutting down and abandoning module BehaviorTreeEditor (204)
[2018.02.26-20.35.54:152][236]LogModuleManager: Shutting down and abandoning module FunctionalTesting (202)
[2018.02.26-20.35.54:152][236]LogModuleManager: Shutting down and abandoning module CollisionAnalyzer (200)
[2018.02.26-20.35.54:152][236]LogModuleManager: Shutting down and abandoning module WorkspaceMenuStructure (199)
[2018.02.26-20.35.54:152][236]LogModuleManager: Shutting down and abandoning module UMG (196)
[2018.02.26-20.35.54:152][236]LogModuleManager: Shutting down and abandoning module UMGEditor (195)
[2018.02.26-20.35.54:153][236]LogModuleManager: Shutting down and abandoning module Sequencer (194)
[2018.02.26-20.35.54:153][236]LogModuleManager: Shutting down and abandoning module MessageLog (191)
[2018.02.26-20.35.54:153][236]LogModuleManager: Shutting down and abandoning module SlateReflector (186)
[2018.02.26-20.35.54:153][236]LogModuleManager: Shutting down and abandoning module Slate (184)
[2018.02.26-20.35.54:153][236]LogModuleManager: Shutting down and abandoning module EditorStyle (182)
[2018.02.26-20.35.54:160][236]LogModuleManager: Shutting down and abandoning module MRMesh (180)
[2018.02.26-20.35.54:160][236]LogModuleManager: Shutting down and abandoning module SourceCodeAccess (178)
[2018.02.26-20.35.54:160][236]LogModuleManager: Shutting down and abandoning module HeadMountedDisplay (176)
[2018.02.26-20.35.54:160][236]LogModuleManager: Shutting down and abandoning module XAudio2 (174)
[2018.02.26-20.35.54:160][236]LogModuleManager: Shutting down and abandoning module Networking (172)
[2018.02.26-20.35.54:160][236]LogModuleManager: Shutting down and abandoning module Core (168)
[2018.02.26-20.35.54:161][236]LogModuleManager: Shutting down and abandoning module KismetCompiler (164)
[2018.02.26-20.35.54:161][236]LogModuleManager: Shutting down and abandoning module LevelSequence (162)
[2018.02.26-20.35.54:161][236]LogModuleManager: Shutting down and abandoning module MeshUtilities (160)
[2018.02.26-20.35.54:161][236]LogModuleManager: Shutting down and abandoning module MeshMergeUtilities (159)
[2018.02.26-20.35.54:161][236]LogModuleManager: Shutting down and abandoning module MeshReductionInterface (158)
[2018.02.26-20.35.54:161][236]LogModuleManager: Shutting down and abandoning module SimplygonSwarm (157)
[2018.02.26-20.35.54:161][236]LogModuleManager: Shutting down and abandoning module SimplygonMeshReduction (155)
[2018.02.26-20.35.54:161][236]LogModuleManager: Shutting down and abandoning module QuadricMeshReduction (153)
[2018.02.26-20.35.54:161][236]LogModuleManager: Shutting down and abandoning module MaterialBaking (149)
[2018.02.26-20.35.54:161][236]LogModuleManager: Shutting down and abandoning module DirectoryWatcher (146)
[2018.02.26-20.35.54:172][236]LogModuleManager: Shutting down and abandoning module DerivedDataCache (144)
[2018.02.26-20.35.54:221][236]LogDerivedDataCache: Shutdown
[2018.02.26-20.35.54:222][236]LogModuleManager: Shutting down and abandoning module TargetPlatform (142)
[2018.02.26-20.35.54:222][236]LogModuleManager: Shutting down and abandoning module VulkanShaderFormat (141)
[2018.02.26-20.35.54:222][236]LogModuleManager: Shutting down and abandoning module ShaderFormatVectorVM (139)
[2018.02.26-20.35.54:222][236]LogModuleManager: Shutting down and abandoning module ShaderFormatOpenGL (137)
[2018.02.26-20.35.54:222][236]LogModuleManager: Shutting down and abandoning module ShaderFormatD3D (135)
[2018.02.26-20.35.54:222][236]LogModuleManager: Shutting down and abandoning module MetalShaderFormat (133)
[2018.02.26-20.35.54:222][236]LogModuleManager: Shutting down and abandoning module TextureFormatUncompressed (131)
[2018.02.26-20.35.54:222][236]LogModuleManager: Shutting down and abandoning module TextureFormatPVR (129)
[2018.02.26-20.35.54:222][236]LogModuleManager: Shutting down and abandoning module TextureFormatDXT (127)
[2018.02.26-20.35.54:222][236]LogModuleManager: Shutting down and abandoning module TextureFormatIntelISPCTexComp (125)
[2018.02.26-20.35.54:222][236]LogModuleManager: Shutting down and abandoning module TextureFormatASTC (123)
[2018.02.26-20.35.54:222][236]LogModuleManager: Shutting down and abandoning module ImageWrapper (122)
[2018.02.26-20.35.54:222][236]LogModuleManager: Shutting down and abandoning module TextureFormatAndroid (119)
[2018.02.26-20.35.54:222][236]LogModuleManager: Shutting down and abandoning module AudioFormatOpus (117)
[2018.02.26-20.35.54:222][236]LogModuleManager: Shutting down and abandoning module AudioFormatOgg (115)
[2018.02.26-20.35.54:222][236]LogModuleManager: Shutting down and abandoning module AudioFormatADPCM (113)
[2018.02.26-20.35.54:222][236]LogModuleManager: Shutting down and abandoning module LinuxTargetPlatform (111)
[2018.02.26-20.35.54:223][236]LogModuleManager: Shutting down and abandoning module LinuxServerTargetPlatform (109)
[2018.02.26-20.35.54:223][236]LogModuleManager: Shutting down and abandoning module LinuxNoEditorTargetPlatform (107)
[2018.02.26-20.35.54:223][236]LogModuleManager: Shutting down and abandoning module LinuxClientTargetPlatform (105)
[2018.02.26-20.35.54:223][236]LogModuleManager: Shutting down and abandoning module TVOSTargetPlatform (103)
[2018.02.26-20.35.54:223][236]LogModuleManager: Shutting down and abandoning module Messaging (101)
[2018.02.26-20.35.54:223][236]LogModuleManager: Shutting down and abandoning module IOSTargetPlatform (99)
[2018.02.26-20.35.54:223][236]LogModuleManager: Shutting down and abandoning module HTML5TargetPlatform (97)
[2018.02.26-20.35.54:223][236]LogModuleManager: Shutting down and abandoning module Android_PVRTCTargetPlatform (95)
[2018.02.26-20.35.54:223][236]LogModuleManager: Shutting down and abandoning module Android_MultiTargetPlatform (93)
[2018.02.26-20.35.54:223][236]LogModuleManager: Shutting down and abandoning module Android_ETC2TargetPlatform (91)
[2018.02.26-20.35.54:223][236]LogModuleManager: Shutting down and abandoning module Android_ETC1TargetPlatform (89)
[2018.02.26-20.35.54:223][236]LogModuleManager: Shutting down and abandoning module Android_DXTTargetPlatform (87)
[2018.02.26-20.35.54:223][236]LogModuleManager: Shutting down and abandoning module Android_ATCTargetPlatform (85)
[2018.02.26-20.35.54:223][236]LogModuleManager: Shutting down and abandoning module Android_ASTCTargetPlatform (83)
[2018.02.26-20.35.54:223][236]LogModuleManager: Shutting down and abandoning module AndroidTargetPlatform (81)
[2018.02.26-20.35.54:223][236]LogModuleManager: Shutting down and abandoning module WindowsTargetPlatform (79)
[2018.02.26-20.35.54:223][236]LogModuleManager: Shutting down and abandoning module WindowsServerTargetPlatform (77)
[2018.02.26-20.35.54:223][236]LogModuleManager: Shutting down and abandoning module WindowsNoEditorTargetPlatform (75)
[2018.02.26-20.35.54:223][236]LogModuleManager: Shutting down and abandoning module WindowsClientTargetPlatform (73)
[2018.02.26-20.35.54:223][236]LogModuleManager: Shutting down and abandoning module MacTargetPlatform (71)
[2018.02.26-20.35.54:223][236]LogModuleManager: Shutting down and abandoning module MacServerTargetPlatform (69)
[2018.02.26-20.35.54:223][236]LogModuleManager: Shutting down and abandoning module MacNoEditorTargetPlatform (67)
[2018.02.26-20.35.54:223][236]LogModuleManager: Shutting down and abandoning module MacClientTargetPlatform (65)
[2018.02.26-20.35.54:223][236]LogModuleManager: Shutting down and abandoning module AllDesktopTargetPlatform (63)
[2018.02.26-20.35.54:223][236]LogModuleManager: Shutting down and abandoning module InputCore (60)
[2018.02.26-20.35.54:223][236]LogModuleManager: Shutting down and abandoning module Settings (58)
[2018.02.26-20.35.54:223][236]LogModuleManager: Shutting down and abandoning module PhysXCooking (56)
[2018.02.26-20.35.54:223][236]LogModuleManager: Shutting down and abandoning module SteamVR (54)
[2018.02.26-20.35.54:223][236]LogModuleManager: Shutting down and abandoning module OculusHMD (52)
[2018.02.26-20.35.54:223][236]LogModuleManager: Shutting down and abandoning module ExampleDeviceProfileSelector (50)
[2018.02.26-20.35.54:223][236]LogModuleManager: Shutting down and abandoning module OnlineBlueprintSupport (48)
[2018.02.26-20.35.54:223][236]LogModuleManager: Shutting down and abandoning module OnlineSubsystem (44)
[2018.02.26-20.35.54:223][236]LogOnline: Display: Unloading online subsystem: NULL
[2018.02.26-20.35.54:223][236]LogModuleManager: Shutting down and abandoning module XMPP (43)
[2018.02.26-20.35.54:223][236]LogModuleManager: Shutting down and abandoning module HTTP (41)
[2018.02.26-20.35.54:223][236]LogHttp: Display: Http module shutting down, but needs to wait on 1 outstanding Http requests:
[2018.02.26-20.35.54:223][236]LogHttp: Display: 	verb=[POST] url=[https://datarouter.ol.epicgames.com/datarouter/api/v1/public/data?SessionID=%7BDE0BF0F0-4DD5-71BF-6D50-85800F5387F0%7D&AppID=UEEditor.Rocket.Release&AppVersion=4.17.2-3658906%2B%2B%2BUE4%2BRelease-4.17&UserID=39bc70704174fcf411de489e97b49f7b%7C544e4ba24fac4cfca6fc1ce282b8ee61%7Cbfd5bba5-1b16-4bc7-9039-a2983ee6f39d&AppEnvironment=datacollector-binary&UploadType=eteventstream] status=Processing
[2018.02.26-20.35.54:243][236]LogModuleManager: Shutting down and abandoning module SSL (40)
[2018.02.26-20.35.54:245][236]LogModuleManager: Shutting down and abandoning module AnimationModifiers (36)
[2018.02.26-20.35.54:245][236]LogModuleManager: Shutting down and abandoning module PropertyEditor (35)
[2018.02.26-20.35.54:245][236]LogModuleManager: Shutting down and abandoning module AudioEditor (32)
[2018.02.26-20.35.54:246][236]LogModuleManager: Shutting down and abandoning module TextureCompressor (30)
[2018.02.26-20.35.54:246][236]LogModuleManager: Shutting down and abandoning module ShaderCore (28)
[2018.02.26-20.35.54:246][236]LogModuleManager: Shutting down and abandoning module Landscape (26)
[2018.02.26-20.35.54:246][236]LogModuleManager: Shutting down and abandoning module SlateRHIRenderer (24)
[2018.02.26-20.35.54:249][236]LogModuleManager: Shutting down and abandoning module OpenGLDrv (22)
[2018.02.26-20.35.54:249][236]LogModuleManager: Shutting down and abandoning module D3D11RHI (20)
[2018.02.26-20.35.54:249][236]LogModuleManager: Shutting down and abandoning module AnimGraphRuntime (18)
[2018.02.26-20.35.54:249][236]LogModuleManager: Shutting down and abandoning module Renderer (16)
[2018.02.26-20.35.54:249][236]LogModuleManager: Shutting down and abandoning module Engine (14)
[2018.02.26-20.35.54:249][236]LogModuleManager: Shutting down and abandoning module CoreUObject (12)
[2018.02.26-20.35.54:249][236]LogModuleManager: Shutting down and abandoning module NetworkFile (10)
[2018.02.26-20.35.54:249][236]LogModuleManager: Shutting down and abandoning module CookedIterativeFile (8)
[2018.02.26-20.35.54:249][236]LogModuleManager: Shutting down and abandoning module StreamingFile (6)
[2018.02.26-20.35.54:249][236]LogModuleManager: Shutting down and abandoning module SandboxFile (4)
[2018.02.26-20.35.54:249][236]LogModuleManager: Shutting down and abandoning module PakFile (2)
[2018.02.26-20.35.54:252][236]LogExit: Exiting.
[2018.02.26-20.35.54:264][236]Log file closed, 02/26/18 12:35:54
