Log file open, 02/15/18 20:55:39
LogWindows: Failed to load 'aqProf.dll' (GetLastError=126)
LogWindows: File 'aqProf.dll' does not exist
LogWindows: Failed to load 'VSPerf140.dll' (GetLastError=126)
LogWindows: File 'VSPerf140.dll' does not exist
LogWindows: Failed to load 'VtuneApi.dll' (GetLastError=126)
LogWindows: File 'VtuneApi.dll' does not exist
LogWindows: Failed to load 'VtuneApi32e.dll' (GetLastError=126)
LogWindows: File 'VtuneApi32e.dll' does not exist
LogInit: Display: Running engine for game: InstructorOfTheDead2
LogPlatformFile: Not using cached read wrapper
LogInit: Display: RandInit(-2128038988) SRandInit(-2128038988).
LogTaskGraph: Started task graph with 5 named threads and 14 total threads with 3 sets of task threads.
LogStats: Stats thread started at 0.152410
LogD3D11RHI: Aftermath initialized
LogPluginManager: Mounting plugin Paper2D
LogPluginManager: Mounting plugin LightPropagationVolume
LogPluginManager: Mounting plugin CodeLiteSourceCodeAccess
LogPluginManager: Mounting plugin GitSourceControl
LogPluginManager: Mounting plugin KDevelopSourceCodeAccess
LogPluginManager: Mounting plugin NullSourceCodeAccess
LogPluginManager: Mounting plugin PerforceSourceControl
LogPluginManager: Mounting plugin SubversionSourceControl
LogPluginManager: Mounting plugin UObjectPlugin
LogPluginManager: Mounting plugin VisualStudioSourceCodeAccess
LogPluginManager: Mounting plugin XCodeSourceCodeAccess
LogPluginManager: Mounting plugin AssetManagerEditor
LogPluginManager: Mounting plugin AudioCapture
LogPluginManager: Mounting plugin FacialAnimation
LogPluginManager: Mounting plugin GameplayTagsEditor
LogPluginManager: Mounting plugin MobileLauncherProfileWizard
LogPluginManager: Mounting plugin PluginBrowser
LogPluginManager: Mounting plugin SpeedTreeImporter
LogPluginManager: Mounting plugin AlembicImporter
LogPluginManager: Mounting plugin CharacterAI
LogPluginManager: Mounting plugin HTML5Networking
LogPluginManager: Mounting plugin AndroidMedia
LogPluginManager: Mounting plugin AvfMedia
LogPluginManager: Mounting plugin MediaPlayerEditor
LogPluginManager: Mounting plugin WmfMedia
LogPluginManager: Mounting plugin TcpMessaging
LogPluginManager: Mounting plugin UdpMessaging
LogPluginManager: Mounting plugin LevelSequenceEditor
LogPluginManager: Mounting plugin MatineeToLevelSequence
LogPluginManager: Mounting plugin OnlineSubsystemGooglePlay
LogPluginManager: Mounting plugin OnlineSubsystemIOS
LogPluginManager: Mounting plugin OnlineFramework
LogPluginManager: Mounting plugin OnlineSubsystem
LogPluginManager: Mounting plugin OnlineSubsystemNull
LogPluginManager: Mounting plugin OnlineSubsystemSteam
LogPluginManager: Mounting plugin OnlineSubsystemUtils
LogPluginManager: Mounting plugin AndroidDeviceProfileSelector
LogPluginManager: Mounting plugin AndroidMoviePlayer
LogPluginManager: Mounting plugin AndroidPermission
LogPluginManager: Mounting plugin AppleMoviePlayer
LogPluginManager: Mounting plugin ArchVisCharacter
LogPluginManager: Mounting plugin CableComponent
LogPluginManager: Mounting plugin CustomMeshComponent
LogPluginManager: Mounting plugin ExampleDeviceProfileSelector
LogPluginManager: Mounting plugin GoogleCloudMessaging
LogPluginManager: Mounting plugin ImmediatePhysics
LogPluginManager: Mounting plugin IOSDeviceProfileSelector
LogPluginManager: Mounting plugin LinuxDeviceProfileSelector
LogPluginManager: Mounting plugin LocationServicesBPLibrary
LogPluginManager: Mounting plugin MobilePatchingUtils
LogPluginManager: Mounting plugin OculusVR
LogPluginManager: Mounting plugin PhysXVehicles
LogPluginManager: Mounting plugin ProceduralMeshComponent
LogPluginManager: Mounting plugin RuntimePhysXCooking
LogPluginManager: Mounting plugin SteamVR
LogPluginManager: Mounting plugin WindowsMoviePlayer
LogInit: Using libcurl 7.47.1
LogInit:  - built for x86_64-pc-win32
LogInit:  - supports SSL with OpenSSL/1.0.2g
LogInit:  - supports HTTP deflate (compression) using libz 1.2.8
LogInit:  - other features:
LogInit:      CURL_VERSION_SSL
LogInit:      CURL_VERSION_LIBZ
LogInit:      CURL_VERSION_IPV6
LogInit:      CURL_VERSION_ASYNCHDNS
LogInit:      CURL_VERSION_LARGEFILE
LogInit:      CURL_VERSION_IDN
LogInit:  CurlRequestOptions (configurable via config and command line):
LogInit:  - bVerifyPeer = false  - Libcurl will NOT verify peer certificate
LogInit:  - bUseHttpProxy = false  - Libcurl will NOT use HTTP proxy
LogInit:  - bDontReuseConnections = false  - Libcurl will reuse connections
LogInit:  - CertBundlePath = nullptr  - Libcurl will use whatever was configured at build time.
LogInit: Build: ++UE4+Release-4.17-CL-3658906
LogInit: Engine Version: 4.17.2-3658906+++UE4+Release-4.17
LogInit: Compatible Engine Version: 4.17.0-3573198+++UE4+Release-4.17
LogInit: Net CL: 3573198
LogDevObjectVersion: Number of dev versions registered: 16
LogDevObjectVersion:   Dev-Blueprints (B0D832E4-1F89-4F0D-ACCF-7EB736FD4AA2): 10
LogDevObjectVersion:   Dev-Build (E1C64328-A22C-4D53-A36C-8E866417BD8C): 0
LogDevObjectVersion:   Dev-Core (375EC13C-06E4-48FB-B500-84F0262A717E): 2
LogDevObjectVersion:   Dev-Editor (E4B068ED-F494-42E9-A231-DA0B2E46BB41): 20
LogDevObjectVersion:   Dev-Framework (CFFC743F-43B0-4480-9391-14DF171D2073): 28
LogDevObjectVersion:   Dev-Mobile (B02B49B5-BB20-44E9-A304-32B752E40360): 0
LogDevObjectVersion:   Dev-Networking (A4E4105C-59A1-49B5-A7C5-40C4547EDFEE): 0
LogDevObjectVersion:   Dev-Online (39C831C9-5AE6-47DC-9A44-9C173E1C8E7C): 0
LogDevObjectVersion:   Dev-Physics (78F01B33-EBEA-4F98-B9B4-84EACCB95AA2): 0
LogDevObjectVersion:   Dev-Platform (6631380F-2D4D-43E0-8009-CF276956A95A): 0
LogDevObjectVersion:   Dev-Rendering (12F88B9F-8875-4AFC-A67C-D90C383ABD29): 19
LogDevObjectVersion:   Dev-Sequencer (7B5AE74C-D270-4C10-A958-57980B212A5A): 4
LogDevObjectVersion:   Dev-VR (D7296918-1DD6-4BDD-9DE2-64A83CC13884): 0
LogDevObjectVersion:   Dev-LoadTimes (C2A15278-BFE7-4AFE-6C17-90FF531DF755): 1
LogDevObjectVersion:   Private-Geometry (6EACA3D4-40EC-4CC1-B786-8BED09428FC5): 1
LogDevObjectVersion:   Dev-AnimPhys (29E575DD-E0A3-4627-9D10-D276232CDCEA): 7
LogInit: Compiled (64-bit): Sep 22 2017 13:47:16
LogInit: Compiled with Visual C++: 19.00.24215.01
LogInit: Build Configuration: Development
LogInit: Branch Name: ++UE4+Release-4.17
LogInit: Command line: -EpicPortal 
LogInit: Base directory: F:/Program Files/Epic Games/UE_4.17/Engine/Binaries/Win64/
LogInit: Installed Engine Build: 1
LogInit: Presizing for max 8388607 objects, including 0 objects not considered by GC, pre-allocating 0 bytes for permanent pool.
LogInit: Object subsystem initialized
[2018.02.16-04.55.40:196][  0]LogInit: Selected Device Profile: [Windows]
[2018.02.16-04.55.40:196][  0]LogInit: Applying CVar settings loaded from the selected device profile: [Windows]
[2018.02.16-04.55.40:205][  0]LogInit: Computer: DESKTOP-RU64EPL
[2018.02.16-04.55.40:205][  0]LogInit: User: hoimo
[2018.02.16-04.55.40:205][  0]LogInit: CPU Page size=4096, Cores=4
[2018.02.16-04.55.40:205][  0]LogInit: High frequency timer resolution =3.914061 MHz
[2018.02.16-04.55.40:205][  0]LogMemory: Memory total: Physical=15.9GB (16GB approx)
[2018.02.16-04.55.40:205][  0]LogMemory: Platform Memory Stats for Windows
[2018.02.16-04.55.40:205][  0]LogMemory: Process Physical Memory: 281.13 MB used, 281.13 MB peak
[2018.02.16-04.55.40:205][  0]LogMemory: Process Virtual Memory: 282.20 MB used, 282.20 MB peak
[2018.02.16-04.55.40:205][  0]LogMemory: Physical Memory: 9749.40 MB used,  6565.31 MB free, 16314.71 MB total
[2018.02.16-04.55.40:205][  0]LogMemory: Virtual Memory: 710.65 MB used,  6565.31 MB free, 134217728.00 MB total
[2018.02.16-04.55.40:309][  0]LogInit: Using OS detected language (en-US).
[2018.02.16-04.55.40:309][  0]LogInit: Using OS detected locale (en-US).
[2018.02.16-04.55.40:311][  0]LogTextLocalizationManager: No specific localization for 'en-US' exists, so the 'en' localization will be used.
[2018.02.16-04.55.40:942][  0]LogD3D11RHI: D3D11 adapters:
[2018.02.16-04.55.40:995][  0]LogD3D11RHI:    0. 'NVIDIA GeForce GTX 1070' (Feature Level 11_0)
[2018.02.16-04.55.40:995][  0]LogD3D11RHI:       8096/0/8157 MB DedicatedVideo/DedicatedSystem/SharedSystem, Outputs:2, VendorId:0x10de
[2018.02.16-04.55.40:997][  0]LogD3D11RHI:    1. 'Microsoft Basic Render Driver' (Feature Level 11_0)
[2018.02.16-04.55.40:997][  0]LogD3D11RHI:       0/0/8157 MB DedicatedVideo/DedicatedSystem/SharedSystem, Outputs:0, VendorId:0x1414
[2018.02.16-04.55.40:997][  0]LogD3D11RHI: Chosen D3D11 Adapter: 0
[2018.02.16-04.55.41:004][  0]LogD3D11RHI: Creating new Direct3DDevice
[2018.02.16-04.55.41:004][  0]LogD3D11RHI:     GPU DeviceId: 0x1b81 (for the marketing name, search the web for "GPU Device Id")
[2018.02.16-04.55.41:004][  0]LogWindows: EnumDisplayDevices:
[2018.02.16-04.55.41:005][  0]LogWindows:    0. 'NVIDIA GeForce GTX 1070' (P:1 D:1)
[2018.02.16-04.55.41:005][  0]LogWindows:    1. 'NVIDIA GeForce GTX 1070' (P:0 D:1)
[2018.02.16-04.55.41:005][  0]LogWindows:    2. 'NVIDIA GeForce GTX 1070' (P:0 D:0)
[2018.02.16-04.55.41:005][  0]LogWindows:    3. 'NVIDIA GeForce GTX 1070' (P:0 D:0)
[2018.02.16-04.55.41:005][  0]LogWindows: DebugString: GetVideoDriverDetailsInvalid PrimaryIsNotTheChoosenAdapter GetVideoDriverDetailsInvalid PrimaryIsNotTheChoosenAdapter GetVideoDriverDetailsInvalid PrimaryIsNotTheChoosenAdapter GetVideoDriverDetailsInvalid PrimaryIsNotTheChoosenAdapter FoundDriverCount:0 
[2018.02.16-04.55.41:005][  0]LogD3D11RHI:     Adapter Name: NVIDIA GeForce GTX 1070
[2018.02.16-04.55.41:005][  0]LogD3D11RHI:   Driver Version: Unknown (internal:Unknown, unified:Unknown)
[2018.02.16-04.55.41:005][  0]LogD3D11RHI:      Driver Date: Unknown
[2018.02.16-04.55.41:005][  0]LogRHI: Texture pool is 1361 MB (70% of 1945 MB)
[2018.02.16-04.55.41:030][  0]LogD3D11RHI: Async texture creation enabled
[2018.02.16-04.55.41:062][  0]LogD3D11RHI: GPU Timing Frequency: 1000.000000 (Debug: 2 2)
[2018.02.16-04.55.41:065][  0]LogShaderCompilers: Guid format shader working directory is -6 characters bigger than the processId version (C:/Users/hoimo/Documents/GitHub/InstructorOfTheDead2/Intermediate/Shaders/WorkingDirectory/1336/).
[2018.02.16-04.55.41:065][  0]LogShaderCompilers: Cleaned the shader compiler working directory 'C:/Users/hoimo/AppData/Local/Temp/UnrealShaderWorkingDir/00EFA6B841B62FB6638D73BCA82E9DC3/'.
[2018.02.16-04.55.41:065][  0]LogShaderCompilers: Display: Using Local Shader Compiler.
[2018.02.16-04.55.42:007][  0]LogTemp: Display: Loaded TP AllDesktopTargetPlatform
[2018.02.16-04.55.42:047][  0]LogTemp: Display: Loaded TP MacClientTargetPlatform
[2018.02.16-04.55.42:089][  0]LogTemp: Display: Loaded TP MacNoEditorTargetPlatform
[2018.02.16-04.55.42:130][  0]LogTemp: Display: Loaded TP MacServerTargetPlatform
[2018.02.16-04.55.42:179][  0]LogTemp: Display: Loaded TP MacTargetPlatform
[2018.02.16-04.55.42:223][  0]LogTemp: Display: Loaded TP WindowsClientTargetPlatform
[2018.02.16-04.55.42:269][  0]LogTemp: Display: Loaded TP WindowsNoEditorTargetPlatform
[2018.02.16-04.55.42:317][  0]LogTemp: Display: Loaded TP WindowsServerTargetPlatform
[2018.02.16-04.55.42:360][  0]LogTemp: Display: Loaded TP WindowsTargetPlatform
[2018.02.16-04.55.42:412][  0]LogTemp: Display: Loaded TP AndroidTargetPlatform
[2018.02.16-04.55.42:453][  0]LogTemp: Display: Loaded TP Android_ASTCTargetPlatform
[2018.02.16-04.55.42:489][  0]LogTemp: Display: Loaded TP Android_ATCTargetPlatform
[2018.02.16-04.55.42:529][  0]LogTemp: Display: Loaded TP Android_DXTTargetPlatform
[2018.02.16-04.55.42:569][  0]LogTemp: Display: Loaded TP Android_ETC1TargetPlatform
[2018.02.16-04.55.42:614][  0]LogTemp: Display: Loaded TP Android_ETC2TargetPlatform
[2018.02.16-04.55.42:694][  0]LogTemp: Display: Loaded TP Android_MultiTargetPlatform
[2018.02.16-04.55.42:694][  0]LogTemp: Display: Loaded TP Android_PVRTCTargetPlatform
[2018.02.16-04.55.42:726][  0]LogTemp: Display: Loaded TP HTML5TargetPlatform
[2018.02.16-04.55.42:801][  0]LogTemp: Display: Loaded TP IOSTargetPlatform
[2018.02.16-04.55.42:824][  0]LogTemp: Display: Loaded TP TVOSTargetPlatform
[2018.02.16-04.55.42:860][  0]LogTemp: Display: Loaded TP LinuxClientTargetPlatform
[2018.02.16-04.55.42:901][  0]LogTemp: Display: Loaded TP LinuxNoEditorTargetPlatform
[2018.02.16-04.55.42:946][  0]LogTemp: Display: Loaded TP LinuxServerTargetPlatform
[2018.02.16-04.55.42:991][  0]LogTemp: Display: Loaded TP LinuxTargetPlatform
[2018.02.16-04.55.42:991][  0]LogTargetPlatformManager: Display: Building Assets For Windows
[2018.02.16-04.55.43:329][  0]LogDerivedDataCache: Display: Max Cache Size: 512 MB
[2018.02.16-04.55.43:427][  0]LogDerivedDataCache: Loaded boot cache 0.10s 93MB C:/Users/hoimo/AppData/Local/UnrealEngine/4.17/DerivedDataCache/Boot.ddc.
[2018.02.16-04.55.43:428][  0]LogDerivedDataCache: Display: Loaded Boot cache: C:/Users/hoimo/AppData/Local/UnrealEngine/4.17/DerivedDataCache/Boot.ddc
[2018.02.16-04.55.43:428][  0]LogDerivedDataCache: FDerivedDataBackendGraph:  Pak pak cache file C:/Users/hoimo/Documents/GitHub/InstructorOfTheDead2/DerivedDataCache/DDC.ddp not found, will not use a pak cache.
[2018.02.16-04.55.43:428][  0]LogDerivedDataCache: Unable to find inner node Pak for hierarchical cache Hierarchy.
[2018.02.16-04.55.43:428][  0]LogDerivedDataCache: FDerivedDataBackendGraph:  CompressedPak pak cache file C:/Users/hoimo/Documents/GitHub/InstructorOfTheDead2/DerivedDataCache/Compressed.ddp not found, will not use a pak cache.
[2018.02.16-04.55.43:428][  0]LogDerivedDataCache: Unable to find inner node CompressedPak for hierarchical cache Hierarchy.
[2018.02.16-04.55.43:444][  0]LogDerivedDataCache: Display: Pak cache opened for reading ../../../Engine/DerivedDataCache/Compressed.ddp.
[2018.02.16-04.55.43:458][  0]LogDerivedDataCache: Using Local data cache path C:/Users/hoimo/AppData/Local/UnrealEngine/Common/DerivedDataCache: Writable
[2018.02.16-04.55.43:468][  0]LogMaterial: Verifying Global Shaders for PCD3D_SM5
[2018.02.16-04.55.43:468][  0]LogSlate: Using Freetype 2.6.0
[2018.02.16-04.55.43:468][  0]LogSlate: SlateFontCache - WITH_FREETYPE: 1, WITH_HARFBUZZ: 1
[2018.02.16-04.55.43:468][  0]LogSlate: SlateFontCache - WITH_FREETYPE: 1, WITH_HARFBUZZ: 1
[2018.02.16-04.55.43:716][  0]LogAssetRegistry: FAssetRegistry took 0.0246 seconds to start up
[2018.02.16-04.55.43:811][  0]LogInit: Selected Device Profile: [Windows]
[2018.02.16-04.55.44:055][  0]LogSimplygon: Simplygon DLL not present - disabling.
[2018.02.16-04.55.44:083][  0]LogMeshReduction: Using SimplygonSwarm for distributed automatic mesh merging
[2018.02.16-04.55.44:083][  0]LogMeshReduction: Using QuadricMeshReduction for automatic static mesh reduction
[2018.02.16-04.55.44:083][  0]LogMeshReduction: No automatic skeletal mesh reduction module available
[2018.02.16-04.55.44:083][  0]LogMeshReduction: No automatic mesh merging module available
[2018.02.16-04.55.44:083][  0]LogMeshMerging: No automatic mesh merging module available
[2018.02.16-04.55.44:084][  0]LogContentStreaming: Texture pool size is 0.00 MB
[2018.02.16-04.55.44:446][  0]LogNetVersion: InstructorOfTheDead2 , NetCL: 3573198, EngineNetVer: 2, GameNetVer: 0 (Checksum: 3960460402)
[2018.02.16-04.55.44:656][  0]LogPackageLocalizationCache: Processed 5 localized package path(s) for 2 prioritized culture(s) in 0.062196 seconds
[2018.02.16-04.55.44:663][  0]LogUObjectArray: 35825 objects as part of root set at end of initial load.
[2018.02.16-04.55.44:663][  0]LogUObjectAllocator: 7529104 out of 0 bytes used by permanent object pool.
[2018.02.16-04.55.44:663][  0]LogUObjectArray: CloseDisregardForGC: 0/0 objects in disregard for GC pool
[2018.02.16-04.55.44:702][  0]LogInit: WinSock: version 1.1 (2.2), MaxSocks=32767, MaxUdp=65467
[2018.02.16-04.55.46:525][  0]LogTcpMessaging: Initializing TcpMessaging bridge
[2018.02.16-04.55.46:555][  0]LogUdpMessaging: Initializing bridge on interface 0.0.0.0:0 to multicast group 230.0.0.1:6666.
[2018.02.16-04.55.47:140][  0]LogMaterial: Uniform references updated for custom material expression Custom.
[2018.02.16-04.55.47:406][  0]SourceControl: Source control is disabled
[2018.02.16-04.55.47:406][  0]SourceControl: Source control is disabled
[2018.02.16-04.55.47:439][  0]SourceControl: Source control is disabled
[2018.02.16-04.55.47:472][  0]SourceControl: Source control is disabled
[2018.02.16-04.55.48:004][  0]LogOnline: Display: STEAM: Loading Steam SDK 1.39
[2018.02.16-04.55.48:035][  0]LogAndroidPermission: UAndroidPermissionCallbackProxy::GetInstance
[2018.02.16-04.55.48:187][  0]LogOcInput: OculusInput pre-init called
[2018.02.16-04.55.48:362][  0]LogEngine: Initializing Engine...
[2018.02.16-04.55.48:369][  0]LogHMD: Failed to initialize OpenVR with code 108
[2018.02.16-04.55.48:549][  0]LogStats: UGameplayTagsManager::ConstructGameplayTagTree: Construct from data asset -  0.000 s
[2018.02.16-04.55.48:549][  0]LogStats: UGameplayTagsManager::ConstructGameplayTagTree: GameplayTagTreeChangedEvent.Broadcast -  0.000 s
[2018.02.16-04.55.48:638][  0]LogAIModule: Creating AISystem for world Untitled
[2018.02.16-04.55.48:649][  0]LogInit: XAudio2 using 'Speakers (Realtek High Definition Audio)' : 2 channels at 48 kHz using 32 bits per sample (channel mask 0x3)
[2018.02.16-04.55.48:670][  0]LogInit: FAudioDevice initialized.
[2018.02.16-04.55.48:727][  0]LogDerivedDataCache: Saved boot cache 0.06s 93MB C:/Users/hoimo/AppData/Local/UnrealEngine/4.17/DerivedDataCache/Boot.ddc.
[2018.02.16-04.55.48:743][  0]LogInit: Texture streaming: Enabled
[2018.02.16-04.55.48:811][  0]LogEngineSessionManager: EngineSessionManager initialized
[2018.02.16-04.55.48:951][  0]LogInit: Transaction tracking system initialized
[2018.02.16-04.55.49:150][  0]BlueprintLog: New page: Editor Load
[2018.02.16-04.55.49:768][  0]LocalizationService: Localization service is disabled
[2018.02.16-04.55.50:113][  0]LogLinker: Warning: Can't find file '/Game/2DSideScrollerBP/2DSideScrollerOverview'
[2018.02.16-04.55.50:113][  0]LogLinker: Warning: Can't find file '/Game/2DSideScrollerBP/2DSideScrollerOverview'
[2018.02.16-04.55.50:113][  0]LogUObjectGlobals: Warning: Failed to find object 'Class /Game/2DSideScrollerBP/2DSideScrollerOverview.2DSideScrollerOverview_C'
[2018.02.16-04.55.50:458][  0]LogConsoleResponse: Display: 
[2018.02.16-04.55.50:594][  0]LogCook: Display: Max memory allowance for cook 16384mb min free memory 0mb
[2018.02.16-04.55.50:594][  0]LogCook: Display: Mobile HDR setting 1
[2018.02.16-04.55.50:594][  0]LogGameplayTags: Display: UGameplayTagsManager::DoneAddingNativeTags. DelegateIsBound: 0
[2018.02.16-04.55.51:201][  0]LogFileCache: Scanning file cache for directory 'C:/Users/hoimo/Documents/GitHub/InstructorOfTheDead2/Content/' took 0.01s
[2018.02.16-04.55.51:229][  0]SourceControl: Source control is disabled
[2018.02.16-04.55.51:229][  0]Cmd: MAP LOAD FILE="C:/Users/hoimo/Documents/GitHub/InstructorOfTheDead2/Content/ThirdPersonCPP/Maps/ThirdPersonExampleMap.umap" TEMPLATE=0 SHOWPROGRESS=1 FEATURELEVEL=3
[2018.02.16-04.55.51:230][  0]LightingResults: New page: Lighting Build
[2018.02.16-04.55.51:257][  0]MapCheck: New page: Map Check
[2018.02.16-04.55.51:257][  0]LightingResults: New page: Lighting Build
[2018.02.16-04.55.51:409][  0]LogAIModule: Creating AISystem for world ThirdPersonExampleMap
[2018.02.16-04.55.51:417][  0]LogEditorServer: Finished looking for orphan Actors (0.000 secs)
[2018.02.16-04.55.51:436][  0]Cmd: MAP CHECKDEP NOCLEARLOG
[2018.02.16-04.55.51:473][  0]MapCheck: Map check complete: 0 Error(s), 0 Warning(s), took 36.94ms to complete.
[2018.02.16-04.55.51:473][  0]LogFileHelpers: Loading map 'ThirdPersonExampleMap' took 0.244
[2018.02.16-04.55.51:629][  0]LogCollectionManager: Loaded 0 collections in 0.001179 seconds
[2018.02.16-04.55.51:701][  0]LogFileCache: Scanning file cache for directory 'C:/Users/hoimo/Documents/GitHub/InstructorOfTheDead2/Saved/Collections/' took 0.01s
[2018.02.16-04.55.51:701][  0]LogFileCache: Scanning file cache for directory 'C:/Users/hoimo/Documents/GitHub/InstructorOfTheDead2/Content/Developers/hoimo/Collections/' took 0.01s
[2018.02.16-04.55.51:701][  0]LogFileCache: Scanning file cache for directory 'C:/Users/hoimo/Documents/GitHub/InstructorOfTheDead2/Content/Collections/' took 0.01s
[2018.02.16-04.55.51:701][  0]LogCollectionManager: Rebuilt the GUID cache for 0 collections in 0.000001 seconds
[2018.02.16-04.55.51:712][  0]LogContentBrowser: Native class hierarchy populated in 0.0106 seconds. Added 2405 classes and 517 folders.
[2018.02.16-04.55.51:756][  0]LogContentBrowser: Native class hierarchy updated for 'WidgetCarousel' in 0.0010 seconds. Added 0 classes and 0 folders.
[2018.02.16-04.55.51:787][  0]LogContentBrowser: Native class hierarchy updated for 'AddContentDialog' in 0.0016 seconds. Added 0 classes and 0 folders.
[2018.02.16-04.55.51:816][  0]LogContentBrowser: Native class hierarchy updated for 'SceneOutliner' in 0.0010 seconds. Added 1 classes and 2 folders.
[2018.02.16-04.55.51:896][  0]LogDirectoryWatcher: Warning: Failed to begin reading directory changes for C:/Users/hoimo/Documents/GitHub/InstructorOfTheDead2/Plugins/. Error: The system cannot find the file specified. (0x00000002)
[2018.02.16-04.55.51:902][  0]LogSlate: Took 0.000237 seconds to synchronously load lazily loaded font '../../../Engine/Content/Slate/Fonts/Roboto-Regular.ttf' (155K)
[2018.02.16-04.55.51:907][  0]LogSlate: Took 0.000174 seconds to synchronously load lazily loaded font '../../../Engine/Content/Slate/Fonts/Roboto-Bold.ttf' (160K)
[2018.02.16-04.55.51:909][  0]LogSlate: Took 0.000158 seconds to synchronously load lazily loaded font '../../../Engine/Content/Editor/Slate/Fonts/FontAwesome.ttf' (139K)
[2018.02.16-04.55.51:987][  0]LogRenderer: Reallocating scene render targets to support 1528x576 Format 9 NumSamples 1 (Frame:1).
[2018.02.16-04.55.52:161][  0]LogContentBrowser: Native class hierarchy updated for 'HierarchicalLODOutliner' in 0.0011 seconds. Added 1 classes and 2 folders.
[2018.02.16-04.55.52:161][  0]LogLoad: (Engine Initialization) Total time: 13.41 seconds
[2018.02.16-04.55.52:161][  0]LogLoad: (Engine Initialization) Total Blueprint compile time: 0.00 seconds
[2018.02.16-04.55.52:162][  0]LogExternalProfiler: No external profilers were discovered.  External profiling features will not be available.
[2018.02.16-04.55.52:519][  0]LogAssetRegistry: Asset discovery search completed in 8.8251 seconds
[2018.02.16-04.55.52:522][  0]LogCollectionManager: Rebuilt the object cache for 0 collections in 0.000001 seconds (found 0 objects)
[2018.02.16-04.55.52:522][  0]LogCollectionManager: Fixed up redirectors for 0 collections in 0.000058 seconds (updated 0 objects)
[2018.02.16-04.55.52:525][  0]LogContentStreaming: Texture pool size now 600 MB
[2018.02.16-04.55.52:567][  0]LogSlate: Took 0.000139 seconds to synchronously load lazily loaded font '../../../Engine/Content/Slate/Fonts/Roboto-Light.ttf' (159K)
[2018.02.16-04.55.54:173][  5]LogDirectoryWatcher: A directory notification for '../../../Engine/Plugins/' was aborted.
[2018.02.16-04.55.54:864][ 79]LogTemp: Repeating last play command: Standalone Game
[2018.02.16-04.55.54:933][ 79]LogSlate: Took 0.000115 seconds to synchronously load lazily loaded font '../../../Engine/Content/Slate/Fonts/Roboto-Light.ttf' (159K)
[2018.02.16-04.55.55:007][ 79]LogSavePackage: Save=58.22ms
[2018.02.16-04.55.55:007][ 79]LogSavePackage: Moving 'C:/Users/hoimo/Documents/GitHub/InstructorOfTheDead2/Saved/UEDPCThirdPersonExampleMapEBFA4B984F3152D363E4E9A30F767319.tmp' to 'C:/Users/hoimo/Documents/GitHub/InstructorOfTheDead2/Saved/Autosaves/Game/ThirdPersonCPP/Maps/UEDPCThirdPersonExampleMap.umap'
[2018.02.16-04.55.55:009][ 79]LogSavePackage: Display: Finished SavePackage C:/Users/hoimo/Documents/GitHub/InstructorOfTheDead2/Saved/Autosaves/Game/ThirdPersonCPP/Maps/UEDPCThirdPersonExampleMap.umap
[2018.02.16-04.55.55:020][ 79]LogEditorTransaction: Undo Spawn Play From Here Start
[2018.02.16-04.56.11:170][366]LogWindowsTextInputMethodSystem: Display: IME system now deactivated.
[2018.02.16-04.56.11:353][367]Cmd: QUIT_EDITOR
[2018.02.16-04.56.11:370][367]LogExit: Preparing to exit.
[2018.02.16-04.56.11:746][367]LogExit: Editor shut down
[2018.02.16-04.56.11:749][367]LogExit: Transaction tracking system shut down
[2018.02.16-04.56.11:863][367]LogDirectoryWatcher: A directory notification for '../../../Engine/Content/' was aborted.
[2018.02.16-04.56.11:863][367]LogDirectoryWatcher: A directory notification for 'C:/Users/hoimo/Documents/GitHub/InstructorOfTheDead2/Content/' was aborted.
[2018.02.16-04.56.11:863][367]LogDirectoryWatcher: A directory notification for '../../../Engine/Plugins/2D/Paper2D/Content/' was aborted.
[2018.02.16-04.56.11:863][367]LogDirectoryWatcher: A directory notification for '../../../Engine/Plugins/Runtime/Oculus/OculusVR/Content/' was aborted.
[2018.02.16-04.56.11:863][367]LogDirectoryWatcher: A directory notification for '../../../Engine/Plugins/Runtime/Steam/SteamVR/Content/' was aborted.
[2018.02.16-04.56.11:907][367]LogExit: Object subsystem successfully closed.
[2018.02.16-04.56.12:007][367]LogD3D11RHI: Shutdown
[2018.02.16-04.56.12:007][367]LogD3D11RHI: CleanupD3DDevice
[2018.02.16-04.56.12:433][367]LogD3D11RHI: ~FD3D11DynamicRHI
[2018.02.16-04.56.12:454][367]LogModuleManager: Shutting down and abandoning module HierarchicalLODOutliner (544)
[2018.02.16-04.56.12:454][367]LogModuleManager: Shutting down and abandoning module SceneOutliner (542)
[2018.02.16-04.56.12:454][367]LogModuleManager: Shutting down and abandoning module AddContentDialog (540)
[2018.02.16-04.56.12:454][367]LogDirectoryWatcher: A directory notification for 'F:/Program Files/Epic Games/UE_4.17/FeaturePacks/' was aborted.
[2018.02.16-04.56.12:455][367]LogModuleManager: Shutting down and abandoning module WidgetCarousel (539)
[2018.02.16-04.56.12:455][367]LogModuleManager: Shutting down and abandoning module EditorWidgets (536)
[2018.02.16-04.56.12:455][367]LogModuleManager: Shutting down and abandoning module CollectionManager (534)
[2018.02.16-04.56.12:455][367]LogDirectoryWatcher: A directory notification for 'C:/Users/hoimo/Documents/GitHub/InstructorOfTheDead2/Content/Collections/' was aborted.
[2018.02.16-04.56.12:455][367]LogDirectoryWatcher: A directory notification for 'C:/Users/hoimo/Documents/GitHub/InstructorOfTheDead2/Content/Developers/hoimo/Collections/' was aborted.
[2018.02.16-04.56.12:455][367]LogDirectoryWatcher: A directory notification for 'C:/Users/hoimo/Documents/GitHub/InstructorOfTheDead2/Saved/Collections/' was aborted.
[2018.02.16-04.56.12:455][367]LogModuleManager: Shutting down and abandoning module StatsViewer (532)
[2018.02.16-04.56.12:455][367]LogModuleManager: Shutting down and abandoning module FoliageEdit (530)
[2018.02.16-04.56.12:455][367]LogModuleManager: Shutting down and abandoning module LandscapeEditor (528)
[2018.02.16-04.56.12:455][367]LogModuleManager: Shutting down and abandoning module MeshPaintMode (526)
[2018.02.16-04.56.12:455][367]LogModuleManager: Shutting down and abandoning module SceneDepthPickerMode (524)
[2018.02.16-04.56.12:455][367]LogModuleManager: Shutting down and abandoning module ActorPickerMode (522)
[2018.02.16-04.56.12:455][367]LogModuleManager: Shutting down and abandoning module GeometryMode (520)
[2018.02.16-04.56.12:455][367]LogModuleManager: Shutting down and abandoning module TextureAlignMode (518)
[2018.02.16-04.56.12:456][367]LogModuleManager: Shutting down and abandoning module BspMode (516)
[2018.02.16-04.56.12:456][367]LogModuleManager: Shutting down and abandoning module PIEPreviewDeviceProfileSelector (514)
[2018.02.16-04.56.12:462][367]LogModuleManager: Shutting down and abandoning module HardwareSurvey (512)
[2018.02.16-04.56.12:462][367]LogModuleManager: Shutting down and abandoning module SequenceRecorderSections (510)
[2018.02.16-04.56.12:462][367]LogModuleManager: Shutting down and abandoning module AutomationWorker (508)
[2018.02.16-04.56.12:462][367]LogModuleManager: Shutting down and abandoning module MatineeToLevelSequence (506)
[2018.02.16-04.56.12:462][367]LogModuleManager: Shutting down and abandoning module LevelSequenceEditor (504)
[2018.02.16-04.56.12:462][367]LogModuleManager: Shutting down and abandoning module PlacementMode (503)
[2018.02.16-04.56.12:462][367]LogModuleManager: Shutting down and abandoning module WmfMediaFactory (500)
[2018.02.16-04.56.12:462][367]LogModuleManager: Shutting down and abandoning module WmfMediaEditor (498)
[2018.02.16-04.56.12:462][367]LogModuleManager: Shutting down and abandoning module AvfMediaFactory (496)
[2018.02.16-04.56.12:463][367]LogModuleManager: Shutting down and abandoning module AvfMediaEditor (494)
[2018.02.16-04.56.12:463][367]LogModuleManager: Shutting down and abandoning module AndroidMediaFactory (492)
[2018.02.16-04.56.12:463][367]LogModuleManager: Shutting down and abandoning module Media (491)
[2018.02.16-04.56.12:463][367]LogModuleManager: Shutting down and abandoning module AndroidMediaEditor (488)
[2018.02.16-04.56.12:463][367]LogModuleManager: Shutting down and abandoning module CharacterAI (486)
[2018.02.16-04.56.12:463][367]LogModuleManager: Shutting down and abandoning module AudioCapture (484)
[2018.02.16-04.56.12:463][367]LogModuleManager: Shutting down and abandoning module SequenceRecorder (483)
[2018.02.16-04.56.12:463][367]LogModuleManager: Shutting down and abandoning module SmartSnapping (480)
[2018.02.16-04.56.12:463][367]LogModuleManager: Shutting down and abandoning module SessionServices (478)
[2018.02.16-04.56.12:463][367]LogModuleManager: Shutting down and abandoning module ViewportSnapping (476)
[2018.02.16-04.56.12:463][367]LogModuleManager: Shutting down and abandoning module ViewportInteraction (474)
[2018.02.16-04.56.12:463][367]LogModuleManager: Shutting down and abandoning module ClothPainter (472)
[2018.02.16-04.56.12:463][367]LogModuleManager: Shutting down and abandoning module LogVisualizer (470)
[2018.02.16-04.56.12:463][367]LogModuleManager: Shutting down and abandoning module IntroTutorials (468)
[2018.02.16-04.56.12:463][367]LogModuleManager: Shutting down and abandoning module GameProjectGeneration (467)
[2018.02.16-04.56.12:463][367]LogModuleManager: Shutting down and abandoning module IOSPlatformEditor (464)
[2018.02.16-04.56.12:463][367]LogModuleManager: Shutting down and abandoning module HTML5PlatformEditor (462)
[2018.02.16-04.56.12:463][367]LogModuleManager: Shutting down and abandoning module AndroidPlatformEditor (460)
[2018.02.16-04.56.12:463][367]LogModuleManager: Shutting down and abandoning module AndroidDeviceDetection (459)
[2018.02.16-04.56.13:020][367]LogModuleManager: Shutting down and abandoning module WindowsPlatformEditor (456)
[2018.02.16-04.56.13:020][367]LogModuleManager: Shutting down and abandoning module IOSRuntimeSettings (454)
[2018.02.16-04.56.13:020][367]LogModuleManager: Shutting down and abandoning module AndroidRuntimeSettings (452)
[2018.02.16-04.56.13:020][367]LogModuleManager: Shutting down and abandoning module InputBindingEditor (450)
[2018.02.16-04.56.13:020][367]LogModuleManager: Shutting down and abandoning module MergeActors (448)
[2018.02.16-04.56.13:020][367]LogModuleManager: Shutting down and abandoning module SizeMap (446)
[2018.02.16-04.56.13:020][367]LogModuleManager: Shutting down and abandoning module TreeMap (444)
[2018.02.16-04.56.13:020][367]LogModuleManager: Shutting down and abandoning module ReferenceViewer (442)
[2018.02.16-04.56.13:020][367]LogModuleManager: Shutting down and abandoning module LocalizationDashboard (440)
[2018.02.16-04.56.13:020][367]LogModuleManager: Shutting down and abandoning module LocalizationService (439)
[2018.02.16-04.56.13:020][367]LogModuleManager: Shutting down and abandoning module HardwareTargeting (436)
[2018.02.16-04.56.13:020][367]LogModuleManager: Shutting down and abandoning module DeviceProfileEditor (434)
[2018.02.16-04.56.13:020][367]LogModuleManager: Shutting down and abandoning module UndoHistory (432)
[2018.02.16-04.56.13:020][367]LogModuleManager: Shutting down and abandoning module XmlParser (430)
[2018.02.16-04.56.13:020][367]LogModuleManager: Shutting down and abandoning module Blutility (428)
[2018.02.16-04.56.13:020][367]LogModuleManager: Shutting down and abandoning module ProjectSettingsViewer (426)
[2018.02.16-04.56.13:020][367]LogModuleManager: Shutting down and abandoning module ProjectTargetPlatformEditor (425)
[2018.02.16-04.56.13:020][367]LogModuleManager: Shutting down and abandoning module EditorSettingsViewer (422)
[2018.02.16-04.56.13:021][367]LogModuleManager: Shutting down and abandoning module SettingsEditor (420)
[2018.02.16-04.56.13:021][367]LogModuleManager: Shutting down and abandoning module ProjectLauncher (418)
[2018.02.16-04.56.13:021][367]LogModuleManager: Shutting down and abandoning module SessionFrontend (416)
[2018.02.16-04.56.13:021][367]LogModuleManager: Shutting down and abandoning module ProfilerClient (414)
[2018.02.16-04.56.13:021][367]LogModuleManager: Shutting down and abandoning module DeviceManager (412)
[2018.02.16-04.56.13:021][367]LogModuleManager: Shutting down and abandoning module TargetDeviceServices (411)
[2018.02.16-04.56.13:083][367]LogModuleManager: Shutting down and abandoning module AutomationController (408)
[2018.02.16-04.56.13:083][367]LogModuleManager: Shutting down and abandoning module AutomationWindow (406)
[2018.02.16-04.56.13:083][367]LogModuleManager: Shutting down and abandoning module Layers (404)
[2018.02.16-04.56.13:083][367]LogModuleManager: Shutting down and abandoning module ComponentVisualizers (402)
[2018.02.16-04.56.13:083][367]LogModuleManager: Shutting down and abandoning module DetailCustomizations (400)
[2018.02.16-04.56.13:083][367]LogModuleManager: Shutting down and abandoning module PackagesDialog (398)
[2018.02.16-04.56.13:083][367]LogModuleManager: Shutting down and abandoning module Persona (396)
[2018.02.16-04.56.13:083][367]LogModuleManager: Shutting down and abandoning module AdvancedPreviewScene (395)
[2018.02.16-04.56.13:083][367]LogModuleManager: Shutting down and abandoning module AnimGraph (393)
[2018.02.16-04.56.13:083][367]LogModuleManager: Shutting down and abandoning module Kismet (390)
[2018.02.16-04.56.13:084][367]LogModuleManager: Shutting down and abandoning module ClassViewer (388)
[2018.02.16-04.56.13:084][367]LogModuleManager: Shutting down and abandoning module Toolbox (386)
[2018.02.16-04.56.13:084][367]LogModuleManager: Shutting down and abandoning module ModuleUI (384)
[2018.02.16-04.56.13:084][367]LogModuleManager: Shutting down and abandoning module MovieSceneTools (382)
[2018.02.16-04.56.13:084][367]LogModuleManager: Shutting down and abandoning module OutputLog (380)
[2018.02.16-04.56.13:084][367]LogModuleManager: Shutting down and abandoning module GammaUI (378)
[2018.02.16-04.56.13:084][367]LogModuleManager: Shutting down and abandoning module Documentation (376)
[2018.02.16-04.56.13:084][367]LogModuleManager: Shutting down and abandoning module MovieSceneTracks (374)
[2018.02.16-04.56.13:084][367]LogModuleManager: Shutting down and abandoning module MovieScene (372)
[2018.02.16-04.56.13:084][367]LogModuleManager: Shutting down and abandoning module Niagara (370)
[2018.02.16-04.56.13:084][367]LogModuleManager: Shutting down and abandoning module NiagaraEditor (369)
[2018.02.16-04.56.13:084][367]LogModuleManager: Shutting down and abandoning module StreamingPauseRendering (366)
[2018.02.16-04.56.13:084][367]LogModuleManager: Shutting down and abandoning module LauncherPlatform (364)
[2018.02.16-04.56.13:084][367]LogModuleManager: Shutting down and abandoning module AnalyticsET (362)
[2018.02.16-04.56.13:084][367]LogModuleManager: Shutting down and abandoning module PortalServices (360)
[2018.02.16-04.56.13:084][367]LogModuleManager: Shutting down and abandoning module PortalRpc (358)
[2018.02.16-04.56.13:084][367]LogModuleManager: Shutting down and abandoning module MessagingRpc (356)
[2018.02.16-04.56.13:084][367]LogModuleManager: Shutting down and abandoning module AIModule (354)
[2018.02.16-04.56.13:084][367]LogModuleManager: Shutting down and abandoning module GameplayDebugger (353)
[2018.02.16-04.56.13:084][367]LogModuleManager: Shutting down and abandoning module AITestSuite (351)
[2018.02.16-04.56.13:084][367]LogModuleManager: Shutting down and abandoning module ProfilerService (348)
[2018.02.16-04.56.13:093][367]LogModuleManager: Shutting down and abandoning module TaskGraph (346)
[2018.02.16-04.56.13:094][367]LogModuleManager: Shutting down and abandoning module SteamVRController (344)
[2018.02.16-04.56.13:094][367]LogModuleManager: Shutting down and abandoning module ProceduralMeshComponentEditor (342)
[2018.02.16-04.56.13:094][367]LogModuleManager: Shutting down and abandoning module ProceduralMeshComponent (340)
[2018.02.16-04.56.13:094][367]LogModuleManager: Shutting down and abandoning module OculusInput (338)
[2018.02.16-04.56.13:094][367]LogModuleManager: Shutting down and abandoning module MobilePatchingUtils (336)
[2018.02.16-04.56.13:094][367]LogModuleManager: Shutting down and abandoning module CustomMeshComponent (334)
[2018.02.16-04.56.13:094][367]LogModuleManager: Shutting down and abandoning module CableComponent (332)
[2018.02.16-04.56.13:094][367]LogModuleManager: Shutting down and abandoning module ArchVisCharacter (330)
[2018.02.16-04.56.13:094][367]LogModuleManager: Shutting down and abandoning module AndroidPermission (328)
[2018.02.16-04.56.13:094][367]LogModuleManager: Shutting down and abandoning module Rejoin (322)
[2018.02.16-04.56.13:094][367]LogModuleManager: Shutting down and abandoning module Hotfix (320)
[2018.02.16-04.56.13:094][367]LogModuleManager: Shutting down and abandoning module Lobby (318)
[2018.02.16-04.56.13:094][367]LogModuleManager: Shutting down and abandoning module Party (316)
[2018.02.16-04.56.13:094][367]LogModuleManager: Shutting down and abandoning module Qos (314)
[2018.02.16-04.56.13:094][367]LogModuleManager: Shutting down and abandoning module MediaPlayerEditor (312)
[2018.02.16-04.56.13:094][367]LogModuleManager: Shutting down and abandoning module HTML5Networking (310)
[2018.02.16-04.56.13:094][367]LogModuleManager: Shutting down and abandoning module AlembicImporter (308)
[2018.02.16-04.56.13:094][367]LogModuleManager: Shutting down and abandoning module AlembicLibrary (307)
[2018.02.16-04.56.13:094][367]LogModuleManager: Shutting down and abandoning module GeometryCache (306)
[2018.02.16-04.56.13:094][367]LogModuleManager: Shutting down and abandoning module GeometryCacheEd (305)
[2018.02.16-04.56.13:094][367]LogModuleManager: Shutting down and abandoning module SpeedTreeImporter (300)
[2018.02.16-04.56.13:094][367]LogModuleManager: Shutting down and abandoning module PluginBrowser (298)
[2018.02.16-04.56.13:094][367]LogModuleManager: Shutting down and abandoning module MobileLauncherProfileWizard (296)
[2018.02.16-04.56.13:094][367]LogModuleManager: Shutting down and abandoning module VisualStudioSourceCodeAccess (294)
[2018.02.16-04.56.13:094][367]LogModuleManager: Shutting down and abandoning module DesktopPlatform (293)
[2018.02.16-04.56.13:094][367]LogModuleManager: Shutting down and abandoning module UObjectPlugin (290)
[2018.02.16-04.56.13:094][367]LogModuleManager: Shutting down and abandoning module SubversionSourceControl (288)
[2018.02.16-04.56.13:094][367]LogModuleManager: Shutting down and abandoning module PerforceSourceControl (286)
[2018.02.16-04.56.13:094][367]LogModuleManager: Shutting down and abandoning module GitSourceControl (284)
[2018.02.16-04.56.13:094][367]LogModuleManager: Shutting down and abandoning module SourceControl (283)
[2018.02.16-04.56.13:094][367]LogModuleManager: Shutting down and abandoning module LightPropagationVolumeEditor (280)
[2018.02.16-04.56.13:094][367]LogModuleManager: Shutting down and abandoning module PaperTiledImporter (278)
[2018.02.16-04.56.13:094][367]LogModuleManager: Shutting down and abandoning module PaperSpriteSheetImporter (276)
[2018.02.16-04.56.13:094][367]LogModuleManager: Shutting down and abandoning module Paper2DEditor (274)
[2018.02.16-04.56.13:094][367]LogModuleManager: Shutting down and abandoning module MeshPaint (273)
[2018.02.16-04.56.13:094][367]LogModuleManager: Shutting down and abandoning module LevelEditor (271)
[2018.02.16-04.56.13:095][367]LogModuleManager: Shutting down and abandoning module PixelInspectorModule (270)
[2018.02.16-04.56.13:095][367]LogModuleManager: Shutting down and abandoning module MainFrame (268)
[2018.02.16-04.56.13:095][367]LogModuleManager: Shutting down and abandoning module HotReload (267)
[2018.02.16-04.56.13:095][367]LogDirectoryWatcher: A directory notification for 'C:/Users/hoimo/Documents/GitHub/InstructorOfTheDead2/Binaries/Win64' was aborted.
[2018.02.16-04.56.13:095][367]LogModuleManager: Shutting down and abandoning module InstructorOfTheDead2 (262)
[2018.02.16-04.56.13:095][367]LogModuleManager: Shutting down and abandoning module RuntimePhysXCooking (260)
[2018.02.16-04.56.13:095][367]LogModuleManager: Shutting down and abandoning module PhysXVehiclesEditor (258)
[2018.02.16-04.56.13:095][367]LogModuleManager: Shutting down and abandoning module PhysXVehicles (256)
[2018.02.16-04.56.13:095][367]LogModuleManager: Shutting down and abandoning module OculusEditor (254)
[2018.02.16-04.56.13:095][367]LogModuleManager: Shutting down and abandoning module LocationServicesBPLibrary (252)
[2018.02.16-04.56.13:095][367]LogModuleManager: Shutting down and abandoning module ImmediatePhysicsEditor (250)
[2018.02.16-04.56.13:095][367]LogModuleManager: Shutting down and abandoning module ImmediatePhysics (248)
[2018.02.16-04.56.13:095][367]LogModuleManager: Shutting down and abandoning module UdpMessaging (246)
[2018.02.16-04.56.13:196][367]LogModuleManager: Shutting down and abandoning module TcpMessaging (244)
[2018.02.16-04.56.13:296][367]LogModuleManager: Shutting down and abandoning module GameplayTagsEditor (242)
[2018.02.16-04.56.13:296][367]LogModuleManager: Shutting down and abandoning module FacialAnimationEditor (240)
[2018.02.16-04.56.13:296][367]LogModuleManager: Shutting down and abandoning module FacialAnimation (238)
[2018.02.16-04.56.13:296][367]LogModuleManager: Shutting down and abandoning module AssetManagerEditor (236)
[2018.02.16-04.56.13:296][367]LogModuleManager: Shutting down and abandoning module GraphEditor (235)
[2018.02.16-04.56.13:296][367]LogModuleManager: Shutting down and abandoning module ContentBrowser (233)
[2018.02.16-04.56.13:297][367]LogModuleManager: Shutting down and abandoning module LightPropagationVolumeRuntime (230)
[2018.02.16-04.56.13:297][367]LogModuleManager: Shutting down and abandoning module Paper2D (228)
[2018.02.16-04.56.13:297][367]LogModuleManager: Shutting down and abandoning module WindowsMoviePlayer (226)
[2018.02.16-04.56.13:297][367]LogModuleManager: Shutting down and abandoning module WmfMedia (224)
[2018.02.16-04.56.13:299][367]LogModuleManager: Shutting down and abandoning module PacketHandler (222)
[2018.02.16-04.56.13:299][367]LogModuleManager: Shutting down and abandoning module ClothingSystemEditor (220)
[2018.02.16-04.56.13:299][367]LogModuleManager: Shutting down and abandoning module ClothingSystemRuntime (218)
[2018.02.16-04.56.13:299][367]LogModuleManager: Shutting down and abandoning module Overlay (216)
[2018.02.16-04.56.13:299][367]LogModuleManager: Shutting down and abandoning module OverlayEditor (215)
[2018.02.16-04.56.13:299][367]LogModuleManager: Shutting down and abandoning module MediaAssets (212)
[2018.02.16-04.56.13:299][367]LogModuleManager: Shutting down and abandoning module VREditor (210)
[2018.02.16-04.56.13:299][367]LogModuleManager: Shutting down and abandoning module StringTableEditor (208)
[2018.02.16-04.56.13:299][367]LogModuleManager: Shutting down and abandoning module GameplayTasksEditor (206)
[2018.02.16-04.56.13:299][367]LogModuleManager: Shutting down and abandoning module BehaviorTreeEditor (204)
[2018.02.16-04.56.13:299][367]LogModuleManager: Shutting down and abandoning module FunctionalTesting (202)
[2018.02.16-04.56.13:299][367]LogModuleManager: Shutting down and abandoning module CollisionAnalyzer (200)
[2018.02.16-04.56.13:299][367]LogModuleManager: Shutting down and abandoning module WorkspaceMenuStructure (199)
[2018.02.16-04.56.13:299][367]LogModuleManager: Shutting down and abandoning module UMG (196)
[2018.02.16-04.56.13:299][367]LogModuleManager: Shutting down and abandoning module UMGEditor (195)
[2018.02.16-04.56.13:299][367]LogModuleManager: Shutting down and abandoning module Sequencer (194)
[2018.02.16-04.56.13:299][367]LogModuleManager: Shutting down and abandoning module MessageLog (191)
[2018.02.16-04.56.13:299][367]LogModuleManager: Shutting down and abandoning module SlateReflector (186)
[2018.02.16-04.56.13:299][367]LogModuleManager: Shutting down and abandoning module Slate (184)
[2018.02.16-04.56.13:299][367]LogModuleManager: Shutting down and abandoning module EditorStyle (182)
[2018.02.16-04.56.13:300][367]LogModuleManager: Shutting down and abandoning module MRMesh (180)
[2018.02.16-04.56.13:300][367]LogModuleManager: Shutting down and abandoning module SourceCodeAccess (178)
[2018.02.16-04.56.13:300][367]LogModuleManager: Shutting down and abandoning module HeadMountedDisplay (176)
[2018.02.16-04.56.13:300][367]LogModuleManager: Shutting down and abandoning module XAudio2 (174)
[2018.02.16-04.56.13:300][367]LogModuleManager: Shutting down and abandoning module Networking (172)
[2018.02.16-04.56.13:300][367]LogModuleManager: Shutting down and abandoning module Core (168)
[2018.02.16-04.56.13:300][367]LogModuleManager: Shutting down and abandoning module KismetCompiler (164)
[2018.02.16-04.56.13:300][367]LogModuleManager: Shutting down and abandoning module LevelSequence (162)
[2018.02.16-04.56.13:300][367]LogModuleManager: Shutting down and abandoning module MeshUtilities (160)
[2018.02.16-04.56.13:300][367]LogModuleManager: Shutting down and abandoning module MeshMergeUtilities (159)
[2018.02.16-04.56.13:300][367]LogModuleManager: Shutting down and abandoning module MeshReductionInterface (158)
[2018.02.16-04.56.13:300][367]LogModuleManager: Shutting down and abandoning module SimplygonSwarm (157)
[2018.02.16-04.56.13:300][367]LogModuleManager: Shutting down and abandoning module SimplygonMeshReduction (155)
[2018.02.16-04.56.13:300][367]LogModuleManager: Shutting down and abandoning module QuadricMeshReduction (153)
[2018.02.16-04.56.13:300][367]LogModuleManager: Shutting down and abandoning module MaterialBaking (149)
[2018.02.16-04.56.13:300][367]LogModuleManager: Shutting down and abandoning module DirectoryWatcher (146)
[2018.02.16-04.56.13:301][367]LogModuleManager: Shutting down and abandoning module DerivedDataCache (144)
[2018.02.16-04.56.13:468][367]LogDerivedDataCache: Shutdown
[2018.02.16-04.56.13:468][367]LogModuleManager: Shutting down and abandoning module TargetPlatform (142)
[2018.02.16-04.56.13:468][367]LogModuleManager: Shutting down and abandoning module VulkanShaderFormat (141)
[2018.02.16-04.56.13:468][367]LogModuleManager: Shutting down and abandoning module ShaderFormatVectorVM (139)
[2018.02.16-04.56.13:468][367]LogModuleManager: Shutting down and abandoning module ShaderFormatOpenGL (137)
[2018.02.16-04.56.13:468][367]LogModuleManager: Shutting down and abandoning module ShaderFormatD3D (135)
[2018.02.16-04.56.13:468][367]LogModuleManager: Shutting down and abandoning module MetalShaderFormat (133)
[2018.02.16-04.56.13:468][367]LogModuleManager: Shutting down and abandoning module TextureFormatUncompressed (131)
[2018.02.16-04.56.13:468][367]LogModuleManager: Shutting down and abandoning module TextureFormatPVR (129)
[2018.02.16-04.56.13:468][367]LogModuleManager: Shutting down and abandoning module TextureFormatDXT (127)
[2018.02.16-04.56.13:468][367]LogModuleManager: Shutting down and abandoning module TextureFormatIntelISPCTexComp (125)
[2018.02.16-04.56.13:469][367]LogModuleManager: Shutting down and abandoning module TextureFormatASTC (123)
[2018.02.16-04.56.13:469][367]LogModuleManager: Shutting down and abandoning module ImageWrapper (122)
[2018.02.16-04.56.13:469][367]LogModuleManager: Shutting down and abandoning module TextureFormatAndroid (119)
[2018.02.16-04.56.13:469][367]LogModuleManager: Shutting down and abandoning module AudioFormatOpus (117)
[2018.02.16-04.56.13:469][367]LogModuleManager: Shutting down and abandoning module AudioFormatOgg (115)
[2018.02.16-04.56.13:469][367]LogModuleManager: Shutting down and abandoning module AudioFormatADPCM (113)
[2018.02.16-04.56.13:469][367]LogModuleManager: Shutting down and abandoning module LinuxTargetPlatform (111)
[2018.02.16-04.56.13:469][367]LogModuleManager: Shutting down and abandoning module LinuxServerTargetPlatform (109)
[2018.02.16-04.56.13:469][367]LogModuleManager: Shutting down and abandoning module LinuxNoEditorTargetPlatform (107)
[2018.02.16-04.56.13:469][367]LogModuleManager: Shutting down and abandoning module LinuxClientTargetPlatform (105)
[2018.02.16-04.56.13:469][367]LogModuleManager: Shutting down and abandoning module TVOSTargetPlatform (103)
[2018.02.16-04.56.13:469][367]LogModuleManager: Shutting down and abandoning module Messaging (101)
[2018.02.16-04.56.13:469][367]LogModuleManager: Shutting down and abandoning module IOSTargetPlatform (99)
[2018.02.16-04.56.13:469][367]LogModuleManager: Shutting down and abandoning module HTML5TargetPlatform (97)
[2018.02.16-04.56.13:469][367]LogModuleManager: Shutting down and abandoning module Android_PVRTCTargetPlatform (95)
[2018.02.16-04.56.13:469][367]LogModuleManager: Shutting down and abandoning module Android_MultiTargetPlatform (93)
[2018.02.16-04.56.13:469][367]LogModuleManager: Shutting down and abandoning module Android_ETC2TargetPlatform (91)
[2018.02.16-04.56.13:469][367]LogModuleManager: Shutting down and abandoning module Android_ETC1TargetPlatform (89)
[2018.02.16-04.56.13:469][367]LogModuleManager: Shutting down and abandoning module Android_DXTTargetPlatform (87)
[2018.02.16-04.56.13:469][367]LogModuleManager: Shutting down and abandoning module Android_ATCTargetPlatform (85)
[2018.02.16-04.56.13:469][367]LogModuleManager: Shutting down and abandoning module Android_ASTCTargetPlatform (83)
[2018.02.16-04.56.13:469][367]LogModuleManager: Shutting down and abandoning module AndroidTargetPlatform (81)
[2018.02.16-04.56.13:469][367]LogModuleManager: Shutting down and abandoning module WindowsTargetPlatform (79)
[2018.02.16-04.56.13:469][367]LogModuleManager: Shutting down and abandoning module WindowsServerTargetPlatform (77)
[2018.02.16-04.56.13:469][367]LogModuleManager: Shutting down and abandoning module WindowsNoEditorTargetPlatform (75)
[2018.02.16-04.56.13:469][367]LogModuleManager: Shutting down and abandoning module WindowsClientTargetPlatform (73)
[2018.02.16-04.56.13:469][367]LogModuleManager: Shutting down and abandoning module MacTargetPlatform (71)
[2018.02.16-04.56.13:469][367]LogModuleManager: Shutting down and abandoning module MacServerTargetPlatform (69)
[2018.02.16-04.56.13:469][367]LogModuleManager: Shutting down and abandoning module MacNoEditorTargetPlatform (67)
[2018.02.16-04.56.13:469][367]LogModuleManager: Shutting down and abandoning module MacClientTargetPlatform (65)
[2018.02.16-04.56.13:469][367]LogModuleManager: Shutting down and abandoning module AllDesktopTargetPlatform (63)
[2018.02.16-04.56.13:469][367]LogModuleManager: Shutting down and abandoning module InputCore (60)
[2018.02.16-04.56.13:469][367]LogModuleManager: Shutting down and abandoning module Settings (58)
[2018.02.16-04.56.13:469][367]LogModuleManager: Shutting down and abandoning module PhysXCooking (56)
[2018.02.16-04.56.13:469][367]LogModuleManager: Shutting down and abandoning module SteamVR (54)
[2018.02.16-04.56.13:469][367]LogModuleManager: Shutting down and abandoning module OculusHMD (52)
[2018.02.16-04.56.13:469][367]LogModuleManager: Shutting down and abandoning module ExampleDeviceProfileSelector (50)
[2018.02.16-04.56.13:469][367]LogModuleManager: Shutting down and abandoning module OnlineBlueprintSupport (48)
[2018.02.16-04.56.13:469][367]LogModuleManager: Shutting down and abandoning module OnlineSubsystem (44)
[2018.02.16-04.56.13:469][367]LogOnline: Display: Unloading online subsystem: NULL
[2018.02.16-04.56.13:469][367]LogOnline: Display: Unloading online subsystem: STEAM
[2018.02.16-04.56.13:470][367]LogModuleManager: Shutting down and abandoning module XMPP (43)
[2018.02.16-04.56.13:470][367]LogModuleManager: Shutting down and abandoning module HTTP (41)
[2018.02.16-04.56.13:470][367]LogHttp: Display: Http module shutting down, but needs to wait on 1 outstanding Http requests:
[2018.02.16-04.56.13:470][367]LogHttp: Display: 	verb=[POST] url=[https://datarouter.ol.epicgames.com/datarouter/api/v1/public/data?SessionID=%7BF32310DE-4773-9F54-EAA1-E0911DF5DE16%7D&AppID=UEEditor.Rocket.Release&AppVersion=4.17.2-3658906%2B%2B%2BUE4%2BRelease-4.17&UserID=b9748b1d4a89d5deaebce4ab3b5e0780%7C542b6494ee15450dbb15d52e66cba626%7Cf87d9b0c-dc84-4000-978a-9cffcc4a7e57&AppEnvironment=datacollector-binary&UploadType=eteventstream] status=Processing
[2018.02.16-04.56.13:485][367]LogModuleManager: Shutting down and abandoning module SSL (40)
[2018.02.16-04.56.13:486][367]LogModuleManager: Shutting down and abandoning module AnimationModifiers (36)
[2018.02.16-04.56.13:486][367]LogModuleManager: Shutting down and abandoning module PropertyEditor (35)
[2018.02.16-04.56.13:486][367]LogModuleManager: Shutting down and abandoning module AudioEditor (32)
[2018.02.16-04.56.13:486][367]LogModuleManager: Shutting down and abandoning module TextureCompressor (30)
[2018.02.16-04.56.13:486][367]LogModuleManager: Shutting down and abandoning module ShaderCore (28)
[2018.02.16-04.56.13:486][367]LogModuleManager: Shutting down and abandoning module Landscape (26)
[2018.02.16-04.56.13:486][367]LogModuleManager: Shutting down and abandoning module SlateRHIRenderer (24)
[2018.02.16-04.56.13:487][367]LogModuleManager: Shutting down and abandoning module OpenGLDrv (22)
[2018.02.16-04.56.13:487][367]LogModuleManager: Shutting down and abandoning module D3D11RHI (20)
[2018.02.16-04.56.13:487][367]LogModuleManager: Shutting down and abandoning module AnimGraphRuntime (18)
[2018.02.16-04.56.13:487][367]LogModuleManager: Shutting down and abandoning module Renderer (16)
[2018.02.16-04.56.13:487][367]LogModuleManager: Shutting down and abandoning module Engine (14)
[2018.02.16-04.56.13:487][367]LogModuleManager: Shutting down and abandoning module CoreUObject (12)
[2018.02.16-04.56.13:487][367]LogModuleManager: Shutting down and abandoning module NetworkFile (10)
[2018.02.16-04.56.13:487][367]LogModuleManager: Shutting down and abandoning module CookedIterativeFile (8)
[2018.02.16-04.56.13:487][367]LogModuleManager: Shutting down and abandoning module StreamingFile (6)
[2018.02.16-04.56.13:487][367]LogModuleManager: Shutting down and abandoning module SandboxFile (4)
[2018.02.16-04.56.13:487][367]LogModuleManager: Shutting down and abandoning module PakFile (2)
[2018.02.16-04.56.13:490][367]LogExit: Exiting.
[2018.02.16-04.56.13:497][367]Log file closed, 02/15/18 20:56:13
