Log file open, 02/21/18 14:37:25
LogWindows: Failed to load 'aqProf.dll' (GetLastError=126)
LogWindows: File 'aqProf.dll' does not exist
LogWindows: Failed to load 'VSPerf140.dll' (GetLastError=126)
LogWindows: File 'VSPerf140.dll' does not exist
LogWindows: Failed to load 'VtuneApi.dll' (GetLastError=126)
LogWindows: File 'VtuneApi.dll' does not exist
LogWindows: Failed to load 'VtuneApi32e.dll' (GetLastError=126)
LogWindows: File 'VtuneApi32e.dll' does not exist
LogInit: Display: Running engine for game: InstructorOfTheDead2
LogPlatformFile: Not using cached read wrapper
LogInit: Display: RandInit(-1881876466) SRandInit(-1881876466).
LogTaskGraph: Started task graph with 5 named threads and 14 total threads with 3 sets of task threads.
LogStats: Stats thread started at 0.205076
LogD3D11RHI: Aftermath initialized
LogPluginManager: Mounting plugin Paper2D
LogPluginManager: Mounting plugin LightPropagationVolume
LogPluginManager: Mounting plugin CodeLiteSourceCodeAccess
LogPluginManager: Mounting plugin GitSourceControl
LogPluginManager: Mounting plugin KDevelopSourceCodeAccess
LogPluginManager: Mounting plugin NullSourceCodeAccess
LogPluginManager: Mounting plugin PerforceSourceControl
LogPluginManager: Mounting plugin SubversionSourceControl
LogPluginManager: Mounting plugin UObjectPlugin
LogPluginManager: Mounting plugin VisualStudioSourceCodeAccess
LogPluginManager: Mounting plugin XCodeSourceCodeAccess
LogPluginManager: Mounting plugin AssetManagerEditor
LogPluginManager: Mounting plugin AudioCapture
LogPluginManager: Mounting plugin FacialAnimation
LogPluginManager: Mounting plugin GameplayTagsEditor
LogPluginManager: Mounting plugin MobileLauncherProfileWizard
LogPluginManager: Mounting plugin PluginBrowser
LogPluginManager: Mounting plugin SpeedTreeImporter
LogPluginManager: Mounting plugin AlembicImporter
LogPluginManager: Mounting plugin CharacterAI
LogPluginManager: Mounting plugin HTML5Networking
LogPluginManager: Mounting plugin AndroidMedia
LogPluginManager: Mounting plugin AvfMedia
LogPluginManager: Mounting plugin MediaPlayerEditor
LogPluginManager: Mounting plugin WmfMedia
LogPluginManager: Mounting plugin TcpMessaging
LogPluginManager: Mounting plugin UdpMessaging
LogPluginManager: Mounting plugin LevelSequenceEditor
LogPluginManager: Mounting plugin MatineeToLevelSequence
LogPluginManager: Mounting plugin OnlineSubsystemGooglePlay
LogPluginManager: Mounting plugin OnlineSubsystemIOS
LogPluginManager: Mounting plugin OnlineSubsystem
LogPluginManager: Mounting plugin OnlineSubsystemNull
LogPluginManager: Mounting plugin OnlineSubsystemUtils
LogPluginManager: Mounting plugin AndroidDeviceProfileSelector
LogPluginManager: Mounting plugin AndroidMoviePlayer
LogPluginManager: Mounting plugin AndroidPermission
LogPluginManager: Mounting plugin AppleMoviePlayer
LogPluginManager: Mounting plugin ArchVisCharacter
LogPluginManager: Mounting plugin CableComponent
LogPluginManager: Mounting plugin CustomMeshComponent
LogPluginManager: Mounting plugin ExampleDeviceProfileSelector
LogPluginManager: Mounting plugin GoogleCloudMessaging
LogPluginManager: Mounting plugin ImmediatePhysics
LogPluginManager: Mounting plugin IOSDeviceProfileSelector
LogPluginManager: Mounting plugin LinuxDeviceProfileSelector
LogPluginManager: Mounting plugin LocationServicesBPLibrary
LogPluginManager: Mounting plugin MobilePatchingUtils
LogPluginManager: Mounting plugin OculusVR
LogPluginManager: Mounting plugin PhysXVehicles
LogPluginManager: Mounting plugin ProceduralMeshComponent
LogPluginManager: Mounting plugin RuntimePhysXCooking
LogPluginManager: Mounting plugin SteamVR
LogPluginManager: Mounting plugin WindowsMoviePlayer
LogInit: Using libcurl 7.47.1
LogInit:  - built for x86_64-pc-win32
LogInit:  - supports SSL with OpenSSL/1.0.2g
LogInit:  - supports HTTP deflate (compression) using libz 1.2.8
LogInit:  - other features:
LogInit:      CURL_VERSION_SSL
LogInit:      CURL_VERSION_LIBZ
LogInit:      CURL_VERSION_IPV6
LogInit:      CURL_VERSION_ASYNCHDNS
LogInit:      CURL_VERSION_LARGEFILE
LogInit:      CURL_VERSION_IDN
LogInit:  CurlRequestOptions (configurable via config and command line):
LogInit:  - bVerifyPeer = false  - Libcurl will NOT verify peer certificate
LogInit:  - bUseHttpProxy = false  - Libcurl will NOT use HTTP proxy
LogInit:  - bDontReuseConnections = false  - Libcurl will reuse connections
LogInit:  - CertBundlePath = nullptr  - Libcurl will use whatever was configured at build time.
LogInit: Build: ++UE4+Release-4.17-CL-3658906
LogInit: Engine Version: 4.17.2-3658906+++UE4+Release-4.17
LogInit: Compatible Engine Version: 4.17.0-3573198+++UE4+Release-4.17
LogInit: Net CL: 3573198
LogDevObjectVersion: Number of dev versions registered: 16
LogDevObjectVersion:   Dev-Blueprints (B0D832E4-1F89-4F0D-ACCF-7EB736FD4AA2): 10
LogDevObjectVersion:   Dev-Build (E1C64328-A22C-4D53-A36C-8E866417BD8C): 0
LogDevObjectVersion:   Dev-Core (375EC13C-06E4-48FB-B500-84F0262A717E): 2
LogDevObjectVersion:   Dev-Editor (E4B068ED-F494-42E9-A231-DA0B2E46BB41): 20
LogDevObjectVersion:   Dev-Framework (CFFC743F-43B0-4480-9391-14DF171D2073): 28
LogDevObjectVersion:   Dev-Mobile (B02B49B5-BB20-44E9-A304-32B752E40360): 0
LogDevObjectVersion:   Dev-Networking (A4E4105C-59A1-49B5-A7C5-40C4547EDFEE): 0
LogDevObjectVersion:   Dev-Online (39C831C9-5AE6-47DC-9A44-9C173E1C8E7C): 0
LogDevObjectVersion:   Dev-Physics (78F01B33-EBEA-4F98-B9B4-84EACCB95AA2): 0
LogDevObjectVersion:   Dev-Platform (6631380F-2D4D-43E0-8009-CF276956A95A): 0
LogDevObjectVersion:   Dev-Rendering (12F88B9F-8875-4AFC-A67C-D90C383ABD29): 19
LogDevObjectVersion:   Dev-Sequencer (7B5AE74C-D270-4C10-A958-57980B212A5A): 4
LogDevObjectVersion:   Dev-VR (D7296918-1DD6-4BDD-9DE2-64A83CC13884): 0
LogDevObjectVersion:   Dev-LoadTimes (C2A15278-BFE7-4AFE-6C17-90FF531DF755): 1
LogDevObjectVersion:   Private-Geometry (6EACA3D4-40EC-4CC1-B786-8BED09428FC5): 1
LogDevObjectVersion:   Dev-AnimPhys (29E575DD-E0A3-4627-9D10-D276232CDCEA): 7
LogInit: Compiled (64-bit): Sep 22 2017 13:47:16
LogInit: Compiled with Visual C++: 19.00.24215.01
LogInit: Build Configuration: Development
LogInit: Branch Name: ++UE4+Release-4.17
LogInit: Command line:  
LogInit: Base directory: C:/Program Files/Epic Games/UE_4.17/Engine/Binaries/Win64/
LogInit: Installed Engine Build: 1
LogInit: Presizing for max 8388607 objects, including 0 objects not considered by GC, pre-allocating 0 bytes for permanent pool.
LogInit: Object subsystem initialized
[2018.02.21-22.37.27:034][  0]LogInit: Selected Device Profile: [Windows]
[2018.02.21-22.37.27:034][  0]LogInit: Applying CVar settings loaded from the selected device profile: [Windows]
[2018.02.21-22.37.27:055][  0]LogInit: Computer: BRAR
[2018.02.21-22.37.27:055][  0]LogInit: User: HarkaranBrar
[2018.02.21-22.37.27:055][  0]LogInit: CPU Page size=4096, Cores=4
[2018.02.21-22.37.27:055][  0]LogInit: High frequency timer resolution =2.742183 MHz
[2018.02.21-22.37.27:056][  0]LogMemory: Memory total: Physical=15.9GB (16GB approx)
[2018.02.21-22.37.27:056][  0]LogMemory: Platform Memory Stats for Windows
[2018.02.21-22.37.27:056][  0]LogMemory: Process Physical Memory: 279.85 MB used, 279.85 MB peak
[2018.02.21-22.37.27:056][  0]LogMemory: Process Virtual Memory: 274.67 MB used, 274.67 MB peak
[2018.02.21-22.37.27:056][  0]LogMemory: Physical Memory: 6350.22 MB used,  9908.94 MB free, 16259.16 MB total
[2018.02.21-22.37.27:056][  0]LogMemory: Virtual Memory: 707.74 MB used,  9908.94 MB free, 134217728.00 MB total
[2018.02.21-22.37.27:712][  0]LogInit: Using OS detected language (en-US).
[2018.02.21-22.37.27:712][  0]LogInit: Using OS detected locale (en-US).
[2018.02.21-22.37.27:715][  0]LogTextLocalizationManager: No specific localization for 'en-US' exists, so the 'en' localization will be used.
[2018.02.21-22.37.28:404][  0]LogD3D11RHI: D3D11 adapters:
[2018.02.21-22.37.28:453][  0]LogD3D11RHI:    0. 'NVIDIA GeForce GTX 1050 Ti' (Feature Level 11_0)
[2018.02.21-22.37.28:453][  0]LogD3D11RHI:       4021/0/8129 MB DedicatedVideo/DedicatedSystem/SharedSystem, Outputs:1, VendorId:0x10de
[2018.02.21-22.37.28:464][  0]LogD3D11RHI:    1. 'Intel(R) HD Graphics 630' (Feature Level 11_0)
[2018.02.21-22.37.28:464][  0]LogD3D11RHI:       128/0/8129 MB DedicatedVideo/DedicatedSystem/SharedSystem, Outputs:0, VendorId:0x8086
[2018.02.21-22.37.28:466][  0]LogD3D11RHI:    2. 'Microsoft Basic Render Driver' (Feature Level 11_0)
[2018.02.21-22.37.28:466][  0]LogD3D11RHI:       0/0/8129 MB DedicatedVideo/DedicatedSystem/SharedSystem, Outputs:0, VendorId:0x1414
[2018.02.21-22.37.28:466][  0]LogD3D11RHI: Chosen D3D11 Adapter: 0
[2018.02.21-22.37.28:473][  0]LogD3D11RHI: Creating new Direct3DDevice
[2018.02.21-22.37.28:473][  0]LogD3D11RHI:     GPU DeviceId: 0x1c8c (for the marketing name, search the web for "GPU Device Id")
[2018.02.21-22.37.28:473][  0]LogWindows: EnumDisplayDevices:
[2018.02.21-22.37.28:473][  0]LogWindows:    0. 'Intel(R) HD Graphics 630' (P:1 D:1)
[2018.02.21-22.37.28:473][  0]LogWindows:    1. 'Intel(R) HD Graphics 630' (P:0 D:0)
[2018.02.21-22.37.28:473][  0]LogWindows:    2. 'Intel(R) HD Graphics 630' (P:0 D:0)
[2018.02.21-22.37.28:473][  0]LogWindows: DebugString: GetVideoDriverDetailsInvalid PrimaryIsNotTheChoosenAdapter GetVideoDriverDetailsInvalid PrimaryIsNotTheChoosenAdapter GetVideoDriverDetailsInvalid PrimaryIsNotTheChoosenAdapter FoundDriverCount:0 
[2018.02.21-22.37.28:473][  0]LogD3D11RHI:     Adapter Name: NVIDIA GeForce GTX 1050 Ti
[2018.02.21-22.37.28:473][  0]LogD3D11RHI:   Driver Version: Unknown (internal:Unknown, unified:Unknown)
[2018.02.21-22.37.28:473][  0]LogD3D11RHI:      Driver Date: Unknown
[2018.02.21-22.37.28:473][  0]LogRHI: Texture pool is 1361 MB (70% of 1945 MB)
[2018.02.21-22.37.28:501][  0]LogD3D11RHI: Async texture creation enabled
[2018.02.21-22.37.28:518][  0]LogD3D11RHI: GPU Timing Frequency: 1000.000000 (Debug: 2 2)
[2018.02.21-22.37.28:518][  0]LogShaderCompilers: Guid format shader working directory is 14 characters bigger than the processId version (E:/CSCI 152/InstructorOfTheDead2/Intermediate/Shaders/WorkingDirectory/2676/).
[2018.02.21-22.37.28:518][  0]LogShaderCompilers: Cleaned the shader compiler working directory 'C:/Users/harka/AppData/Local/Temp/UnrealShaderWorkingDir/B61FF9C34F91DFBD928AA1932CFE5601/'.
[2018.02.21-22.37.28:518][  0]LogShaderCompilers: Display: Using Local Shader Compiler.
[2018.02.21-22.37.29:519][  0]LogTemp: Display: Loaded TP AllDesktopTargetPlatform
[2018.02.21-22.37.29:585][  0]LogTemp: Display: Loaded TP MacClientTargetPlatform
[2018.02.21-22.37.29:650][  0]LogTemp: Display: Loaded TP MacNoEditorTargetPlatform
[2018.02.21-22.37.29:714][  0]LogTemp: Display: Loaded TP MacServerTargetPlatform
[2018.02.21-22.37.29:778][  0]LogTemp: Display: Loaded TP MacTargetPlatform
[2018.02.21-22.37.29:844][  0]LogTemp: Display: Loaded TP WindowsClientTargetPlatform
[2018.02.21-22.37.29:906][  0]LogTemp: Display: Loaded TP WindowsNoEditorTargetPlatform
[2018.02.21-22.37.29:970][  0]LogTemp: Display: Loaded TP WindowsServerTargetPlatform
[2018.02.21-22.37.30:028][  0]LogTemp: Display: Loaded TP WindowsTargetPlatform
[2018.02.21-22.37.30:092][  0]LogTemp: Display: Loaded TP AndroidTargetPlatform
[2018.02.21-22.37.30:155][  0]LogTemp: Display: Loaded TP Android_ASTCTargetPlatform
[2018.02.21-22.37.30:218][  0]LogTemp: Display: Loaded TP Android_ATCTargetPlatform
[2018.02.21-22.37.30:281][  0]LogTemp: Display: Loaded TP Android_DXTTargetPlatform
[2018.02.21-22.37.30:344][  0]LogTemp: Display: Loaded TP Android_ETC1TargetPlatform
[2018.02.21-22.37.30:407][  0]LogTemp: Display: Loaded TP Android_ETC2TargetPlatform
[2018.02.21-22.37.30:533][  0]LogTemp: Display: Loaded TP Android_MultiTargetPlatform
[2018.02.21-22.37.30:533][  0]LogTemp: Display: Loaded TP Android_PVRTCTargetPlatform
[2018.02.21-22.37.30:597][  0]LogTemp: Display: Loaded TP HTML5TargetPlatform
[2018.02.21-22.37.30:718][  0]LogTemp: Display: Loaded TP IOSTargetPlatform
[2018.02.21-22.37.30:776][  0]LogTemp: Display: Loaded TP TVOSTargetPlatform
[2018.02.21-22.37.30:840][  0]LogTemp: Display: Loaded TP LinuxClientTargetPlatform
[2018.02.21-22.37.30:905][  0]LogTemp: Display: Loaded TP LinuxNoEditorTargetPlatform
[2018.02.21-22.37.30:967][  0]LogTemp: Display: Loaded TP LinuxServerTargetPlatform
[2018.02.21-22.37.31:031][  0]LogTemp: Display: Loaded TP LinuxTargetPlatform
[2018.02.21-22.37.31:031][  0]LogTargetPlatformManager: Display: Building Assets For Windows
[2018.02.21-22.37.31:795][  0]LogDerivedDataCache: Display: Max Cache Size: 512 MB
[2018.02.21-22.37.31:868][  0]LogDerivedDataCache: Loaded boot cache 0.07s 93MB C:/Users/harka/AppData/Local/UnrealEngine/4.17/DerivedDataCache/Boot.ddc.
[2018.02.21-22.37.31:868][  0]LogDerivedDataCache: Display: Loaded Boot cache: C:/Users/harka/AppData/Local/UnrealEngine/4.17/DerivedDataCache/Boot.ddc
[2018.02.21-22.37.31:868][  0]LogDerivedDataCache: FDerivedDataBackendGraph:  Pak pak cache file E:/CSCI 152/InstructorOfTheDead2/DerivedDataCache/DDC.ddp not found, will not use a pak cache.
[2018.02.21-22.37.31:868][  0]LogDerivedDataCache: Unable to find inner node Pak for hierarchical cache Hierarchy.
[2018.02.21-22.37.31:868][  0]LogDerivedDataCache: FDerivedDataBackendGraph:  CompressedPak pak cache file E:/CSCI 152/InstructorOfTheDead2/DerivedDataCache/Compressed.ddp not found, will not use a pak cache.
[2018.02.21-22.37.31:868][  0]LogDerivedDataCache: Unable to find inner node CompressedPak for hierarchical cache Hierarchy.
[2018.02.21-22.37.31:883][  0]LogDerivedDataCache: Display: Pak cache opened for reading ../../../Engine/DerivedDataCache/Compressed.ddp.
[2018.02.21-22.37.31:895][  0]LogDerivedDataCache: Using Local data cache path C:/Users/harka/AppData/Local/UnrealEngine/Common/DerivedDataCache: Writable
[2018.02.21-22.37.31:903][  0]LogMaterial: Verifying Global Shaders for PCD3D_SM5
[2018.02.21-22.37.31:904][  0]LogSlate: Using Freetype 2.6.0
[2018.02.21-22.37.31:904][  0]LogSlate: SlateFontCache - WITH_FREETYPE: 1, WITH_HARFBUZZ: 1
[2018.02.21-22.37.31:904][  0]LogSlate: SlateFontCache - WITH_FREETYPE: 1, WITH_HARFBUZZ: 1
[2018.02.21-22.37.32:164][  0]LogAssetRegistry: FAssetRegistry took 0.0258 seconds to start up
[2018.02.21-22.37.32:280][  0]LogInit: Selected Device Profile: [Windows]
[2018.02.21-22.37.32:781][  0]LogSimplygon: Simplygon DLL not present - disabling.
[2018.02.21-22.37.32:838][  0]LogMeshReduction: Using SimplygonSwarm for distributed automatic mesh merging
[2018.02.21-22.37.32:838][  0]LogMeshReduction: Using QuadricMeshReduction for automatic static mesh reduction
[2018.02.21-22.37.32:838][  0]LogMeshReduction: No automatic skeletal mesh reduction module available
[2018.02.21-22.37.32:838][  0]LogMeshReduction: No automatic mesh merging module available
[2018.02.21-22.37.32:838][  0]LogMeshMerging: No automatic mesh merging module available
[2018.02.21-22.37.32:848][  0]LogContentStreaming: Texture pool size is 0.00 MB
[2018.02.21-22.37.33:331][  0]LogNetVersion: InstructorOfTheDead2 , NetCL: 3573198, EngineNetVer: 2, GameNetVer: 0 (Checksum: 3960460402)
[2018.02.21-22.37.33:567][  0]LogPackageLocalizationCache: Processed 5 localized package path(s) for 2 prioritized culture(s) in 0.031050 seconds
[2018.02.21-22.37.33:572][  0]LogUObjectArray: 35825 objects as part of root set at end of initial load.
[2018.02.21-22.37.33:572][  0]LogUObjectAllocator: 7529112 out of 0 bytes used by permanent object pool.
[2018.02.21-22.37.33:572][  0]LogUObjectArray: CloseDisregardForGC: 0/0 objects in disregard for GC pool
[2018.02.21-22.37.33:656][  0]LogInit: WinSock: version 1.1 (2.2), MaxSocks=32767, MaxUdp=65467
[2018.02.21-22.37.36:921][  0]LogTcpMessaging: Initializing TcpMessaging bridge
[2018.02.21-22.37.36:970][  0]LogUdpMessaging: Initializing bridge on interface 0.0.0.0:0 to multicast group 230.0.0.1:6666.
[2018.02.21-22.37.37:688][  0]LogLinker: Warning: CreateExport: Failed to load Parent for BlueprintGeneratedClass /Game/ThirdPersonCPP/Blueprints/BP_Gun.BP_Gun_C
[2018.02.21-22.37.37:688][  0]LogLinker: Warning: CreateExport: Failed to load Parent for BlueprintGeneratedClass /Game/ThirdPersonCPP/Blueprints/BP_Gun.BP_Gun_C
[2018.02.21-22.37.37:689][  0]LogLinker: Warning: CreateExport: Failed to load Parent for BlueprintGeneratedClass /Game/ThirdPersonCPP/Blueprints/BP_Gun.BP_Gun_C
[2018.02.21-22.37.37:689][  0]LogLinker: Warning: CreateExport: Failed to load Parent for BlueprintGeneratedClass /Game/ThirdPersonCPP/Blueprints/BP_Gun.BP_Gun_C
[2018.02.21-22.37.37:689][  0]LogLinker: Warning: CreateExport: Failed to load Parent for BlueprintGeneratedClass /Game/ThirdPersonCPP/Blueprints/BP_Gun.BP_Gun_C
[2018.02.21-22.37.37:689][  0]LogLinker: Warning: CreateExport: Failed to load Parent for BlueprintGeneratedClass /Game/ThirdPersonCPP/Blueprints/BP_Gun.BP_Gun_C
[2018.02.21-22.37.37:689][  0]LogLinker: Warning: CreateExport: Failed to load Parent for BlueprintGeneratedClass /Game/ThirdPersonCPP/Blueprints/BP_Gun.BP_Gun_C
[2018.02.21-22.37.37:730][  0]LogLinker: Warning: CreateExport: Failed to load Parent for BlueprintGeneratedClass /Game/ThirdPersonCPP/Blueprints/BP_Gun.BP_Gun_C
[2018.02.21-22.37.37:730][  0]LogLinker: Warning: CreateExport: Failed to load Parent for BlueprintGeneratedClass /Game/ThirdPersonCPP/Blueprints/BP_Gun.BP_Gun_C
[2018.02.21-22.37.37:731][  0]LogLinker: Warning: CreateExport: Failed to load Parent for BlueprintGeneratedClass /Game/ThirdPersonCPP/Blueprints/BP_Gun.BP_Gun_C
[2018.02.21-22.37.37:731][  0]LogLinker: Warning: CreateExport: Failed to load Parent for BlueprintGeneratedClass /Game/ThirdPersonCPP/Blueprints/BP_Gun.BP_Gun_C
[2018.02.21-22.37.37:734][  0]LogBlueprint: Error: [Compiler ThirdPersonCharacter] Spawn node  SpawnActor NONE  must have a  Class  specified.
[2018.02.21-22.37.37:734][  0]LogBlueprint: Warning: [Compiler ThirdPersonCharacter] Input pin  Instigator  specifying non-default value no longer exists on this node. Please refresh node or reset pin to default value to remove pin.
[2018.02.21-22.37.37:736][  0]LogBlueprint: Warning: [Compiler ThirdPersonCharacter] [0013.13] Compile of ThirdPersonCharacter failed. 1 Fatal Issue(s) 1 Warning(s) [in 4 ms] (/Game/ThirdPersonCPP/Blueprints/ThirdPersonCharacter.ThirdPersonCharacter)
[2018.02.21-22.37.37:745][  0]LogLinker: Warning: CreateExport: Failed to load Parent for BlueprintGeneratedClass /Game/ThirdPersonCPP/Blueprints/BP_Gun.BP_Gun_C
[2018.02.21-22.37.37:747][  0]LogLinker: Warning: CreateExport: Failed to load Parent for BlueprintGeneratedClass /Game/ThirdPersonCPP/Blueprints/BP_Gun.BP_Gun_C
[2018.02.21-22.37.37:770][  0]LogAnimationCompression: Building Anim DDC data for AnimSequence /Game/AnimStarterPack/Crouch_Walk_Rt_Rifle_Hip.Crouch_Walk_Rt_Rifle_Hip
[2018.02.21-22.37.37:773][  0]LogAnimationCompression: Building Anim DDC data for AnimSequence /Game/AnimStarterPack/Crouch_Walk_Lt_Rifle_Hip.Crouch_Walk_Lt_Rifle_Hip
[2018.02.21-22.37.37:775][  0]LogAnimationCompression: Building Anim DDC data for AnimSequence /Game/AnimStarterPack/Crouch_Walk_Fwd_Rifle_Hip.Crouch_Walk_Fwd_Rifle_Hip
[2018.02.21-22.37.37:778][  0]LogAnimationCompression: Building Anim DDC data for AnimSequence /Game/AnimStarterPack/Crouch_Walk_Bwd_Rifle_Hip.Crouch_Walk_Bwd_Rifle_Hip
[2018.02.21-22.37.37:781][  0]LogAnimationCompression: Building Anim DDC data for AnimSequence /Game/AnimStarterPack/Jump_From_Stand.Jump_From_Stand
[2018.02.21-22.37.37:783][  0]LogAnimationCompression: Building Anim DDC data for AnimSequence /Game/AnimStarterPack/Jump_From_Jog.Jump_From_Jog
[2018.02.21-22.37.37:784][  0]LogAnimationCompression: Building Anim DDC data for AnimSequence /Game/AnimStarterPack/Idle_Rifle_Hip.Idle_Rifle_Hip
[2018.02.21-22.37.37:791][  0]LogAnimationCompression: Building Anim DDC data for AnimSequence /Game/AnimStarterPack/Crouch_Idle_Rifle_Hip.Crouch_Idle_Rifle_Hip
[2018.02.21-22.37.37:806][  0]LogAnimationCompression: Building Anim DDC data for AnimSequence /Game/AnimStarterPack/Jog_Rt_Rifle.Jog_Rt_Rifle
[2018.02.21-22.37.37:809][  0]LogAnimationCompression: Building Anim DDC data for AnimSequence /Game/AnimStarterPack/Jog_Lt_Rifle.Jog_Lt_Rifle
[2018.02.21-22.37.37:811][  0]LogAnimationCompression: Building Anim DDC data for AnimSequence /Game/AnimStarterPack/Jog_Fwd_Rifle.Jog_Fwd_Rifle
[2018.02.21-22.37.37:813][  0]LogAnimationCompression: Building Anim DDC data for AnimSequence /Game/AnimStarterPack/Jog_Bwd_Rifle.Jog_Bwd_Rifle
[2018.02.21-22.37.38:106][  0]LogMaterial: Uniform references updated for custom material expression Custom.
[2018.02.21-22.37.38:658][  0]SourceControl: Source control is disabled
[2018.02.21-22.37.38:659][  0]SourceControl: Source control is disabled
[2018.02.21-22.37.38:721][  0]SourceControl: Source control is disabled
[2018.02.21-22.37.38:784][  0]SourceControl: Source control is disabled
[2018.02.21-22.37.39:564][  0]LogAndroidPermission: UAndroidPermissionCallbackProxy::GetInstance
[2018.02.21-22.37.39:937][  0]LogOcInput: OculusInput pre-init called
[2018.02.21-22.37.40:260][  0]LogEngine: Initializing Engine...
[2018.02.21-22.37.40:262][  0]LogHMD: Failed to initialize OpenVR with code 110
[2018.02.21-22.37.40:470][  0]LogStats: UGameplayTagsManager::ConstructGameplayTagTree: Construct from data asset -  0.000 s
[2018.02.21-22.37.40:470][  0]LogStats: UGameplayTagsManager::ConstructGameplayTagTree: GameplayTagTreeChangedEvent.Broadcast -  0.000 s
[2018.02.21-22.37.40:647][  0]LogAIModule: Creating AISystem for world Untitled
[2018.02.21-22.37.40:657][  0]LogInit: XAudio2 using 'Speakers (Realtek High Definition Audio)' : 2 channels at 48 kHz using 32 bits per sample (channel mask 0x3)
[2018.02.21-22.37.40:692][  0]LogInit: FAudioDevice initialized.
[2018.02.21-22.37.40:747][  0]LogDerivedDataCache: Saved boot cache 0.05s 94MB C:/Users/harka/AppData/Local/UnrealEngine/4.17/DerivedDataCache/Boot.ddc.
[2018.02.21-22.37.40:757][  0]LogInit: Texture streaming: Enabled
[2018.02.21-22.37.40:919][  0]LogEngineSessionManager: EngineSessionManager initialized
[2018.02.21-22.37.41:218][  0]LogInit: Transaction tracking system initialized
[2018.02.21-22.37.41:657][  0]BlueprintLog: New page: Editor Load
[2018.02.21-22.37.42:964][  0]LocalizationService: Localization service is disabled
[2018.02.21-22.37.43:891][  0]LogConsoleResponse: Display: 
[2018.02.21-22.37.44:099][  0]LogCook: Display: Max memory allowance for cook 16384mb min free memory 0mb
[2018.02.21-22.37.44:099][  0]LogCook: Display: Mobile HDR setting 1
[2018.02.21-22.37.44:099][  0]LogGameplayTags: Display: UGameplayTagsManager::DoneAddingNativeTags. DelegateIsBound: 0
[2018.02.21-22.37.44:798][  0]LogFileCache: Scanning file cache for directory 'E:/CSCI 152/InstructorOfTheDead2/Content/' took 0.01s
[2018.02.21-22.37.45:532][  0]SourceControl: Source control is disabled
[2018.02.21-22.37.45:532][  0]Cmd: MAP LOAD FILE="E:/CSCI 152/InstructorOfTheDead2/Content/ThirdPersonCPP/Maps/ThirdPersonExampleMap.umap" TEMPLATE=0 SHOWPROGRESS=1 FEATURELEVEL=3
[2018.02.21-22.37.45:532][  0]LightingResults: New page: Lighting Build
[2018.02.21-22.37.45:591][  0]MapCheck: New page: Map Check
[2018.02.21-22.37.45:591][  0]LightingResults: New page: Lighting Build
[2018.02.21-22.37.45:805][  0]LogAIModule: Creating AISystem for world ThirdPersonExampleMap
[2018.02.21-22.37.45:812][  0]LogEditorServer: Finished looking for orphan Actors (0.000 secs)
[2018.02.21-22.37.45:830][  0]Cmd: MAP CHECKDEP NOCLEARLOG
[2018.02.21-22.37.45:896][  0]MapCheck: Map check complete: 0 Error(s), 0 Warning(s), took 65.783ms to complete.
[2018.02.21-22.37.45:896][  0]LogFileHelpers: Loading map 'ThirdPersonExampleMap' took 0.364
[2018.02.21-22.37.46:084][  0]LogCollectionManager: Loaded 0 collections in 0.001552 seconds
[2018.02.21-22.37.46:193][  0]LogFileCache: Scanning file cache for directory 'E:/CSCI 152/InstructorOfTheDead2/Saved/Collections/' took 0.01s
[2018.02.21-22.37.46:193][  0]LogFileCache: Scanning file cache for directory 'E:/CSCI 152/InstructorOfTheDead2/Content/Developers/HarkaranBrar/Collections/' took 0.01s
[2018.02.21-22.37.46:193][  0]LogFileCache: Scanning file cache for directory 'E:/CSCI 152/InstructorOfTheDead2/Content/Collections/' took 0.01s
[2018.02.21-22.37.46:193][  0]LogCollectionManager: Rebuilt the GUID cache for 0 collections in 0.000000 seconds
[2018.02.21-22.37.46:202][  0]LogContentBrowser: Native class hierarchy populated in 0.0093 seconds. Added 2388 classes and 502 folders.
[2018.02.21-22.37.46:295][  0]LogContentBrowser: Native class hierarchy updated for 'WidgetCarousel' in 0.0021 seconds. Added 0 classes and 0 folders.
[2018.02.21-22.37.46:340][  0]LogContentBrowser: Native class hierarchy updated for 'AddContentDialog' in 0.0023 seconds. Added 0 classes and 0 folders.
[2018.02.21-22.37.46:403][  0]LogContentBrowser: Native class hierarchy updated for 'SceneOutliner' in 0.0021 seconds. Added 1 classes and 2 folders.
[2018.02.21-22.37.46:570][  0]LogContentBrowser: Native class hierarchy updated for 'HierarchicalLODOutliner' in 0.0045 seconds. Added 1 classes and 2 folders.
[2018.02.21-22.37.46:571][  0]LogLoad: (Engine Initialization) Total time: 21.96 seconds
[2018.02.21-22.37.46:571][  0]LogLoad: (Engine Initialization) Total Blueprint compile time: 0.00 seconds
[2018.02.21-22.37.46:571][  0]LogExternalProfiler: No external profilers were discovered.  External profiling features will not be available.
[2018.02.21-22.37.46:589][  0]LogWindowsTextInputMethodSystem: Display: IME system now deactivated.
[2018.02.21-22.37.46:590][  0]LoadErrors: Warning: CreateExport: Failed to load Outer for resource 'DefaultSceneRoot': BlueprintGeneratedClass /Game/ThirdPersonCPP/Blueprints/BP_Gun.BP_Gun_C
[2018.02.21-22.37.46:590][  0]LoadErrors: Warning: CreateExport: Failed to load Outer for resource 'UserConstructionScript': BlueprintGeneratedClass /Game/ThirdPersonCPP/Blueprints/BP_Gun.BP_Gun_C
[2018.02.21-22.37.46:590][  0]LoadErrors: Warning: CreateExport: Failed to load Outer for resource 'DefaultSceneRoot_GEN_VARIABLE': BlueprintGeneratedClass /Game/ThirdPersonCPP/Blueprints/BP_Gun.BP_Gun_C
[2018.02.21-22.37.46:590][  0]LoadErrors: Warning: CreateExport: Failed to load Outer for resource 'SimpleConstructionScript_0': BlueprintGeneratedClass /Game/ThirdPersonCPP/Blueprints/BP_Gun.BP_Gun_C
[2018.02.21-22.37.46:590][  0]LoadErrors: Warning: CreateExport: Failed to load Outer for resource 'SCS_Node_0': SimpleConstructionScript /Game/ThirdPersonCPP/Blueprints/BP_Gun.BP_Gun_C:SimpleConstructionScript_0
[2018.02.21-22.37.46:590][  0]LoadErrors: Warning: CreateExport: Failed to load Outer for resource 'MeshComp': BP_Gun_C /Game/ThirdPersonCPP/Blueprints/BP_Gun.Default__BP_Gun_C
[2018.02.21-22.37.46:609][  0]LogContentStreaming: Texture pool size now 1000 MB
[2018.02.21-22.37.46:618][  0]LogSlate: Took 0.000271 seconds to synchronously load lazily loaded font '../../../Engine/Content/Slate/Fonts/Roboto-Regular.ttf' (155K)
[2018.02.21-22.37.46:620][  0]LogSlate: Took 0.000182 seconds to synchronously load lazily loaded font '../../../Engine/Content/Slate/Fonts/Roboto-Bold.ttf' (160K)
[2018.02.21-22.37.46:624][  0]LogSlate: Took 0.000278 seconds to synchronously load lazily loaded font '../../../Engine/Content/Editor/Slate/Fonts/FontAwesome.ttf' (139K)
[2018.02.21-22.37.46:745][  0]LogSlate: Took 0.000385 seconds to synchronously load lazily loaded font '../../../Engine/Content/Slate/Fonts/Roboto-Light.ttf' (159K)
[2018.02.21-22.37.46:783][  1]LogRenderer: Reallocating scene render targets to support 824x396 Format 10 NumSamples 1 (Frame:1).
[2018.02.21-22.37.46:783][  1]LogAssetRegistry: Asset discovery search completed in 14.6418 seconds
[2018.02.21-22.37.46:785][  1]LogCollectionManager: Rebuilt the object cache for 0 collections in 0.000000 seconds (found 0 objects)
[2018.02.21-22.37.46:785][  1]LogCollectionManager: Fixed up redirectors for 0 collections in 0.000077 seconds (updated 0 objects)
[2018.02.21-22.38.15:682][727]LogTemp: Repeating last play command: Selected Viewport
[2018.02.21-22.38.15:715][727]LogBlueprintUserMessages: Early PlayInEditor Detection: Level '/Game/ThirdPersonCPP/Maps/ThirdPersonExampleMap.ThirdPersonExampleMap:PersistentLevel' has LevelScriptBlueprint '/Game/ThirdPersonCPP/Maps/ThirdPersonExampleMap.ThirdPersonExampleMap:PersistentLevel.ThirdPersonExampleMap' with GeneratedClass '/Game/ThirdPersonCPP/Maps/ThirdPersonExampleMap.ThirdPersonExampleMap_C' with ClassGeneratedBy '/Game/ThirdPersonCPP/Maps/ThirdPersonExampleMap.ThirdPersonExampleMap:PersistentLevel.ThirdPersonExampleMap'
[2018.02.21-22.38.15:715][727]LogPlayLevel: PlayLevel: No blueprints needed recompiling
[2018.02.21-22.38.19:788][727]PIE: New page: PIE session: ThirdPersonExampleMap (Feb 21, 2018, 6:38:19 AM)
[2018.02.21-22.38.19:788][727]LogPlayLevel: Creating play world package: /Game/ThirdPersonCPP/Maps/UEDPIE_0_ThirdPersonExampleMap
[2018.02.21-22.38.19:801][727]LogPlayLevel: PIE: StaticDuplicateObject took: (0.013450s)
[2018.02.21-22.38.19:802][727]LogAIModule: Creating AISystem for world ThirdPersonExampleMap
[2018.02.21-22.38.19:802][727]LogPlayLevel: PIE: World Init took: (0.000785s)
[2018.02.21-22.38.19:802][727]LogPlayLevel: PIE: Created PIE world by copying editor world from /Game/ThirdPersonCPP/Maps/ThirdPersonExampleMap.ThirdPersonExampleMap to /Game/ThirdPersonCPP/Maps/UEDPIE_0_ThirdPersonExampleMap.ThirdPersonExampleMap (0.014717s)
[2018.02.21-22.38.19:813][727]LogInit: XAudio2 using 'Speakers (Realtek High Definition Audio)' : 2 channels at 48 kHz using 32 bits per sample (channel mask 0x3)
[2018.02.21-22.38.19:822][727]LogInit: FAudioDevice initialized.
[2018.02.21-22.38.19:867][727]LogLoad: Game class is 'InstructorOfTheDead2GameMode'
[2018.02.21-22.38.19:871][727]LogWorld: Bringing World /Game/ThirdPersonCPP/Maps/UEDPIE_0_ThirdPersonExampleMap.ThirdPersonExampleMap up for play (max tick rate 60) at 2018.02.21-14.38.19
[2018.02.21-22.38.19:872][727]LogWorld: Bringing up level for play took: 0.003045
[2018.02.21-22.38.19:950][727]LogContentBrowser: Native class hierarchy updated for 'MovieSceneCapture' in 0.0024 seconds. Added 11 classes and 0 folders.
[2018.02.21-22.38.19:951][727]PIE: Play in editor start time for /Game/ThirdPersonCPP/Maps/UEDPIE_0_ThirdPersonExampleMap 4.423
[2018.02.21-22.38.19:951][727]LogBlueprintUserMessages: Late PlayInEditor Detection: Level '/Game/ThirdPersonCPP/Maps/ThirdPersonExampleMap.ThirdPersonExampleMap:PersistentLevel' has LevelScriptBlueprint '/Game/ThirdPersonCPP/Maps/ThirdPersonExampleMap.ThirdPersonExampleMap:PersistentLevel.ThirdPersonExampleMap' with GeneratedClass '/Game/ThirdPersonCPP/Maps/ThirdPersonExampleMap.ThirdPersonExampleMap_C' with ClassGeneratedBy '/Game/ThirdPersonCPP/Maps/ThirdPersonExampleMap.ThirdPersonExampleMap:PersistentLevel.ThirdPersonExampleMap'
[2018.02.21-22.38.29:450][296]LogBlueprintUserMessages: Early EndPlayMap Detection: Level '/Game/ThirdPersonCPP/Maps/ThirdPersonExampleMap.ThirdPersonExampleMap:PersistentLevel' has LevelScriptBlueprint '/Game/ThirdPersonCPP/Maps/ThirdPersonExampleMap.ThirdPersonExampleMap:PersistentLevel.ThirdPersonExampleMap' with GeneratedClass '/Game/ThirdPersonCPP/Maps/ThirdPersonExampleMap.ThirdPersonExampleMap_C' with ClassGeneratedBy '/Game/ThirdPersonCPP/Maps/ThirdPersonExampleMap.ThirdPersonExampleMap:PersistentLevel.ThirdPersonExampleMap'
[2018.02.21-22.38.29:486][296]LogBlueprintUserMessages: Late EndPlayMap Detection: Level '/Game/ThirdPersonCPP/Maps/ThirdPersonExampleMap.ThirdPersonExampleMap:PersistentLevel' has LevelScriptBlueprint '/Game/ThirdPersonCPP/Maps/ThirdPersonExampleMap.ThirdPersonExampleMap:PersistentLevel.ThirdPersonExampleMap' with GeneratedClass '/Game/ThirdPersonCPP/Maps/ThirdPersonExampleMap.ThirdPersonExampleMap_C' with ClassGeneratedBy '/Game/ThirdPersonCPP/Maps/ThirdPersonExampleMap.ThirdPersonExampleMap:PersistentLevel.ThirdPersonExampleMap'
[2018.02.21-22.38.47:687][385]LogSlate: Took 0.000153 seconds to synchronously load lazily loaded font '../../../Engine/Content/Slate/Fonts/Roboto-Light.ttf' (159K)
[2018.02.21-22.39.01:823][793]LogVSAccessor: Warning: Couldn't goto line number '0' in 'E:/CSCI 152/InstructorOfTheDead2/Source/InstructorOfTheDead2/InstructorOfTheDead2Character.h'
[2018.02.21-22.39.01:866][793]LogVSAccessor: Warning: Couldn't goto line number '0' in 'E:/CSCI 152/InstructorOfTheDead2/Source/InstructorOfTheDead2/InstructorOfTheDead2Character.cpp'
[2018.02.21-22.39.39:691][977]SourceControl: On branch Character-set
[2018.02.21-22.39.39:691][977]SourceControl: Your branch is up to date with 'origin/Character-set'.
[2018.02.21-22.39.39:691][977]SourceControl: Changes not staged for commit:
[2018.02.21-22.39.39:691][977]SourceControl:   (use "git add/rm <file>..." to update what will be committed)
[2018.02.21-22.39.39:691][977]SourceControl:   (use "git checkout -- <file>..." to discard changes in working directory)
[2018.02.21-22.39.39:691][977]SourceControl: 	modified:   .vs/InstructorOfTheDead2/v15/.suo
[2018.02.21-22.39.39:691][977]SourceControl: 	modified:   .vs/InstructorOfTheDead2/v15/Browse.VC.db
[2018.02.21-22.39.39:691][977]SourceControl: 	modified:   .vs/InstructorOfTheDead2/v15/Solution.VC.db
[2018.02.21-22.39.39:691][977]SourceControl: 	deleted:    .vs/InstructorOfTheDead2/v15/Solution.VC.db-shm
[2018.02.21-22.39.39:691][977]SourceControl: 	deleted:    .vs/InstructorOfTheDead2/v15/Solution.VC.db-wal
[2018.02.21-22.39.39:691][977]SourceControl: 	modified:   Binaries/Win64/InstructorOfTheDead2Editor.target
[2018.02.21-22.39.39:691][977]SourceControl: 	modified:   Binaries/Win64/UE4Editor.modules
[2018.02.21-22.39.39:691][977]SourceControl: 	modified:   Content/ThirdPersonCPP/Maps/ThirdPersonExampleMap.umap
[2018.02.21-22.39.39:691][977]SourceControl: 	modified:   Content/ThirdPersonCPP/Maps/ThirdPersonExampleMap_BuiltData.uasset
[2018.02.21-22.39.39:691][977]SourceControl: 	modified:   InstructorOfTheDead2.sln
[2018.02.21-22.39.39:691][977]SourceControl: 	modified:   Intermediate/Build/ActionHistory.bin
[2018.02.21-22.39.39:691][977]SourceControl: 	modified:   Intermediate/Build/BuildRules/InstructorOfTheDead2ModuleRules.dll
[2018.02.21-22.39.39:691][977]SourceControl: 	modified:   Intermediate/Build/BuildRules/InstructorOfTheDead2ModuleRules.pdb
[2018.02.21-22.39.39:691][977]SourceControl: 	modified:   Intermediate/Build/BuildRules/InstructorOfTheDead2ModuleRulesSourceFiles.txt
[2018.02.21-22.39.39:691][977]SourceControl: 	modified:   Intermediate/Build/Win64/InstructorOfTheDead2Editor/Development/InstructorOfTheDead2Editor.uhtmanifest
[2018.02.21-22.39.39:691][977]SourceControl: 	modified:   Intermediate/Build/Win64/UE4Editor/Development/InstructorOfTheDead2/InstructorOfTheDead2.cpp.obj
[2018.02.21-22.39.39:691][977]SourceControl: 	modified:   Intermediate/Build/Win64/UE4Editor/Development/InstructorOfTheDead2/InstructorOfTheDead2.cpp.obj.response
[2018.02.21-22.39.39:691][977]SourceControl: 	modified:   Intermediate/Build/Win64/UE4Editor/Development/InstructorOfTheDead2/InstructorOfTheDead2.init.gen.cpp.obj
[2018.02.21-22.39.39:691][977]SourceControl: 	modified:   Intermediate/Build/Win64/UE4Editor/Development/InstructorOfTheDead2/InstructorOfTheDead2.init.gen.cpp.obj.response
[2018.02.21-22.39.39:691][977]SourceControl: 	modified:   Intermediate/Build/Win64/UE4Editor/Development/InstructorOfTheDead2/InstructorOfTheDead2Character.cpp.obj
[2018.02.21-22.39.39:691][977]SourceControl: 	modified:   Intermediate/Build/Win64/UE4Editor/Development/InstructorOfTheDead2/InstructorOfTheDead2Character.cpp.obj.response
[2018.02.21-22.39.39:691][977]SourceControl: 	modified:   Intermediate/Build/Win64/UE4Editor/Development/InstructorOfTheDead2/InstructorOfTheDead2Character.gen.cpp.obj
[2018.02.21-22.39.39:691][977]SourceControl: 	modified:   Intermediate/Build/Win64/UE4Editor/Development/InstructorOfTheDead2/InstructorOfTheDead2Character.gen.cpp.obj.response
[2018.02.21-22.39.39:691][977]SourceControl: 	modified:   Intermediate/Build/Win64/UE4Editor/Development/InstructorOfTheDead2/InstructorOfTheDead2GameMode.cpp.obj
[2018.02.21-22.39.39:691][977]SourceControl: 	modified:   Intermediate/Build/Win64/UE4Editor/Development/InstructorOfTheDead2/InstructorOfTheDead2GameMode.cpp.obj.response
[2018.02.21-22.39.39:691][977]SourceControl: 	modified:   Intermediate/Build/Win64/UE4Editor/Development/InstructorOfTheDead2/InstructorOfTheDead2GameMode.gen.cpp.obj
[2018.02.21-22.39.39:691][977]SourceControl: 	modified:   Intermediate/Build/Win64/UE4Editor/Development/InstructorOfTheDead2/InstructorOfTheDead2GameMode.gen.cpp.obj.response
[2018.02.21-22.39.39:691][977]SourceControl: 	modified:   Intermediate/Build/Win64/UE4Editor/Inc/InstructorOfTheDead2/Timestamp
[2018.02.21-22.39.39:691][977]SourceControl: 	modified:   Intermediate/CachedAssetRegistry.bin
[2018.02.21-22.39.39:691][977]SourceControl: 	modified:   Intermediate/Config/CoalescedSourceConfigs/EditorPerProjectUserSettings.ini
[2018.02.21-22.39.39:691][977]SourceControl: 	modified:   Intermediate/Config/CoalescedSourceConfigs/Engine.ini
[2018.02.21-22.39.39:691][977]SourceControl: 	modified:   Intermediate/Config/CoalescedSourceConfigs/Input.ini
[2018.02.21-22.39.39:691][977]SourceControl: 	modified:   Saved/AutoScreenshot.png
[2018.02.21-22.39.39:691][977]SourceControl: 	modified:   Saved/Autosaves/PackageRestoreData.json
[2018.02.21-22.39.39:691][977]SourceControl: 	modified:   Saved/Config/Windows/EditorPerProjectUserSettings.ini
[2018.02.21-22.39.39:691][977]SourceControl: 	modified:   Saved/Config/Windows/Engine.ini
[2018.02.21-22.39.39:691][977]SourceControl: 	modified:   Saved/Logs/InstructorOfTheDead2.log
[2018.02.21-22.39.39:691][977]SourceControl: Untracked files:
[2018.02.21-22.39.39:691][977]SourceControl:   (use "git add <file>..." to include in what will be committed)
[2018.02.21-22.39.39:691][977]SourceControl: 	.vs/InstructorOfTheDead2/v15/ipch/
[2018.02.21-22.39.39:692][977]SourceControl: 	Binaries/Win64/UE4Editor-InstructorOfTheDead2-2783.dll
[2018.02.21-22.39.39:692][977]SourceControl: 	Binaries/Win64/UE4Editor-InstructorOfTheDead2-2783.pdb
[2018.02.21-22.39.39:692][977]SourceControl: 	Binaries/Win64/UE4Editor-InstructorOfTheDead2-3414.dll
[2018.02.21-22.39.39:692][977]SourceControl: 	Binaries/Win64/UE4Editor-InstructorOfTheDead2-3414.pdb
[2018.02.21-22.39.39:692][977]SourceControl: 	Binaries/Win64/UE4Editor-InstructorOfTheDead2-4895.dll
[2018.02.21-22.39.39:692][977]SourceControl: 	Binaries/Win64/UE4Editor-InstructorOfTheDead2-4895.pdb
[2018.02.21-22.39.39:692][977]SourceControl: 	Binaries/Win64/UE4Editor-InstructorOfTheDead2-57.dll
[2018.02.21-22.39.39:692][977]SourceControl: 	Binaries/Win64/UE4Editor-InstructorOfTheDead2-57.pdb
[2018.02.21-22.39.39:692][977]SourceControl: 	Binaries/Win64/UE4Editor-InstructorOfTheDead2-6161.dll
[2018.02.21-22.39.39:692][977]SourceControl: 	Binaries/Win64/UE4Editor-InstructorOfTheDead2-6161.pdb
[2018.02.21-22.39.39:692][977]SourceControl: 	Binaries/Win64/UE4Editor-InstructorOfTheDead2-7452.dll
[2018.02.21-22.39.39:692][977]SourceControl: 	Binaries/Win64/UE4Editor-InstructorOfTheDead2-7452.pdb
[2018.02.21-22.39.39:692][977]SourceControl: 	Binaries/Win64/UE4Editor-InstructorOfTheDead2-7863.dll
[2018.02.21-22.39.39:692][977]SourceControl: 	Binaries/Win64/UE4Editor-InstructorOfTheDead2-7863.pdb
[2018.02.21-22.39.39:692][977]SourceControl: 	Binaries/Win64/UE4Editor-InstructorOfTheDead2-8681.dll
[2018.02.21-22.39.39:692][977]SourceControl: 	Binaries/Win64/UE4Editor-InstructorOfTheDead2-8681.pdb
[2018.02.21-22.39.39:692][977]SourceControl: 	Binaries/Win64/UE4Editor-InstructorOfTheDead2-8951.dll
[2018.02.21-22.39.39:692][977]SourceControl: 	Binaries/Win64/UE4Editor-InstructorOfTheDead2-8951.pdb
[2018.02.21-22.39.39:692][977]SourceControl: 	Content/AnimStarterPack/Idle_Rifle_Hip.uasset
[2018.02.21-22.39.39:692][977]SourceControl: 	Content/AnimStarterPack/Jog_Bwd_Rifle.uasset
[2018.02.21-22.39.39:692][977]SourceControl: 	Content/AnimStarterPack/Jog_Fwd_Rifle.uasset
[2018.02.21-22.39.39:692][977]SourceControl: 	Content/AnimStarterPack/Jog_Lt_Rifle.uasset
[2018.02.21-22.39.39:692][977]SourceControl: 	Content/AnimStarterPack/Jog_Rt_Rifle.uasset
[2018.02.21-22.39.39:692][977]SourceControl: 	Content/AnimStarterPack/Jump_From_Jog.uasset
[2018.02.21-22.39.39:692][977]SourceControl: 	Content/AnimStarterPack/Jump_From_Stand.uasset
[2018.02.21-22.39.39:692][977]SourceControl: 	Content/AnimStarterPack/UE4_Mannequin/Materials/MaterialLayers/
[2018.02.21-22.39.39:692][977]SourceControl: 	Content/AnimStarterPack/UE4_Mannequin/Textures/
[2018.02.21-22.39.39:692][977]SourceControl: 	Intermediate/AssetRegistryCache/311563bb.bin
[2018.02.21-22.39.39:692][977]SourceControl: 	Intermediate/AssetRegistryCache/c90e3f55.bin
[2018.02.21-22.39.39:692][977]SourceControl: 	Intermediate/Build/Unused/
[2018.02.21-22.39.39:692][977]SourceControl: 	Intermediate/Build/Win64/InstructorOfTheDead2Editor/DependencyCache.bin.buildmutex
[2018.02.21-22.39.39:692][977]SourceControl: 	Intermediate/Build/Win64/InstructorOfTheDead2Editor/Development/Deploy.dat
[2018.02.21-22.39.39:692][977]SourceControl: 	Intermediate/Build/Win64/InstructorOfTheDead2Editor/Development/HotReloadMakefile.ubt
[2018.02.21-22.39.39:692][977]SourceControl: 	Intermediate/Build/Win64/InstructorOfTheDead2Editor/FlatCPPIncludes.bin.buildmutex
[2018.02.21-22.39.39:692][977]SourceControl: 	Intermediate/Build/Win64/UE4Editor/Development/UE4Editor-InstructorOfTheDead2-57.dll.response
[2018.02.21-22.39.39:692][977]SourceControl: 	Intermediate/Build/Win64/UE4Editor/Development/UE4Editor-InstructorOfTheDead2-57.exp
[2018.02.21-22.39.39:692][977]SourceControl: 	Intermediate/Build/Win64/UE4Editor/Development/UE4Editor-InstructorOfTheDead2-57.lib
[2018.02.21-22.39.39:692][977]SourceControl: 	Intermediate/Build/Win64/UE4Editor/Development/UE4Editor-InstructorOfTheDead2-57.lib.response
[2018.02.21-22.39.39:692][977]SourceControl: 	Intermediate/Build/Win64/UE4Editor/Development/UE4Editor-InstructorOfTheDead2-57.suppressed.exp
[2018.02.21-22.39.39:692][977]SourceControl: 	Intermediate/Build/Win64/UE4Editor/Development/UE4Editor-InstructorOfTheDead2-57.suppressed.lib
[2018.02.21-22.39.39:692][977]SourceControl: 	Saved/Backup/
[2018.02.21-22.39.39:692][977]SourceControl: 	Saved/Config/CrashReportClient/UE4CC-Windows-69AC5F354CA01D3FD7589FA5D1DD552D/
[2018.02.21-22.39.39:692][977]SourceControl: 	Saved/Config/WorldState/
[2018.02.21-22.39.39:692][977]SourceControl: 	Saved/Logs/InstructorOfTheDead2-backup-2018.02.21-14.37.25.log
[2018.02.21-22.39.39:692][977]SourceControl: no changes added to commit (use "git add" and/or "git commit -a")
[2018.02.21-22.39.48:126][482]SourceControl: On branch Character-set
[2018.02.21-22.39.48:126][482]SourceControl: Your branch is up to date with 'origin/Character-set'.
[2018.02.21-22.39.48:126][482]SourceControl: Changes not staged for commit:
[2018.02.21-22.39.48:126][482]SourceControl:   (use "git add/rm <file>..." to update what will be committed)
[2018.02.21-22.39.48:126][482]SourceControl:   (use "git checkout -- <file>..." to discard changes in working directory)
[2018.02.21-22.39.48:126][482]SourceControl: 	modified:   .vs/InstructorOfTheDead2/v15/.suo
[2018.02.21-22.39.48:126][482]SourceControl: 	modified:   .vs/InstructorOfTheDead2/v15/Browse.VC.db
[2018.02.21-22.39.48:126][482]SourceControl: 	modified:   .vs/InstructorOfTheDead2/v15/Solution.VC.db
[2018.02.21-22.39.48:126][482]SourceControl: 	deleted:    .vs/InstructorOfTheDead2/v15/Solution.VC.db-shm
[2018.02.21-22.39.48:126][482]SourceControl: 	deleted:    .vs/InstructorOfTheDead2/v15/Solution.VC.db-wal
[2018.02.21-22.39.48:126][482]SourceControl: 	modified:   Binaries/Win64/InstructorOfTheDead2Editor.target
[2018.02.21-22.39.48:126][482]SourceControl: 	modified:   Binaries/Win64/UE4Editor.modules
[2018.02.21-22.39.48:126][482]SourceControl: 	modified:   Content/ThirdPersonCPP/Maps/ThirdPersonExampleMap.umap
[2018.02.21-22.39.48:126][482]SourceControl: 	modified:   Content/ThirdPersonCPP/Maps/ThirdPersonExampleMap_BuiltData.uasset
[2018.02.21-22.39.48:126][482]SourceControl: 	modified:   InstructorOfTheDead2.sln
[2018.02.21-22.39.48:126][482]SourceControl: 	modified:   Intermediate/Build/ActionHistory.bin
[2018.02.21-22.39.48:126][482]SourceControl: 	modified:   Intermediate/Build/BuildRules/InstructorOfTheDead2ModuleRules.dll
[2018.02.21-22.39.48:126][482]SourceControl: 	modified:   Intermediate/Build/BuildRules/InstructorOfTheDead2ModuleRules.pdb
[2018.02.21-22.39.48:126][482]SourceControl: 	modified:   Intermediate/Build/BuildRules/InstructorOfTheDead2ModuleRulesSourceFiles.txt
[2018.02.21-22.39.48:126][482]SourceControl: 	modified:   Intermediate/Build/Win64/InstructorOfTheDead2Editor/Development/InstructorOfTheDead2Editor.uhtmanifest
[2018.02.21-22.39.48:126][482]SourceControl: 	modified:   Intermediate/Build/Win64/UE4Editor/Development/InstructorOfTheDead2/InstructorOfTheDead2.cpp.obj
[2018.02.21-22.39.48:126][482]SourceControl: 	modified:   Intermediate/Build/Win64/UE4Editor/Development/InstructorOfTheDead2/InstructorOfTheDead2.cpp.obj.response
[2018.02.21-22.39.48:126][482]SourceControl: 	modified:   Intermediate/Build/Win64/UE4Editor/Development/InstructorOfTheDead2/InstructorOfTheDead2.init.gen.cpp.obj
[2018.02.21-22.39.48:126][482]SourceControl: 	modified:   Intermediate/Build/Win64/UE4Editor/Development/InstructorOfTheDead2/InstructorOfTheDead2.init.gen.cpp.obj.response
[2018.02.21-22.39.48:126][482]SourceControl: 	modified:   Intermediate/Build/Win64/UE4Editor/Development/InstructorOfTheDead2/InstructorOfTheDead2Character.cpp.obj
[2018.02.21-22.39.48:126][482]SourceControl: 	modified:   Intermediate/Build/Win64/UE4Editor/Development/InstructorOfTheDead2/InstructorOfTheDead2Character.cpp.obj.response
[2018.02.21-22.39.48:126][482]SourceControl: 	modified:   Intermediate/Build/Win64/UE4Editor/Development/InstructorOfTheDead2/InstructorOfTheDead2Character.gen.cpp.obj
[2018.02.21-22.39.48:126][482]SourceControl: 	modified:   Intermediate/Build/Win64/UE4Editor/Development/InstructorOfTheDead2/InstructorOfTheDead2Character.gen.cpp.obj.response
[2018.02.21-22.39.48:126][482]SourceControl: 	modified:   Intermediate/Build/Win64/UE4Editor/Development/InstructorOfTheDead2/InstructorOfTheDead2GameMode.cpp.obj
[2018.02.21-22.39.48:126][482]SourceControl: 	modified:   Intermediate/Build/Win64/UE4Editor/Development/InstructorOfTheDead2/InstructorOfTheDead2GameMode.cpp.obj.response
[2018.02.21-22.39.48:126][482]SourceControl: 	modified:   Intermediate/Build/Win64/UE4Editor/Development/InstructorOfTheDead2/InstructorOfTheDead2GameMode.gen.cpp.obj
[2018.02.21-22.39.48:126][482]SourceControl: 	modified:   Intermediate/Build/Win64/UE4Editor/Development/InstructorOfTheDead2/InstructorOfTheDead2GameMode.gen.cpp.obj.response
[2018.02.21-22.39.48:126][482]SourceControl: 	modified:   Intermediate/Build/Win64/UE4Editor/Inc/InstructorOfTheDead2/Timestamp
[2018.02.21-22.39.48:126][482]SourceControl: 	modified:   Intermediate/CachedAssetRegistry.bin
[2018.02.21-22.39.48:126][482]SourceControl: 	modified:   Intermediate/Config/CoalescedSourceConfigs/EditorPerProjectUserSettings.ini
[2018.02.21-22.39.48:126][482]SourceControl: 	modified:   Intermediate/Config/CoalescedSourceConfigs/Engine.ini
[2018.02.21-22.39.48:126][482]SourceControl: 	modified:   Intermediate/Config/CoalescedSourceConfigs/Input.ini
[2018.02.21-22.39.48:126][482]SourceControl: 	modified:   Saved/AutoScreenshot.png
[2018.02.21-22.39.48:126][482]SourceControl: 	modified:   Saved/Autosaves/PackageRestoreData.json
[2018.02.21-22.39.48:127][482]SourceControl: 	modified:   Saved/Config/Windows/EditorPerProjectUserSettings.ini
[2018.02.21-22.39.48:127][482]SourceControl: 	modified:   Saved/Config/Windows/Engine.ini
[2018.02.21-22.39.48:127][482]SourceControl: 	modified:   Saved/Logs/InstructorOfTheDead2.log
[2018.02.21-22.39.48:127][482]SourceControl: Untracked files:
[2018.02.21-22.39.48:127][482]SourceControl:   (use "git add <file>..." to include in what will be committed)
[2018.02.21-22.39.48:127][482]SourceControl: 	.vs/InstructorOfTheDead2/v15/ipch/
[2018.02.21-22.39.48:127][482]SourceControl: 	Binaries/Win64/UE4Editor-InstructorOfTheDead2-2783.dll
[2018.02.21-22.39.48:127][482]SourceControl: 	Binaries/Win64/UE4Editor-InstructorOfTheDead2-2783.pdb
[2018.02.21-22.39.48:127][482]SourceControl: 	Binaries/Win64/UE4Editor-InstructorOfTheDead2-3414.dll
[2018.02.21-22.39.48:127][482]SourceControl: 	Binaries/Win64/UE4Editor-InstructorOfTheDead2-3414.pdb
[2018.02.21-22.39.48:127][482]SourceControl: 	Binaries/Win64/UE4Editor-InstructorOfTheDead2-4895.dll
[2018.02.21-22.39.48:127][482]SourceControl: 	Binaries/Win64/UE4Editor-InstructorOfTheDead2-4895.pdb
[2018.02.21-22.39.48:127][482]SourceControl: 	Binaries/Win64/UE4Editor-InstructorOfTheDead2-57.dll
[2018.02.21-22.39.48:127][482]SourceControl: 	Binaries/Win64/UE4Editor-InstructorOfTheDead2-57.pdb
[2018.02.21-22.39.48:127][482]SourceControl: 	Binaries/Win64/UE4Editor-InstructorOfTheDead2-6161.dll
[2018.02.21-22.39.48:127][482]SourceControl: 	Binaries/Win64/UE4Editor-InstructorOfTheDead2-6161.pdb
[2018.02.21-22.39.48:127][482]SourceControl: 	Binaries/Win64/UE4Editor-InstructorOfTheDead2-7452.dll
[2018.02.21-22.39.48:127][482]SourceControl: 	Binaries/Win64/UE4Editor-InstructorOfTheDead2-7452.pdb
[2018.02.21-22.39.48:127][482]SourceControl: 	Binaries/Win64/UE4Editor-InstructorOfTheDead2-7863.dll
[2018.02.21-22.39.48:127][482]SourceControl: 	Binaries/Win64/UE4Editor-InstructorOfTheDead2-7863.pdb
[2018.02.21-22.39.48:127][482]SourceControl: 	Binaries/Win64/UE4Editor-InstructorOfTheDead2-8681.dll
[2018.02.21-22.39.48:127][482]SourceControl: 	Binaries/Win64/UE4Editor-InstructorOfTheDead2-8681.pdb
[2018.02.21-22.39.48:127][482]SourceControl: 	Binaries/Win64/UE4Editor-InstructorOfTheDead2-8951.dll
[2018.02.21-22.39.48:127][482]SourceControl: 	Binaries/Win64/UE4Editor-InstructorOfTheDead2-8951.pdb
[2018.02.21-22.39.48:127][482]SourceControl: 	Content/AnimStarterPack/Idle_Rifle_Hip.uasset
[2018.02.21-22.39.48:127][482]SourceControl: 	Content/AnimStarterPack/Jog_Bwd_Rifle.uasset
[2018.02.21-22.39.48:127][482]SourceControl: 	Content/AnimStarterPack/Jog_Fwd_Rifle.uasset
[2018.02.21-22.39.48:127][482]SourceControl: 	Content/AnimStarterPack/Jog_Lt_Rifle.uasset
[2018.02.21-22.39.48:127][482]SourceControl: 	Content/AnimStarterPack/Jog_Rt_Rifle.uasset
[2018.02.21-22.39.48:127][482]SourceControl: 	Content/AnimStarterPack/Jump_From_Jog.uasset
[2018.02.21-22.39.48:127][482]SourceControl: 	Content/AnimStarterPack/Jump_From_Stand.uasset
[2018.02.21-22.39.48:127][482]SourceControl: 	Content/AnimStarterPack/UE4_Mannequin/Materials/MaterialLayers/
[2018.02.21-22.39.48:127][482]SourceControl: 	Content/AnimStarterPack/UE4_Mannequin/Textures/
[2018.02.21-22.39.48:127][482]SourceControl: 	Intermediate/AssetRegistryCache/311563bb.bin
[2018.02.21-22.39.48:127][482]SourceControl: 	Intermediate/AssetRegistryCache/c90e3f55.bin
[2018.02.21-22.39.48:127][482]SourceControl: 	Intermediate/Build/Unused/
[2018.02.21-22.39.48:127][482]SourceControl: 	Intermediate/Build/Win64/InstructorOfTheDead2Editor/DependencyCache.bin.buildmutex
[2018.02.21-22.39.48:127][482]SourceControl: 	Intermediate/Build/Win64/InstructorOfTheDead2Editor/Development/Deploy.dat
[2018.02.21-22.39.48:127][482]SourceControl: 	Intermediate/Build/Win64/InstructorOfTheDead2Editor/Development/HotReloadMakefile.ubt
[2018.02.21-22.39.48:127][482]SourceControl: 	Intermediate/Build/Win64/InstructorOfTheDead2Editor/FlatCPPIncludes.bin.buildmutex
[2018.02.21-22.39.48:127][482]SourceControl: 	Intermediate/Build/Win64/UE4Editor/Development/UE4Editor-InstructorOfTheDead2-57.dll.response
[2018.02.21-22.39.48:127][482]SourceControl: 	Intermediate/Build/Win64/UE4Editor/Development/UE4Editor-InstructorOfTheDead2-57.exp
[2018.02.21-22.39.48:127][482]SourceControl: 	Intermediate/Build/Win64/UE4Editor/Development/UE4Editor-InstructorOfTheDead2-57.lib
[2018.02.21-22.39.48:127][482]SourceControl: 	Intermediate/Build/Win64/UE4Editor/Development/UE4Editor-InstructorOfTheDead2-57.lib.response
[2018.02.21-22.39.48:127][482]SourceControl: 	Intermediate/Build/Win64/UE4Editor/Development/UE4Editor-InstructorOfTheDead2-57.suppressed.exp
[2018.02.21-22.39.48:127][482]SourceControl: 	Intermediate/Build/Win64/UE4Editor/Development/UE4Editor-InstructorOfTheDead2-57.suppressed.lib
[2018.02.21-22.39.48:127][482]SourceControl: 	Saved/Backup/
[2018.02.21-22.39.48:127][482]SourceControl: 	Saved/Config/CrashReportClient/UE4CC-Windows-69AC5F354CA01D3FD7589FA5D1DD552D/
[2018.02.21-22.39.48:127][482]SourceControl: 	Saved/Config/WorldState/
[2018.02.21-22.39.48:127][482]SourceControl: 	Saved/Logs/InstructorOfTheDead2-backup-2018.02.21-14.37.25.log
[2018.02.21-22.39.48:127][482]SourceControl: no changes added to commit (use "git add" and/or "git commit -a")
[2018.02.21-22.39.50:310][613]SourceControl: fatal: C:/Program Files/Epic Games/UE_4.17/Engine/Content/: 'C:/Program Files/Epic Games/UE_4.17/Engine/Content/' is outside repository
[2018.02.21-22.39.50:403][613]EditorErrors: Warning: No assets to check in!
[2018.02.21-22.41.46:562][210]LogHotReload: New module detected: UE4Editor-InstructorOfTheDead2-8951.dll
[2018.02.21-22.41.46:582][211]LogHotReload: Starting Hot-Reload from IDE
[2018.02.21-22.41.47:171][211]LogClass: Could not find existing class MyWeapon_Gun in package /Script/InstructorOfTheDead2 for HotReload, assuming new class
[2018.02.21-22.41.47:176][211]LogContentBrowser: Native class hierarchy updated for 'InstructorOfTheDead2' in 0.0024 seconds. Added 3 classes and 2 folders.
[2018.02.21-22.41.47:177][211]Display: HotReload successful (0 functions remapped  0 scriptstructs remapped)
[2018.02.21-22.41.47:255][211]LogContentBrowser: Native class hierarchy populated in 0.0184 seconds. Added 2391 classes and 506 folders.
[2018.02.21-22.41.47:258][211]Display: HotReload took  0.7s.
[2018.02.21-22.41.47:266][211]LogHotReload: New module detected: UE4Editor-InstructorOfTheDead2-2783.dll
[2018.02.21-22.41.47:334][212]LogHotReload: Starting Hot-Reload from IDE
[2018.02.21-22.41.47:566][212]LogClass: Could not find existing class MainCharacter in package /Script/InstructorOfTheDead2 for HotReload, assuming new class
[2018.02.21-22.41.47:566][212]LogClass: Could not find existing class MyWeapon_Gun in package /Script/InstructorOfTheDead2 for HotReload, assuming new class
[2018.02.21-22.41.47:568][212]LogHotReload: Re-instancing InstructorOfTheDead2Character after hot-reload.
[2018.02.21-22.41.47:575][212]LogBlueprint: Error: [Compiler ThirdPersonCharacter] Spawn node  SpawnActor NONE  must have a  Class  specified.
[2018.02.21-22.41.47:575][212]LogBlueprint: Warning: [Compiler ThirdPersonCharacter] Input pin  Instigator  specifying non-default value no longer exists on this node. Please refresh node or reset pin to default value to remove pin.
[2018.02.21-22.41.47:577][212]LogBlueprint: Warning: [Compiler ThirdPersonCharacter] [0262.97] Compile of ThirdPersonCharacter failed. 1 Fatal Issue(s) 1 Warning(s) [in 6 ms] (/Game/ThirdPersonCPP/Blueprints/ThirdPersonCharacter.ThirdPersonCharacter)
[2018.02.21-22.41.47:710][212]LogHotReload: Re-instancing MyWeapon_Gun after hot-reload.
[2018.02.21-22.41.47:764][212]LogContentBrowser: Native class hierarchy updated for 'InstructorOfTheDead2' in 0.0030 seconds. Added 4 classes and 3 folders.
[2018.02.21-22.41.47:766][212]Display: HotReload successful (0 functions remapped  0 scriptstructs remapped)
[2018.02.21-22.41.47:809][212]LogContentBrowser: Native class hierarchy populated in 0.0146 seconds. Added 2392 classes and 507 folders.
[2018.02.21-22.41.47:815][212]Display: HotReload took  0.5s.
[2018.02.21-22.42.02:444][401]LogTemp: Repeating last play command: Selected Viewport
[2018.02.21-22.42.02:453][401]LogBlueprintUserMessages: Early PlayInEditor Detection: Level '/Game/ThirdPersonCPP/Maps/ThirdPersonExampleMap.ThirdPersonExampleMap:PersistentLevel' has LevelScriptBlueprint '/Game/ThirdPersonCPP/Maps/ThirdPersonExampleMap.ThirdPersonExampleMap:PersistentLevel.ThirdPersonExampleMap' with GeneratedClass '/Game/ThirdPersonCPP/Maps/ThirdPersonExampleMap.ThirdPersonExampleMap_C' with ClassGeneratedBy '/Game/ThirdPersonCPP/Maps/ThirdPersonExampleMap.ThirdPersonExampleMap:PersistentLevel.ThirdPersonExampleMap'
[2018.02.21-22.42.02:453][401]LogPlayLevel: PlayLevel: No blueprints needed recompiling
[2018.02.21-22.42.03:782][401]PIE: New page: PIE session: ThirdPersonExampleMap (Feb 21, 2018, 6:42:03 AM)
[2018.02.21-22.42.03:782][401]LogPlayLevel: Creating play world package: /Game/ThirdPersonCPP/Maps/UEDPIE_0_ThirdPersonExampleMap
[2018.02.21-22.42.03:796][401]LogPlayLevel: PIE: StaticDuplicateObject took: (0.014272s)
[2018.02.21-22.42.03:798][401]LogAIModule: Creating AISystem for world ThirdPersonExampleMap
[2018.02.21-22.42.03:798][401]LogPlayLevel: PIE: World Init took: (0.001765s)
[2018.02.21-22.42.03:799][401]LogPlayLevel: PIE: Created PIE world by copying editor world from /Game/ThirdPersonCPP/Maps/ThirdPersonExampleMap.ThirdPersonExampleMap to /Game/ThirdPersonCPP/Maps/UEDPIE_0_ThirdPersonExampleMap.ThirdPersonExampleMap (0.016474s)
[2018.02.21-22.42.03:810][401]LogInit: XAudio2 using 'Speakers (Realtek High Definition Audio)' : 2 channels at 48 kHz using 32 bits per sample (channel mask 0x3)
[2018.02.21-22.42.03:822][401]LogInit: FAudioDevice initialized.
[2018.02.21-22.42.03:859][401]LogLoad: Game class is 'InstructorOfTheDead2GameMode'
[2018.02.21-22.42.03:864][401]LogWorld: Bringing World /Game/ThirdPersonCPP/Maps/UEDPIE_0_ThirdPersonExampleMap.ThirdPersonExampleMap up for play (max tick rate 60) at 2018.02.21-14.42.03
[2018.02.21-22.42.03:865][401]LogWorld: Bringing up level for play took: 0.004006
[2018.02.21-22.42.03:867][401]PIE: Play in editor start time for /Game/ThirdPersonCPP/Maps/UEDPIE_0_ThirdPersonExampleMap 2.34
[2018.02.21-22.42.03:867][401]LogBlueprintUserMessages: Late PlayInEditor Detection: Level '/Game/ThirdPersonCPP/Maps/ThirdPersonExampleMap.ThirdPersonExampleMap:PersistentLevel' has LevelScriptBlueprint '/Game/ThirdPersonCPP/Maps/ThirdPersonExampleMap.ThirdPersonExampleMap:PersistentLevel.ThirdPersonExampleMap' with GeneratedClass '/Game/ThirdPersonCPP/Maps/ThirdPersonExampleMap.ThirdPersonExampleMap_C' with ClassGeneratedBy '/Game/ThirdPersonCPP/Maps/ThirdPersonExampleMap.ThirdPersonExampleMap:PersistentLevel.ThirdPersonExampleMap'
[2018.02.21-22.42.06:683][569]LogBlueprintUserMessages: Early EndPlayMap Detection: Level '/Game/ThirdPersonCPP/Maps/ThirdPersonExampleMap.ThirdPersonExampleMap:PersistentLevel' has LevelScriptBlueprint '/Game/ThirdPersonCPP/Maps/ThirdPersonExampleMap.ThirdPersonExampleMap:PersistentLevel.ThirdPersonExampleMap' with GeneratedClass '/Game/ThirdPersonCPP/Maps/ThirdPersonExampleMap.ThirdPersonExampleMap_C' with ClassGeneratedBy '/Game/ThirdPersonCPP/Maps/ThirdPersonExampleMap.ThirdPersonExampleMap:PersistentLevel.ThirdPersonExampleMap'
[2018.02.21-22.42.06:714][569]LogBlueprintUserMessages: Late EndPlayMap Detection: Level '/Game/ThirdPersonCPP/Maps/ThirdPersonExampleMap.ThirdPersonExampleMap:PersistentLevel' has LevelScriptBlueprint '/Game/ThirdPersonCPP/Maps/ThirdPersonExampleMap.ThirdPersonExampleMap:PersistentLevel.ThirdPersonExampleMap' with GeneratedClass '/Game/ThirdPersonCPP/Maps/ThirdPersonExampleMap.ThirdPersonExampleMap_C' with ClassGeneratedBy '/Game/ThirdPersonCPP/Maps/ThirdPersonExampleMap.ThirdPersonExampleMap:PersistentLevel.ThirdPersonExampleMap'
[2018.02.21-22.42.09:072][709]LogVSAccessor: Warning: Couldn't access Visual Studio
[2018.02.21-22.42.09:076][709]Candidate modules for hot reload:
[2018.02.21-22.42.09:076][709]  InstructorOfTheDead2
[2018.02.21-22.42.09:076][709]Launching UnrealBuildTool... [C:/Program Files/Epic Games/UE_4.17/Engine/Binaries/DotNET/UnrealBuildTool.exe InstructorOfTheDead2 -ModuleWithSuffix InstructorOfTheDead2 2370 Win64 Development -editorrecompile -canskiplink "E:/CSCI 152/InstructorOfTheDead2/InstructorOfTheDead2.uproject" ]
[2018.02.21-22.42.09:078][709]Warning: Starting HotReload took  0.0s.
[2018.02.21-22.42.28:757][890]CompilerResultsLog: New page: Compilation - Feb 21, 2018, 6:42:28 AM
[2018.02.21-22.42.28:758][890]CompilerResultsLog: Compiling game modules for hot reload
[2018.02.21-22.42.28:758][890]CompilerResultsLog: Performing full C++ include scan (no include cache file)
[2018.02.21-22.42.28:758][890]CompilerResultsLog: Parsing headers for InstructorOfTheDead2Editor
[2018.02.21-22.42.28:758][890]CompilerResultsLog:   Running UnrealHeaderTool "E:\CSCI 152\InstructorOfTheDead2\InstructorOfTheDead2.uproject" "E:\CSCI 152\InstructorOfTheDead2\Intermediate\Build\Win64\InstructorOfTheDead2Editor\Development\InstructorOfTheDead2Editor.uhtmanifest" -LogCmds="loginit warning, logexit warning, logdatabase error" -Unattended -WarningsAsErrors -installed
[2018.02.21-22.42.28:758][890]CompilerResultsLog: Reflection code generated for InstructorOfTheDead2Editor in 8.9253222 seconds
[2018.02.21-22.42.28:758][890]CompilerResultsLog: Performing 12 actions (4 in parallel)
[2018.02.21-22.42.28:758][890]CompilerResultsLog: InstructorOfTheDead2.cpp
[2018.02.21-22.42.28:758][890]CompilerResultsLog: InstructorOfTheDead2Character.cpp
[2018.02.21-22.42.28:758][890]CompilerResultsLog: InstructorOfTheDead2GameMode.cpp
[2018.02.21-22.42.28:758][890]CompilerResultsLog: MyWeapon_Gun.cpp
[2018.02.21-22.42.28:758][890]CompilerResultsLog: InstructorOfTheDead2.init.gen.cpp
[2018.02.21-22.42.28:758][890]CompilerResultsLog: MainCharacter.cpp
[2018.02.21-22.42.28:758][890]CompilerResultsLog: InstructorOfTheDead2Character.gen.cpp
[2018.02.21-22.42.28:758][890]CompilerResultsLog: InstructorOfTheDead2GameMode.gen.cpp
[2018.02.21-22.42.28:758][890]CompilerResultsLog: MainCharacter.gen.cpp
[2018.02.21-22.42.28:758][890]CompilerResultsLog: MyWeapon_Gun.gen.cpp
[2018.02.21-22.42.28:758][890]CompilerResultsLog: [11/12] Link UE4Editor-InstructorOfTheDead2-2370.dll
[2018.02.21-22.42.28:758][890]CompilerResultsLog: [12/12] Link UE4Editor-InstructorOfTheDead2-2370.lib
[2018.02.21-22.42.28:758][890]CompilerResultsLog:    Creating library E:\CSCI 152\InstructorOfTheDead2\Intermediate\Build\Win64\UE4Editor\Development\UE4Editor-InstructorOfTheDead2-2370.lib and object E:\CSCI 152\InstructorOfTheDead2\Intermediate\Build\Win64\UE4Editor\Development\UE4Editor-InstructorOfTheDead2-2370.exp
[2018.02.21-22.42.28:758][890]CompilerResultsLog:    Creating library E:\CSCI 152\InstructorOfTheDead2\Intermediate\Build\Win64\UE4Editor\Development\UE4Editor-InstructorOfTheDead2-2370.suppressed.lib and object E:\CSCI 152\InstructorOfTheDead2\Intermediate\Build\Win64\UE4Editor\Development\UE4Editor-InstructorOfTheDead2-2370.suppressed.exp
[2018.02.21-22.42.28:758][890]CompilerResultsLog: Total build time: 19.39 seconds (Local executor: 3.56 seconds)
[2018.02.21-22.42.28:758][890]LogMainFrame: MainFrame: Module compiling took 19.686 seconds
[2018.02.21-22.42.29:002][890]LogHotReload: Re-instancing InstructorOfTheDead2Character after hot-reload.
[2018.02.21-22.42.29:020][890]LogBlueprint: Error: [Compiler ThirdPersonCharacter] Spawn node  SpawnActor NONE  must have a  Class  specified.
[2018.02.21-22.42.29:020][890]LogBlueprint: Warning: [Compiler ThirdPersonCharacter] Input pin  Instigator  specifying non-default value no longer exists on this node. Please refresh node or reset pin to default value to remove pin.
[2018.02.21-22.42.29:023][890]LogBlueprint: Warning: [Compiler ThirdPersonCharacter] [0304.42] Compile of ThirdPersonCharacter failed. 1 Fatal Issue(s) 1 Warning(s) [in 13 ms] (/Game/ThirdPersonCPP/Blueprints/ThirdPersonCharacter.ThirdPersonCharacter)
[2018.02.21-22.42.29:141][890]LogHotReload: Re-instancing MainCharacter after hot-reload.
[2018.02.21-22.42.29:181][890]LogContentBrowser: Native class hierarchy updated for 'InstructorOfTheDead2' in 0.0026 seconds. Added 4 classes and 3 folders.
[2018.02.21-22.42.29:182][890]Display: HotReload successful (0 functions remapped  0 scriptstructs remapped)
[2018.02.21-22.42.29:212][890]LogContentBrowser: Native class hierarchy populated in 0.0106 seconds. Added 2392 classes and 507 folders.
[2018.02.21-22.42.29:212][890]Display: HotReload took 20.1s.
[2018.02.21-22.42.30:865][989]LogTemp: Repeating last play command: Selected Viewport
[2018.02.21-22.42.30:873][989]LogBlueprintUserMessages: Early PlayInEditor Detection: Level '/Game/ThirdPersonCPP/Maps/ThirdPersonExampleMap.ThirdPersonExampleMap:PersistentLevel' has LevelScriptBlueprint '/Game/ThirdPersonCPP/Maps/ThirdPersonExampleMap.ThirdPersonExampleMap:PersistentLevel.ThirdPersonExampleMap' with GeneratedClass '/Game/ThirdPersonCPP/Maps/ThirdPersonExampleMap.ThirdPersonExampleMap_C' with ClassGeneratedBy '/Game/ThirdPersonCPP/Maps/ThirdPersonExampleMap.ThirdPersonExampleMap:PersistentLevel.ThirdPersonExampleMap'
[2018.02.21-22.42.30:873][989]LogPlayLevel: PlayLevel: No blueprints needed recompiling
[2018.02.21-22.42.34:610][101]LogWindowsTextInputMethodSystem: Display: IME system now deactivated.
[2018.02.21-22.42.34:810][102]Cmd: QUIT_EDITOR
[2018.02.21-22.42.35:470][102]LogExit: Preparing to exit.
[2018.02.21-22.42.36:297][102]LogExit: Editor shut down
[2018.02.21-22.42.36:301][102]LogExit: Transaction tracking system shut down
[2018.02.21-22.42.36:493][102]LogDirectoryWatcher: A directory notification for '../../../Engine/Content/' was aborted.
[2018.02.21-22.42.36:493][102]LogDirectoryWatcher: A directory notification for 'E:/CSCI 152/InstructorOfTheDead2/Content/' was aborted.
[2018.02.21-22.42.36:493][102]LogDirectoryWatcher: A directory notification for '../../../Engine/Plugins/2D/Paper2D/Content/' was aborted.
[2018.02.21-22.42.36:493][102]LogDirectoryWatcher: A directory notification for '../../../Engine/Plugins/Runtime/Oculus/OculusVR/Content/' was aborted.
[2018.02.21-22.42.36:493][102]LogDirectoryWatcher: A directory notification for '../../../Engine/Plugins/Runtime/Steam/SteamVR/Content/' was aborted.
[2018.02.21-22.42.36:535][102]LogExit: Object subsystem successfully closed.
[2018.02.21-22.42.36:557][102]LogD3D11RHI: Shutdown
[2018.02.21-22.42.36:557][102]LogD3D11RHI: CleanupD3DDevice
[2018.02.21-22.42.36:676][102]LogD3D11RHI: ~FD3D11DynamicRHI
[2018.02.21-22.42.36:695][102]LogModuleManager: Shutting down and abandoning module InstructorOfTheDead2 (537)
[2018.02.21-22.42.36:695][102]LogModuleManager: Shutting down and abandoning module MovieSceneCapture (534)
[2018.02.21-22.42.36:695][102]LogModuleManager: Shutting down and abandoning module HierarchicalLODOutliner (532)
[2018.02.21-22.42.36:696][102]LogModuleManager: Shutting down and abandoning module SceneOutliner (530)
[2018.02.21-22.42.36:696][102]LogModuleManager: Shutting down and abandoning module AddContentDialog (528)
[2018.02.21-22.42.36:696][102]LogDirectoryWatcher: A directory notification for 'C:/Program Files/Epic Games/UE_4.17/FeaturePacks/' was aborted.
[2018.02.21-22.42.36:696][102]LogModuleManager: Shutting down and abandoning module WidgetCarousel (527)
[2018.02.21-22.42.36:696][102]LogModuleManager: Shutting down and abandoning module EditorWidgets (524)
[2018.02.21-22.42.36:696][102]LogModuleManager: Shutting down and abandoning module CollectionManager (522)
[2018.02.21-22.42.36:696][102]LogDirectoryWatcher: A directory notification for 'E:/CSCI 152/InstructorOfTheDead2/Content/Collections/' was aborted.
[2018.02.21-22.42.36:696][102]LogDirectoryWatcher: A directory notification for 'E:/CSCI 152/InstructorOfTheDead2/Content/Developers/HarkaranBrar/Collections/' was aborted.
[2018.02.21-22.42.36:696][102]LogDirectoryWatcher: A directory notification for 'E:/CSCI 152/InstructorOfTheDead2/Saved/Collections/' was aborted.
[2018.02.21-22.42.36:696][102]LogModuleManager: Shutting down and abandoning module StatsViewer (520)
[2018.02.21-22.42.36:696][102]LogModuleManager: Shutting down and abandoning module FoliageEdit (518)
[2018.02.21-22.42.36:696][102]LogModuleManager: Shutting down and abandoning module LandscapeEditor (516)
[2018.02.21-22.42.36:697][102]LogModuleManager: Shutting down and abandoning module MeshPaintMode (514)
[2018.02.21-22.42.36:697][102]LogModuleManager: Shutting down and abandoning module SceneDepthPickerMode (512)
[2018.02.21-22.42.36:697][102]LogModuleManager: Shutting down and abandoning module ActorPickerMode (510)
[2018.02.21-22.42.36:697][102]LogModuleManager: Shutting down and abandoning module GeometryMode (508)
[2018.02.21-22.42.36:697][102]LogModuleManager: Shutting down and abandoning module TextureAlignMode (506)
[2018.02.21-22.42.36:697][102]LogModuleManager: Shutting down and abandoning module BspMode (504)
[2018.02.21-22.42.36:697][102]LogModuleManager: Shutting down and abandoning module PIEPreviewDeviceProfileSelector (502)
[2018.02.21-22.42.36:697][102]LogModuleManager: Shutting down and abandoning module HardwareSurvey (500)
[2018.02.21-22.42.36:697][102]LogModuleManager: Shutting down and abandoning module SequenceRecorderSections (498)
[2018.02.21-22.42.36:697][102]LogModuleManager: Shutting down and abandoning module AutomationWorker (496)
[2018.02.21-22.42.36:697][102]LogModuleManager: Shutting down and abandoning module MatineeToLevelSequence (494)
[2018.02.21-22.42.36:697][102]LogModuleManager: Shutting down and abandoning module LevelSequenceEditor (492)
[2018.02.21-22.42.36:697][102]LogModuleManager: Shutting down and abandoning module PlacementMode (491)
[2018.02.21-22.42.36:697][102]LogModuleManager: Shutting down and abandoning module WmfMediaFactory (488)
[2018.02.21-22.42.36:697][102]LogModuleManager: Shutting down and abandoning module WmfMediaEditor (486)
[2018.02.21-22.42.36:697][102]LogModuleManager: Shutting down and abandoning module AvfMediaFactory (484)
[2018.02.21-22.42.36:697][102]LogModuleManager: Shutting down and abandoning module AvfMediaEditor (482)
[2018.02.21-22.42.36:697][102]LogModuleManager: Shutting down and abandoning module AndroidMediaFactory (480)
[2018.02.21-22.42.36:697][102]LogModuleManager: Shutting down and abandoning module Media (479)
[2018.02.21-22.42.36:697][102]LogModuleManager: Shutting down and abandoning module AndroidMediaEditor (476)
[2018.02.21-22.42.36:697][102]LogModuleManager: Shutting down and abandoning module CharacterAI (474)
[2018.02.21-22.42.36:697][102]LogModuleManager: Shutting down and abandoning module AudioCapture (472)
[2018.02.21-22.42.36:697][102]LogModuleManager: Shutting down and abandoning module SequenceRecorder (471)
[2018.02.21-22.42.36:697][102]LogModuleManager: Shutting down and abandoning module SmartSnapping (468)
[2018.02.21-22.42.36:697][102]LogModuleManager: Shutting down and abandoning module SessionServices (466)
[2018.02.21-22.42.36:697][102]LogModuleManager: Shutting down and abandoning module ViewportSnapping (464)
[2018.02.21-22.42.36:697][102]LogModuleManager: Shutting down and abandoning module ViewportInteraction (462)
[2018.02.21-22.42.36:697][102]LogModuleManager: Shutting down and abandoning module ClothPainter (460)
[2018.02.21-22.42.36:697][102]LogModuleManager: Shutting down and abandoning module LogVisualizer (458)
[2018.02.21-22.42.36:697][102]LogModuleManager: Shutting down and abandoning module IntroTutorials (456)
[2018.02.21-22.42.36:697][102]LogModuleManager: Shutting down and abandoning module GameProjectGeneration (455)
[2018.02.21-22.42.36:697][102]LogModuleManager: Shutting down and abandoning module IOSPlatformEditor (452)
[2018.02.21-22.42.36:697][102]LogModuleManager: Shutting down and abandoning module HTML5PlatformEditor (450)
[2018.02.21-22.42.36:697][102]LogModuleManager: Shutting down and abandoning module AndroidPlatformEditor (448)
[2018.02.21-22.42.36:697][102]LogModuleManager: Shutting down and abandoning module AndroidDeviceDetection (447)
[2018.02.21-22.42.37:582][102]LogModuleManager: Shutting down and abandoning module WindowsPlatformEditor (444)
[2018.02.21-22.42.37:582][102]LogModuleManager: Shutting down and abandoning module IOSRuntimeSettings (442)
[2018.02.21-22.42.37:583][102]LogModuleManager: Shutting down and abandoning module AndroidRuntimeSettings (440)
[2018.02.21-22.42.37:583][102]LogModuleManager: Shutting down and abandoning module InputBindingEditor (438)
[2018.02.21-22.42.37:583][102]LogModuleManager: Shutting down and abandoning module MergeActors (436)
[2018.02.21-22.42.37:583][102]LogModuleManager: Shutting down and abandoning module SizeMap (434)
[2018.02.21-22.42.37:583][102]LogModuleManager: Shutting down and abandoning module TreeMap (432)
[2018.02.21-22.42.37:583][102]LogModuleManager: Shutting down and abandoning module ReferenceViewer (430)
[2018.02.21-22.42.37:583][102]LogModuleManager: Shutting down and abandoning module LocalizationDashboard (428)
[2018.02.21-22.42.37:583][102]LogModuleManager: Shutting down and abandoning module LocalizationService (427)
[2018.02.21-22.42.37:583][102]LogModuleManager: Shutting down and abandoning module HardwareTargeting (424)
[2018.02.21-22.42.37:583][102]LogModuleManager: Shutting down and abandoning module DeviceProfileEditor (422)
[2018.02.21-22.42.37:583][102]LogModuleManager: Shutting down and abandoning module UndoHistory (420)
[2018.02.21-22.42.37:583][102]LogModuleManager: Shutting down and abandoning module XmlParser (418)
[2018.02.21-22.42.37:583][102]LogModuleManager: Shutting down and abandoning module Blutility (416)
[2018.02.21-22.42.37:583][102]LogModuleManager: Shutting down and abandoning module ProjectSettingsViewer (414)
[2018.02.21-22.42.37:584][102]LogModuleManager: Shutting down and abandoning module ProjectTargetPlatformEditor (413)
[2018.02.21-22.42.37:584][102]LogModuleManager: Shutting down and abandoning module EditorSettingsViewer (410)
[2018.02.21-22.42.37:584][102]LogModuleManager: Shutting down and abandoning module SettingsEditor (408)
[2018.02.21-22.42.37:584][102]LogModuleManager: Shutting down and abandoning module ProjectLauncher (406)
[2018.02.21-22.42.37:584][102]LogModuleManager: Shutting down and abandoning module SessionFrontend (404)
[2018.02.21-22.42.37:584][102]LogModuleManager: Shutting down and abandoning module ProfilerClient (402)
[2018.02.21-22.42.37:584][102]LogModuleManager: Shutting down and abandoning module DeviceManager (400)
[2018.02.21-22.42.37:585][102]LogModuleManager: Shutting down and abandoning module TargetDeviceServices (399)
[2018.02.21-22.42.37:651][102]LogModuleManager: Shutting down and abandoning module AutomationController (396)
[2018.02.21-22.42.37:651][102]LogModuleManager: Shutting down and abandoning module AutomationWindow (394)
[2018.02.21-22.42.37:651][102]LogModuleManager: Shutting down and abandoning module Layers (392)
[2018.02.21-22.42.37:651][102]LogModuleManager: Shutting down and abandoning module ComponentVisualizers (390)
[2018.02.21-22.42.37:651][102]LogModuleManager: Shutting down and abandoning module DetailCustomizations (388)
[2018.02.21-22.42.37:651][102]LogModuleManager: Shutting down and abandoning module PackagesDialog (386)
[2018.02.21-22.42.37:651][102]LogModuleManager: Shutting down and abandoning module Persona (384)
[2018.02.21-22.42.37:651][102]LogModuleManager: Shutting down and abandoning module AdvancedPreviewScene (383)
[2018.02.21-22.42.37:651][102]LogModuleManager: Shutting down and abandoning module AnimGraph (381)
[2018.02.21-22.42.37:651][102]LogModuleManager: Shutting down and abandoning module Kismet (378)
[2018.02.21-22.42.37:652][102]LogModuleManager: Shutting down and abandoning module ClassViewer (376)
[2018.02.21-22.42.37:652][102]LogModuleManager: Shutting down and abandoning module Toolbox (374)
[2018.02.21-22.42.37:652][102]LogModuleManager: Shutting down and abandoning module ModuleUI (372)
[2018.02.21-22.42.37:652][102]LogModuleManager: Shutting down and abandoning module MovieSceneTools (370)
[2018.02.21-22.42.37:652][102]LogModuleManager: Shutting down and abandoning module OutputLog (368)
[2018.02.21-22.42.37:652][102]LogModuleManager: Shutting down and abandoning module GammaUI (366)
[2018.02.21-22.42.37:652][102]LogModuleManager: Shutting down and abandoning module Documentation (364)
[2018.02.21-22.42.37:652][102]LogModuleManager: Shutting down and abandoning module MovieSceneTracks (362)
[2018.02.21-22.42.37:652][102]LogModuleManager: Shutting down and abandoning module MovieScene (360)
[2018.02.21-22.42.37:652][102]LogModuleManager: Shutting down and abandoning module Niagara (358)
[2018.02.21-22.42.37:652][102]LogModuleManager: Shutting down and abandoning module NiagaraEditor (357)
[2018.02.21-22.42.37:652][102]LogModuleManager: Shutting down and abandoning module StreamingPauseRendering (354)
[2018.02.21-22.42.37:652][102]LogModuleManager: Shutting down and abandoning module LauncherPlatform (352)
[2018.02.21-22.42.37:652][102]LogModuleManager: Shutting down and abandoning module AnalyticsET (350)
[2018.02.21-22.42.37:652][102]LogModuleManager: Shutting down and abandoning module PortalServices (348)
[2018.02.21-22.42.37:652][102]LogModuleManager: Shutting down and abandoning module PortalRpc (346)
[2018.02.21-22.42.37:652][102]LogModuleManager: Shutting down and abandoning module MessagingRpc (344)
[2018.02.21-22.42.37:652][102]LogModuleManager: Shutting down and abandoning module AIModule (342)
[2018.02.21-22.42.37:652][102]LogModuleManager: Shutting down and abandoning module GameplayDebugger (341)
[2018.02.21-22.42.37:652][102]LogModuleManager: Shutting down and abandoning module AITestSuite (339)
[2018.02.21-22.42.37:652][102]LogModuleManager: Shutting down and abandoning module ProfilerService (336)
[2018.02.21-22.42.37:880][102]LogModuleManager: Shutting down and abandoning module TaskGraph (334)
[2018.02.21-22.42.37:880][102]LogModuleManager: Shutting down and abandoning module SteamVRController (332)
[2018.02.21-22.42.37:881][102]LogModuleManager: Shutting down and abandoning module ProceduralMeshComponentEditor (330)
[2018.02.21-22.42.37:881][102]LogModuleManager: Shutting down and abandoning module ProceduralMeshComponent (328)
[2018.02.21-22.42.37:881][102]LogModuleManager: Shutting down and abandoning module OculusInput (326)
[2018.02.21-22.42.37:881][102]LogModuleManager: Shutting down and abandoning module MobilePatchingUtils (324)
[2018.02.21-22.42.37:881][102]LogModuleManager: Shutting down and abandoning module CustomMeshComponent (322)
[2018.02.21-22.42.37:881][102]LogModuleManager: Shutting down and abandoning module CableComponent (320)
[2018.02.21-22.42.37:881][102]LogModuleManager: Shutting down and abandoning module ArchVisCharacter (318)
[2018.02.21-22.42.37:881][102]LogModuleManager: Shutting down and abandoning module AndroidPermission (316)
[2018.02.21-22.42.37:881][102]LogModuleManager: Shutting down and abandoning module MediaPlayerEditor (312)
[2018.02.21-22.42.37:881][102]LogModuleManager: Shutting down and abandoning module HTML5Networking (310)
[2018.02.21-22.42.37:881][102]LogModuleManager: Shutting down and abandoning module AlembicImporter (308)
[2018.02.21-22.42.37:881][102]LogModuleManager: Shutting down and abandoning module AlembicLibrary (307)
[2018.02.21-22.42.37:881][102]LogModuleManager: Shutting down and abandoning module GeometryCache (306)
[2018.02.21-22.42.37:881][102]LogModuleManager: Shutting down and abandoning module GeometryCacheEd (305)
[2018.02.21-22.42.37:881][102]LogModuleManager: Shutting down and abandoning module SpeedTreeImporter (300)
[2018.02.21-22.42.37:881][102]LogModuleManager: Shutting down and abandoning module PluginBrowser (298)
[2018.02.21-22.42.37:881][102]LogModuleManager: Shutting down and abandoning module MobileLauncherProfileWizard (296)
[2018.02.21-22.42.37:881][102]LogModuleManager: Shutting down and abandoning module VisualStudioSourceCodeAccess (294)
[2018.02.21-22.42.37:881][102]LogModuleManager: Shutting down and abandoning module DesktopPlatform (293)
[2018.02.21-22.42.37:881][102]LogModuleManager: Shutting down and abandoning module UObjectPlugin (290)
[2018.02.21-22.42.37:881][102]LogModuleManager: Shutting down and abandoning module SubversionSourceControl (288)
[2018.02.21-22.42.37:881][102]LogModuleManager: Shutting down and abandoning module PerforceSourceControl (286)
[2018.02.21-22.42.37:881][102]LogModuleManager: Shutting down and abandoning module GitSourceControl (284)
[2018.02.21-22.42.37:881][102]LogModuleManager: Shutting down and abandoning module SourceControl (283)
[2018.02.21-22.42.37:881][102]LogModuleManager: Shutting down and abandoning module LightPropagationVolumeEditor (280)
[2018.02.21-22.42.37:882][102]LogModuleManager: Shutting down and abandoning module PaperTiledImporter (278)
[2018.02.21-22.42.37:882][102]LogModuleManager: Shutting down and abandoning module PaperSpriteSheetImporter (276)
[2018.02.21-22.42.37:882][102]LogModuleManager: Shutting down and abandoning module Paper2DEditor (274)
[2018.02.21-22.42.37:882][102]LogModuleManager: Shutting down and abandoning module MeshPaint (273)
[2018.02.21-22.42.37:882][102]LogModuleManager: Shutting down and abandoning module LevelEditor (271)
[2018.02.21-22.42.37:883][102]LogModuleManager: Shutting down and abandoning module PixelInspectorModule (270)
[2018.02.21-22.42.37:883][102]LogModuleManager: Shutting down and abandoning module MainFrame (268)
[2018.02.21-22.42.37:883][102]LogModuleManager: Shutting down and abandoning module HotReload (267)
[2018.02.21-22.42.37:883][102]LogDirectoryWatcher: A directory notification for 'E:/CSCI 152/InstructorOfTheDead2/Binaries/Win64' was aborted.
[2018.02.21-22.42.37:884][102]LogModuleManager: Shutting down and abandoning module RuntimePhysXCooking (260)
[2018.02.21-22.42.37:884][102]LogModuleManager: Shutting down and abandoning module PhysXVehiclesEditor (258)
[2018.02.21-22.42.37:884][102]LogModuleManager: Shutting down and abandoning module PhysXVehicles (256)
[2018.02.21-22.42.37:884][102]LogModuleManager: Shutting down and abandoning module OculusEditor (254)
[2018.02.21-22.42.37:884][102]LogModuleManager: Shutting down and abandoning module LocationServicesBPLibrary (252)
[2018.02.21-22.42.37:884][102]LogModuleManager: Shutting down and abandoning module ImmediatePhysicsEditor (250)
[2018.02.21-22.42.37:884][102]LogModuleManager: Shutting down and abandoning module ImmediatePhysics (248)
[2018.02.21-22.42.37:884][102]LogModuleManager: Shutting down and abandoning module UdpMessaging (246)
[2018.02.21-22.42.37:986][102]LogModuleManager: Shutting down and abandoning module TcpMessaging (244)
[2018.02.21-22.42.38:086][102]LogModuleManager: Shutting down and abandoning module GameplayTagsEditor (242)
[2018.02.21-22.42.38:086][102]LogModuleManager: Shutting down and abandoning module FacialAnimationEditor (240)
[2018.02.21-22.42.38:086][102]LogModuleManager: Shutting down and abandoning module FacialAnimation (238)
[2018.02.21-22.42.38:086][102]LogModuleManager: Shutting down and abandoning module AssetManagerEditor (236)
[2018.02.21-22.42.38:086][102]LogModuleManager: Shutting down and abandoning module GraphEditor (235)
[2018.02.21-22.42.38:086][102]LogModuleManager: Shutting down and abandoning module ContentBrowser (233)
[2018.02.21-22.42.38:087][102]LogModuleManager: Shutting down and abandoning module LightPropagationVolumeRuntime (230)
[2018.02.21-22.42.38:087][102]LogModuleManager: Shutting down and abandoning module Paper2D (228)
[2018.02.21-22.42.38:087][102]LogModuleManager: Shutting down and abandoning module WindowsMoviePlayer (226)
[2018.02.21-22.42.38:087][102]LogModuleManager: Shutting down and abandoning module WmfMedia (224)
[2018.02.21-22.42.38:089][102]LogModuleManager: Shutting down and abandoning module PacketHandler (222)
[2018.02.21-22.42.38:089][102]LogModuleManager: Shutting down and abandoning module ClothingSystemEditor (220)
[2018.02.21-22.42.38:089][102]LogModuleManager: Shutting down and abandoning module ClothingSystemRuntime (218)
[2018.02.21-22.42.38:089][102]LogModuleManager: Shutting down and abandoning module Overlay (216)
[2018.02.21-22.42.38:089][102]LogModuleManager: Shutting down and abandoning module OverlayEditor (215)
[2018.02.21-22.42.38:089][102]LogModuleManager: Shutting down and abandoning module MediaAssets (212)
[2018.02.21-22.42.38:089][102]LogModuleManager: Shutting down and abandoning module VREditor (210)
[2018.02.21-22.42.38:089][102]LogModuleManager: Shutting down and abandoning module StringTableEditor (208)
[2018.02.21-22.42.38:089][102]LogModuleManager: Shutting down and abandoning module GameplayTasksEditor (206)
[2018.02.21-22.42.38:089][102]LogModuleManager: Shutting down and abandoning module BehaviorTreeEditor (204)
[2018.02.21-22.42.38:089][102]LogModuleManager: Shutting down and abandoning module FunctionalTesting (202)
[2018.02.21-22.42.38:089][102]LogModuleManager: Shutting down and abandoning module CollisionAnalyzer (200)
[2018.02.21-22.42.38:089][102]LogModuleManager: Shutting down and abandoning module WorkspaceMenuStructure (199)
[2018.02.21-22.42.38:089][102]LogModuleManager: Shutting down and abandoning module UMG (196)
[2018.02.21-22.42.38:089][102]LogModuleManager: Shutting down and abandoning module UMGEditor (195)
[2018.02.21-22.42.38:089][102]LogModuleManager: Shutting down and abandoning module Sequencer (194)
[2018.02.21-22.42.38:089][102]LogModuleManager: Shutting down and abandoning module MessageLog (191)
[2018.02.21-22.42.38:089][102]LogModuleManager: Shutting down and abandoning module SlateReflector (186)
[2018.02.21-22.42.38:089][102]LogModuleManager: Shutting down and abandoning module Slate (184)
[2018.02.21-22.42.38:089][102]LogModuleManager: Shutting down and abandoning module EditorStyle (182)
[2018.02.21-22.42.38:092][102]LogModuleManager: Shutting down and abandoning module MRMesh (180)
[2018.02.21-22.42.38:092][102]LogModuleManager: Shutting down and abandoning module SourceCodeAccess (178)
[2018.02.21-22.42.38:092][102]LogModuleManager: Shutting down and abandoning module HeadMountedDisplay (176)
[2018.02.21-22.42.38:092][102]LogModuleManager: Shutting down and abandoning module XAudio2 (174)
[2018.02.21-22.42.38:092][102]LogModuleManager: Shutting down and abandoning module Networking (172)
[2018.02.21-22.42.38:092][102]LogModuleManager: Shutting down and abandoning module Core (168)
[2018.02.21-22.42.38:092][102]LogModuleManager: Shutting down and abandoning module KismetCompiler (164)
[2018.02.21-22.42.38:092][102]LogModuleManager: Shutting down and abandoning module LevelSequence (162)
[2018.02.21-22.42.38:092][102]LogModuleManager: Shutting down and abandoning module MeshUtilities (160)
[2018.02.21-22.42.38:092][102]LogModuleManager: Shutting down and abandoning module MeshMergeUtilities (159)
[2018.02.21-22.42.38:092][102]LogModuleManager: Shutting down and abandoning module MeshReductionInterface (158)
[2018.02.21-22.42.38:092][102]LogModuleManager: Shutting down and abandoning module SimplygonSwarm (157)
[2018.02.21-22.42.38:092][102]LogModuleManager: Shutting down and abandoning module SimplygonMeshReduction (155)
[2018.02.21-22.42.38:092][102]LogModuleManager: Shutting down and abandoning module QuadricMeshReduction (153)
[2018.02.21-22.42.38:092][102]LogModuleManager: Shutting down and abandoning module MaterialBaking (149)
[2018.02.21-22.42.38:092][102]LogModuleManager: Shutting down and abandoning module DirectoryWatcher (146)
[2018.02.21-22.42.38:093][102]LogModuleManager: Shutting down and abandoning module DerivedDataCache (144)
[2018.02.21-22.42.38:096][102]LogDerivedDataCache: Shutdown
[2018.02.21-22.42.38:096][102]LogModuleManager: Shutting down and abandoning module TargetPlatform (142)
[2018.02.21-22.42.38:096][102]LogModuleManager: Shutting down and abandoning module VulkanShaderFormat (141)
[2018.02.21-22.42.38:096][102]LogModuleManager: Shutting down and abandoning module ShaderFormatVectorVM (139)
[2018.02.21-22.42.38:096][102]LogModuleManager: Shutting down and abandoning module ShaderFormatOpenGL (137)
[2018.02.21-22.42.38:096][102]LogModuleManager: Shutting down and abandoning module ShaderFormatD3D (135)
[2018.02.21-22.42.38:096][102]LogModuleManager: Shutting down and abandoning module MetalShaderFormat (133)
[2018.02.21-22.42.38:096][102]LogModuleManager: Shutting down and abandoning module TextureFormatUncompressed (131)
[2018.02.21-22.42.38:096][102]LogModuleManager: Shutting down and abandoning module TextureFormatPVR (129)
[2018.02.21-22.42.38:096][102]LogModuleManager: Shutting down and abandoning module TextureFormatDXT (127)
[2018.02.21-22.42.38:096][102]LogModuleManager: Shutting down and abandoning module TextureFormatIntelISPCTexComp (125)
[2018.02.21-22.42.38:096][102]LogModuleManager: Shutting down and abandoning module TextureFormatASTC (123)
[2018.02.21-22.42.38:096][102]LogModuleManager: Shutting down and abandoning module ImageWrapper (122)
[2018.02.21-22.42.38:096][102]LogModuleManager: Shutting down and abandoning module TextureFormatAndroid (119)
[2018.02.21-22.42.38:096][102]LogModuleManager: Shutting down and abandoning module AudioFormatOpus (117)
[2018.02.21-22.42.38:097][102]LogModuleManager: Shutting down and abandoning module AudioFormatOgg (115)
[2018.02.21-22.42.38:097][102]LogModuleManager: Shutting down and abandoning module AudioFormatADPCM (113)
[2018.02.21-22.42.38:097][102]LogModuleManager: Shutting down and abandoning module LinuxTargetPlatform (111)
[2018.02.21-22.42.38:097][102]LogModuleManager: Shutting down and abandoning module LinuxServerTargetPlatform (109)
[2018.02.21-22.42.38:097][102]LogModuleManager: Shutting down and abandoning module LinuxNoEditorTargetPlatform (107)
[2018.02.21-22.42.38:097][102]LogModuleManager: Shutting down and abandoning module LinuxClientTargetPlatform (105)
[2018.02.21-22.42.38:097][102]LogModuleManager: Shutting down and abandoning module TVOSTargetPlatform (103)
[2018.02.21-22.42.38:097][102]LogModuleManager: Shutting down and abandoning module Messaging (101)
[2018.02.21-22.42.38:097][102]LogModuleManager: Shutting down and abandoning module IOSTargetPlatform (99)
[2018.02.21-22.42.38:097][102]LogModuleManager: Shutting down and abandoning module HTML5TargetPlatform (97)
[2018.02.21-22.42.38:097][102]LogModuleManager: Shutting down and abandoning module Android_PVRTCTargetPlatform (95)
[2018.02.21-22.42.38:097][102]LogModuleManager: Shutting down and abandoning module Android_MultiTargetPlatform (93)
[2018.02.21-22.42.38:097][102]LogModuleManager: Shutting down and abandoning module Android_ETC2TargetPlatform (91)
[2018.02.21-22.42.38:097][102]LogModuleManager: Shutting down and abandoning module Android_ETC1TargetPlatform (89)
[2018.02.21-22.42.38:097][102]LogModuleManager: Shutting down and abandoning module Android_DXTTargetPlatform (87)
[2018.02.21-22.42.38:097][102]LogModuleManager: Shutting down and abandoning module Android_ATCTargetPlatform (85)
[2018.02.21-22.42.38:097][102]LogModuleManager: Shutting down and abandoning module Android_ASTCTargetPlatform (83)
[2018.02.21-22.42.38:097][102]LogModuleManager: Shutting down and abandoning module AndroidTargetPlatform (81)
[2018.02.21-22.42.38:097][102]LogModuleManager: Shutting down and abandoning module WindowsTargetPlatform (79)
[2018.02.21-22.42.38:097][102]LogModuleManager: Shutting down and abandoning module WindowsServerTargetPlatform (77)
[2018.02.21-22.42.38:097][102]LogModuleManager: Shutting down and abandoning module WindowsNoEditorTargetPlatform (75)
[2018.02.21-22.42.38:097][102]LogModuleManager: Shutting down and abandoning module WindowsClientTargetPlatform (73)
[2018.02.21-22.42.38:097][102]LogModuleManager: Shutting down and abandoning module MacTargetPlatform (71)
[2018.02.21-22.42.38:097][102]LogModuleManager: Shutting down and abandoning module MacServerTargetPlatform (69)
[2018.02.21-22.42.38:097][102]LogModuleManager: Shutting down and abandoning module MacNoEditorTargetPlatform (67)
[2018.02.21-22.42.38:097][102]LogModuleManager: Shutting down and abandoning module MacClientTargetPlatform (65)
[2018.02.21-22.42.38:097][102]LogModuleManager: Shutting down and abandoning module AllDesktopTargetPlatform (63)
[2018.02.21-22.42.38:097][102]LogModuleManager: Shutting down and abandoning module InputCore (60)
[2018.02.21-22.42.38:097][102]LogModuleManager: Shutting down and abandoning module Settings (58)
[2018.02.21-22.42.38:097][102]LogModuleManager: Shutting down and abandoning module PhysXCooking (56)
[2018.02.21-22.42.38:097][102]LogModuleManager: Shutting down and abandoning module SteamVR (54)
[2018.02.21-22.42.38:097][102]LogModuleManager: Shutting down and abandoning module OculusHMD (52)
[2018.02.21-22.42.38:097][102]LogModuleManager: Shutting down and abandoning module ExampleDeviceProfileSelector (50)
[2018.02.21-22.42.38:097][102]LogModuleManager: Shutting down and abandoning module OnlineBlueprintSupport (48)
[2018.02.21-22.42.38:097][102]LogModuleManager: Shutting down and abandoning module OnlineSubsystem (44)
[2018.02.21-22.42.38:097][102]LogOnline: Display: Unloading online subsystem: NULL
[2018.02.21-22.42.38:097][102]LogModuleManager: Shutting down and abandoning module XMPP (43)
[2018.02.21-22.42.38:097][102]LogModuleManager: Shutting down and abandoning module HTTP (41)
[2018.02.21-22.42.38:097][102]LogHttp: Display: Http module shutting down, but needs to wait on 1 outstanding Http requests:
[2018.02.21-22.42.38:097][102]LogHttp: Display: 	verb=[POST] url=[https://datarouter.ol.epicgames.com/datarouter/api/v1/public/data?SessionID=%7B0F40660B-42D5-7A95-DB81-AEB8806155E6%7D&AppID=UEEditor.Rocket.Release&AppVersion=4.17.2-3658906%2B%2B%2BUE4%2BRelease-4.17&UserID=39bc70704174fcf411de489e97b49f7b%7C544e4ba24fac4cfca6fc1ce282b8ee61%7Cbfd5bba5-1b16-4bc7-9039-a2983ee6f39d&AppEnvironment=datacollector-binary&UploadType=eteventstream] status=Processing
[2018.02.21-22.42.38:108][102]LogModuleManager: Shutting down and abandoning module SSL (40)
[2018.02.21-22.42.38:109][102]LogModuleManager: Shutting down and abandoning module AnimationModifiers (36)
[2018.02.21-22.42.38:109][102]LogModuleManager: Shutting down and abandoning module PropertyEditor (35)
[2018.02.21-22.42.38:109][102]LogModuleManager: Shutting down and abandoning module AudioEditor (32)
[2018.02.21-22.42.38:109][102]LogModuleManager: Shutting down and abandoning module TextureCompressor (30)
[2018.02.21-22.42.38:109][102]LogModuleManager: Shutting down and abandoning module ShaderCore (28)
[2018.02.21-22.42.38:109][102]LogModuleManager: Shutting down and abandoning module Landscape (26)
[2018.02.21-22.42.38:109][102]LogModuleManager: Shutting down and abandoning module SlateRHIRenderer (24)
[2018.02.21-22.42.38:110][102]LogModuleManager: Shutting down and abandoning module OpenGLDrv (22)
[2018.02.21-22.42.38:110][102]LogModuleManager: Shutting down and abandoning module D3D11RHI (20)
[2018.02.21-22.42.38:110][102]LogModuleManager: Shutting down and abandoning module AnimGraphRuntime (18)
[2018.02.21-22.42.38:110][102]LogModuleManager: Shutting down and abandoning module Renderer (16)
[2018.02.21-22.42.38:110][102]LogModuleManager: Shutting down and abandoning module Engine (14)
[2018.02.21-22.42.38:110][102]LogModuleManager: Shutting down and abandoning module CoreUObject (12)
[2018.02.21-22.42.38:110][102]LogModuleManager: Shutting down and abandoning module NetworkFile (10)
[2018.02.21-22.42.38:110][102]LogModuleManager: Shutting down and abandoning module CookedIterativeFile (8)
[2018.02.21-22.42.38:110][102]LogModuleManager: Shutting down and abandoning module StreamingFile (6)
[2018.02.21-22.42.38:110][102]LogModuleManager: Shutting down and abandoning module SandboxFile (4)
[2018.02.21-22.42.38:110][102]LogModuleManager: Shutting down and abandoning module PakFile (2)
[2018.02.21-22.42.38:114][102]LogExit: Exiting.
[2018.02.21-22.42.38:121][102]Log file closed, 02/21/18 14:42:38
